<?xml version="1.0" encoding="UTF-8"?>
<!-- Generated by org.testng.reporters.JUnitXMLReporter -->
<testsuite hostname="DESKTOP-N7K85DJ" name="Default test" tests="5" failures="0" timestamp="29 Sep 2021 11:37:12 GMT" time="3.202" errors="0">
  <testcase name="@BeforeMethod setupApplication" time="0.0" classname="Test_case_Prod.Footer">
    <failure type="org.openqa.selenium.SessionNotCreatedException" message="session not created: This version of ChromeDriver only supports Chrome version 92
Current browser version is 94.0.4606.61 with binary path C:\Program Files\Google\Chrome\Application\chrome.exe
Build info: version: &amp;apos;3.141.59&amp;apos;, revision: &amp;apos;e82be7d358&amp;apos;, time: &amp;apos;2018-11-14T08:17:03&amp;apos;
System info: host: &amp;apos;DESKTOP-N7K85DJ&amp;apos;, ip: &amp;apos;192.168.1.4&amp;apos;, os.name: &amp;apos;Windows 10&amp;apos;, os.arch: &amp;apos;amd64&amp;apos;, os.version: &amp;apos;10.0&amp;apos;, java.version: &amp;apos;1.8.0_301&amp;apos;
Driver info: driver.version: ChromeDriver
remote stacktrace: Backtrace:
	Ordinal0 [0x00A42A33+2501171]
	Ordinal0 [0x009DD1C1+2085313]
	Ordinal0 [0x008E1FA8+1056680]
	Ordinal0 [0x0090020A+1180170]
	Ordinal0 [0x008FC125+1163557]
	Ordinal0 [0x008F997F+1153407]
	Ordinal0 [0x0092999F+1350047]
	Ordinal0 [0x0092960A+1349130]
	Ordinal0 [0x0092551B+1332507]
	Ordinal0 [0x00901D74+1187188]
	Ordinal0 [0x00902BD9+1190873]
	GetHandleVerifier [0x00BBEFE6+1504438]
	GetHandleVerifier [0x00C6DDA5+2220661]
	GetHandleVerifier [0x00AC5589+481881]
	GetHandleVerifier [0x00AC4639+477961]
	Ordinal0 [0x009E28BD+2107581]
	Ordinal0 [0x009E6728+2123560]
	Ordinal0 [0x009E6862+2123874]
	Ordinal0 [0x009EFA81+2161281]
	BaseThreadInitThunk [0x7706FA29+25]
	RtlGetAppContainerNamedObjectPath [0x772D7A9E+286]
	RtlGetAppContainerNamedObjectPath [0x772D7A6E+238]
">
      <![CDATA[org.openqa.selenium.SessionNotCreatedException: session not created: This version of ChromeDriver only supports Chrome version 92
Current browser version is 94.0.4606.61 with binary path C:\Program Files\Google\Chrome\Application\chrome.exe
Build info: version: '3.141.59', revision: 'e82be7d358', time: '2018-11-14T08:17:03'
System info: host: 'DESKTOP-N7K85DJ', ip: '192.168.1.4', os.name: 'Windows 10', os.arch: 'amd64', os.version: '10.0', java.version: '1.8.0_301'
Driver info: driver.version: ChromeDriver
remote stacktrace: Backtrace:
	Ordinal0 [0x00A42A33+2501171]
	Ordinal0 [0x009DD1C1+2085313]
	Ordinal0 [0x008E1FA8+1056680]
	Ordinal0 [0x0090020A+1180170]
	Ordinal0 [0x008FC125+1163557]
	Ordinal0 [0x008F997F+1153407]
	Ordinal0 [0x0092999F+1350047]
	Ordinal0 [0x0092960A+1349130]
	Ordinal0 [0x0092551B+1332507]
	Ordinal0 [0x00901D74+1187188]
	Ordinal0 [0x00902BD9+1190873]
	GetHandleVerifier [0x00BBEFE6+1504438]
	GetHandleVerifier [0x00C6DDA5+2220661]
	GetHandleVerifier [0x00AC5589+481881]
	GetHandleVerifier [0x00AC4639+477961]
	Ordinal0 [0x009E28BD+2107581]
	Ordinal0 [0x009E6728+2123560]
	Ordinal0 [0x009E6862+2123874]
	Ordinal0 [0x009EFA81+2161281]
	BaseThreadInitThunk [0x7706FA29+25]
	RtlGetAppContainerNamedObjectPath [0x772D7A9E+286]
	RtlGetAppContainerNamedObjectPath [0x772D7A6E+238]

	at sun.reflect.NativeConstructorAccessorImpl.newInstance0(Native Method)
	at sun.reflect.NativeConstructorAccessorImpl.newInstance(Unknown Source)
	at sun.reflect.DelegatingConstructorAccessorImpl.newInstance(Unknown Source)
	at java.lang.reflect.Constructor.newInstance(Unknown Source)
	at org.openqa.selenium.remote.W3CHandshakeResponse.lambda$errorHandler$0(W3CHandshakeResponse.java:62)
	at org.openqa.selenium.remote.HandshakeResponse.lambda$getResponseFunction$0(HandshakeResponse.java:30)
	at org.openqa.selenium.remote.ProtocolHandshake.lambda$createSession$0(ProtocolHandshake.java:126)
	at java.util.stream.ReferencePipeline$3$1.accept(Unknown Source)
	at java.util.Spliterators$ArraySpliterator.tryAdvance(Unknown Source)
	at java.util.stream.ReferencePipeline.forEachWithCancel(Unknown Source)
	at java.util.stream.AbstractPipeline.copyIntoWithCancel(Unknown Source)
	at java.util.stream.AbstractPipeline.copyInto(Unknown Source)
	at java.util.stream.AbstractPipeline.wrapAndCopyInto(Unknown Source)
	at java.util.stream.FindOps$FindOp.evaluateSequential(Unknown Source)
	at java.util.stream.AbstractPipeline.evaluate(Unknown Source)
	at java.util.stream.ReferencePipeline.findFirst(Unknown Source)
	at org.openqa.selenium.remote.ProtocolHandshake.createSession(ProtocolHandshake.java:128)
	at org.openqa.selenium.remote.ProtocolHandshake.createSession(ProtocolHandshake.java:74)
	at org.openqa.selenium.remote.HttpCommandExecutor.execute(HttpCommandExecutor.java:136)
	at org.openqa.selenium.remote.service.DriverCommandExecutor.execute(DriverCommandExecutor.java:83)
	at org.openqa.selenium.remote.RemoteWebDriver.execute(RemoteWebDriver.java:552)
	at org.openqa.selenium.remote.RemoteWebDriver.startSession(RemoteWebDriver.java:213)
	at org.openqa.selenium.remote.RemoteWebDriver.<init>(RemoteWebDriver.java:131)
	at org.openqa.selenium.chrome.ChromeDriver.<init>(ChromeDriver.java:181)
	at org.openqa.selenium.chrome.ChromeDriver.<init>(ChromeDriver.java:168)
	at org.openqa.selenium.chrome.ChromeDriver.<init>(ChromeDriver.java:123)
	at Test_case_Prod.Base_class.setupApplication(Base_class.java:36)
	at sun.reflect.NativeMethodAccessorImpl.invoke0(Native Method)
	at sun.reflect.NativeMethodAccessorImpl.invoke(Unknown Source)
	at sun.reflect.DelegatingMethodAccessorImpl.invoke(Unknown Source)
	at java.lang.reflect.Method.invoke(Unknown Source)
	at org.testng.internal.MethodInvocationHelper.invokeMethod(MethodInvocationHelper.java:80)
	at org.testng.internal.Invoker.invokeConfigurationMethod(Invoker.java:564)
	at org.testng.internal.Invoker.invokeConfigurations(Invoker.java:213)
	at org.testng.internal.Invoker.invokeMethod(Invoker.java:653)
	at org.testng.internal.Invoker.invokeTestMethod(Invoker.java:901)
	at org.testng.internal.Invoker.invokeTestMethods(Invoker.java:1231)
	at org.testng.internal.TestMethodWorker.invokeTestMethods(TestMethodWorker.java:127)
	at org.testng.internal.TestMethodWorker.run(TestMethodWorker.java:111)
	at org.testng.TestRunner.privateRun(TestRunner.java:767)
	at org.testng.TestRunner.run(TestRunner.java:617)
	at org.testng.SuiteRunner.runTest(SuiteRunner.java:334)
	at org.testng.SuiteRunner.runSequentially(SuiteRunner.java:329)
	at org.testng.SuiteRunner.privateRun(SuiteRunner.java:291)
	at org.testng.SuiteRunner.run(SuiteRunner.java:240)
	at org.testng.SuiteRunnerWorker.runSuite(SuiteRunnerWorker.java:52)
	at org.testng.SuiteRunnerWorker.run(SuiteRunnerWorker.java:86)
	at org.testng.TestNG.runSuitesSequentially(TestNG.java:1198)
	at org.testng.TestNG.runSuitesLocally(TestNG.java:1123)
	at org.testng.TestNG.run(TestNG.java:1031)
	at org.testng.remote.RemoteTestNG.run(RemoteTestNG.java:115)
	at org.testng.remote.RemoteTestNG.initAndRun(RemoteTestNG.java:207)
	at org.testng.remote.RemoteTestNG.main(RemoteTestNG.java:178)
]]>
    </failure>
  </testcase> <!-- @BeforeMethod setupApplication -->
  <testcase name="@BeforeMethod setupApplication" time="0.0" classname="Test_case_Prod.Footer">
    <skipped/>
  </testcase> <!-- @BeforeMethod setupApplication -->
  <testcase name="@BeforeMethod setupApplication" time="0.0" classname="Test_case_Prod.Footer">
    <skipped/>
  </testcase> <!-- @BeforeMethod setupApplication -->
  <testcase name="@BeforeMethod setupApplication" time="0.0" classname="Test_case_Prod.Footer">
    <skipped/>
  </testcase> <!-- @BeforeMethod setupApplication -->
  <testcase name="@BeforeMethod setupApplication" time="0.0" classname="Test_case_Prod.Footer">
    <skipped/>
  </testcase> <!-- @BeforeMethod setupApplication -->
  <testcase name="AUW_Facebook" time="0.001" classname="Test_case_Prod.Footer">
    <skipped/>
  </testcase> <!-- AUW_Facebook -->
  <testcase name="AUW_Instagram" time="0.001" classname="Test_case_Prod.Footer">
    <skipped/>
  </testcase> <!-- AUW_Instagram -->
  <testcase name="AUW_Linkedin" time="0.001" classname="Test_case_Prod.Footer">
    <skipped/>
  </testcase> <!-- AUW_Linkedin -->
  <testcase name="AUW_Policy" time="0.001" classname="Test_case_Prod.Footer">
    <skipped/>
  </testcase> <!-- AUW_Policy -->
  <testcase name="AUW_twitter" time="0.0" classname="Test_case_Prod.Footer">
    <skipped/>
  </testcase> <!-- AUW_twitter -->
</testsuite> <!-- Default test -->
