<?xml version="1.0" encoding="UTF-8"?>
<!-- Generated by org.testng.reporters.JUnitReportReporter -->
<testsuite hostname="DESKTOP-N7K85DJ" name="Casuality_Prod_TC.Menu_Press_Room" tests="1" failures="0" timestamp="25 May 2022 14:25:24 GMT" time="66.845" errors="1">
  <testcase name="HomePage" time="66.845" classname="Casuality_Prod_TC.Menu_Press_Room">
    <error type="java.lang.AssertionError" message="expected [Applied Underwriters Looks to Complete Major Acquisitions, Continue Organic Growth following Successful 2021 Year] but found []">
      <![CDATA[java.lang.AssertionError: expected [Applied Underwriters Looks to Complete Major Acquisitions, Continue Organic Growth following Successful 2021 Year] but found []
	at org.testng.Assert.fail(Assert.java:94)
	at org.testng.Assert.failNotEquals(Assert.java:494)
	at org.testng.Assert.assertEquals(Assert.java:123)
	at org.testng.Assert.assertEquals(Assert.java:176)
	at org.testng.Assert.assertEquals(Assert.java:186)
	at Casuality_pages.Menu_PressRoom.text_2(Menu_PressRoom.java:122)
	at Casuality_Prod_TC.Menu_Press_Room.HomePage(Menu_Press_Room.java:23)
	at sun.reflect.NativeMethodAccessorImpl.invoke0(Native Method)
	at sun.reflect.NativeMethodAccessorImpl.invoke(NativeMethodAccessorImpl.java:62)
	at sun.reflect.DelegatingMethodAccessorImpl.invoke(DelegatingMethodAccessorImpl.java:43)
	at java.lang.reflect.Method.invoke(Method.java:498)
	at org.testng.internal.MethodInvocationHelper.invokeMethod(MethodInvocationHelper.java:80)
	at org.testng.internal.Invoker.invokeMethod(Invoker.java:714)
	at org.testng.internal.Invoker.invokeTestMethod(Invoker.java:901)
	at org.testng.internal.Invoker.invokeTestMethods(Invoker.java:1231)
	at org.testng.internal.TestMethodWorker.invokeTestMethods(TestMethodWorker.java:127)
	at org.testng.internal.TestMethodWorker.run(TestMethodWorker.java:111)
	at java.util.concurrent.ThreadPoolExecutor.runWorker(ThreadPoolExecutor.java:1149)
	at java.util.concurrent.ThreadPoolExecutor$Worker.run(ThreadPoolExecutor.java:624)
	at java.lang.Thread.run(Thread.java:748)
]]>
    </error>
  </testcase> <!-- HomePage -->
</testsuite> <!-- Casuality_Prod_TC.Menu_Press_Room -->
