<?xml version="1.0" encoding="UTF-8"?>
<!-- Generated by org.testng.reporters.JUnitReportReporter -->
<testsuite hostname="DESKTOP-N7K85DJ" name="AFL_Test_Cases_Dev.HomePage_TC_dev" tests="2" failures="0" timestamp="9 Dec 2021 11:12:25 GMT" time="242.776" errors="1">
  <testcase name="Home_Page" time="125.474" classname="AFL_Test_Cases_Dev.HomePage_TC_dev"/>
  <testcase name="Home_Page" time="117.302" classname="AFL_Test_Cases_Dev.HomePage_TC_dev">
    <error type="java.lang.AssertionError" message="expected [Applied Financial Lines is bringing a powerful proposition to the European and Mideast Financial Lines markets—much-needed, first-rate capacity combined with a stellar team of underwriters.] but found [Applied Financial Lines bringt ein starkes Angebot in den europäischen und nahöstlichen Financial Lines Markt - dringend benötigte, erstklassige Kapazitäten in Kombination mit einem hervorragenden Team von Underwritern.]">
      <![CDATA[java.lang.AssertionError: expected [Applied Financial Lines is bringing a powerful proposition to the European and Mideast Financial Lines markets—much-needed, first-rate capacity combined with a stellar team of underwriters.] but found [Applied Financial Lines bringt ein starkes Angebot in den europäischen und nahöstlichen Financial Lines Markt - dringend benötigte, erstklassige Kapazitäten in Kombination mit einem hervorragenden Team von Underwritern.]
	at org.testng.Assert.fail(Assert.java:94)
	at org.testng.Assert.failNotEquals(Assert.java:494)
	at org.testng.Assert.assertEquals(Assert.java:123)
	at org.testng.Assert.assertEquals(Assert.java:176)
	at org.testng.Assert.assertEquals(Assert.java:186)
	at AFL_Pages.Home_page.Quote(Home_page.java:562)
	at AFL_Test_Cases_Dev.HomePage_TC_dev.Home_Page(HomePage_TC_dev.java:21)
	at sun.reflect.NativeMethodAccessorImpl.invoke0(Native Method)
	at sun.reflect.NativeMethodAccessorImpl.invoke(Unknown Source)
	at sun.reflect.DelegatingMethodAccessorImpl.invoke(Unknown Source)
	at java.lang.reflect.Method.invoke(Unknown Source)
	at org.testng.internal.MethodInvocationHelper.invokeMethod(MethodInvocationHelper.java:80)
	at org.testng.internal.Invoker.invokeMethod(Invoker.java:714)
	at org.testng.internal.Invoker.invokeTestMethod(Invoker.java:901)
	at org.testng.internal.Invoker.invokeTestMethods(Invoker.java:1231)
	at org.testng.internal.TestMethodWorker.invokeTestMethods(TestMethodWorker.java:127)
	at org.testng.internal.TestMethodWorker.run(TestMethodWorker.java:111)
	at org.testng.TestRunner.privateRun(TestRunner.java:767)
	at org.testng.TestRunner.run(TestRunner.java:617)
	at org.testng.SuiteRunner.runTest(SuiteRunner.java:334)
	at org.testng.SuiteRunner.runSequentially(SuiteRunner.java:329)
	at org.testng.SuiteRunner.privateRun(SuiteRunner.java:291)
	at org.testng.SuiteRunner.run(SuiteRunner.java:240)
	at org.testng.SuiteRunnerWorker.runSuite(SuiteRunnerWorker.java:52)
	at org.testng.SuiteRunnerWorker.run(SuiteRunnerWorker.java:86)
	at org.testng.TestNG.runSuitesSequentially(TestNG.java:1198)
	at org.testng.TestNG.runSuitesLocally(TestNG.java:1123)
	at org.testng.TestNG.run(TestNG.java:1031)
	at org.testng.remote.RemoteTestNG.run(RemoteTestNG.java:115)
	at org.testng.remote.RemoteTestNG.initAndRun(RemoteTestNG.java:207)
	at org.testng.remote.RemoteTestNG.main(RemoteTestNG.java:178)
]]>
    </error>
  </testcase> <!-- Home_Page -->
</testsuite> <!-- AFL_Test_Cases_Dev.HomePage_TC_dev -->
