<?xml version="1.0" encoding="UTF-8"?>
<!-- Generated by org.testng.reporters.JUnitReportReporter -->
<testsuite hostname="DESKTOP-N7K85DJ" name="Careers_Test_case_Development.Side_Heading1" tests="1" failures="0" timestamp="4 Apr 2022 06:52:09 GMT" time="163.457" errors="1">
  <testcase name="Side_Heading" time="163.457" classname="Careers_Test_case_Development.Side_Heading1">
    <error type="java.lang.AssertionError" message="expected [At Applied Underwriters, we believe our most valuable resource is our employees. Through careful evaluation and proven process, we select and develop only the highest quality candidates to join our organization.] but found [At Applied Underwriters, we believe our most valuable resource is our employees. Through careful evaluation and proven process, we select and develop only the highest quality candidates to join our organization.QA]">
      <![CDATA[java.lang.AssertionError: expected [At Applied Underwriters, we believe our most valuable resource is our employees. Through careful evaluation and proven process, we select and develop only the highest quality candidates to join our organization.] but found [At Applied Underwriters, we believe our most valuable resource is our employees. Through careful evaluation and proven process, we select and develop only the highest quality candidates to join our organization.QA]
	at org.testng.Assert.fail(Assert.java:94)
	at org.testng.Assert.failNotEquals(Assert.java:494)
	at org.testng.Assert.assertEquals(Assert.java:123)
	at org.testng.Assert.assertEquals(Assert.java:176)
	at org.testng.Assert.assertEquals(Assert.java:186)
	at Careers_Test_case_Development.Side_Heading1.Side_Heading(Side_Heading1.java:136)
	at sun.reflect.NativeMethodAccessorImpl.invoke0(Native Method)
	at sun.reflect.NativeMethodAccessorImpl.invoke(NativeMethodAccessorImpl.java:62)
	at sun.reflect.DelegatingMethodAccessorImpl.invoke(DelegatingMethodAccessorImpl.java:43)
	at java.lang.reflect.Method.invoke(Method.java:498)
	at org.testng.internal.MethodInvocationHelper.invokeMethod(MethodInvocationHelper.java:80)
	at org.testng.internal.Invoker.invokeMethod(Invoker.java:714)
	at org.testng.internal.Invoker.invokeTestMethod(Invoker.java:901)
	at org.testng.internal.Invoker.invokeTestMethods(Invoker.java:1231)
	at org.testng.internal.TestMethodWorker.invokeTestMethods(TestMethodWorker.java:127)
	at org.testng.internal.TestMethodWorker.run(TestMethodWorker.java:111)
	at java.util.concurrent.ThreadPoolExecutor.runWorker(ThreadPoolExecutor.java:1149)
	at java.util.concurrent.ThreadPoolExecutor$Worker.run(ThreadPoolExecutor.java:624)
	at java.lang.Thread.run(Thread.java:748)
]]>
    </error>
  </testcase> <!-- Side_Heading -->
</testsuite> <!-- Careers_Test_case_Development.Side_Heading1 -->
