<?xml version="1.0" encoding="UTF-8"?>
<testng-results skipped="0" failed="1" total="1" passed="0">
  <reporter-output>
    <line>
      <![CDATA[=====FF Browser Session Started=====]]>
    </line>
    <line>
      <![CDATA[=====Application Started=====]]>
    </line>
  </reporter-output>
  <suite name="Default suite" duration-ms="34387" started-at="2022-02-07T14:15:29Z" finished-at="2022-02-07T14:16:03Z">
    <groups>
    </groups>
    <test name="Default test" duration-ms="34387" started-at="2022-02-07T14:15:29Z" finished-at="2022-02-07T14:16:03Z">
      <class name="Casuality_Dev_TC.Menu_Press_Room">
        <test-method status="PASS" signature="setupApplication()[pri:0, instance:Casuality_Dev_TC.Menu_Press_Room@2aafb23c]" name="setupApplication" is-config="true" duration-ms="6110" started-at="2022-02-07T19:45:29Z" finished-at="2022-02-07T19:45:35Z">
          <reporter-output>
            <line>
              <![CDATA[=====FF Browser Session Started=====]]>
            </line>
            <line>
              <![CDATA[=====Application Started=====]]>
            </line>
          </reporter-output>
        </test-method> <!-- setupApplication -->
        <test-method status="FAIL" signature="HomePage()[pri:0, instance:Casuality_Dev_TC.Menu_Press_Room@2aafb23c]" name="HomePage" duration-ms="28246" started-at="2022-02-07T19:45:35Z" finished-at="2022-02-07T19:46:03Z">
          <exception class="java.lang.AssertionError">
            <message>
              <![CDATA[expected [QBE Lawsuits against Former Individual Employees and against Applied Underwriters, their New Employer, Termed “Meritless” by Applied’s General Counsel] but found [placeholder title]]]>
            </message>
            <full-stacktrace>
              <![CDATA[java.lang.AssertionError: expected [QBE Lawsuits against Former Individual Employees and against Applied Underwriters, their New Employer, Termed “Meritless” by Applied’s General Counsel] but found [placeholder title]
	at org.testng.Assert.fail(Assert.java:94)
	at org.testng.Assert.failNotEquals(Assert.java:494)
	at org.testng.Assert.assertEquals(Assert.java:123)
	at org.testng.Assert.assertEquals(Assert.java:176)
	at org.testng.Assert.assertEquals(Assert.java:186)
	at Casuality_pages.Menu_PressRoom.text_1(Menu_PressRoom.java:92)
	at Casuality_Dev_TC.Menu_Press_Room.HomePage(Menu_Press_Room.java:21)
	at sun.reflect.NativeMethodAccessorImpl.invoke0(Native Method)
	at sun.reflect.NativeMethodAccessorImpl.invoke(NativeMethodAccessorImpl.java:62)
	at sun.reflect.DelegatingMethodAccessorImpl.invoke(DelegatingMethodAccessorImpl.java:43)
	at java.lang.reflect.Method.invoke(Method.java:498)
	at org.testng.internal.MethodInvocationHelper.invokeMethod(MethodInvocationHelper.java:80)
	at org.testng.internal.Invoker.invokeMethod(Invoker.java:714)
	at org.testng.internal.Invoker.invokeTestMethod(Invoker.java:901)
	at org.testng.internal.Invoker.invokeTestMethods(Invoker.java:1231)
	at org.testng.internal.TestMethodWorker.invokeTestMethods(TestMethodWorker.java:127)
	at org.testng.internal.TestMethodWorker.run(TestMethodWorker.java:111)
	at org.testng.TestRunner.privateRun(TestRunner.java:767)
	at org.testng.TestRunner.run(TestRunner.java:617)
	at org.testng.SuiteRunner.runTest(SuiteRunner.java:334)
	at org.testng.SuiteRunner.runSequentially(SuiteRunner.java:329)
	at org.testng.SuiteRunner.privateRun(SuiteRunner.java:291)
	at org.testng.SuiteRunner.run(SuiteRunner.java:240)
	at org.testng.SuiteRunnerWorker.runSuite(SuiteRunnerWorker.java:52)
	at org.testng.SuiteRunnerWorker.run(SuiteRunnerWorker.java:86)
	at org.testng.TestNG.runSuitesSequentially(TestNG.java:1198)
	at org.testng.TestNG.runSuitesLocally(TestNG.java:1123)
	at org.testng.TestNG.run(TestNG.java:1031)
	at org.testng.remote.RemoteTestNG.run(RemoteTestNG.java:115)
	at org.testng.remote.RemoteTestNG.initAndRun(RemoteTestNG.java:207)
	at org.testng.remote.RemoteTestNG.main(RemoteTestNG.java:178)
]]>
            </full-stacktrace>
          </exception> <!-- java.lang.AssertionError -->
          <reporter-output>
          </reporter-output>
        </test-method> <!-- HomePage -->
      </class> <!-- Casuality_Dev_TC.Menu_Press_Room -->
    </test> <!-- Default test -->
  </suite> <!-- Default suite -->
</testng-results>
