<?xml version="1.0" encoding="UTF-8"?>
<testng-results skipped="0" failed="1" total="10" passed="9">
  <reporter-output>
    <line>
      <![CDATA[=====FF Browser Session Started=====]]>
    </line>
    <line>
      <![CDATA[=====Application Started=====]]>
    </line>
    <line>
      <![CDATA[=====Browser Session End=====]]>
    </line>
    <line>
      <![CDATA[=====FF Browser Session Started=====]]>
    </line>
    <line>
      <![CDATA[=====Application Started=====]]>
    </line>
    <line>
      <![CDATA[=====Browser Session End=====]]>
    </line>
    <line>
      <![CDATA[=====FF Browser Session Started=====]]>
    </line>
    <line>
      <![CDATA[=====Application Started=====]]>
    </line>
    <line>
      <![CDATA[=====Browser Session End=====]]>
    </line>
    <line>
      <![CDATA[=====FF Browser Session Started=====]]>
    </line>
    <line>
      <![CDATA[=====Application Started=====]]>
    </line>
    <line>
      <![CDATA[=====Browser Session End=====]]>
    </line>
    <line>
      <![CDATA[=====FF Browser Session Started=====]]>
    </line>
    <line>
      <![CDATA[=====Application Started=====]]>
    </line>
    <line>
      <![CDATA[=====Browser Session End=====]]>
    </line>
    <line>
      <![CDATA[=====FF Browser Session Started=====]]>
    </line>
    <line>
      <![CDATA[=====FF Browser Session Started=====]]>
    </line>
    <line>
      <![CDATA[=====Application Started=====]]>
    </line>
    <line>
      <![CDATA[=====Application Started=====]]>
    </line>
    <line>
      <![CDATA[=====Browser Session End=====]]>
    </line>
    <line>
      <![CDATA[=====FF Browser Session Started=====]]>
    </line>
    <line>
      <![CDATA[=====Application Started=====]]>
    </line>
    <line>
      <![CDATA[=====Browser Session End=====]]>
    </line>
    <line>
      <![CDATA[=====FF Browser Session Started=====]]>
    </line>
    <line>
      <![CDATA[=====Application Started=====]]>
    </line>
    <line>
      <![CDATA[=====Browser Session End=====]]>
    </line>
    <line>
      <![CDATA[=====FF Browser Session Started=====]]>
    </line>
    <line>
      <![CDATA[=====Browser Session End=====]]>
    </line>
    <line>
      <![CDATA[=====Application Started=====]]>
    </line>
    <line>
      <![CDATA[=====Browser Session End=====]]>
    </line>
  </reporter-output>
  <suite name="Suite" duration-ms="395988" started-at="2022-03-07T16:45:40Z" finished-at="2022-03-07T16:52:16Z">
    <groups>
    </groups>
    <test name="Casuality_ChromeTest_Development" duration-ms="245945" started-at="2022-03-07T16:45:40Z" finished-at="2022-03-07T16:49:45Z">
      <class name="Casuality_Dev_TC.Menu_Press_Room">
        <test-method status="PASS" signature="setupApplication()[pri:0, instance:Casuality_Dev_TC.Menu_Press_Room@1b40d5f0]" name="setupApplication" is-config="true" duration-ms="5857" started-at="2022-03-07T22:17:31Z" finished-at="2022-03-07T22:17:37Z">
          <reporter-output>
            <line>
              <![CDATA[=====FF Browser Session Started=====]]>
            </line>
            <line>
              <![CDATA[=====Application Started=====]]>
            </line>
          </reporter-output>
        </test-method> <!-- setupApplication -->
        <test-method status="PASS" signature="HomePage()[pri:0, instance:Casuality_Dev_TC.Menu_Press_Room@1b40d5f0]" name="HomePage" duration-ms="52060" started-at="2022-03-07T22:17:37Z" finished-at="2022-03-07T22:18:29Z">
          <reporter-output>
          </reporter-output>
        </test-method> <!-- HomePage -->
        <test-method status="PASS" signature="tearDown(org.testng.ITestResult)[pri:0, instance:Casuality_Dev_TC.Menu_Press_Room@1b40d5f0]" name="tearDown" is-config="true" duration-ms="940" started-at="2022-03-07T22:18:29Z" finished-at="2022-03-07T22:18:30Z">
          <params>
            <param index="0">
              <value>
                <![CDATA[[TestResult name=HomePage status=SUCCESS method=Menu_Press_Room.HomePage()[pri:0, instance:Casuality_Dev_TC.Menu_Press_Room@1b40d5f0] output={null}]]]>
              </value>
            </param>
          </params>
          <reporter-output>
            <line>
              <![CDATA[=====Browser Session End=====]]>
            </line>
          </reporter-output>
        </test-method> <!-- tearDown -->
      </class> <!-- Casuality_Dev_TC.Menu_Press_Room -->
      <class name="Casuality_Dev_TC.Home_page">
        <test-method status="PASS" signature="setupApplication()[pri:0, instance:Casuality_Dev_TC.Home_page@16c0663d]" name="setupApplication" is-config="true" duration-ms="4561" started-at="2022-03-07T22:16:21Z" finished-at="2022-03-07T22:16:26Z">
          <reporter-output>
            <line>
              <![CDATA[=====FF Browser Session Started=====]]>
            </line>
            <line>
              <![CDATA[=====Application Started=====]]>
            </line>
          </reporter-output>
        </test-method> <!-- setupApplication -->
        <test-method status="PASS" signature="HomePage()[pri:0, instance:Casuality_Dev_TC.Home_page@16c0663d]" name="HomePage" duration-ms="64315" started-at="2022-03-07T22:16:26Z" finished-at="2022-03-07T22:17:30Z">
          <reporter-output>
          </reporter-output>
        </test-method> <!-- HomePage -->
        <test-method status="PASS" signature="tearDown(org.testng.ITestResult)[pri:0, instance:Casuality_Dev_TC.Home_page@16c0663d]" name="tearDown" is-config="true" duration-ms="1486" started-at="2022-03-07T22:17:30Z" finished-at="2022-03-07T22:17:31Z">
          <params>
            <param index="0">
              <value>
                <![CDATA[[TestResult name=HomePage status=SUCCESS method=Home_page.HomePage()[pri:0, instance:Casuality_Dev_TC.Home_page@16c0663d] output={null}]]]>
              </value>
            </param>
          </params>
          <reporter-output>
            <line>
              <![CDATA[=====Browser Session End=====]]>
            </line>
          </reporter-output>
        </test-method> <!-- tearDown -->
      </class> <!-- Casuality_Dev_TC.Home_page -->
      <class name="Casuality_Dev_TC.Menu_About_US">
        <test-method status="PASS" signature="setupApplication()[pri:0, instance:Casuality_Dev_TC.Menu_About_US@23223dd8]" name="setupApplication" is-config="true" duration-ms="3580" started-at="2022-03-07T22:18:57Z" finished-at="2022-03-07T22:19:00Z">
          <reporter-output>
            <line>
              <![CDATA[=====FF Browser Session Started=====]]>
            </line>
            <line>
              <![CDATA[=====Application Started=====]]>
            </line>
          </reporter-output>
        </test-method> <!-- setupApplication -->
        <test-method status="PASS" signature="HomePage()[pri:0, instance:Casuality_Dev_TC.Menu_About_US@23223dd8]" name="HomePage" duration-ms="44197" started-at="2022-03-07T22:19:00Z" finished-at="2022-03-07T22:19:44Z">
          <reporter-output>
          </reporter-output>
        </test-method> <!-- HomePage -->
        <test-method status="PASS" signature="tearDown(org.testng.ITestResult)[pri:0, instance:Casuality_Dev_TC.Menu_About_US@23223dd8]" name="tearDown" is-config="true" duration-ms="1155" started-at="2022-03-07T22:19:44Z" finished-at="2022-03-07T22:19:45Z">
          <params>
            <param index="0">
              <value>
                <![CDATA[[TestResult name=HomePage status=SUCCESS method=Menu_About_US.HomePage()[pri:0, instance:Casuality_Dev_TC.Menu_About_US@23223dd8] output={null}]]]>
              </value>
            </param>
          </params>
          <reporter-output>
            <line>
              <![CDATA[=====Browser Session End=====]]>
            </line>
          </reporter-output>
        </test-method> <!-- tearDown -->
      </class> <!-- Casuality_Dev_TC.Menu_About_US -->
      <class name="Casuality_Dev_TC.Menu_Our_Carriers">
        <test-method status="PASS" signature="setupApplication()[pri:0, instance:Casuality_Dev_TC.Menu_Our_Carriers@4ec6a292]" name="setupApplication" is-config="true" duration-ms="6813" started-at="2022-03-07T22:15:40Z" finished-at="2022-03-07T22:15:46Z">
          <reporter-output>
            <line>
              <![CDATA[=====FF Browser Session Started=====]]>
            </line>
            <line>
              <![CDATA[=====Application Started=====]]>
            </line>
          </reporter-output>
        </test-method> <!-- setupApplication -->
        <test-method status="PASS" signature="Carriers()[pri:0, instance:Casuality_Dev_TC.Menu_Our_Carriers@4ec6a292]" name="Carriers" duration-ms="33427" started-at="2022-03-07T22:15:46Z" finished-at="2022-03-07T22:16:20Z">
          <reporter-output>
          </reporter-output>
        </test-method> <!-- Carriers -->
        <test-method status="PASS" signature="tearDown(org.testng.ITestResult)[pri:0, instance:Casuality_Dev_TC.Menu_Our_Carriers@4ec6a292]" name="tearDown" is-config="true" duration-ms="1161" started-at="2022-03-07T22:16:20Z" finished-at="2022-03-07T22:16:21Z">
          <params>
            <param index="0">
              <value>
                <![CDATA[[TestResult name=Carriers status=SUCCESS method=Menu_Our_Carriers.Carriers()[pri:0, instance:Casuality_Dev_TC.Menu_Our_Carriers@4ec6a292] output={null}]]]>
              </value>
            </param>
          </params>
          <reporter-output>
            <line>
              <![CDATA[=====Browser Session End=====]]>
            </line>
          </reporter-output>
        </test-method> <!-- tearDown -->
      </class> <!-- Casuality_Dev_TC.Menu_Our_Carriers -->
      <class name="Casuality_Dev_TC.Menu_Contact_Us">
        <test-method status="PASS" signature="setupApplication()[pri:0, instance:Casuality_Dev_TC.Menu_Contact_Us@6ea6d14e]" name="setupApplication" is-config="true" duration-ms="3708" started-at="2022-03-07T22:18:30Z" finished-at="2022-03-07T22:18:34Z">
          <reporter-output>
            <line>
              <![CDATA[=====FF Browser Session Started=====]]>
            </line>
            <line>
              <![CDATA[=====Application Started=====]]>
            </line>
          </reporter-output>
        </test-method> <!-- setupApplication -->
        <test-method status="PASS" signature="HomePage()[pri:0, instance:Casuality_Dev_TC.Menu_Contact_Us@6ea6d14e]" name="HomePage" duration-ms="21471" started-at="2022-03-07T22:18:34Z" finished-at="2022-03-07T22:18:55Z">
          <reporter-output>
          </reporter-output>
        </test-method> <!-- HomePage -->
        <test-method status="PASS" signature="tearDown(org.testng.ITestResult)[pri:0, instance:Casuality_Dev_TC.Menu_Contact_Us@6ea6d14e]" name="tearDown" is-config="true" duration-ms="1155" started-at="2022-03-07T22:18:55Z" finished-at="2022-03-07T22:18:57Z">
          <params>
            <param index="0">
              <value>
                <![CDATA[[TestResult name=HomePage status=SUCCESS method=Menu_Contact_Us.HomePage()[pri:0, instance:Casuality_Dev_TC.Menu_Contact_Us@6ea6d14e] output={null}]]]>
              </value>
            </param>
          </params>
          <reporter-output>
            <line>
              <![CDATA[=====Browser Session End=====]]>
            </line>
          </reporter-output>
        </test-method> <!-- tearDown -->
      </class> <!-- Casuality_Dev_TC.Menu_Contact_Us -->
    </test> <!-- Casuality_ChromeTest_Development -->
    <test name="Casuality_FirefoxTest_Development" duration-ms="149993" started-at="2022-03-07T16:49:46Z" finished-at="2022-03-07T16:52:16Z">
      <class name="Casuality_Dev_TC.Menu_Press_Room">
        <test-method status="PASS" signature="setupApplication()[pri:0, instance:Casuality_Dev_TC.Menu_Press_Room@1b0375b3]" name="setupApplication" is-config="true" duration-ms="5898" started-at="2022-03-07T22:19:46Z" finished-at="2022-03-07T22:19:51Z">
          <reporter-output>
            <line>
              <![CDATA[=====FF Browser Session Started=====]]>
            </line>
            <line>
              <![CDATA[=====Application Started=====]]>
            </line>
          </reporter-output>
        </test-method> <!-- setupApplication -->
        <test-method status="PASS" signature="HomePage()[pri:0, instance:Casuality_Dev_TC.Menu_Press_Room@1b0375b3]" name="HomePage" duration-ms="53368" started-at="2022-03-07T22:19:51Z" finished-at="2022-03-07T22:20:45Z">
          <reporter-output>
          </reporter-output>
        </test-method> <!-- HomePage -->
        <test-method status="PASS" signature="tearDown(org.testng.ITestResult)[pri:0, instance:Casuality_Dev_TC.Menu_Press_Room@1b0375b3]" name="tearDown" is-config="true" duration-ms="788" started-at="2022-03-07T22:20:45Z" finished-at="2022-03-07T22:20:46Z">
          <params>
            <param index="0">
              <value>
                <![CDATA[[TestResult name=HomePage status=SUCCESS method=Menu_Press_Room.HomePage()[pri:0, instance:Casuality_Dev_TC.Menu_Press_Room@1b0375b3] output={null}]]]>
              </value>
            </param>
          </params>
          <reporter-output>
            <line>
              <![CDATA[=====Browser Session End=====]]>
            </line>
          </reporter-output>
        </test-method> <!-- tearDown -->
      </class> <!-- Casuality_Dev_TC.Menu_Press_Room -->
      <class name="Casuality_Dev_TC.Home_page">
        <test-method status="PASS" signature="setupApplication()[pri:0, instance:Casuality_Dev_TC.Home_page@1134affc]" name="setupApplication" is-config="true" duration-ms="5463" started-at="2022-03-07T22:19:46Z" finished-at="2022-03-07T22:19:51Z">
          <reporter-output>
            <line>
              <![CDATA[=====FF Browser Session Started=====]]>
            </line>
            <line>
              <![CDATA[=====Application Started=====]]>
            </line>
          </reporter-output>
        </test-method> <!-- setupApplication -->
        <test-method status="PASS" signature="HomePage()[pri:0, instance:Casuality_Dev_TC.Home_page@1134affc]" name="HomePage" duration-ms="62792" started-at="2022-03-07T22:19:51Z" finished-at="2022-03-07T22:20:54Z">
          <reporter-output>
          </reporter-output>
        </test-method> <!-- HomePage -->
        <test-method status="PASS" signature="tearDown(org.testng.ITestResult)[pri:0, instance:Casuality_Dev_TC.Home_page@1134affc]" name="tearDown" is-config="true" duration-ms="3684" started-at="2022-03-07T22:20:54Z" finished-at="2022-03-07T22:20:57Z">
          <params>
            <param index="0">
              <value>
                <![CDATA[[TestResult name=HomePage status=SUCCESS method=Home_page.HomePage()[pri:0, instance:Casuality_Dev_TC.Home_page@1134affc] output={null}]]]>
              </value>
            </param>
          </params>
          <reporter-output>
            <line>
              <![CDATA[=====Browser Session End=====]]>
            </line>
          </reporter-output>
        </test-method> <!-- tearDown -->
      </class> <!-- Casuality_Dev_TC.Home_page -->
      <class name="Casuality_Dev_TC.Menu_About_US">
        <test-method status="PASS" signature="setupApplication()[pri:0, instance:Casuality_Dev_TC.Menu_About_US@d041cf]" name="setupApplication" is-config="true" duration-ms="12533" started-at="2022-03-07T22:21:18Z" finished-at="2022-03-07T22:21:30Z">
          <reporter-output>
            <line>
              <![CDATA[=====FF Browser Session Started=====]]>
            </line>
            <line>
              <![CDATA[=====Application Started=====]]>
            </line>
          </reporter-output>
        </test-method> <!-- setupApplication -->
        <test-method status="PASS" signature="HomePage()[pri:0, instance:Casuality_Dev_TC.Menu_About_US@d041cf]" name="HomePage" duration-ms="44396" started-at="2022-03-07T22:21:30Z" finished-at="2022-03-07T22:22:15Z">
          <reporter-output>
          </reporter-output>
        </test-method> <!-- HomePage -->
        <test-method status="PASS" signature="tearDown(org.testng.ITestResult)[pri:0, instance:Casuality_Dev_TC.Menu_About_US@d041cf]" name="tearDown" is-config="true" duration-ms="856" started-at="2022-03-07T22:22:15Z" finished-at="2022-03-07T22:22:16Z">
          <params>
            <param index="0">
              <value>
                <![CDATA[[TestResult name=HomePage status=SUCCESS method=Menu_About_US.HomePage()[pri:0, instance:Casuality_Dev_TC.Menu_About_US@d041cf] output={null}]]]>
              </value>
            </param>
          </params>
          <reporter-output>
            <line>
              <![CDATA[=====Browser Session End=====]]>
            </line>
          </reporter-output>
        </test-method> <!-- tearDown -->
      </class> <!-- Casuality_Dev_TC.Menu_About_US -->
      <class name="Casuality_Dev_TC.Menu_Our_Carriers">
        <test-method status="PASS" signature="setupApplication()[pri:0, instance:Casuality_Dev_TC.Menu_Our_Carriers@129a8472]" name="setupApplication" is-config="true" duration-ms="3981" started-at="2022-03-07T22:20:46Z" finished-at="2022-03-07T22:20:50Z">
          <reporter-output>
            <line>
              <![CDATA[=====FF Browser Session Started=====]]>
            </line>
            <line>
              <![CDATA[=====Application Started=====]]>
            </line>
          </reporter-output>
        </test-method> <!-- setupApplication -->
        <test-method status="FAIL" signature="Carriers()[pri:0, instance:Casuality_Dev_TC.Menu_Our_Carriers@129a8472]" name="Carriers" duration-ms="26674" started-at="2022-03-07T22:20:50Z" finished-at="2022-03-07T22:21:16Z">
          <exception class="org.openqa.selenium.ElementClickInterceptedException">
            <message>
              <![CDATA[element click intercepted: Element <a href="https://www..../home/default.aspx" target="_blank" rel="noreferrer noopener">ambest.com</a> is not clickable at point (499, 8). Other element would receive the click: <div class="jss40 jss23">...</div>
  (Session info: chrome=98.0.4758.102)
Build info: version: '3.141.59', revision: 'e82be7d358', time: '2018-11-14T08:17:03'
System info: host: 'DESKTOP-N7K85DJ', ip: '192.168.1.4', os.name: 'Windows 10', os.arch: 'amd64', os.version: '10.0', java.version: '1.8.0_291'
Driver info: org.openqa.selenium.chrome.ChromeDriver
Capabilities {acceptInsecureCerts: false, browserName: chrome, browserVersion: 98.0.4758.102, chrome: {chromedriverVersion: 98.0.4758.102 (273bf7ac8c90..., userDataDir: C:\Users\Sweta\AppData\Loca...}, goog:chromeOptions: {debuggerAddress: localhost:61548}, javascriptEnabled: true, networkConnectionEnabled: false, pageLoadStrategy: normal, platform: WINDOWS, platformName: WINDOWS, proxy: Proxy(), setWindowRect: true, strictFileInteractability: false, timeouts: {implicit: 0, pageLoad: 300000, script: 30000}, unhandledPromptBehavior: dismiss and notify, webauthn:extension:credBlob: true, webauthn:extension:largeBlob: true, webauthn:virtualAuthenticators: true}
Session ID: 83f6fb0dbfb3a84664a1431ea0667fc2]]>
            </message>
            <full-stacktrace>
              <![CDATA[org.openqa.selenium.ElementClickInterceptedException: element click intercepted: Element <a href="https://www..../home/default.aspx" target="_blank" rel="noreferrer noopener">ambest.com</a> is not clickable at point (499, 8). Other element would receive the click: <div class="jss40 jss23">...</div>
  (Session info: chrome=98.0.4758.102)
Build info: version: '3.141.59', revision: 'e82be7d358', time: '2018-11-14T08:17:03'
System info: host: 'DESKTOP-N7K85DJ', ip: '192.168.1.4', os.name: 'Windows 10', os.arch: 'amd64', os.version: '10.0', java.version: '1.8.0_291'
Driver info: org.openqa.selenium.chrome.ChromeDriver
Capabilities {acceptInsecureCerts: false, browserName: chrome, browserVersion: 98.0.4758.102, chrome: {chromedriverVersion: 98.0.4758.102 (273bf7ac8c90..., userDataDir: C:\Users\Sweta\AppData\Loca...}, goog:chromeOptions: {debuggerAddress: localhost:61548}, javascriptEnabled: true, networkConnectionEnabled: false, pageLoadStrategy: normal, platform: WINDOWS, platformName: WINDOWS, proxy: Proxy(), setWindowRect: true, strictFileInteractability: false, timeouts: {implicit: 0, pageLoad: 300000, script: 30000}, unhandledPromptBehavior: dismiss and notify, webauthn:extension:credBlob: true, webauthn:extension:largeBlob: true, webauthn:virtualAuthenticators: true}
Session ID: 83f6fb0dbfb3a84664a1431ea0667fc2
	at sun.reflect.NativeConstructorAccessorImpl.newInstance0(Native Method)
	at sun.reflect.NativeConstructorAccessorImpl.newInstance(NativeConstructorAccessorImpl.java:62)
	at sun.reflect.DelegatingConstructorAccessorImpl.newInstance(DelegatingConstructorAccessorImpl.java:45)
	at java.lang.reflect.Constructor.newInstance(Constructor.java:423)
	at org.openqa.selenium.remote.http.W3CHttpResponseCodec.createException(W3CHttpResponseCodec.java:187)
	at org.openqa.selenium.remote.http.W3CHttpResponseCodec.decode(W3CHttpResponseCodec.java:122)
	at org.openqa.selenium.remote.http.W3CHttpResponseCodec.decode(W3CHttpResponseCodec.java:49)
	at org.openqa.selenium.remote.HttpCommandExecutor.execute(HttpCommandExecutor.java:158)
	at org.openqa.selenium.remote.service.DriverCommandExecutor.execute(DriverCommandExecutor.java:83)
	at org.openqa.selenium.remote.RemoteWebDriver.execute(RemoteWebDriver.java:552)
	at org.openqa.selenium.remote.RemoteWebElement.execute(RemoteWebElement.java:285)
	at org.openqa.selenium.remote.RemoteWebElement.click(RemoteWebElement.java:84)
	at Casuality_pages.Menu_Carriers.Ambest(Menu_Carriers.java:55)
	at Casuality_Dev_TC.Menu_Our_Carriers.Carriers(Menu_Our_Carriers.java:19)
	at sun.reflect.NativeMethodAccessorImpl.invoke0(Native Method)
	at sun.reflect.NativeMethodAccessorImpl.invoke(NativeMethodAccessorImpl.java:62)
	at sun.reflect.DelegatingMethodAccessorImpl.invoke(DelegatingMethodAccessorImpl.java:43)
	at java.lang.reflect.Method.invoke(Method.java:498)
	at org.testng.internal.MethodInvocationHelper.invokeMethod(MethodInvocationHelper.java:80)
	at org.testng.internal.Invoker.invokeMethod(Invoker.java:714)
	at org.testng.internal.Invoker.invokeTestMethod(Invoker.java:901)
	at org.testng.internal.Invoker.invokeTestMethods(Invoker.java:1231)
	at org.testng.internal.TestMethodWorker.invokeTestMethods(TestMethodWorker.java:127)
	at org.testng.internal.TestMethodWorker.run(TestMethodWorker.java:111)
	at java.util.concurrent.ThreadPoolExecutor.runWorker(ThreadPoolExecutor.java:1149)
	at java.util.concurrent.ThreadPoolExecutor$Worker.run(ThreadPoolExecutor.java:624)
	at java.lang.Thread.run(Thread.java:748)
]]>
            </full-stacktrace>
          </exception> <!-- org.openqa.selenium.ElementClickInterceptedException -->
          <reporter-output>
          </reporter-output>
        </test-method> <!-- Carriers -->
        <test-method status="PASS" signature="tearDown(org.testng.ITestResult)[pri:0, instance:Casuality_Dev_TC.Menu_Our_Carriers@129a8472]" name="tearDown" is-config="true" duration-ms="1488" started-at="2022-03-07T22:21:16Z" finished-at="2022-03-07T22:21:18Z">
          <params>
            <param index="0">
              <value>
                <![CDATA[[TestResult name=Carriers status=FAILURE method=Menu_Our_Carriers.Carriers()[pri:0, instance:Casuality_Dev_TC.Menu_Our_Carriers@129a8472] output={null}]]]>
              </value>
            </param>
          </params>
          <reporter-output>
            <line>
              <![CDATA[=====Browser Session End=====]]>
            </line>
          </reporter-output>
        </test-method> <!-- tearDown -->
      </class> <!-- Casuality_Dev_TC.Menu_Our_Carriers -->
      <class name="Casuality_Dev_TC.Menu_Contact_Us">
        <test-method status="PASS" signature="setupApplication()[pri:0, instance:Casuality_Dev_TC.Menu_Contact_Us@56cbfb61]" name="setupApplication" is-config="true" duration-ms="4347" started-at="2022-03-07T22:20:57Z" finished-at="2022-03-07T22:21:02Z">
          <reporter-output>
            <line>
              <![CDATA[=====FF Browser Session Started=====]]>
            </line>
            <line>
              <![CDATA[=====Application Started=====]]>
            </line>
          </reporter-output>
        </test-method> <!-- setupApplication -->
        <test-method status="PASS" signature="HomePage()[pri:0, instance:Casuality_Dev_TC.Menu_Contact_Us@56cbfb61]" name="HomePage" duration-ms="23574" started-at="2022-03-07T22:21:02Z" finished-at="2022-03-07T22:21:25Z">
          <reporter-output>
          </reporter-output>
        </test-method> <!-- HomePage -->
        <test-method status="PASS" signature="tearDown(org.testng.ITestResult)[pri:0, instance:Casuality_Dev_TC.Menu_Contact_Us@56cbfb61]" name="tearDown" is-config="true" duration-ms="1404" started-at="2022-03-07T22:21:25Z" finished-at="2022-03-07T22:21:27Z">
          <params>
            <param index="0">
              <value>
                <![CDATA[[TestResult name=HomePage status=SUCCESS method=Menu_Contact_Us.HomePage()[pri:0, instance:Casuality_Dev_TC.Menu_Contact_Us@56cbfb61] output={null}]]]>
              </value>
            </param>
          </params>
          <reporter-output>
            <line>
              <![CDATA[=====Browser Session End=====]]>
            </line>
          </reporter-output>
        </test-method> <!-- tearDown -->
      </class> <!-- Casuality_Dev_TC.Menu_Contact_Us -->
    </test> <!-- Casuality_FirefoxTest_Development -->
  </suite> <!-- Suite -->
</testng-results>
