<?xml version="1.0" encoding="UTF-8"?>
<!-- Generated by org.testng.reporters.JUnitXMLReporter -->
<testsuite hostname="DESKTOP-N7K85DJ" name="Test" tests="2" failures="0" timestamp="7 Oct 2021 11:05:18 GMT" time="0.148" errors="0">
  <testcase name="@BeforeMethod setupApplication" time="0.0" classname="TestCases_Prod.News">
    <failure type="org.testng.TestNGException" message="
Parameter &amp;apos;browser&amp;apos; is required by @Configuration on method setupApplication but has not been marked @Optional or defined
in C:\Users\Sweta\Desktop\Demo\New folder\Eclipse_maven\Adler\Production_Regression.xml">
      <![CDATA[org.testng.TestNGException: 
Parameter 'browser' is required by @Configuration on method setupApplication but has not been marked @Optional or defined
in C:\Users\Sweta\Desktop\Demo\New folder\Eclipse_maven\Adler\Production_Regression.xml
... Removed 23 stack frames]]>
    </failure>
  </testcase> <!-- @BeforeMethod setupApplication -->
  <testcase name="@AfterMethod tearDown" time="0.0" classname="TestCases_Prod.News">
    <skipped/>
  </testcase> <!-- @AfterMethod tearDown -->
  <testcase name="@BeforeMethod setupApplication" time="0.0" classname="TestCases_Prod.Home">
    <skipped/>
  </testcase> <!-- @BeforeMethod setupApplication -->
  <testcase name="@AfterMethod tearDown" time="0.0" classname="TestCases_Prod.Home">
    <skipped/>
  </testcase> <!-- @AfterMethod tearDown -->
  <testcase name="main_Home_Page" time="0.03" classname="TestCases_Prod.News">
    <skipped/>
  </testcase> <!-- main_Home_Page -->
  <testcase name="main_Home_Page" time="0.011" classname="TestCases_Prod.Home">
    <skipped/>
  </testcase> <!-- main_Home_Page -->
</testsuite> <!-- Test -->
