<html>
<head>
<title>TestNG:  AUW_Test_Firefox</title>
<link href="../testng.css" rel="stylesheet" type="text/css" />
<link href="../my-testng.css" rel="stylesheet" type="text/css" />

<style type="text/css">
.log { display: none;} 
.stack-trace { display: none;} 
</style>
<script type="text/javascript">
<!--
function flip(e) {
  current = e.style.display;
  if (current == 'block') {
    e.style.display = 'none';
    return 0;
  }
  else {
    e.style.display = 'block';
    return 1;
  }
}

function toggleBox(szDivId, elem, msg1, msg2)
{
  var res = -1;  if (document.getElementById) {
    res = flip(document.getElementById(szDivId));
  }
  else if (document.all) {
    // this is the way old msie versions work
    res = flip(document.all[szDivId]);
  }
  if(elem) {
    if(res == 0) elem.innerHTML = msg1; else elem.innerHTML = msg2;
  }

}

function toggleAllBoxes() {
  if (document.getElementsByTagName) {
    d = document.getElementsByTagName('div');
    for (i = 0; i < d.length; i++) {
      if (d[i].className == 'log') {
        flip(d[i]);
      }
    }
  }
}

// -->
</script>

</head>
<body>
<h2 align='center'>AUW_Test_Firefox</h2><table border='1' align="center">
<tr>
<td>Tests passed/Failed/Skipped:</td><td>75/4/0</td>
</tr><tr>
<td>Started on:</td><td>Wed Jun 29 14:51:28 IST 2022</td>
</tr>
<tr><td>Total time:</td><td>7014 seconds (7014223 ms)</td>
</tr><tr>
<td>Included groups:</td><td></td>
</tr><tr>
<td>Excluded groups:</td><td></td>
</tr>
</table><p/>
<small><i>(Hover the method name to see the test class name)</i></small><p/>
<table width='100%' border='1' class='invocation-failed'>
<tr><td colspan='4' align='center'><b>FAILED TESTS</b></td></tr>
<tr><td><b>Test method</b></td>
<td width="30%"><b>Exception</b></td>
<td width="10%"><b>Time (seconds)</b></td>
<td><b>Instance</b></td>
</tr>
<tr>
<td title='Warranty_Test_Case_Prod.Contact_US.ContactUS()'><b>ContactUS</b><br>Test class: Warranty_Test_Case_Prod.Contact_US</td>
<td><div><pre>org.openqa.selenium.ElementNotInteractableException: Element &lt;p class=&quot;jss182&quot;&gt; could not be scrolled into view
Build info: version: &apos;3.141.59&apos;, revision: &apos;e82be7d358&apos;, time: &apos;2018-11-14T08:17:03&apos;
System info: host: &apos;DESKTOP-N7K85DJ&apos;, ip: &apos;192.168.1.31&apos;, os.name: &apos;Windows 10&apos;, os.arch: &apos;amd64&apos;, os.version: &apos;10.0&apos;, java.version: &apos;1.8.0_291&apos;
Driver info: org.openqa.selenium.remote.RemoteWebDriver
Capabilities {acceptInsecureCerts: true, browserName: firefox, browserVersion: 99.0.1, javascriptEnabled: true, moz:accessibilityChecks: false, moz:buildID: 20220411174855, moz:geckodriverVersion: 0.30.0, moz:headless: false, moz:processID: 8148, moz:profile: C:\Users\ltuser\AppData\Loc..., moz:shutdownTimeout: 60000, moz:useNonSpecCompliantPointerOrigin: false, moz:webdriverClick: true, pageLoadStrategy: normal, platform: WINDOWS, platformName: WINDOWS, platformVersion: 10.0, proxy: Proxy(), setWindowRect: true, strictFileInteractability: false, timeouts: {implicit: 0, pageLoad: 300000, script: 30000}, unhandledPromptBehavior: dismiss and notify, webdriver.remote.sessionid: 9c0deb5d-f058-43c5-a036-6cc...}
Session ID: 9c0deb5d-f058-43c5-a036-6cc6a0829d92
	at org.openqa.selenium.remote.http.W3CHttpResponseCodec.createException(W3CHttpResponseCodec.java:187)
	at org.openqa.selenium.remote.http.W3CHttpResponseCodec.decode(W3CHttpResponseCodec.java:122)
	at org.openqa.selenium.remote.http.W3CHttpResponseCodec.decode(W3CHttpResponseCodec.java:49)
	at org.openqa.selenium.remote.HttpCommandExecutor.execute(HttpCommandExecutor.java:158)
	at org.openqa.selenium.remote.RemoteWebDriver.execute(RemoteWebDriver.java:552)
	at org.openqa.selenium.remote.RemoteWebElement.execute(RemoteWebElement.java:285)
	at org.openqa.selenium.remote.RemoteWebElement.click(RemoteWebElement.java:84)
	at Warranty_Page.ContactUS_page.contactUS(ContactUS_page.java:121)
	at Warranty_Test_Case_Prod.Contact_US.ContactUS(Contact_US.java:16)
... Removed 28 stack frames</pre></div><a href='#' onClick='toggleBox("stack-trace1008554825", this, "Click to show all stack frames", "Click to hide stack frames")'>Click to show all stack frames</a>
<div class='stack-trace' id='stack-trace1008554825'><pre>org.openqa.selenium.ElementNotInteractableException: Element &lt;p class=&quot;jss182&quot;&gt; could not be scrolled into view
Build info: version: &apos;3.141.59&apos;, revision: &apos;e82be7d358&apos;, time: &apos;2018-11-14T08:17:03&apos;
System info: host: &apos;DESKTOP-N7K85DJ&apos;, ip: &apos;192.168.1.31&apos;, os.name: &apos;Windows 10&apos;, os.arch: &apos;amd64&apos;, os.version: &apos;10.0&apos;, java.version: &apos;1.8.0_291&apos;
Driver info: org.openqa.selenium.remote.RemoteWebDriver
Capabilities {acceptInsecureCerts: true, browserName: firefox, browserVersion: 99.0.1, javascriptEnabled: true, moz:accessibilityChecks: false, moz:buildID: 20220411174855, moz:geckodriverVersion: 0.30.0, moz:headless: false, moz:processID: 8148, moz:profile: C:\Users\ltuser\AppData\Loc..., moz:shutdownTimeout: 60000, moz:useNonSpecCompliantPointerOrigin: false, moz:webdriverClick: true, pageLoadStrategy: normal, platform: WINDOWS, platformName: WINDOWS, platformVersion: 10.0, proxy: Proxy(), setWindowRect: true, strictFileInteractability: false, timeouts: {implicit: 0, pageLoad: 300000, script: 30000}, unhandledPromptBehavior: dismiss and notify, webdriver.remote.sessionid: 9c0deb5d-f058-43c5-a036-6cc...}
Session ID: 9c0deb5d-f058-43c5-a036-6cc6a0829d92
	at sun.reflect.NativeConstructorAccessorImpl.newInstance0(Native Method)
	at sun.reflect.NativeConstructorAccessorImpl.newInstance(NativeConstructorAccessorImpl.java:62)
	at sun.reflect.DelegatingConstructorAccessorImpl.newInstance(DelegatingConstructorAccessorImpl.java:45)
	at java.lang.reflect.Constructor.newInstance(Constructor.java:423)
	at org.openqa.selenium.remote.http.W3CHttpResponseCodec.createException(W3CHttpResponseCodec.java:187)
	at org.openqa.selenium.remote.http.W3CHttpResponseCodec.decode(W3CHttpResponseCodec.java:122)
	at org.openqa.selenium.remote.http.W3CHttpResponseCodec.decode(W3CHttpResponseCodec.java:49)
	at org.openqa.selenium.remote.HttpCommandExecutor.execute(HttpCommandExecutor.java:158)
	at org.openqa.selenium.remote.RemoteWebDriver.execute(RemoteWebDriver.java:552)
	at org.openqa.selenium.remote.RemoteWebElement.execute(RemoteWebElement.java:285)
	at org.openqa.selenium.remote.RemoteWebElement.click(RemoteWebElement.java:84)
	at Warranty_Page.ContactUS_page.contactUS(ContactUS_page.java:121)
	at Warranty_Test_Case_Prod.Contact_US.ContactUS(Contact_US.java:16)
	at sun.reflect.NativeMethodAccessorImpl.invoke0(Native Method)
	at sun.reflect.NativeMethodAccessorImpl.invoke(NativeMethodAccessorImpl.java:62)
	at sun.reflect.DelegatingMethodAccessorImpl.invoke(DelegatingMethodAccessorImpl.java:43)
	at java.lang.reflect.Method.invoke(Method.java:498)
	at org.testng.internal.MethodInvocationHelper.invokeMethod(MethodInvocationHelper.java:80)
	at org.testng.internal.Invoker.invokeMethod(Invoker.java:714)
	at org.testng.internal.Invoker.invokeTestMethod(Invoker.java:901)
	at org.testng.internal.Invoker.invokeTestMethods(Invoker.java:1231)
	at org.testng.internal.TestMethodWorker.invokeTestMethods(TestMethodWorker.java:127)
	at org.testng.internal.TestMethodWorker.run(TestMethodWorker.java:111)
	at org.testng.TestRunner.privateRun(TestRunner.java:767)
	at org.testng.TestRunner.run(TestRunner.java:617)
	at org.testng.SuiteRunner.runTest(SuiteRunner.java:334)
	at org.testng.SuiteRunner.runSequentially(SuiteRunner.java:329)
	at org.testng.SuiteRunner.privateRun(SuiteRunner.java:291)
	at org.testng.SuiteRunner.run(SuiteRunner.java:240)
	at org.testng.SuiteRunnerWorker.runSuite(SuiteRunnerWorker.java:52)
	at org.testng.SuiteRunnerWorker.run(SuiteRunnerWorker.java:86)
	at org.testng.TestNG.runSuitesSequentially(TestNG.java:1198)
	at org.testng.TestNG.runSuitesLocally(TestNG.java:1123)
	at org.testng.TestNG.run(TestNG.java:1031)
	at org.testng.remote.RemoteTestNG.run(RemoteTestNG.java:115)
	at org.testng.remote.RemoteTestNG.initAndRun(RemoteTestNG.java:207)
	at org.testng.remote.RemoteTestNG.main(RemoteTestNG.java:178)
</pre></div></td>
<td>20</td>
<td>Warranty_Test_Case_Prod.Contact_US@2acf57e3</td></tr>
<tr>
<td title='Speciality_underwriters_Test_Case_Prod.What_We_offer.Footer()'><b>Footer</b><br>Test class: Speciality_underwriters_Test_Case_Prod.What_We_offer</td>
<td><div><pre>org.openqa.selenium.ElementNotInteractableException: Element &lt;span class=&quot;jss95&quot;&gt; could not be scrolled into view
Build info: version: &apos;3.141.59&apos;, revision: &apos;e82be7d358&apos;, time: &apos;2018-11-14T08:17:03&apos;
System info: host: &apos;DESKTOP-N7K85DJ&apos;, ip: &apos;192.168.1.31&apos;, os.name: &apos;Windows 10&apos;, os.arch: &apos;amd64&apos;, os.version: &apos;10.0&apos;, java.version: &apos;1.8.0_291&apos;
Driver info: org.openqa.selenium.remote.RemoteWebDriver
Capabilities {acceptInsecureCerts: true, browserName: firefox, browserVersion: 99.0.1, javascriptEnabled: true, moz:accessibilityChecks: false, moz:buildID: 20220411174855, moz:geckodriverVersion: 0.30.0, moz:headless: false, moz:processID: 340, moz:profile: C:\Users\ltuser\AppData\Loc..., moz:shutdownTimeout: 60000, moz:useNonSpecCompliantPointerOrigin: false, moz:webdriverClick: true, pageLoadStrategy: normal, platform: WINDOWS, platformName: WINDOWS, platformVersion: 10.0, proxy: Proxy(), setWindowRect: true, strictFileInteractability: false, timeouts: {implicit: 0, pageLoad: 300000, script: 30000}, unhandledPromptBehavior: dismiss and notify, webdriver.remote.sessionid: e62fa952-68eb-4a7f-a9c8-551...}
Session ID: e62fa952-68eb-4a7f-a9c8-5513482a3055
	at org.openqa.selenium.remote.http.W3CHttpResponseCodec.createException(W3CHttpResponseCodec.java:187)
	at org.openqa.selenium.remote.http.W3CHttpResponseCodec.decode(W3CHttpResponseCodec.java:122)
	at org.openqa.selenium.remote.http.W3CHttpResponseCodec.decode(W3CHttpResponseCodec.java:49)
	at org.openqa.selenium.remote.HttpCommandExecutor.execute(HttpCommandExecutor.java:158)
	at org.openqa.selenium.remote.RemoteWebDriver.execute(RemoteWebDriver.java:552)
	at org.openqa.selenium.remote.RemoteWebElement.execute(RemoteWebElement.java:285)
	at org.openqa.selenium.remote.RemoteWebElement.click(RemoteWebElement.java:84)
	at Speciality_underwriters_Page.What_we_offer_Page.What_we_offer3(What_we_offer_Page.java:104)
	at Speciality_underwriters_Test_Case_Prod.What_We_offer.Footer(What_We_offer.java:16)
... Removed 28 stack frames</pre></div><a href='#' onClick='toggleBox("stack-trace1524770385", this, "Click to show all stack frames", "Click to hide stack frames")'>Click to show all stack frames</a>
<div class='stack-trace' id='stack-trace1524770385'><pre>org.openqa.selenium.ElementNotInteractableException: Element &lt;span class=&quot;jss95&quot;&gt; could not be scrolled into view
Build info: version: &apos;3.141.59&apos;, revision: &apos;e82be7d358&apos;, time: &apos;2018-11-14T08:17:03&apos;
System info: host: &apos;DESKTOP-N7K85DJ&apos;, ip: &apos;192.168.1.31&apos;, os.name: &apos;Windows 10&apos;, os.arch: &apos;amd64&apos;, os.version: &apos;10.0&apos;, java.version: &apos;1.8.0_291&apos;
Driver info: org.openqa.selenium.remote.RemoteWebDriver
Capabilities {acceptInsecureCerts: true, browserName: firefox, browserVersion: 99.0.1, javascriptEnabled: true, moz:accessibilityChecks: false, moz:buildID: 20220411174855, moz:geckodriverVersion: 0.30.0, moz:headless: false, moz:processID: 340, moz:profile: C:\Users\ltuser\AppData\Loc..., moz:shutdownTimeout: 60000, moz:useNonSpecCompliantPointerOrigin: false, moz:webdriverClick: true, pageLoadStrategy: normal, platform: WINDOWS, platformName: WINDOWS, platformVersion: 10.0, proxy: Proxy(), setWindowRect: true, strictFileInteractability: false, timeouts: {implicit: 0, pageLoad: 300000, script: 30000}, unhandledPromptBehavior: dismiss and notify, webdriver.remote.sessionid: e62fa952-68eb-4a7f-a9c8-551...}
Session ID: e62fa952-68eb-4a7f-a9c8-5513482a3055
	at sun.reflect.NativeConstructorAccessorImpl.newInstance0(Native Method)
	at sun.reflect.NativeConstructorAccessorImpl.newInstance(NativeConstructorAccessorImpl.java:62)
	at sun.reflect.DelegatingConstructorAccessorImpl.newInstance(DelegatingConstructorAccessorImpl.java:45)
	at java.lang.reflect.Constructor.newInstance(Constructor.java:423)
	at org.openqa.selenium.remote.http.W3CHttpResponseCodec.createException(W3CHttpResponseCodec.java:187)
	at org.openqa.selenium.remote.http.W3CHttpResponseCodec.decode(W3CHttpResponseCodec.java:122)
	at org.openqa.selenium.remote.http.W3CHttpResponseCodec.decode(W3CHttpResponseCodec.java:49)
	at org.openqa.selenium.remote.HttpCommandExecutor.execute(HttpCommandExecutor.java:158)
	at org.openqa.selenium.remote.RemoteWebDriver.execute(RemoteWebDriver.java:552)
	at org.openqa.selenium.remote.RemoteWebElement.execute(RemoteWebElement.java:285)
	at org.openqa.selenium.remote.RemoteWebElement.click(RemoteWebElement.java:84)
	at Speciality_underwriters_Page.What_we_offer_Page.What_we_offer3(What_we_offer_Page.java:104)
	at Speciality_underwriters_Test_Case_Prod.What_We_offer.Footer(What_We_offer.java:16)
	at sun.reflect.NativeMethodAccessorImpl.invoke0(Native Method)
	at sun.reflect.NativeMethodAccessorImpl.invoke(NativeMethodAccessorImpl.java:62)
	at sun.reflect.DelegatingMethodAccessorImpl.invoke(DelegatingMethodAccessorImpl.java:43)
	at java.lang.reflect.Method.invoke(Method.java:498)
	at org.testng.internal.MethodInvocationHelper.invokeMethod(MethodInvocationHelper.java:80)
	at org.testng.internal.Invoker.invokeMethod(Invoker.java:714)
	at org.testng.internal.Invoker.invokeTestMethod(Invoker.java:901)
	at org.testng.internal.Invoker.invokeTestMethods(Invoker.java:1231)
	at org.testng.internal.TestMethodWorker.invokeTestMethods(TestMethodWorker.java:127)
	at org.testng.internal.TestMethodWorker.run(TestMethodWorker.java:111)
	at org.testng.TestRunner.privateRun(TestRunner.java:767)
	at org.testng.TestRunner.run(TestRunner.java:617)
	at org.testng.SuiteRunner.runTest(SuiteRunner.java:334)
	at org.testng.SuiteRunner.runSequentially(SuiteRunner.java:329)
	at org.testng.SuiteRunner.privateRun(SuiteRunner.java:291)
	at org.testng.SuiteRunner.run(SuiteRunner.java:240)
	at org.testng.SuiteRunnerWorker.runSuite(SuiteRunnerWorker.java:52)
	at org.testng.SuiteRunnerWorker.run(SuiteRunnerWorker.java:86)
	at org.testng.TestNG.runSuitesSequentially(TestNG.java:1198)
	at org.testng.TestNG.runSuitesLocally(TestNG.java:1123)
	at org.testng.TestNG.run(TestNG.java:1031)
	at org.testng.remote.RemoteTestNG.run(RemoteTestNG.java:115)
	at org.testng.remote.RemoteTestNG.initAndRun(RemoteTestNG.java:207)
	at org.testng.remote.RemoteTestNG.main(RemoteTestNG.java:178)
</pre></div></td>
<td>40</td>
<td>Speciality_underwriters_Test_Case_Prod.What_We_offer@22f71333</td></tr>
<tr>
<td title='Warranty_Test_Case_Prod.Our_Partner.Partner1()'><b>Partner1</b><br>Test class: Warranty_Test_Case_Prod.Our_Partner</td>
<td><div><pre>org.openqa.selenium.NoSuchElementException: Unable to locate element: //*[@id=&apos;__next&apos;]/div[2]/div/div/div[2]/h1
For documentation on this error, please visit: https://www.seleniumhq.org/exceptions/no_such_element.html
Build info: version: &apos;3.141.59&apos;, revision: &apos;e82be7d358&apos;, time: &apos;2018-11-14T08:17:03&apos;
System info: host: &apos;DESKTOP-N7K85DJ&apos;, ip: &apos;192.168.1.31&apos;, os.name: &apos;Windows 10&apos;, os.arch: &apos;amd64&apos;, os.version: &apos;10.0&apos;, java.version: &apos;1.8.0_291&apos;
Driver info: org.openqa.selenium.remote.RemoteWebDriver
Capabilities {acceptInsecureCerts: true, browserName: firefox, browserVersion: 99.0.1, javascriptEnabled: true, moz:accessibilityChecks: false, moz:buildID: 20220411174855, moz:geckodriverVersion: 0.30.0, moz:headless: false, moz:processID: 2476, moz:profile: C:\Users\ltuser\AppData\Loc..., moz:shutdownTimeout: 60000, moz:useNonSpecCompliantPointerOrigin: false, moz:webdriverClick: true, pageLoadStrategy: normal, platform: WINDOWS, platformName: WINDOWS, platformVersion: 10.0, proxy: Proxy(), setWindowRect: true, strictFileInteractability: false, timeouts: {implicit: 0, pageLoad: 300000, script: 30000}, unhandledPromptBehavior: dismiss and notify, webdriver.remote.sessionid: 1abfb954-f728-4aeb-b12c-0fe...}
Session ID: 1abfb954-f728-4aeb-b12c-0febc676f711
*** Element info: {Using=xpath, value=//*[@id=&apos;__next&apos;]/div[2]/div/div/div[2]/h1}
	at org.openqa.selenium.remote.http.W3CHttpResponseCodec.createException(W3CHttpResponseCodec.java:187)
	at org.openqa.selenium.remote.http.W3CHttpResponseCodec.decode(W3CHttpResponseCodec.java:122)
	at org.openqa.selenium.remote.http.W3CHttpResponseCodec.decode(W3CHttpResponseCodec.java:49)
	at org.openqa.selenium.remote.HttpCommandExecutor.execute(HttpCommandExecutor.java:158)
	at org.openqa.selenium.remote.RemoteWebDriver.execute(RemoteWebDriver.java:552)
	at org.openqa.selenium.remote.RemoteWebDriver.findElement(RemoteWebDriver.java:323)
	at org.openqa.selenium.remote.RemoteWebDriver.findElementByXPath(RemoteWebDriver.java:428)
	at org.openqa.selenium.By$ByXPath.findElement(By.java:353)
	at org.openqa.selenium.remote.RemoteWebDriver.findElement(RemoteWebDriver.java:315)
	at Warranty_Page.Our_Partners_page.Partner1(Our_Partners_page.java:65)
	at Warranty_Test_Case_Prod.Our_Partner.Partner1(Our_Partner.java:17)
... Removed 28 stack frames</pre></div><a href='#' onClick='toggleBox("stack-trace919424168", this, "Click to show all stack frames", "Click to hide stack frames")'>Click to show all stack frames</a>
<div class='stack-trace' id='stack-trace919424168'><pre>org.openqa.selenium.NoSuchElementException: Unable to locate element: //*[@id=&apos;__next&apos;]/div[2]/div/div/div[2]/h1
For documentation on this error, please visit: https://www.seleniumhq.org/exceptions/no_such_element.html
Build info: version: &apos;3.141.59&apos;, revision: &apos;e82be7d358&apos;, time: &apos;2018-11-14T08:17:03&apos;
System info: host: &apos;DESKTOP-N7K85DJ&apos;, ip: &apos;192.168.1.31&apos;, os.name: &apos;Windows 10&apos;, os.arch: &apos;amd64&apos;, os.version: &apos;10.0&apos;, java.version: &apos;1.8.0_291&apos;
Driver info: org.openqa.selenium.remote.RemoteWebDriver
Capabilities {acceptInsecureCerts: true, browserName: firefox, browserVersion: 99.0.1, javascriptEnabled: true, moz:accessibilityChecks: false, moz:buildID: 20220411174855, moz:geckodriverVersion: 0.30.0, moz:headless: false, moz:processID: 2476, moz:profile: C:\Users\ltuser\AppData\Loc..., moz:shutdownTimeout: 60000, moz:useNonSpecCompliantPointerOrigin: false, moz:webdriverClick: true, pageLoadStrategy: normal, platform: WINDOWS, platformName: WINDOWS, platformVersion: 10.0, proxy: Proxy(), setWindowRect: true, strictFileInteractability: false, timeouts: {implicit: 0, pageLoad: 300000, script: 30000}, unhandledPromptBehavior: dismiss and notify, webdriver.remote.sessionid: 1abfb954-f728-4aeb-b12c-0fe...}
Session ID: 1abfb954-f728-4aeb-b12c-0febc676f711
*** Element info: {Using=xpath, value=//*[@id=&apos;__next&apos;]/div[2]/div/div/div[2]/h1}
	at sun.reflect.NativeConstructorAccessorImpl.newInstance0(Native Method)
	at sun.reflect.NativeConstructorAccessorImpl.newInstance(NativeConstructorAccessorImpl.java:62)
	at sun.reflect.DelegatingConstructorAccessorImpl.newInstance(DelegatingConstructorAccessorImpl.java:45)
	at java.lang.reflect.Constructor.newInstance(Constructor.java:423)
	at org.openqa.selenium.remote.http.W3CHttpResponseCodec.createException(W3CHttpResponseCodec.java:187)
	at org.openqa.selenium.remote.http.W3CHttpResponseCodec.decode(W3CHttpResponseCodec.java:122)
	at org.openqa.selenium.remote.http.W3CHttpResponseCodec.decode(W3CHttpResponseCodec.java:49)
	at org.openqa.selenium.remote.HttpCommandExecutor.execute(HttpCommandExecutor.java:158)
	at org.openqa.selenium.remote.RemoteWebDriver.execute(RemoteWebDriver.java:552)
	at org.openqa.selenium.remote.RemoteWebDriver.findElement(RemoteWebDriver.java:323)
	at org.openqa.selenium.remote.RemoteWebDriver.findElementByXPath(RemoteWebDriver.java:428)
	at org.openqa.selenium.By$ByXPath.findElement(By.java:353)
	at org.openqa.selenium.remote.RemoteWebDriver.findElement(RemoteWebDriver.java:315)
	at Warranty_Page.Our_Partners_page.Partner1(Our_Partners_page.java:65)
	at Warranty_Test_Case_Prod.Our_Partner.Partner1(Our_Partner.java:17)
	at sun.reflect.NativeMethodAccessorImpl.invoke0(Native Method)
	at sun.reflect.NativeMethodAccessorImpl.invoke(NativeMethodAccessorImpl.java:62)
	at sun.reflect.DelegatingMethodAccessorImpl.invoke(DelegatingMethodAccessorImpl.java:43)
	at java.lang.reflect.Method.invoke(Method.java:498)
	at org.testng.internal.MethodInvocationHelper.invokeMethod(MethodInvocationHelper.java:80)
	at org.testng.internal.Invoker.invokeMethod(Invoker.java:714)
	at org.testng.internal.Invoker.invokeTestMethod(Invoker.java:901)
	at org.testng.internal.Invoker.invokeTestMethods(Invoker.java:1231)
	at org.testng.internal.TestMethodWorker.invokeTestMethods(TestMethodWorker.java:127)
	at org.testng.internal.TestMethodWorker.run(TestMethodWorker.java:111)
	at org.testng.TestRunner.privateRun(TestRunner.java:767)
	at org.testng.TestRunner.run(TestRunner.java:617)
	at org.testng.SuiteRunner.runTest(SuiteRunner.java:334)
	at org.testng.SuiteRunner.runSequentially(SuiteRunner.java:329)
	at org.testng.SuiteRunner.privateRun(SuiteRunner.java:291)
	at org.testng.SuiteRunner.run(SuiteRunner.java:240)
	at org.testng.SuiteRunnerWorker.runSuite(SuiteRunnerWorker.java:52)
	at org.testng.SuiteRunnerWorker.run(SuiteRunnerWorker.java:86)
	at org.testng.TestNG.runSuitesSequentially(TestNG.java:1198)
	at org.testng.TestNG.runSuitesLocally(TestNG.java:1123)
	at org.testng.TestNG.run(TestNG.java:1031)
	at org.testng.remote.RemoteTestNG.run(RemoteTestNG.java:115)
	at org.testng.remote.RemoteTestNG.initAndRun(RemoteTestNG.java:207)
	at org.testng.remote.RemoteTestNG.main(RemoteTestNG.java:178)
</pre></div></td>
<td>49</td>
<td>Warranty_Test_Case_Prod.Our_Partner@4411d970</td></tr>
<tr>
<td title='AUW_Test_case_prod.AUW_Heartwood.main()'><b>main</b><br>Test class: AUW_Test_case_prod.AUW_Heartwood</td>
<td><div><pre>org.openqa.selenium.ElementClickInterceptedException: Element &lt;span class=&quot;MuiButton-label&quot;&gt; is not clickable at point (353,12) because another element &lt;div id=&quot;desktop-menu&quot; class=&quot;MuiGrid-root jss13 MuiGrid-container&quot;&gt; obscures it
Build info: version: &apos;3.141.59&apos;, revision: &apos;e82be7d358&apos;, time: &apos;2018-11-14T08:17:03&apos;
System info: host: &apos;DESKTOP-N7K85DJ&apos;, ip: &apos;192.168.1.31&apos;, os.name: &apos;Windows 10&apos;, os.arch: &apos;amd64&apos;, os.version: &apos;10.0&apos;, java.version: &apos;1.8.0_291&apos;
Driver info: org.openqa.selenium.remote.RemoteWebDriver
Capabilities {acceptInsecureCerts: true, browserName: firefox, browserVersion: 99.0.1, javascriptEnabled: true, moz:accessibilityChecks: false, moz:buildID: 20220411174855, moz:geckodriverVersion: 0.30.0, moz:headless: false, moz:processID: 7468, moz:profile: C:\Users\ltuser\AppData\Loc..., moz:shutdownTimeout: 60000, moz:useNonSpecCompliantPointerOrigin: false, moz:webdriverClick: true, pageLoadStrategy: normal, platform: WINDOWS, platformName: WINDOWS, platformVersion: 10.0, proxy: Proxy(), setWindowRect: true, strictFileInteractability: false, timeouts: {implicit: 0, pageLoad: 300000, script: 30000}, unhandledPromptBehavior: dismiss and notify, webdriver.remote.sessionid: aea02042-0104-4c22-8307-79f...}
Session ID: aea02042-0104-4c22-8307-79ff28f7854d
	at org.openqa.selenium.remote.http.W3CHttpResponseCodec.createException(W3CHttpResponseCodec.java:187)
	at org.openqa.selenium.remote.http.W3CHttpResponseCodec.decode(W3CHttpResponseCodec.java:122)
	at org.openqa.selenium.remote.http.W3CHttpResponseCodec.decode(W3CHttpResponseCodec.java:49)
	at org.openqa.selenium.remote.HttpCommandExecutor.execute(HttpCommandExecutor.java:158)
	at org.openqa.selenium.remote.RemoteWebDriver.execute(RemoteWebDriver.java:552)
	at org.openqa.selenium.remote.RemoteWebElement.execute(RemoteWebElement.java:285)
	at org.openqa.selenium.remote.RemoteWebElement.click(RemoteWebElement.java:84)
	at AUW_Test_case_prod.AUW_Heartwood.main(AUW_Heartwood.java:113)
... Removed 28 stack frames</pre></div><a href='#' onClick='toggleBox("stack-trace504006221", this, "Click to show all stack frames", "Click to hide stack frames")'>Click to show all stack frames</a>
<div class='stack-trace' id='stack-trace504006221'><pre>org.openqa.selenium.ElementClickInterceptedException: Element &lt;span class=&quot;MuiButton-label&quot;&gt; is not clickable at point (353,12) because another element &lt;div id=&quot;desktop-menu&quot; class=&quot;MuiGrid-root jss13 MuiGrid-container&quot;&gt; obscures it
Build info: version: &apos;3.141.59&apos;, revision: &apos;e82be7d358&apos;, time: &apos;2018-11-14T08:17:03&apos;
System info: host: &apos;DESKTOP-N7K85DJ&apos;, ip: &apos;192.168.1.31&apos;, os.name: &apos;Windows 10&apos;, os.arch: &apos;amd64&apos;, os.version: &apos;10.0&apos;, java.version: &apos;1.8.0_291&apos;
Driver info: org.openqa.selenium.remote.RemoteWebDriver
Capabilities {acceptInsecureCerts: true, browserName: firefox, browserVersion: 99.0.1, javascriptEnabled: true, moz:accessibilityChecks: false, moz:buildID: 20220411174855, moz:geckodriverVersion: 0.30.0, moz:headless: false, moz:processID: 7468, moz:profile: C:\Users\ltuser\AppData\Loc..., moz:shutdownTimeout: 60000, moz:useNonSpecCompliantPointerOrigin: false, moz:webdriverClick: true, pageLoadStrategy: normal, platform: WINDOWS, platformName: WINDOWS, platformVersion: 10.0, proxy: Proxy(), setWindowRect: true, strictFileInteractability: false, timeouts: {implicit: 0, pageLoad: 300000, script: 30000}, unhandledPromptBehavior: dismiss and notify, webdriver.remote.sessionid: aea02042-0104-4c22-8307-79f...}
Session ID: aea02042-0104-4c22-8307-79ff28f7854d
	at sun.reflect.NativeConstructorAccessorImpl.newInstance0(Native Method)
	at sun.reflect.NativeConstructorAccessorImpl.newInstance(NativeConstructorAccessorImpl.java:62)
	at sun.reflect.DelegatingConstructorAccessorImpl.newInstance(DelegatingConstructorAccessorImpl.java:45)
	at java.lang.reflect.Constructor.newInstance(Constructor.java:423)
	at org.openqa.selenium.remote.http.W3CHttpResponseCodec.createException(W3CHttpResponseCodec.java:187)
	at org.openqa.selenium.remote.http.W3CHttpResponseCodec.decode(W3CHttpResponseCodec.java:122)
	at org.openqa.selenium.remote.http.W3CHttpResponseCodec.decode(W3CHttpResponseCodec.java:49)
	at org.openqa.selenium.remote.HttpCommandExecutor.execute(HttpCommandExecutor.java:158)
	at org.openqa.selenium.remote.RemoteWebDriver.execute(RemoteWebDriver.java:552)
	at org.openqa.selenium.remote.RemoteWebElement.execute(RemoteWebElement.java:285)
	at org.openqa.selenium.remote.RemoteWebElement.click(RemoteWebElement.java:84)
	at AUW_Test_case_prod.AUW_Heartwood.main(AUW_Heartwood.java:113)
	at sun.reflect.NativeMethodAccessorImpl.invoke0(Native Method)
	at sun.reflect.NativeMethodAccessorImpl.invoke(NativeMethodAccessorImpl.java:62)
	at sun.reflect.DelegatingMethodAccessorImpl.invoke(DelegatingMethodAccessorImpl.java:43)
	at java.lang.reflect.Method.invoke(Method.java:498)
	at org.testng.internal.MethodInvocationHelper.invokeMethod(MethodInvocationHelper.java:80)
	at org.testng.internal.Invoker.invokeMethod(Invoker.java:714)
	at org.testng.internal.Invoker.invokeTestMethod(Invoker.java:901)
	at org.testng.internal.Invoker.invokeTestMethods(Invoker.java:1231)
	at org.testng.internal.TestMethodWorker.invokeTestMethods(TestMethodWorker.java:127)
	at org.testng.internal.TestMethodWorker.run(TestMethodWorker.java:111)
	at org.testng.TestRunner.privateRun(TestRunner.java:767)
	at org.testng.TestRunner.run(TestRunner.java:617)
	at org.testng.SuiteRunner.runTest(SuiteRunner.java:334)
	at org.testng.SuiteRunner.runSequentially(SuiteRunner.java:329)
	at org.testng.SuiteRunner.privateRun(SuiteRunner.java:291)
	at org.testng.SuiteRunner.run(SuiteRunner.java:240)
	at org.testng.SuiteRunnerWorker.runSuite(SuiteRunnerWorker.java:52)
	at org.testng.SuiteRunnerWorker.run(SuiteRunnerWorker.java:86)
	at org.testng.TestNG.runSuitesSequentially(TestNG.java:1198)
	at org.testng.TestNG.runSuitesLocally(TestNG.java:1123)
	at org.testng.TestNG.run(TestNG.java:1031)
	at org.testng.remote.RemoteTestNG.run(RemoteTestNG.java:115)
	at org.testng.remote.RemoteTestNG.initAndRun(RemoteTestNG.java:207)
	at org.testng.remote.RemoteTestNG.main(RemoteTestNG.java:178)
</pre></div></td>
<td>55</td>
<td>AUW_Test_case_prod.AUW_Heartwood@3d8c7aca</td></tr>
</table><p>
<table width='100%' border='1' class='invocation-passed'>
<tr><td colspan='4' align='center'><b>PASSED TESTS</b></td></tr>
<tr><td><b>Test method</b></td>
<td width="30%"><b>Exception</b></td>
<td width="10%"><b>Time (seconds)</b></td>
<td><b>Instance</b></td>
</tr>
<tr>
<td title='Careers_Test_case_Prod.Footer.AUW_Facebook()'><b>AUW_Facebook</b><br>Test class: Careers_Test_case_Prod.Footer</td>
<td></td>
<td>18</td>
<td>Careers_Test_case_Prod.Footer@79698539</td></tr>
<tr>
<td title='AUW_Test_case_prod.AUW_Footer_Prod.AUW_Footer()'><b>AUW_Footer</b><br>Test class: AUW_Test_case_prod.AUW_Footer_Prod</td>
<td></td>
<td>91</td>
<td>AUW_Test_case_prod.AUW_Footer_Prod@1a407d53</td></tr>
<tr>
<td title='Careers_Test_case_Prod.Footer.AUW_Instagram()'><b>AUW_Instagram</b><br>Test class: Careers_Test_case_Prod.Footer</td>
<td></td>
<td>10</td>
<td>Careers_Test_case_Prod.Footer@79698539</td></tr>
<tr>
<td title='Careers_Test_case_Prod.Footer.AUW_Linkedin()'><b>AUW_Linkedin</b><br>Test class: Careers_Test_case_Prod.Footer</td>
<td></td>
<td>10</td>
<td>Careers_Test_case_Prod.Footer@79698539</td></tr>
<tr>
<td title='Careers_Test_case_Prod.Footer.AUW_Policy()'><b>AUW_Policy</b><br>Test class: Careers_Test_case_Prod.Footer</td>
<td></td>
<td>30</td>
<td>Careers_Test_case_Prod.Footer@79698539</td></tr>
<tr>
<td title='Careers_Test_case_Prod.Footer.AUW_twitter()'><b>AUW_twitter</b><br>Test class: Careers_Test_case_Prod.Footer</td>
<td></td>
<td>12</td>
<td>Careers_Test_case_Prod.Footer@79698539</td></tr>
<tr>
<td title='AUW_Test_case_prod.AUW_AboutUS.AboutUS()'><b>AboutUS</b><br>Test class: AUW_Test_case_prod.AUW_AboutUS</td>
<td></td>
<td>115</td>
<td>AUW_Test_case_prod.AUW_AboutUS@13fee20c</td></tr>
<tr>
<td title='Casuality_Prod_TC.Menu_Our_Carriers.Carriers()'><b>Carriers</b><br>Test class: Casuality_Prod_TC.Menu_Our_Carriers</td>
<td></td>
<td>40</td>
<td>Casuality_Prod_TC.Menu_Our_Carriers@5f2050f6</td></tr>
<tr>
<td title='Promesa_Test_Case_Prod.Change_language.Change_Language()'><b>Change_Language</b><br>Test class: Promesa_Test_Case_Prod.Change_language</td>
<td></td>
<td>6</td>
<td>Promesa_Test_Case_Prod.Change_language@38082d64</td></tr>
<tr>
<td title='Tradewel_Test_Cases_Production.Comprehensive_Protection_FF.Comprehensive()'><b>Comprehensive</b><br>Test class: Tradewel_Test_Cases_Production.Comprehensive_Protection_FF</td>
<td></td>
<td>48</td>
<td>Tradewel_Test_Cases_Production.Comprehensive_Protection_FF@b684286</td></tr>
<tr>
<td title='AFL_Test_Case_Prod.ContactUS_OutsideUS.ContactUs_Page()'><b>ContactUs_Page</b><br>Test class: AFL_Test_Case_Prod.ContactUS_OutsideUS</td>
<td></td>
<td>26</td>
<td>AFL_Test_Case_Prod.ContactUS_OutsideUS@21bcffb5</td></tr>
<tr>
<td title='MTL_Test_Cases_Prod.Home_URL.Footer()'><b>Footer</b><br>Test class: MTL_Test_Cases_Prod.Home_URL</td>
<td></td>
<td>39</td>
<td>MTL_Test_Cases_Prod.Home_URL@59a6e353</td></tr>
<tr>
<td title='Speciality_underwriters_Test_Case_Prod.Contact_US_TC.Footer()'><b>Footer</b><br>Test class: Speciality_underwriters_Test_Case_Prod.Contact_US_TC</td>
<td></td>
<td>20</td>
<td>Speciality_underwriters_Test_Case_Prod.Contact_US_TC@668bc3d5</td></tr>
<tr>
<td title='Speciality_underwriters_Test_Case_Prod.About_Us.Footer()'><b>Footer</b><br>Test class: Speciality_underwriters_Test_Case_Prod.About_Us</td>
<td></td>
<td>10</td>
<td>Speciality_underwriters_Test_Case_Prod.About_Us@42d3bd8b</td></tr>
<tr>
<td title='Speciality_underwriters_Test_Case_Prod.Home_TC.Footer()'><b>Footer</b><br>Test class: Speciality_underwriters_Test_Case_Prod.Home_TC</td>
<td></td>
<td>20</td>
<td>Speciality_underwriters_Test_Case_Prod.Home_TC@1324409e</td></tr>
<tr>
<td title='AFL_Test_Case_Prod.Footer_TC.Footer()'><b>Footer</b><br>Test class: AFL_Test_Case_Prod.Footer_TC</td>
<td></td>
<td>83</td>
<td>AFL_Test_Case_Prod.Footer_TC@2812cbfa</td></tr>
<tr>
<td title='Solution_one_Prod.Footer_Production.Footer()'><b>Footer</b><br>Test class: Solution_one_Prod.Footer_Production</td>
<td></td>
<td>68</td>
<td>Solution_one_Prod.Footer_Production@17550481</td></tr>
<tr>
<td title='JumboGC_Test_case_prod.Header_footer.Footer_Facebook()'><b>Footer_Facebook</b><br>Test class: JumboGC_Test_case_prod.Header_footer</td>
<td></td>
<td>29</td>
<td>JumboGC_Test_case_prod.Header_footer@6fadae5d</td></tr>
<tr>
<td title='JumboGC_Test_case_prod.Header_footer.Footer_Instagram()'><b>Footer_Instagram</b><br>Test class: JumboGC_Test_case_prod.Header_footer</td>
<td></td>
<td>29</td>
<td>JumboGC_Test_case_prod.Header_footer@6fadae5d</td></tr>
<tr>
<td title='JumboGC_Test_case_prod.Header_footer.Footer_Privacy()'><b>Footer_Privacy</b><br>Test class: JumboGC_Test_case_prod.Header_footer</td>
<td></td>
<td>43</td>
<td>JumboGC_Test_case_prod.Header_footer@6fadae5d</td></tr>
<tr>
<td title='Promesa_Test_Case_Prod.Footer.Footer_PrivacyPolicy()'><b>Footer_PrivacyPolicy</b><br>Test class: Promesa_Test_Case_Prod.Footer</td>
<td></td>
<td>24</td>
<td>Promesa_Test_Case_Prod.Footer@3cda1055</td></tr>
<tr>
<td title='Promesa_Test_Case_Prod.Footer.Footer_facebook()'><b>Footer_facebook</b><br>Test class: Promesa_Test_Case_Prod.Footer</td>
<td></td>
<td>22</td>
<td>Promesa_Test_Case_Prod.Footer@3cda1055</td></tr>
<tr>
<td title='Promesa_Test_Case_Prod.Footer.Footer_instagram()'><b>Footer_instagram</b><br>Test class: Promesa_Test_Case_Prod.Footer</td>
<td></td>
<td>9</td>
<td>Promesa_Test_Case_Prod.Footer@3cda1055</td></tr>
<tr>
<td title='JumboGC_Test_case_prod.Header_footer.Footer_linkedIN()'><b>Footer_linkedIN</b><br>Test class: JumboGC_Test_case_prod.Header_footer</td>
<td></td>
<td>29</td>
<td>JumboGC_Test_case_prod.Header_footer@6fadae5d</td></tr>
<tr>
<td title='Promesa_Test_Case_Prod.Footer.Footer_linkedin()'><b>Footer_linkedin</b><br>Test class: Promesa_Test_Case_Prod.Footer</td>
<td></td>
<td>9</td>
<td>Promesa_Test_Case_Prod.Footer@3cda1055</td></tr>
<tr>
<td title='Promesa_Test_Case_Prod.Footer.Footer_twitter()'><b>Footer_twitter</b><br>Test class: Promesa_Test_Case_Prod.Footer</td>
<td></td>
<td>9</td>
<td>Promesa_Test_Case_Prod.Footer@3cda1055</td></tr>
<tr>
<td title='JumboGC_Test_case_prod.Header_footer.Header_Login()'><b>Header_Login</b><br>Test class: JumboGC_Test_case_prod.Header_footer</td>
<td></td>
<td>23</td>
<td>JumboGC_Test_case_prod.Header_footer@6fadae5d</td></tr>
<tr>
<td title='MTL_Test_Cases_Prod.What_we_offer_URL_TC.Heading()'><b>Heading</b><br>Test class: MTL_Test_Cases_Prod.What_we_offer_URL_TC</td>
<td></td>
<td>112</td>
<td>MTL_Test_Cases_Prod.What_we_offer_URL_TC@2ed94a8b</td></tr>
<tr>
<td title='MTL_Test_Cases_Prod.What_we_offer1_TC.Heading3()'><b>Heading3</b><br>Test class: MTL_Test_Cases_Prod.What_we_offer1_TC</td>
<td></td>
<td>49</td>
<td>MTL_Test_Cases_Prod.What_we_offer1_TC@17f6480</td></tr>
<tr>
<td title='AUW_Global_Test_Cases_Prod.Home_Page_TC.HomePage()'><b>HomePage</b><br>Test class: AUW_Global_Test_Cases_Prod.Home_Page_TC</td>
<td></td>
<td>24</td>
<td>AUW_Global_Test_Cases_Prod.Home_Page_TC@2f7a2457</td></tr>
<tr>
<td title='Casuality_Prod_TC.Home_page.HomePage()'><b>HomePage</b><br>Test class: Casuality_Prod_TC.Home_page</td>
<td></td>
<td>80</td>
<td>Casuality_Prod_TC.Home_page@73f792cf</td></tr>
<tr>
<td title='Casuality_Prod_TC.Menu_About_US.HomePage()'><b>HomePage</b><br>Test class: Casuality_Prod_TC.Menu_About_US</td>
<td></td>
<td>59</td>
<td>Casuality_Prod_TC.Menu_About_US@735f7ae5</td></tr>
<tr>
<td title='Casuality_Prod_TC.Menu_Contact_Us.HomePage()'><b>HomePage</b><br>Test class: Casuality_Prod_TC.Menu_Contact_Us</td>
<td></td>
<td>27</td>
<td>Casuality_Prod_TC.Menu_Contact_Us@6442b0a6</td></tr>
<tr>
<td title='Casuality_Prod_TC.Menu_Press_Room.HomePage()'><b>HomePage</b><br>Test class: Casuality_Prod_TC.Menu_Press_Room</td>
<td></td>
<td>67</td>
<td>Casuality_Prod_TC.Menu_Press_Room@6cd8737</td></tr>
<tr>
<td title='Credit_Global_Test_Cases_Prod.Home_TC.HomePage_Header_ContactUS_btn()'><b>HomePage_Header_ContactUS_btn</b><br>Test class: Credit_Global_Test_Cases_Prod.Home_TC</td>
<td></td>
<td>16</td>
<td>Credit_Global_Test_Cases_Prod.Home_TC@edf4efb</td></tr>
<tr>
<td title='Credit_Global_Test_Cases_Prod.Home_TC.HomePage_Header_Our_approach()'><b>HomePage_Header_Our_approach</b><br>Test class: Credit_Global_Test_Cases_Prod.Home_TC</td>
<td></td>
<td>13</td>
<td>Credit_Global_Test_Cases_Prod.Home_TC@edf4efb</td></tr>
<tr>
<td title='Credit_Global_Test_Cases_Prod.Home_TC.HomePage_Header_What_weDo()'><b>HomePage_Header_What_weDo</b><br>Test class: Credit_Global_Test_Cases_Prod.Home_TC</td>
<td></td>
<td>9</td>
<td>Credit_Global_Test_Cases_Prod.Home_TC@edf4efb</td></tr>
<tr>
<td title='Credit_Global_Test_Cases_Prod.What_we_Do_TC.HomePage_Header_login()'><b>HomePage_Header_login</b><br>Test class: Credit_Global_Test_Cases_Prod.What_we_Do_TC</td>
<td></td>
<td>43</td>
<td>Credit_Global_Test_Cases_Prod.What_we_Do_TC@380fb434</td></tr>
<tr>
<td title='Credit_Global_Test_Cases_Prod.Forgot_Password.HomePage_Header_login()'><b>HomePage_Header_login</b><br>Test class: Credit_Global_Test_Cases_Prod.Forgot_Password</td>
<td></td>
<td>10</td>
<td>Credit_Global_Test_Cases_Prod.Forgot_Password@2d6e8792</td></tr>
<tr>
<td title='Credit_Global_Test_Cases_Prod.Home_TC.HomePage_Header_login()'><b>HomePage_Header_login</b><br>Test class: Credit_Global_Test_Cases_Prod.Home_TC</td>
<td></td>
<td>14</td>
<td>Credit_Global_Test_Cases_Prod.Home_TC@edf4efb</td></tr>
<tr>
<td title='Aerospace_TestCases_Prod.Menu_About_Us.Home_Menu_AboutUS()'><b>Home_Menu_AboutUS</b><br>Test class: Aerospace_TestCases_Prod.Menu_About_Us</td>
<td></td>
<td>19</td>
<td>Aerospace_TestCases_Prod.Menu_About_Us@96532d6</td></tr>
<tr>
<td title='Aerospace_TestCases_Prod.Menu_Aviation.Home_Menu_Aeviation()'><b>Home_Menu_Aeviation</b><br>Test class: Aerospace_TestCases_Prod.Menu_Aviation</td>
<td></td>
<td>83</td>
<td>Aerospace_TestCases_Prod.Menu_Aviation@79b4d0f</td></tr>
<tr>
<td title='Aerospace_TestCases_Prod.Menu_News.Home_Menu_News()'><b>Home_Menu_News</b><br>Test class: Aerospace_TestCases_Prod.Menu_News</td>
<td></td>
<td>116</td>
<td>Aerospace_TestCases_Prod.Menu_News@3fb6a447</td></tr>
<tr>
<td title='Aerospace_TestCases_Prod.Menu_Contact_US.Home_Menu_News()'><b>Home_Menu_News</b><br>Test class: Aerospace_TestCases_Prod.Menu_Contact_US</td>
<td></td>
<td>20</td>
<td>Aerospace_TestCases_Prod.Menu_Contact_US@26ba2a48</td></tr>
<tr>
<td title='AFL_Test_Case_Prod.HomePage_TC.Home_Page()'><b>Home_Page</b><br>Test class: AFL_Test_Case_Prod.HomePage_TC</td>
<td></td>
<td>284</td>
<td>AFL_Test_Case_Prod.HomePage_TC@783e6358</td></tr>
<tr>
<td title='Aerospace_TestCases_Prod.Home_TC.Home_Page_main()'><b>Home_Page_main</b><br>Test class: Aerospace_TestCases_Prod.Home_TC</td>
<td></td>
<td>46</td>
<td>Aerospace_TestCases_Prod.Home_TC@3796751b</td></tr>
<tr>
<td title='Warranty_Test_Case_Prod.About_US.Home_page()'><b>Home_page</b><br>Test class: Warranty_Test_Case_Prod.About_US</td>
<td></td>
<td>41</td>
<td>Warranty_Test_Case_Prod.About_US@64616ca2</td></tr>
<tr>
<td title='Warranty_Test_Case_Prod.HomePage_Testcase.Home_page()'><b>Home_page</b><br>Test class: Warranty_Test_Case_Prod.HomePage_Testcase</td>
<td></td>
<td>370</td>
<td>Warranty_Test_Case_Prod.HomePage_Testcase@1554909b</td></tr>
<tr>
<td title='AUW_Global_Test_Cases_Prod.LearnMore_TC.LearnMore()'><b>LearnMore</b><br>Test class: AUW_Global_Test_Cases_Prod.LearnMore_TC</td>
<td></td>
<td>16</td>
<td>AUW_Global_Test_Cases_Prod.LearnMore_TC@35f983a6</td></tr>
<tr>
<td title='MTL_Test_Cases_Prod.More_offers_TC.More_offers()'><b>More_offers</b><br>Test class: MTL_Test_Cases_Prod.More_offers_TC</td>
<td></td>
<td>42</td>
<td>MTL_Test_Cases_Prod.More_offers_TC@180bc464</td></tr>
<tr>
<td title='Warranty_Test_Case_Prod.Our_Partner.Partner2()'><b>Partner2</b><br>Test class: Warranty_Test_Case_Prod.Our_Partner</td>
<td></td>
<td>91</td>
<td>Warranty_Test_Case_Prod.Our_Partner@4411d970</td></tr>
<tr>
<td title='Warranty_Test_Case_Prod.Our_Partner.Partner3()'><b>Partner3</b><br>Test class: Warranty_Test_Case_Prod.Our_Partner</td>
<td></td>
<td>89</td>
<td>Warranty_Test_Case_Prod.Our_Partner@4411d970</td></tr>
<tr>
<td title='Warranty_Test_Case_Prod.Our_Partner.Partner4()'><b>Partner4</b><br>Test class: Warranty_Test_Case_Prod.Our_Partner</td>
<td></td>
<td>92</td>
<td>Warranty_Test_Case_Prod.Our_Partner@4411d970</td></tr>
<tr>
<td title='Warranty_Test_Case_Prod.Our_Partner.Partner5()'><b>Partner5</b><br>Test class: Warranty_Test_Case_Prod.Our_Partner</td>
<td></td>
<td>90</td>
<td>Warranty_Test_Case_Prod.Our_Partner@4411d970</td></tr>
<tr>
<td title='Warranty_Test_Case_Prod.Our_Partner.Partner6()'><b>Partner6</b><br>Test class: Warranty_Test_Case_Prod.Our_Partner</td>
<td></td>
<td>92</td>
<td>Warranty_Test_Case_Prod.Our_Partner@4411d970</td></tr>
<tr>
<td title='AUW_Test_case_prod.Practices_AgentsBrokers.Practices_AgentsBrokers()'><b>Practices_AgentsBrokers</b><br>Test class: AUW_Test_case_prod.Practices_AgentsBrokers</td>
<td></td>
<td>104</td>
<td>AUW_Test_case_prod.Practices_AgentsBrokers@7a5d012c</td></tr>
<tr>
<td title='AUW_Test_case_prod.Practices_CustomerSeekingCoverage.Practices_CustomerSeekingCoverage()'><b>Practices_CustomerSeekingCoverage</b><br>Test class: AUW_Test_case_prod.Practices_CustomerSeekingCoverage</td>
<td></td>
<td>321</td>
<td>AUW_Test_case_prod.Practices_CustomerSeekingCoverage@6b2fad11</td></tr>
<tr>
<td title='Promesa_Test_Case_Prod.Pharmacy_search.Side_Heading_One()'><b>Side_Heading_One</b><br>Test class: Promesa_Test_Case_Prod.Pharmacy_search</td>
<td></td>
<td>141</td>
<td>Promesa_Test_Case_Prod.Pharmacy_search@3b81a1bc</td></tr>
<tr>
<td title='Pinnacle_Test_Cases_Production.WatsNew.WhatsNew()'><b>WhatsNew</b><br>Test class: Pinnacle_Test_Cases_Production.WatsNew</td>
<td></td>
<td>95</td>
<td>Pinnacle_Test_Cases_Production.WatsNew@60f82f98</td></tr>
<tr>
<td title='AFL_Test_Case_Prod.What_We_offer_OutSideUs.WhatweOffer_outsideUS()'><b>WhatweOffer_outsideUS</b><br>Test class: AFL_Test_Case_Prod.What_We_offer_OutSideUs</td>
<td></td>
<td>20</td>
<td>AFL_Test_Case_Prod.What_We_offer_OutSideUs@13969fbe</td></tr>
<tr>
<td title='AFL_Test_Case_Prod.What_We_offer_OutSideUs.WhatweOffer_tab1()'><b>WhatweOffer_tab1</b><br>Test class: AFL_Test_Case_Prod.What_We_offer_OutSideUs</td>
<td></td>
<td>167</td>
<td>AFL_Test_Case_Prod.What_We_offer_OutSideUs@13969fbe</td></tr>
<tr>
<td title='AFL_Test_Case_Prod.What_We_offer_OutSideUs.WhatweOffer_tab2()'><b>WhatweOffer_tab2</b><br>Test class: AFL_Test_Case_Prod.What_We_offer_OutSideUs</td>
<td></td>
<td>393</td>
<td>AFL_Test_Case_Prod.What_We_offer_OutSideUs@13969fbe</td></tr>
<tr>
<td title='AFL_Test_Case_Prod.What_We_offer_OutSideUs.WhatweOffer_tab3()'><b>WhatweOffer_tab3</b><br>Test class: AFL_Test_Case_Prod.What_We_offer_OutSideUs</td>
<td></td>
<td>203</td>
<td>AFL_Test_Case_Prod.What_We_offer_OutSideUs@13969fbe</td></tr>
<tr>
<td title='AUW_Test_case_prod.AUW_CallUpdate.main()'><b>main</b><br>Test class: AUW_Test_case_prod.AUW_CallUpdate</td>
<td></td>
<td>49</td>
<td>AUW_Test_case_prod.AUW_CallUpdate@6108b2d7</td></tr>
<tr>
<td title='AUW_Test_case_prod.AUW_Intelligence_TC.main()'><b>main</b><br>Test class: AUW_Test_case_prod.AUW_Intelligence_TC</td>
<td></td>
<td>130</td>
<td>AUW_Test_case_prod.AUW_Intelligence_TC@6aaa5eb0</td></tr>
<tr>
<td title='AUW_Test_case_prod.AUW_NJ_Update.main()'><b>main</b><br>Test class: AUW_Test_case_prod.AUW_NJ_Update</td>
<td></td>
<td>48</td>
<td>AUW_Test_case_prod.AUW_NJ_Update@4e04a765</td></tr>
<tr>
<td title='AUW_Test_case_prod.AUW_Experience.main()'><b>main</b><br>Test class: AUW_Test_case_prod.AUW_Experience</td>
<td></td>
<td>394</td>
<td>AUW_Test_case_prod.AUW_Experience@67b64c45</td></tr>
<tr>
<td title='AUW_Test_case_prod.AUW_header_web_Prod.main()'><b>main</b><br>Test class: AUW_Test_case_prod.AUW_header_web_Prod</td>
<td></td>
<td>42</td>
<td>AUW_Test_case_prod.AUW_header_web_Prod@506e6d5e</td></tr>
<tr>
<td title='AUW_Test_case_prod.AUW_PPP.main()'><b>main</b><br>Test class: AUW_Test_case_prod.AUW_PPP</td>
<td></td>
<td>23</td>
<td>AUW_Test_case_prod.AUW_PPP@7a0ac6e3</td></tr>
<tr>
<td title='AFL_Test_Case_Prod.AboutUS_OutsideUS.main_Home_Page()'><b>main_Home_Page</b><br>Test class: AFL_Test_Case_Prod.AboutUS_OutsideUS</td>
<td></td>
<td>40</td>
<td>AFL_Test_Case_Prod.AboutUS_OutsideUS@3498ed</td></tr>
<tr>
<td title='Adler_TestCases_Prod.Home.main_Home_Page()'><b>main_Home_Page</b><br>Test class: Adler_TestCases_Prod.Home</td>
<td></td>
<td>24</td>
<td>Adler_TestCases_Prod.Home@dfd3711</td></tr>
<tr>
<td title='Adler_TestCases_Prod.News.main_Home_Page()'><b>main_Home_Page</b><br>Test class: Adler_TestCases_Prod.News</td>
<td></td>
<td>144</td>
<td>Adler_TestCases_Prod.News@6bf256fa</td></tr>
<tr>
<td title='Pinnacle_Test_Cases_Production.HomePage_TC.main_Home_Page()'><b>main_Home_Page</b><br>Test class: Pinnacle_Test_Cases_Production.HomePage_TC</td>
<td></td>
<td>57</td>
<td>Pinnacle_Test_Cases_Production.HomePage_TC@7f690630</td></tr>
<tr>
<td title='Tradewel_Test_Cases_Production.About_US.main_Home_Page()'><b>main_Home_Page</b><br>Test class: Tradewel_Test_Cases_Production.About_US</td>
<td></td>
<td>43</td>
<td>Tradewel_Test_Cases_Production.About_US@71be98f5</td></tr>
<tr>
<td title='Warranty_Test_Case_Prod.Partner_With_US.partner()'><b>partner</b><br>Test class: Warranty_Test_Case_Prod.Partner_With_US</td>
<td></td>
<td>13</td>
<td>Warranty_Test_Case_Prod.Partner_With_US@5ebec15</td></tr>
</table><p>
</body>
</html>