<html>
<head>
<title>TestNG:  AUW_Test_Chrome</title>
<link href="../testng.css" rel="stylesheet" type="text/css" />
<link href="../my-testng.css" rel="stylesheet" type="text/css" />

<style type="text/css">
.log { display: none;} 
.stack-trace { display: none;} 
</style>
<script type="text/javascript">
<!--
function flip(e) {
  current = e.style.display;
  if (current == 'block') {
    e.style.display = 'none';
    return 0;
  }
  else {
    e.style.display = 'block';
    return 1;
  }
}

function toggleBox(szDivId, elem, msg1, msg2)
{
  var res = -1;  if (document.getElementById) {
    res = flip(document.getElementById(szDivId));
  }
  else if (document.all) {
    // this is the way old msie versions work
    res = flip(document.all[szDivId]);
  }
  if(elem) {
    if(res == 0) elem.innerHTML = msg1; else elem.innerHTML = msg2;
  }

}

function toggleAllBoxes() {
  if (document.getElementsByTagName) {
    d = document.getElementsByTagName('div');
    for (i = 0; i < d.length; i++) {
      if (d[i].className == 'log') {
        flip(d[i]);
      }
    }
  }
}

// -->
</script>

</head>
<body>
<h2 align='center'>AUW_Test_Chrome</h2><table border='1' align="center">
<tr>
<td>Tests passed/Failed/Skipped:</td><td>83/6/0</td>
</tr><tr>
<td>Started on:</td><td>Wed Jun 29 16:48:23 IST 2022</td>
</tr>
<tr><td>Total time:</td><td>8480 seconds (8480317 ms)</td>
</tr><tr>
<td>Included groups:</td><td></td>
</tr><tr>
<td>Excluded groups:</td><td></td>
</tr>
</table><p/>
<small><i>(Hover the method name to see the test class name)</i></small><p/>
<table width='100%' border='1' class='invocation-failed'>
<tr><td colspan='4' align='center'><b>FAILED TESTS</b></td></tr>
<tr><td><b>Test method</b></td>
<td width="30%"><b>Exception</b></td>
<td width="10%"><b>Time (seconds)</b></td>
<td><b>Instance</b></td>
</tr>
<tr>
<td title='Promesa_Test_Case_Prod.Change_language.Change_Language()'><b>Change_Language</b><br>Test class: Promesa_Test_Case_Prod.Change_language</td>
<td><div><pre>org.openqa.selenium.NoSuchElementException: no such element: Unable to locate element: {&quot;method&quot;:&quot;xpath&quot;,&quot;selector&quot;:&quot;//*[text()=&apos;English&apos;]&quot;}
  (Session info: chrome=101.0.4951.34)
For documentation on this error, please visit: https://www.seleniumhq.org/exceptions/no_such_element.html
Build info: version: &apos;3.141.59&apos;, revision: &apos;e82be7d358&apos;, time: &apos;2018-11-14T08:17:03&apos;
System info: host: &apos;DESKTOP-N7K85DJ&apos;, ip: &apos;192.168.1.31&apos;, os.name: &apos;Windows 10&apos;, os.arch: &apos;amd64&apos;, os.version: &apos;10.0&apos;, java.version: &apos;1.8.0_291&apos;
Driver info: org.openqa.selenium.remote.RemoteWebDriver
Capabilities {acceptInsecureCerts: false, browserName: chrome, browserVersion: 101.0.4951.34, chrome: {chromedriverVersion: 101.0.4951.15 (0dcf182bd388..., userDataDir: C:\Users\ltuser\AppData\Loc...}, goog:chromeOptions: {debuggerAddress: localhost:58935}, javascriptEnabled: true, networkConnectionEnabled: false, pageLoadStrategy: normal, platform: WINDOWS, platformName: WINDOWS, proxy: Proxy(), setWindowRect: true, strictFileInteractability: false, timeouts: {implicit: 0, pageLoad: 300000, script: 30000}, unhandledPromptBehavior: dismiss and notify, webauthn:extension:credBlob: true, webauthn:extension:largeBlob: true, webauthn:virtualAuthenticators: true, webdriver.remote.sessionid: e8b5f942261646f9625ef3cdf3a...}
Session ID: e8b5f942261646f9625ef3cdf3a236b4
*** Element info: {Using=xpath, value=//*[text()=&apos;English&apos;]}
	at org.openqa.selenium.remote.http.W3CHttpResponseCodec.createException(W3CHttpResponseCodec.java:187)
	at org.openqa.selenium.remote.http.W3CHttpResponseCodec.decode(W3CHttpResponseCodec.java:122)
	at org.openqa.selenium.remote.http.W3CHttpResponseCodec.decode(W3CHttpResponseCodec.java:49)
	at org.openqa.selenium.remote.HttpCommandExecutor.execute(HttpCommandExecutor.java:158)
	at org.openqa.selenium.remote.RemoteWebDriver.execute(RemoteWebDriver.java:552)
	at org.openqa.selenium.remote.RemoteWebDriver.findElement(RemoteWebDriver.java:323)
	at org.openqa.selenium.remote.RemoteWebDriver.findElementByXPath(RemoteWebDriver.java:428)
	at org.openqa.selenium.By$ByXPath.findElement(By.java:353)
	at org.openqa.selenium.remote.RemoteWebDriver.findElement(RemoteWebDriver.java:315)
	at Promesa_Pages.Home.Language_Change_Spanish(Home.java:97)
	at Promesa_Test_Case_Prod.Change_language.Change_Language(Change_language.java:16)
... Removed 28 stack frames</pre></div><a href='#' onClick='toggleBox("stack-trace304424559", this, "Click to show all stack frames", "Click to hide stack frames")'>Click to show all stack frames</a>
<div class='stack-trace' id='stack-trace304424559'><pre>org.openqa.selenium.NoSuchElementException: no such element: Unable to locate element: {&quot;method&quot;:&quot;xpath&quot;,&quot;selector&quot;:&quot;//*[text()=&apos;English&apos;]&quot;}
  (Session info: chrome=101.0.4951.34)
For documentation on this error, please visit: https://www.seleniumhq.org/exceptions/no_such_element.html
Build info: version: &apos;3.141.59&apos;, revision: &apos;e82be7d358&apos;, time: &apos;2018-11-14T08:17:03&apos;
System info: host: &apos;DESKTOP-N7K85DJ&apos;, ip: &apos;192.168.1.31&apos;, os.name: &apos;Windows 10&apos;, os.arch: &apos;amd64&apos;, os.version: &apos;10.0&apos;, java.version: &apos;1.8.0_291&apos;
Driver info: org.openqa.selenium.remote.RemoteWebDriver
Capabilities {acceptInsecureCerts: false, browserName: chrome, browserVersion: 101.0.4951.34, chrome: {chromedriverVersion: 101.0.4951.15 (0dcf182bd388..., userDataDir: C:\Users\ltuser\AppData\Loc...}, goog:chromeOptions: {debuggerAddress: localhost:58935}, javascriptEnabled: true, networkConnectionEnabled: false, pageLoadStrategy: normal, platform: WINDOWS, platformName: WINDOWS, proxy: Proxy(), setWindowRect: true, strictFileInteractability: false, timeouts: {implicit: 0, pageLoad: 300000, script: 30000}, unhandledPromptBehavior: dismiss and notify, webauthn:extension:credBlob: true, webauthn:extension:largeBlob: true, webauthn:virtualAuthenticators: true, webdriver.remote.sessionid: e8b5f942261646f9625ef3cdf3a...}
Session ID: e8b5f942261646f9625ef3cdf3a236b4
*** Element info: {Using=xpath, value=//*[text()=&apos;English&apos;]}
	at sun.reflect.NativeConstructorAccessorImpl.newInstance0(Native Method)
	at sun.reflect.NativeConstructorAccessorImpl.newInstance(NativeConstructorAccessorImpl.java:62)
	at sun.reflect.DelegatingConstructorAccessorImpl.newInstance(DelegatingConstructorAccessorImpl.java:45)
	at java.lang.reflect.Constructor.newInstance(Constructor.java:423)
	at org.openqa.selenium.remote.http.W3CHttpResponseCodec.createException(W3CHttpResponseCodec.java:187)
	at org.openqa.selenium.remote.http.W3CHttpResponseCodec.decode(W3CHttpResponseCodec.java:122)
	at org.openqa.selenium.remote.http.W3CHttpResponseCodec.decode(W3CHttpResponseCodec.java:49)
	at org.openqa.selenium.remote.HttpCommandExecutor.execute(HttpCommandExecutor.java:158)
	at org.openqa.selenium.remote.RemoteWebDriver.execute(RemoteWebDriver.java:552)
	at org.openqa.selenium.remote.RemoteWebDriver.findElement(RemoteWebDriver.java:323)
	at org.openqa.selenium.remote.RemoteWebDriver.findElementByXPath(RemoteWebDriver.java:428)
	at org.openqa.selenium.By$ByXPath.findElement(By.java:353)
	at org.openqa.selenium.remote.RemoteWebDriver.findElement(RemoteWebDriver.java:315)
	at Promesa_Pages.Home.Language_Change_Spanish(Home.java:97)
	at Promesa_Test_Case_Prod.Change_language.Change_Language(Change_language.java:16)
	at sun.reflect.NativeMethodAccessorImpl.invoke0(Native Method)
	at sun.reflect.NativeMethodAccessorImpl.invoke(NativeMethodAccessorImpl.java:62)
	at sun.reflect.DelegatingMethodAccessorImpl.invoke(DelegatingMethodAccessorImpl.java:43)
	at java.lang.reflect.Method.invoke(Method.java:498)
	at org.testng.internal.MethodInvocationHelper.invokeMethod(MethodInvocationHelper.java:80)
	at org.testng.internal.Invoker.invokeMethod(Invoker.java:714)
	at org.testng.internal.Invoker.invokeTestMethod(Invoker.java:901)
	at org.testng.internal.Invoker.invokeTestMethods(Invoker.java:1231)
	at org.testng.internal.TestMethodWorker.invokeTestMethods(TestMethodWorker.java:127)
	at org.testng.internal.TestMethodWorker.run(TestMethodWorker.java:111)
	at org.testng.TestRunner.privateRun(TestRunner.java:767)
	at org.testng.TestRunner.run(TestRunner.java:617)
	at org.testng.SuiteRunner.runTest(SuiteRunner.java:334)
	at org.testng.SuiteRunner.runSequentially(SuiteRunner.java:329)
	at org.testng.SuiteRunner.privateRun(SuiteRunner.java:291)
	at org.testng.SuiteRunner.run(SuiteRunner.java:240)
	at org.testng.SuiteRunnerWorker.runSuite(SuiteRunnerWorker.java:52)
	at org.testng.SuiteRunnerWorker.run(SuiteRunnerWorker.java:86)
	at org.testng.TestNG.runSuitesSequentially(TestNG.java:1198)
	at org.testng.TestNG.runSuitesLocally(TestNG.java:1123)
	at org.testng.TestNG.run(TestNG.java:1031)
	at org.testng.remote.RemoteTestNG.run(RemoteTestNG.java:115)
	at org.testng.remote.RemoteTestNG.initAndRun(RemoteTestNG.java:207)
	at org.testng.remote.RemoteTestNG.main(RemoteTestNG.java:178)
</pre></div></td>
<td>30</td>
<td>Promesa_Test_Case_Prod.Change_language@56f4468b</td></tr>
<tr>
<td title='Warranty_Test_Case_Prod.Contact_US.ContactUS()'><b>ContactUS</b><br>Test class: Warranty_Test_Case_Prod.Contact_US</td>
<td><div><pre>org.openqa.selenium.ElementNotInteractableException: element not interactable
  (Session info: chrome=101.0.4951.34)
Build info: version: &apos;3.141.59&apos;, revision: &apos;e82be7d358&apos;, time: &apos;2018-11-14T08:17:03&apos;
System info: host: &apos;DESKTOP-N7K85DJ&apos;, ip: &apos;192.168.1.31&apos;, os.name: &apos;Windows 10&apos;, os.arch: &apos;amd64&apos;, os.version: &apos;10.0&apos;, java.version: &apos;1.8.0_291&apos;
Driver info: org.openqa.selenium.remote.RemoteWebDriver
Capabilities {acceptInsecureCerts: false, browserName: chrome, browserVersion: 101.0.4951.34, chrome: {chromedriverVersion: 101.0.4951.15 (0dcf182bd388..., userDataDir: C:\Users\ltuser\AppData\Loc...}, goog:chromeOptions: {debuggerAddress: localhost:50270}, javascriptEnabled: true, networkConnectionEnabled: false, pageLoadStrategy: normal, platform: WINDOWS, platformName: WINDOWS, proxy: Proxy(), setWindowRect: true, strictFileInteractability: false, timeouts: {implicit: 0, pageLoad: 300000, script: 30000}, unhandledPromptBehavior: dismiss and notify, webauthn:extension:credBlob: true, webauthn:extension:largeBlob: true, webauthn:virtualAuthenticators: true, webdriver.remote.sessionid: 90f52ef2de93128f9272c23337a...}
Session ID: 90f52ef2de93128f9272c23337a211a6
	at org.openqa.selenium.remote.http.W3CHttpResponseCodec.createException(W3CHttpResponseCodec.java:187)
	at org.openqa.selenium.remote.http.W3CHttpResponseCodec.decode(W3CHttpResponseCodec.java:122)
	at org.openqa.selenium.remote.http.W3CHttpResponseCodec.decode(W3CHttpResponseCodec.java:49)
	at org.openqa.selenium.remote.HttpCommandExecutor.execute(HttpCommandExecutor.java:158)
	at org.openqa.selenium.remote.RemoteWebDriver.execute(RemoteWebDriver.java:552)
	at org.openqa.selenium.remote.RemoteWebElement.execute(RemoteWebElement.java:285)
	at org.openqa.selenium.remote.RemoteWebElement.click(RemoteWebElement.java:84)
	at Warranty_Page.ContactUS_page.contactUS(ContactUS_page.java:121)
	at Warranty_Test_Case_Prod.Contact_US.ContactUS(Contact_US.java:16)
... Removed 28 stack frames</pre></div><a href='#' onClick='toggleBox("stack-trace1914763808", this, "Click to show all stack frames", "Click to hide stack frames")'>Click to show all stack frames</a>
<div class='stack-trace' id='stack-trace1914763808'><pre>org.openqa.selenium.ElementNotInteractableException: element not interactable
  (Session info: chrome=101.0.4951.34)
Build info: version: &apos;3.141.59&apos;, revision: &apos;e82be7d358&apos;, time: &apos;2018-11-14T08:17:03&apos;
System info: host: &apos;DESKTOP-N7K85DJ&apos;, ip: &apos;192.168.1.31&apos;, os.name: &apos;Windows 10&apos;, os.arch: &apos;amd64&apos;, os.version: &apos;10.0&apos;, java.version: &apos;1.8.0_291&apos;
Driver info: org.openqa.selenium.remote.RemoteWebDriver
Capabilities {acceptInsecureCerts: false, browserName: chrome, browserVersion: 101.0.4951.34, chrome: {chromedriverVersion: 101.0.4951.15 (0dcf182bd388..., userDataDir: C:\Users\ltuser\AppData\Loc...}, goog:chromeOptions: {debuggerAddress: localhost:50270}, javascriptEnabled: true, networkConnectionEnabled: false, pageLoadStrategy: normal, platform: WINDOWS, platformName: WINDOWS, proxy: Proxy(), setWindowRect: true, strictFileInteractability: false, timeouts: {implicit: 0, pageLoad: 300000, script: 30000}, unhandledPromptBehavior: dismiss and notify, webauthn:extension:credBlob: true, webauthn:extension:largeBlob: true, webauthn:virtualAuthenticators: true, webdriver.remote.sessionid: 90f52ef2de93128f9272c23337a...}
Session ID: 90f52ef2de93128f9272c23337a211a6
	at sun.reflect.NativeConstructorAccessorImpl.newInstance0(Native Method)
	at sun.reflect.NativeConstructorAccessorImpl.newInstance(NativeConstructorAccessorImpl.java:62)
	at sun.reflect.DelegatingConstructorAccessorImpl.newInstance(DelegatingConstructorAccessorImpl.java:45)
	at java.lang.reflect.Constructor.newInstance(Constructor.java:423)
	at org.openqa.selenium.remote.http.W3CHttpResponseCodec.createException(W3CHttpResponseCodec.java:187)
	at org.openqa.selenium.remote.http.W3CHttpResponseCodec.decode(W3CHttpResponseCodec.java:122)
	at org.openqa.selenium.remote.http.W3CHttpResponseCodec.decode(W3CHttpResponseCodec.java:49)
	at org.openqa.selenium.remote.HttpCommandExecutor.execute(HttpCommandExecutor.java:158)
	at org.openqa.selenium.remote.RemoteWebDriver.execute(RemoteWebDriver.java:552)
	at org.openqa.selenium.remote.RemoteWebElement.execute(RemoteWebElement.java:285)
	at org.openqa.selenium.remote.RemoteWebElement.click(RemoteWebElement.java:84)
	at Warranty_Page.ContactUS_page.contactUS(ContactUS_page.java:121)
	at Warranty_Test_Case_Prod.Contact_US.ContactUS(Contact_US.java:16)
	at sun.reflect.NativeMethodAccessorImpl.invoke0(Native Method)
	at sun.reflect.NativeMethodAccessorImpl.invoke(NativeMethodAccessorImpl.java:62)
	at sun.reflect.DelegatingMethodAccessorImpl.invoke(DelegatingMethodAccessorImpl.java:43)
	at java.lang.reflect.Method.invoke(Method.java:498)
	at org.testng.internal.MethodInvocationHelper.invokeMethod(MethodInvocationHelper.java:80)
	at org.testng.internal.Invoker.invokeMethod(Invoker.java:714)
	at org.testng.internal.Invoker.invokeTestMethod(Invoker.java:901)
	at org.testng.internal.Invoker.invokeTestMethods(Invoker.java:1231)
	at org.testng.internal.TestMethodWorker.invokeTestMethods(TestMethodWorker.java:127)
	at org.testng.internal.TestMethodWorker.run(TestMethodWorker.java:111)
	at org.testng.TestRunner.privateRun(TestRunner.java:767)
	at org.testng.TestRunner.run(TestRunner.java:617)
	at org.testng.SuiteRunner.runTest(SuiteRunner.java:334)
	at org.testng.SuiteRunner.runSequentially(SuiteRunner.java:329)
	at org.testng.SuiteRunner.privateRun(SuiteRunner.java:291)
	at org.testng.SuiteRunner.run(SuiteRunner.java:240)
	at org.testng.SuiteRunnerWorker.runSuite(SuiteRunnerWorker.java:52)
	at org.testng.SuiteRunnerWorker.run(SuiteRunnerWorker.java:86)
	at org.testng.TestNG.runSuitesSequentially(TestNG.java:1198)
	at org.testng.TestNG.runSuitesLocally(TestNG.java:1123)
	at org.testng.TestNG.run(TestNG.java:1031)
	at org.testng.remote.RemoteTestNG.run(RemoteTestNG.java:115)
	at org.testng.remote.RemoteTestNG.initAndRun(RemoteTestNG.java:207)
	at org.testng.remote.RemoteTestNG.main(RemoteTestNG.java:178)
</pre></div></td>
<td>55</td>
<td>Warranty_Test_Case_Prod.Contact_US@7946e1f4</td></tr>
<tr>
<td title='MTL_Test_Cases_Prod.Home_URL.Footer()'><b>Footer</b><br>Test class: MTL_Test_Cases_Prod.Home_URL</td>
<td><div><pre>org.openqa.selenium.NoSuchElementException: no such element: Unable to locate element: {&quot;method&quot;:&quot;xpath&quot;,&quot;selector&quot;:&quot;//a[text()=&apos;CONTACT US&apos;]&quot;}
  (Session info: chrome=101.0.4951.34)
For documentation on this error, please visit: https://www.seleniumhq.org/exceptions/no_such_element.html
Build info: version: &apos;3.141.59&apos;, revision: &apos;e82be7d358&apos;, time: &apos;2018-11-14T08:17:03&apos;
System info: host: &apos;DESKTOP-N7K85DJ&apos;, ip: &apos;192.168.1.31&apos;, os.name: &apos;Windows 10&apos;, os.arch: &apos;amd64&apos;, os.version: &apos;10.0&apos;, java.version: &apos;1.8.0_291&apos;
Driver info: org.openqa.selenium.remote.RemoteWebDriver
Capabilities {acceptInsecureCerts: false, browserName: chrome, browserVersion: 101.0.4951.34, chrome: {chromedriverVersion: 101.0.4951.15 (0dcf182bd388..., userDataDir: C:\Users\ltuser\AppData\Loc...}, goog:chromeOptions: {debuggerAddress: localhost:50790}, javascriptEnabled: true, networkConnectionEnabled: false, pageLoadStrategy: normal, platform: WINDOWS, platformName: WINDOWS, proxy: Proxy(), setWindowRect: true, strictFileInteractability: false, timeouts: {implicit: 0, pageLoad: 300000, script: 30000}, unhandledPromptBehavior: dismiss and notify, webauthn:extension:credBlob: true, webauthn:extension:largeBlob: true, webauthn:virtualAuthenticators: true, webdriver.remote.sessionid: 7a538eabb4d85b54b98957ba999...}
Session ID: 7a538eabb4d85b54b98957ba99912511
*** Element info: {Using=xpath, value=//a[text()=&apos;CONTACT US&apos;]}
	at org.openqa.selenium.remote.http.W3CHttpResponseCodec.createException(W3CHttpResponseCodec.java:187)
	at org.openqa.selenium.remote.http.W3CHttpResponseCodec.decode(W3CHttpResponseCodec.java:122)
	at org.openqa.selenium.remote.http.W3CHttpResponseCodec.decode(W3CHttpResponseCodec.java:49)
	at org.openqa.selenium.remote.HttpCommandExecutor.execute(HttpCommandExecutor.java:158)
	at org.openqa.selenium.remote.RemoteWebDriver.execute(RemoteWebDriver.java:552)
	at org.openqa.selenium.remote.RemoteWebDriver.findElement(RemoteWebDriver.java:323)
	at org.openqa.selenium.remote.RemoteWebDriver.findElementByXPath(RemoteWebDriver.java:428)
	at org.openqa.selenium.By$ByXPath.findElement(By.java:353)
	at org.openqa.selenium.remote.RemoteWebDriver.findElement(RemoteWebDriver.java:315)
	at MTL_Pages.Home_page.contact_us_dev(Home_page.java:50)
	at MTL_Test_Cases_Prod.Home_URL.Footer(Home_URL.java:14)
... Removed 28 stack frames</pre></div><a href='#' onClick='toggleBox("stack-trace1771460096", this, "Click to show all stack frames", "Click to hide stack frames")'>Click to show all stack frames</a>
<div class='stack-trace' id='stack-trace1771460096'><pre>org.openqa.selenium.NoSuchElementException: no such element: Unable to locate element: {&quot;method&quot;:&quot;xpath&quot;,&quot;selector&quot;:&quot;//a[text()=&apos;CONTACT US&apos;]&quot;}
  (Session info: chrome=101.0.4951.34)
For documentation on this error, please visit: https://www.seleniumhq.org/exceptions/no_such_element.html
Build info: version: &apos;3.141.59&apos;, revision: &apos;e82be7d358&apos;, time: &apos;2018-11-14T08:17:03&apos;
System info: host: &apos;DESKTOP-N7K85DJ&apos;, ip: &apos;192.168.1.31&apos;, os.name: &apos;Windows 10&apos;, os.arch: &apos;amd64&apos;, os.version: &apos;10.0&apos;, java.version: &apos;1.8.0_291&apos;
Driver info: org.openqa.selenium.remote.RemoteWebDriver
Capabilities {acceptInsecureCerts: false, browserName: chrome, browserVersion: 101.0.4951.34, chrome: {chromedriverVersion: 101.0.4951.15 (0dcf182bd388..., userDataDir: C:\Users\ltuser\AppData\Loc...}, goog:chromeOptions: {debuggerAddress: localhost:50790}, javascriptEnabled: true, networkConnectionEnabled: false, pageLoadStrategy: normal, platform: WINDOWS, platformName: WINDOWS, proxy: Proxy(), setWindowRect: true, strictFileInteractability: false, timeouts: {implicit: 0, pageLoad: 300000, script: 30000}, unhandledPromptBehavior: dismiss and notify, webauthn:extension:credBlob: true, webauthn:extension:largeBlob: true, webauthn:virtualAuthenticators: true, webdriver.remote.sessionid: 7a538eabb4d85b54b98957ba999...}
Session ID: 7a538eabb4d85b54b98957ba99912511
*** Element info: {Using=xpath, value=//a[text()=&apos;CONTACT US&apos;]}
	at sun.reflect.NativeConstructorAccessorImpl.newInstance0(Native Method)
	at sun.reflect.NativeConstructorAccessorImpl.newInstance(NativeConstructorAccessorImpl.java:62)
	at sun.reflect.DelegatingConstructorAccessorImpl.newInstance(DelegatingConstructorAccessorImpl.java:45)
	at java.lang.reflect.Constructor.newInstance(Constructor.java:423)
	at org.openqa.selenium.remote.http.W3CHttpResponseCodec.createException(W3CHttpResponseCodec.java:187)
	at org.openqa.selenium.remote.http.W3CHttpResponseCodec.decode(W3CHttpResponseCodec.java:122)
	at org.openqa.selenium.remote.http.W3CHttpResponseCodec.decode(W3CHttpResponseCodec.java:49)
	at org.openqa.selenium.remote.HttpCommandExecutor.execute(HttpCommandExecutor.java:158)
	at org.openqa.selenium.remote.RemoteWebDriver.execute(RemoteWebDriver.java:552)
	at org.openqa.selenium.remote.RemoteWebDriver.findElement(RemoteWebDriver.java:323)
	at org.openqa.selenium.remote.RemoteWebDriver.findElementByXPath(RemoteWebDriver.java:428)
	at org.openqa.selenium.By$ByXPath.findElement(By.java:353)
	at org.openqa.selenium.remote.RemoteWebDriver.findElement(RemoteWebDriver.java:315)
	at MTL_Pages.Home_page.contact_us_dev(Home_page.java:50)
	at MTL_Test_Cases_Prod.Home_URL.Footer(Home_URL.java:14)
	at sun.reflect.NativeMethodAccessorImpl.invoke0(Native Method)
	at sun.reflect.NativeMethodAccessorImpl.invoke(NativeMethodAccessorImpl.java:62)
	at sun.reflect.DelegatingMethodAccessorImpl.invoke(DelegatingMethodAccessorImpl.java:43)
	at java.lang.reflect.Method.invoke(Method.java:498)
	at org.testng.internal.MethodInvocationHelper.invokeMethod(MethodInvocationHelper.java:80)
	at org.testng.internal.Invoker.invokeMethod(Invoker.java:714)
	at org.testng.internal.Invoker.invokeTestMethod(Invoker.java:901)
	at org.testng.internal.Invoker.invokeTestMethods(Invoker.java:1231)
	at org.testng.internal.TestMethodWorker.invokeTestMethods(TestMethodWorker.java:127)
	at org.testng.internal.TestMethodWorker.run(TestMethodWorker.java:111)
	at org.testng.TestRunner.privateRun(TestRunner.java:767)
	at org.testng.TestRunner.run(TestRunner.java:617)
	at org.testng.SuiteRunner.runTest(SuiteRunner.java:334)
	at org.testng.SuiteRunner.runSequentially(SuiteRunner.java:329)
	at org.testng.SuiteRunner.privateRun(SuiteRunner.java:291)
	at org.testng.SuiteRunner.run(SuiteRunner.java:240)
	at org.testng.SuiteRunnerWorker.runSuite(SuiteRunnerWorker.java:52)
	at org.testng.SuiteRunnerWorker.run(SuiteRunnerWorker.java:86)
	at org.testng.TestNG.runSuitesSequentially(TestNG.java:1198)
	at org.testng.TestNG.runSuitesLocally(TestNG.java:1123)
	at org.testng.TestNG.run(TestNG.java:1031)
	at org.testng.remote.RemoteTestNG.run(RemoteTestNG.java:115)
	at org.testng.remote.RemoteTestNG.initAndRun(RemoteTestNG.java:207)
	at org.testng.remote.RemoteTestNG.main(RemoteTestNG.java:178)
</pre></div></td>
<td>30</td>
<td>MTL_Test_Cases_Prod.Home_URL@13a57a3b</td></tr>
<tr>
<td title='MTL_Test_Cases_Prod.What_we_offer1_TC.Heading3()'><b>Heading3</b><br>Test class: MTL_Test_Cases_Prod.What_we_offer1_TC</td>
<td><div><pre>org.openqa.selenium.NoSuchElementException: no such element: Unable to locate element: {&quot;method&quot;:&quot;xpath&quot;,&quot;selector&quot;:&quot;//*[text()=&apos;WHAT WE OFFER&apos;]&quot;}
  (Session info: chrome=101.0.4951.34)
For documentation on this error, please visit: https://www.seleniumhq.org/exceptions/no_such_element.html
Build info: version: &apos;3.141.59&apos;, revision: &apos;e82be7d358&apos;, time: &apos;2018-11-14T08:17:03&apos;
System info: host: &apos;DESKTOP-N7K85DJ&apos;, ip: &apos;192.168.1.31&apos;, os.name: &apos;Windows 10&apos;, os.arch: &apos;amd64&apos;, os.version: &apos;10.0&apos;, java.version: &apos;1.8.0_291&apos;
Driver info: org.openqa.selenium.remote.RemoteWebDriver
Capabilities {acceptInsecureCerts: false, browserName: chrome, browserVersion: 101.0.4951.34, chrome: {chromedriverVersion: 101.0.4951.15 (0dcf182bd388..., userDataDir: C:\Users\ltuser\AppData\Loc...}, goog:chromeOptions: {debuggerAddress: localhost:65062}, javascriptEnabled: true, networkConnectionEnabled: false, pageLoadStrategy: normal, platform: WINDOWS, platformName: WINDOWS, proxy: Proxy(), setWindowRect: true, strictFileInteractability: false, timeouts: {implicit: 0, pageLoad: 300000, script: 30000}, unhandledPromptBehavior: dismiss and notify, webauthn:extension:credBlob: true, webauthn:extension:largeBlob: true, webauthn:virtualAuthenticators: true, webdriver.remote.sessionid: 1db057ee577052288c1a2b96ee8...}
Session ID: 1db057ee577052288c1a2b96ee85cf33
*** Element info: {Using=xpath, value=//*[text()=&apos;WHAT WE OFFER&apos;]}
	at org.openqa.selenium.remote.http.W3CHttpResponseCodec.createException(W3CHttpResponseCodec.java:187)
	at org.openqa.selenium.remote.http.W3CHttpResponseCodec.decode(W3CHttpResponseCodec.java:122)
	at org.openqa.selenium.remote.http.W3CHttpResponseCodec.decode(W3CHttpResponseCodec.java:49)
	at org.openqa.selenium.remote.HttpCommandExecutor.execute(HttpCommandExecutor.java:158)
	at org.openqa.selenium.remote.RemoteWebDriver.execute(RemoteWebDriver.java:552)
	at org.openqa.selenium.remote.RemoteWebDriver.findElement(RemoteWebDriver.java:323)
	at org.openqa.selenium.remote.RemoteWebDriver.findElementByXPath(RemoteWebDriver.java:428)
	at org.openqa.selenium.By$ByXPath.findElement(By.java:353)
	at org.openqa.selenium.remote.RemoteWebDriver.findElement(RemoteWebDriver.java:315)
	at MTL_Pages.WhatWeOffer_page.Heading_three(WhatWeOffer_page.java:495)
	at MTL_Test_Cases_Prod.What_we_offer1_TC.Heading3(What_we_offer1_TC.java:40)
... Removed 28 stack frames</pre></div><a href='#' onClick='toggleBox("stack-trace2055695420", this, "Click to show all stack frames", "Click to hide stack frames")'>Click to show all stack frames</a>
<div class='stack-trace' id='stack-trace2055695420'><pre>org.openqa.selenium.NoSuchElementException: no such element: Unable to locate element: {&quot;method&quot;:&quot;xpath&quot;,&quot;selector&quot;:&quot;//*[text()=&apos;WHAT WE OFFER&apos;]&quot;}
  (Session info: chrome=101.0.4951.34)
For documentation on this error, please visit: https://www.seleniumhq.org/exceptions/no_such_element.html
Build info: version: &apos;3.141.59&apos;, revision: &apos;e82be7d358&apos;, time: &apos;2018-11-14T08:17:03&apos;
System info: host: &apos;DESKTOP-N7K85DJ&apos;, ip: &apos;192.168.1.31&apos;, os.name: &apos;Windows 10&apos;, os.arch: &apos;amd64&apos;, os.version: &apos;10.0&apos;, java.version: &apos;1.8.0_291&apos;
Driver info: org.openqa.selenium.remote.RemoteWebDriver
Capabilities {acceptInsecureCerts: false, browserName: chrome, browserVersion: 101.0.4951.34, chrome: {chromedriverVersion: 101.0.4951.15 (0dcf182bd388..., userDataDir: C:\Users\ltuser\AppData\Loc...}, goog:chromeOptions: {debuggerAddress: localhost:65062}, javascriptEnabled: true, networkConnectionEnabled: false, pageLoadStrategy: normal, platform: WINDOWS, platformName: WINDOWS, proxy: Proxy(), setWindowRect: true, strictFileInteractability: false, timeouts: {implicit: 0, pageLoad: 300000, script: 30000}, unhandledPromptBehavior: dismiss and notify, webauthn:extension:credBlob: true, webauthn:extension:largeBlob: true, webauthn:virtualAuthenticators: true, webdriver.remote.sessionid: 1db057ee577052288c1a2b96ee8...}
Session ID: 1db057ee577052288c1a2b96ee85cf33
*** Element info: {Using=xpath, value=//*[text()=&apos;WHAT WE OFFER&apos;]}
	at sun.reflect.NativeConstructorAccessorImpl.newInstance0(Native Method)
	at sun.reflect.NativeConstructorAccessorImpl.newInstance(NativeConstructorAccessorImpl.java:62)
	at sun.reflect.DelegatingConstructorAccessorImpl.newInstance(DelegatingConstructorAccessorImpl.java:45)
	at java.lang.reflect.Constructor.newInstance(Constructor.java:423)
	at org.openqa.selenium.remote.http.W3CHttpResponseCodec.createException(W3CHttpResponseCodec.java:187)
	at org.openqa.selenium.remote.http.W3CHttpResponseCodec.decode(W3CHttpResponseCodec.java:122)
	at org.openqa.selenium.remote.http.W3CHttpResponseCodec.decode(W3CHttpResponseCodec.java:49)
	at org.openqa.selenium.remote.HttpCommandExecutor.execute(HttpCommandExecutor.java:158)
	at org.openqa.selenium.remote.RemoteWebDriver.execute(RemoteWebDriver.java:552)
	at org.openqa.selenium.remote.RemoteWebDriver.findElement(RemoteWebDriver.java:323)
	at org.openqa.selenium.remote.RemoteWebDriver.findElementByXPath(RemoteWebDriver.java:428)
	at org.openqa.selenium.By$ByXPath.findElement(By.java:353)
	at org.openqa.selenium.remote.RemoteWebDriver.findElement(RemoteWebDriver.java:315)
	at MTL_Pages.WhatWeOffer_page.Heading_three(WhatWeOffer_page.java:495)
	at MTL_Test_Cases_Prod.What_we_offer1_TC.Heading3(What_we_offer1_TC.java:40)
	at sun.reflect.NativeMethodAccessorImpl.invoke0(Native Method)
	at sun.reflect.NativeMethodAccessorImpl.invoke(NativeMethodAccessorImpl.java:62)
	at sun.reflect.DelegatingMethodAccessorImpl.invoke(DelegatingMethodAccessorImpl.java:43)
	at java.lang.reflect.Method.invoke(Method.java:498)
	at org.testng.internal.MethodInvocationHelper.invokeMethod(MethodInvocationHelper.java:80)
	at org.testng.internal.Invoker.invokeMethod(Invoker.java:714)
	at org.testng.internal.Invoker.invokeTestMethod(Invoker.java:901)
	at org.testng.internal.Invoker.invokeTestMethods(Invoker.java:1231)
	at org.testng.internal.TestMethodWorker.invokeTestMethods(TestMethodWorker.java:127)
	at org.testng.internal.TestMethodWorker.run(TestMethodWorker.java:111)
	at org.testng.TestRunner.privateRun(TestRunner.java:767)
	at org.testng.TestRunner.run(TestRunner.java:617)
	at org.testng.SuiteRunner.runTest(SuiteRunner.java:334)
	at org.testng.SuiteRunner.runSequentially(SuiteRunner.java:329)
	at org.testng.SuiteRunner.privateRun(SuiteRunner.java:291)
	at org.testng.SuiteRunner.run(SuiteRunner.java:240)
	at org.testng.SuiteRunnerWorker.runSuite(SuiteRunnerWorker.java:52)
	at org.testng.SuiteRunnerWorker.run(SuiteRunnerWorker.java:86)
	at org.testng.TestNG.runSuitesSequentially(TestNG.java:1198)
	at org.testng.TestNG.runSuitesLocally(TestNG.java:1123)
	at org.testng.TestNG.run(TestNG.java:1031)
	at org.testng.remote.RemoteTestNG.run(RemoteTestNG.java:115)
	at org.testng.remote.RemoteTestNG.initAndRun(RemoteTestNG.java:207)
	at org.testng.remote.RemoteTestNG.main(RemoteTestNG.java:178)
</pre></div></td>
<td>33</td>
<td>MTL_Test_Cases_Prod.What_we_offer1_TC@61a485d2</td></tr>
<tr>
<td title='Aerospace_TestCases_Prod.Home_TC.Home_Page_main()'><b>Home_Page_main</b><br>Test class: Aerospace_TestCases_Prod.Home_TC</td>
<td><div><pre>org.openqa.selenium.NoSuchElementException: no such element: Unable to locate element: {&quot;method&quot;:&quot;xpath&quot;,&quot;selector&quot;:&quot;(//*[@target=&apos;_self&apos;])[1]&quot;}
  (Session info: chrome=101.0.4951.34)
For documentation on this error, please visit: https://www.seleniumhq.org/exceptions/no_such_element.html
Build info: version: &apos;3.141.59&apos;, revision: &apos;e82be7d358&apos;, time: &apos;2018-11-14T08:17:03&apos;
System info: host: &apos;DESKTOP-N7K85DJ&apos;, ip: &apos;192.168.1.31&apos;, os.name: &apos;Windows 10&apos;, os.arch: &apos;amd64&apos;, os.version: &apos;10.0&apos;, java.version: &apos;1.8.0_291&apos;
Driver info: org.openqa.selenium.remote.RemoteWebDriver
Capabilities {acceptInsecureCerts: false, browserName: chrome, browserVersion: 101.0.4951.34, chrome: {chromedriverVersion: 101.0.4951.15 (0dcf182bd388..., userDataDir: C:\Users\ltuser\AppData\Loc...}, goog:chromeOptions: {debuggerAddress: localhost:63059}, javascriptEnabled: true, networkConnectionEnabled: false, pageLoadStrategy: normal, platform: WINDOWS, platformName: WINDOWS, proxy: Proxy(), setWindowRect: true, strictFileInteractability: false, timeouts: {implicit: 0, pageLoad: 300000, script: 30000}, unhandledPromptBehavior: dismiss and notify, webauthn:extension:credBlob: true, webauthn:extension:largeBlob: true, webauthn:virtualAuthenticators: true, webdriver.remote.sessionid: 6896fc0c97bdbe52f39e491bbe6...}
Session ID: 6896fc0c97bdbe52f39e491bbe6ba9c3
*** Element info: {Using=xpath, value=(//*[@target=&apos;_self&apos;])[1]}
	at org.openqa.selenium.remote.http.W3CHttpResponseCodec.createException(W3CHttpResponseCodec.java:187)
	at org.openqa.selenium.remote.http.W3CHttpResponseCodec.decode(W3CHttpResponseCodec.java:122)
	at org.openqa.selenium.remote.http.W3CHttpResponseCodec.decode(W3CHttpResponseCodec.java:49)
	at org.openqa.selenium.remote.HttpCommandExecutor.execute(HttpCommandExecutor.java:158)
	at org.openqa.selenium.remote.RemoteWebDriver.execute(RemoteWebDriver.java:552)
	at org.openqa.selenium.remote.RemoteWebDriver.findElement(RemoteWebDriver.java:323)
	at org.openqa.selenium.remote.RemoteWebDriver.findElementByXPath(RemoteWebDriver.java:428)
	at org.openqa.selenium.By$ByXPath.findElement(By.java:353)
	at org.openqa.selenium.remote.RemoteWebDriver.findElement(RemoteWebDriver.java:315)
	at Aerospace_Pages.Home_Page.logo(Home_Page.java:56)
	at Aerospace_TestCases_Prod.Home_TC.Home_Page_main(Home_TC.java:19)
... Removed 28 stack frames</pre></div><a href='#' onClick='toggleBox("stack-trace818288938", this, "Click to show all stack frames", "Click to hide stack frames")'>Click to show all stack frames</a>
<div class='stack-trace' id='stack-trace818288938'><pre>org.openqa.selenium.NoSuchElementException: no such element: Unable to locate element: {&quot;method&quot;:&quot;xpath&quot;,&quot;selector&quot;:&quot;(//*[@target=&apos;_self&apos;])[1]&quot;}
  (Session info: chrome=101.0.4951.34)
For documentation on this error, please visit: https://www.seleniumhq.org/exceptions/no_such_element.html
Build info: version: &apos;3.141.59&apos;, revision: &apos;e82be7d358&apos;, time: &apos;2018-11-14T08:17:03&apos;
System info: host: &apos;DESKTOP-N7K85DJ&apos;, ip: &apos;192.168.1.31&apos;, os.name: &apos;Windows 10&apos;, os.arch: &apos;amd64&apos;, os.version: &apos;10.0&apos;, java.version: &apos;1.8.0_291&apos;
Driver info: org.openqa.selenium.remote.RemoteWebDriver
Capabilities {acceptInsecureCerts: false, browserName: chrome, browserVersion: 101.0.4951.34, chrome: {chromedriverVersion: 101.0.4951.15 (0dcf182bd388..., userDataDir: C:\Users\ltuser\AppData\Loc...}, goog:chromeOptions: {debuggerAddress: localhost:63059}, javascriptEnabled: true, networkConnectionEnabled: false, pageLoadStrategy: normal, platform: WINDOWS, platformName: WINDOWS, proxy: Proxy(), setWindowRect: true, strictFileInteractability: false, timeouts: {implicit: 0, pageLoad: 300000, script: 30000}, unhandledPromptBehavior: dismiss and notify, webauthn:extension:credBlob: true, webauthn:extension:largeBlob: true, webauthn:virtualAuthenticators: true, webdriver.remote.sessionid: 6896fc0c97bdbe52f39e491bbe6...}
Session ID: 6896fc0c97bdbe52f39e491bbe6ba9c3
*** Element info: {Using=xpath, value=(//*[@target=&apos;_self&apos;])[1]}
	at sun.reflect.NativeConstructorAccessorImpl.newInstance0(Native Method)
	at sun.reflect.NativeConstructorAccessorImpl.newInstance(NativeConstructorAccessorImpl.java:62)
	at sun.reflect.DelegatingConstructorAccessorImpl.newInstance(DelegatingConstructorAccessorImpl.java:45)
	at java.lang.reflect.Constructor.newInstance(Constructor.java:423)
	at org.openqa.selenium.remote.http.W3CHttpResponseCodec.createException(W3CHttpResponseCodec.java:187)
	at org.openqa.selenium.remote.http.W3CHttpResponseCodec.decode(W3CHttpResponseCodec.java:122)
	at org.openqa.selenium.remote.http.W3CHttpResponseCodec.decode(W3CHttpResponseCodec.java:49)
	at org.openqa.selenium.remote.HttpCommandExecutor.execute(HttpCommandExecutor.java:158)
	at org.openqa.selenium.remote.RemoteWebDriver.execute(RemoteWebDriver.java:552)
	at org.openqa.selenium.remote.RemoteWebDriver.findElement(RemoteWebDriver.java:323)
	at org.openqa.selenium.remote.RemoteWebDriver.findElementByXPath(RemoteWebDriver.java:428)
	at org.openqa.selenium.By$ByXPath.findElement(By.java:353)
	at org.openqa.selenium.remote.RemoteWebDriver.findElement(RemoteWebDriver.java:315)
	at Aerospace_Pages.Home_Page.logo(Home_Page.java:56)
	at Aerospace_TestCases_Prod.Home_TC.Home_Page_main(Home_TC.java:19)
	at sun.reflect.NativeMethodAccessorImpl.invoke0(Native Method)
	at sun.reflect.NativeMethodAccessorImpl.invoke(NativeMethodAccessorImpl.java:62)
	at sun.reflect.DelegatingMethodAccessorImpl.invoke(DelegatingMethodAccessorImpl.java:43)
	at java.lang.reflect.Method.invoke(Method.java:498)
	at org.testng.internal.MethodInvocationHelper.invokeMethod(MethodInvocationHelper.java:80)
	at org.testng.internal.Invoker.invokeMethod(Invoker.java:714)
	at org.testng.internal.Invoker.invokeTestMethod(Invoker.java:901)
	at org.testng.internal.Invoker.invokeTestMethods(Invoker.java:1231)
	at org.testng.internal.TestMethodWorker.invokeTestMethods(TestMethodWorker.java:127)
	at org.testng.internal.TestMethodWorker.run(TestMethodWorker.java:111)
	at org.testng.TestRunner.privateRun(TestRunner.java:767)
	at org.testng.TestRunner.run(TestRunner.java:617)
	at org.testng.SuiteRunner.runTest(SuiteRunner.java:334)
	at org.testng.SuiteRunner.runSequentially(SuiteRunner.java:329)
	at org.testng.SuiteRunner.privateRun(SuiteRunner.java:291)
	at org.testng.SuiteRunner.run(SuiteRunner.java:240)
	at org.testng.SuiteRunnerWorker.runSuite(SuiteRunnerWorker.java:52)
	at org.testng.SuiteRunnerWorker.run(SuiteRunnerWorker.java:86)
	at org.testng.TestNG.runSuitesSequentially(TestNG.java:1198)
	at org.testng.TestNG.runSuitesLocally(TestNG.java:1123)
	at org.testng.TestNG.run(TestNG.java:1031)
	at org.testng.remote.RemoteTestNG.run(RemoteTestNG.java:115)
	at org.testng.remote.RemoteTestNG.initAndRun(RemoteTestNG.java:207)
	at org.testng.remote.RemoteTestNG.main(RemoteTestNG.java:178)
</pre></div></td>
<td>35</td>
<td>Aerospace_TestCases_Prod.Home_TC@32e6e9c3</td></tr>
<tr>
<td title='Adler_TestCases_Prod.News.main_Home_Page()'><b>main_Home_Page</b><br>Test class: Adler_TestCases_Prod.News</td>
<td><div><pre>org.openqa.selenium.WebDriverException: we were not able to complete the request as the request timeout limit (360 second) is breached
Build info: version: &apos;3.141.59&apos;, revision: &apos;e82be7d358&apos;, time: &apos;2018-11-14T08:17:03&apos;
System info: host: &apos;DESKTOP-N7K85DJ&apos;, ip: &apos;192.168.1.31&apos;, os.name: &apos;Windows 10&apos;, os.arch: &apos;amd64&apos;, os.version: &apos;10.0&apos;, java.version: &apos;1.8.0_291&apos;
Driver info: org.openqa.selenium.remote.RemoteWebDriver
Capabilities {acceptInsecureCerts: false, browserName: chrome, browserVersion: 101.0.4951.34, chrome: {chromedriverVersion: 101.0.4951.15 (0dcf182bd388..., userDataDir: C:\Users\ltuser\AppData\Loc...}, goog:chromeOptions: {debuggerAddress: localhost:64470}, javascriptEnabled: true, networkConnectionEnabled: false, pageLoadStrategy: normal, platform: WINDOWS, platformName: WINDOWS, proxy: Proxy(), setWindowRect: true, strictFileInteractability: false, timeouts: {implicit: 0, pageLoad: 300000, script: 30000}, unhandledPromptBehavior: dismiss and notify, webauthn:extension:credBlob: true, webauthn:extension:largeBlob: true, webauthn:virtualAuthenticators: true, webdriver.remote.sessionid: bf34fa01bd4f48a05a159e4767f...}
Session ID: bf34fa01bd4f48a05a159e4767f4d96c
*** Element info: {Using=xpath, value=(//*[contains(@class,&apos;fadeAltClass-1&apos;)])[2]/div/a/div/div/div/p[2]}
	at org.openqa.selenium.remote.http.W3CHttpResponseCodec.createException(W3CHttpResponseCodec.java:187)
	at org.openqa.selenium.remote.http.W3CHttpResponseCodec.decode(W3CHttpResponseCodec.java:122)
	at org.openqa.selenium.remote.http.W3CHttpResponseCodec.decode(W3CHttpResponseCodec.java:49)
	at org.openqa.selenium.remote.HttpCommandExecutor.execute(HttpCommandExecutor.java:158)
	at org.openqa.selenium.remote.RemoteWebDriver.execute(RemoteWebDriver.java:552)
	at org.openqa.selenium.remote.RemoteWebDriver.findElement(RemoteWebDriver.java:323)
	at org.openqa.selenium.remote.RemoteWebDriver.findElementByXPath(RemoteWebDriver.java:428)
	at org.openqa.selenium.By$ByXPath.findElement(By.java:353)
	at org.openqa.selenium.remote.RemoteWebDriver.findElement(RemoteWebDriver.java:315)
	at Adler_Pages.Home_page.News3_prod(Home_page.java:401)
	at Adler_TestCases_Prod.News.main_Home_Page(News.java:17)
... Removed 28 stack frames</pre></div><a href='#' onClick='toggleBox("stack-trace2038285216", this, "Click to show all stack frames", "Click to hide stack frames")'>Click to show all stack frames</a>
<div class='stack-trace' id='stack-trace2038285216'><pre>org.openqa.selenium.WebDriverException: we were not able to complete the request as the request timeout limit (360 second) is breached
Build info: version: &apos;3.141.59&apos;, revision: &apos;e82be7d358&apos;, time: &apos;2018-11-14T08:17:03&apos;
System info: host: &apos;DESKTOP-N7K85DJ&apos;, ip: &apos;192.168.1.31&apos;, os.name: &apos;Windows 10&apos;, os.arch: &apos;amd64&apos;, os.version: &apos;10.0&apos;, java.version: &apos;1.8.0_291&apos;
Driver info: org.openqa.selenium.remote.RemoteWebDriver
Capabilities {acceptInsecureCerts: false, browserName: chrome, browserVersion: 101.0.4951.34, chrome: {chromedriverVersion: 101.0.4951.15 (0dcf182bd388..., userDataDir: C:\Users\ltuser\AppData\Loc...}, goog:chromeOptions: {debuggerAddress: localhost:64470}, javascriptEnabled: true, networkConnectionEnabled: false, pageLoadStrategy: normal, platform: WINDOWS, platformName: WINDOWS, proxy: Proxy(), setWindowRect: true, strictFileInteractability: false, timeouts: {implicit: 0, pageLoad: 300000, script: 30000}, unhandledPromptBehavior: dismiss and notify, webauthn:extension:credBlob: true, webauthn:extension:largeBlob: true, webauthn:virtualAuthenticators: true, webdriver.remote.sessionid: bf34fa01bd4f48a05a159e4767f...}
Session ID: bf34fa01bd4f48a05a159e4767f4d96c
*** Element info: {Using=xpath, value=(//*[contains(@class,&apos;fadeAltClass-1&apos;)])[2]/div/a/div/div/div/p[2]}
	at sun.reflect.NativeConstructorAccessorImpl.newInstance0(Native Method)
	at sun.reflect.NativeConstructorAccessorImpl.newInstance(NativeConstructorAccessorImpl.java:62)
	at sun.reflect.DelegatingConstructorAccessorImpl.newInstance(DelegatingConstructorAccessorImpl.java:45)
	at java.lang.reflect.Constructor.newInstance(Constructor.java:423)
	at org.openqa.selenium.remote.http.W3CHttpResponseCodec.createException(W3CHttpResponseCodec.java:187)
	at org.openqa.selenium.remote.http.W3CHttpResponseCodec.decode(W3CHttpResponseCodec.java:122)
	at org.openqa.selenium.remote.http.W3CHttpResponseCodec.decode(W3CHttpResponseCodec.java:49)
	at org.openqa.selenium.remote.HttpCommandExecutor.execute(HttpCommandExecutor.java:158)
	at org.openqa.selenium.remote.RemoteWebDriver.execute(RemoteWebDriver.java:552)
	at org.openqa.selenium.remote.RemoteWebDriver.findElement(RemoteWebDriver.java:323)
	at org.openqa.selenium.remote.RemoteWebDriver.findElementByXPath(RemoteWebDriver.java:428)
	at org.openqa.selenium.By$ByXPath.findElement(By.java:353)
	at org.openqa.selenium.remote.RemoteWebDriver.findElement(RemoteWebDriver.java:315)
	at Adler_Pages.Home_page.News3_prod(Home_page.java:401)
	at Adler_TestCases_Prod.News.main_Home_Page(News.java:17)
	at sun.reflect.NativeMethodAccessorImpl.invoke0(Native Method)
	at sun.reflect.NativeMethodAccessorImpl.invoke(NativeMethodAccessorImpl.java:62)
	at sun.reflect.DelegatingMethodAccessorImpl.invoke(DelegatingMethodAccessorImpl.java:43)
	at java.lang.reflect.Method.invoke(Method.java:498)
	at org.testng.internal.MethodInvocationHelper.invokeMethod(MethodInvocationHelper.java:80)
	at org.testng.internal.Invoker.invokeMethod(Invoker.java:714)
	at org.testng.internal.Invoker.invokeTestMethod(Invoker.java:901)
	at org.testng.internal.Invoker.invokeTestMethods(Invoker.java:1231)
	at org.testng.internal.TestMethodWorker.invokeTestMethods(TestMethodWorker.java:127)
	at org.testng.internal.TestMethodWorker.run(TestMethodWorker.java:111)
	at org.testng.TestRunner.privateRun(TestRunner.java:767)
	at org.testng.TestRunner.run(TestRunner.java:617)
	at org.testng.SuiteRunner.runTest(SuiteRunner.java:334)
	at org.testng.SuiteRunner.runSequentially(SuiteRunner.java:329)
	at org.testng.SuiteRunner.privateRun(SuiteRunner.java:291)
	at org.testng.SuiteRunner.run(SuiteRunner.java:240)
	at org.testng.SuiteRunnerWorker.runSuite(SuiteRunnerWorker.java:52)
	at org.testng.SuiteRunnerWorker.run(SuiteRunnerWorker.java:86)
	at org.testng.TestNG.runSuitesSequentially(TestNG.java:1198)
	at org.testng.TestNG.runSuitesLocally(TestNG.java:1123)
	at org.testng.TestNG.run(TestNG.java:1031)
	at org.testng.remote.RemoteTestNG.run(RemoteTestNG.java:115)
	at org.testng.remote.RemoteTestNG.initAndRun(RemoteTestNG.java:207)
	at org.testng.remote.RemoteTestNG.main(RemoteTestNG.java:178)
</pre></div></td>
<td>453</td>
<td>Adler_TestCases_Prod.News@4de8b406</td></tr>
</table><p>
<table width='100%' border='1' class='invocation-passed'>
<tr><td colspan='4' align='center'><b>PASSED TESTS</b></td></tr>
<tr><td><b>Test method</b></td>
<td width="30%"><b>Exception</b></td>
<td width="10%"><b>Time (seconds)</b></td>
<td><b>Instance</b></td>
</tr>
<tr>
<td title='Careers_Test_case_Prod.Footer.AUW_Facebook()'><b>AUW_Facebook</b><br>Test class: Careers_Test_case_Prod.Footer</td>
<td></td>
<td>18</td>
<td>Careers_Test_case_Prod.Footer@5dfcfece</td></tr>
<tr>
<td title='AUW_Test_case_prod.AUW_Footer_Prod.AUW_Footer()'><b>AUW_Footer</b><br>Test class: AUW_Test_case_prod.AUW_Footer_Prod</td>
<td></td>
<td>94</td>
<td>AUW_Test_case_prod.AUW_Footer_Prod@5ae9a829</td></tr>
<tr>
<td title='Careers_Test_case_Prod.Footer.AUW_Instagram()'><b>AUW_Instagram</b><br>Test class: Careers_Test_case_Prod.Footer</td>
<td></td>
<td>10</td>
<td>Careers_Test_case_Prod.Footer@5dfcfece</td></tr>
<tr>
<td title='Careers_Test_case_Prod.Footer.AUW_Linkedin()'><b>AUW_Linkedin</b><br>Test class: Careers_Test_case_Prod.Footer</td>
<td></td>
<td>11</td>
<td>Careers_Test_case_Prod.Footer@5dfcfece</td></tr>
<tr>
<td title='Careers_Test_case_Prod.Footer.AUW_Policy()'><b>AUW_Policy</b><br>Test class: Careers_Test_case_Prod.Footer</td>
<td></td>
<td>29</td>
<td>Careers_Test_case_Prod.Footer@5dfcfece</td></tr>
<tr>
<td title='Careers_Test_case_Prod.Footer.AUW_twitter()'><b>AUW_twitter</b><br>Test class: Careers_Test_case_Prod.Footer</td>
<td></td>
<td>13</td>
<td>Careers_Test_case_Prod.Footer@5dfcfece</td></tr>
<tr>
<td title='AUW_Test_case_prod.AUW_AboutUS.AboutUS()'><b>AboutUS</b><br>Test class: AUW_Test_case_prod.AUW_AboutUS</td>
<td></td>
<td>115</td>
<td>AUW_Test_case_prod.AUW_AboutUS@51efea79</td></tr>
<tr>
<td title='Casuality_Prod_TC.Menu_Our_Carriers.Carriers()'><b>Carriers</b><br>Test class: Casuality_Prod_TC.Menu_Our_Carriers</td>
<td></td>
<td>39</td>
<td>Casuality_Prod_TC.Menu_Our_Carriers@643b1d11</td></tr>
<tr>
<td title='Tradewel_Test_Cases_Production.comprehensive_Protection.Comprehensive()'><b>Comprehensive</b><br>Test class: Tradewel_Test_Cases_Production.comprehensive_Protection</td>
<td></td>
<td>192</td>
<td>Tradewel_Test_Cases_Production.comprehensive_Protection@5afa04c</td></tr>
<tr>
<td title='AFL_Test_Case_Prod.ContactUS_OutsideUS.ContactUs_Page()'><b>ContactUs_Page</b><br>Test class: AFL_Test_Case_Prod.ContactUS_OutsideUS</td>
<td></td>
<td>28</td>
<td>AFL_Test_Case_Prod.ContactUS_OutsideUS@7ac7a4e4</td></tr>
<tr>
<td title='Speciality_underwriters_Test_Case_Prod.Contact_US_TC.Footer()'><b>Footer</b><br>Test class: Speciality_underwriters_Test_Case_Prod.Contact_US_TC</td>
<td></td>
<td>20</td>
<td>Speciality_underwriters_Test_Case_Prod.Contact_US_TC@50c87b21</td></tr>
<tr>
<td title='Speciality_underwriters_Test_Case_Prod.About_Us.Footer()'><b>Footer</b><br>Test class: Speciality_underwriters_Test_Case_Prod.About_Us</td>
<td></td>
<td>10</td>
<td>Speciality_underwriters_Test_Case_Prod.About_Us@3a82f6ef</td></tr>
<tr>
<td title='Speciality_underwriters_Test_Case_Prod.What_We_offer.Footer()'><b>Footer</b><br>Test class: Speciality_underwriters_Test_Case_Prod.What_We_offer</td>
<td></td>
<td>44</td>
<td>Speciality_underwriters_Test_Case_Prod.What_We_offer@7c0e2abd</td></tr>
<tr>
<td title='Speciality_underwriters_Test_Case_Prod.Home_TC.Footer()'><b>Footer</b><br>Test class: Speciality_underwriters_Test_Case_Prod.Home_TC</td>
<td></td>
<td>20</td>
<td>Speciality_underwriters_Test_Case_Prod.Home_TC@62ee68d8</td></tr>
<tr>
<td title='AFL_Test_Case_Prod.Footer_TC.Footer()'><b>Footer</b><br>Test class: AFL_Test_Case_Prod.Footer_TC</td>
<td></td>
<td>85</td>
<td>AFL_Test_Case_Prod.Footer_TC@6276ae34</td></tr>
<tr>
<td title='Solution_one_Prod.Footer_Production.Footer()'><b>Footer</b><br>Test class: Solution_one_Prod.Footer_Production</td>
<td></td>
<td>72</td>
<td>Solution_one_Prod.Footer_Production@51081592</td></tr>
<tr>
<td title='JumboGC_Test_case_prod.Header_footer.Footer_Facebook()'><b>Footer_Facebook</b><br>Test class: JumboGC_Test_case_prod.Header_footer</td>
<td></td>
<td>29</td>
<td>JumboGC_Test_case_prod.Header_footer@59e84876</td></tr>
<tr>
<td title='JumboGC_Test_case_prod.Header_footer.Footer_Instagram()'><b>Footer_Instagram</b><br>Test class: JumboGC_Test_case_prod.Header_footer</td>
<td></td>
<td>29</td>
<td>JumboGC_Test_case_prod.Header_footer@59e84876</td></tr>
<tr>
<td title='JumboGC_Test_case_prod.Header_footer.Footer_Privacy()'><b>Footer_Privacy</b><br>Test class: JumboGC_Test_case_prod.Header_footer</td>
<td></td>
<td>43</td>
<td>JumboGC_Test_case_prod.Header_footer@59e84876</td></tr>
<tr>
<td title='Promesa_Test_Case_Prod.Footer.Footer_PrivacyPolicy()'><b>Footer_PrivacyPolicy</b><br>Test class: Promesa_Test_Case_Prod.Footer</td>
<td></td>
<td>24</td>
<td>Promesa_Test_Case_Prod.Footer@5f375618</td></tr>
<tr>
<td title='Promesa_Test_Case_Prod.Footer.Footer_facebook()'><b>Footer_facebook</b><br>Test class: Promesa_Test_Case_Prod.Footer</td>
<td></td>
<td>22</td>
<td>Promesa_Test_Case_Prod.Footer@5f375618</td></tr>
<tr>
<td title='Promesa_Test_Case_Prod.Footer.Footer_instagram()'><b>Footer_instagram</b><br>Test class: Promesa_Test_Case_Prod.Footer</td>
<td></td>
<td>9</td>
<td>Promesa_Test_Case_Prod.Footer@5f375618</td></tr>
<tr>
<td title='JumboGC_Test_case_prod.Header_footer.Footer_linkedIN()'><b>Footer_linkedIN</b><br>Test class: JumboGC_Test_case_prod.Header_footer</td>
<td></td>
<td>29</td>
<td>JumboGC_Test_case_prod.Header_footer@59e84876</td></tr>
<tr>
<td title='Promesa_Test_Case_Prod.Footer.Footer_linkedin()'><b>Footer_linkedin</b><br>Test class: Promesa_Test_Case_Prod.Footer</td>
<td></td>
<td>10</td>
<td>Promesa_Test_Case_Prod.Footer@5f375618</td></tr>
<tr>
<td title='Promesa_Test_Case_Prod.Footer.Footer_twitter()'><b>Footer_twitter</b><br>Test class: Promesa_Test_Case_Prod.Footer</td>
<td></td>
<td>9</td>
<td>Promesa_Test_Case_Prod.Footer@5f375618</td></tr>
<tr>
<td title='JumboGC_Test_case_prod.Side_Heading.Header_Footer()'><b>Header_Footer</b><br>Test class: JumboGC_Test_case_prod.Side_Heading</td>
<td></td>
<td>168</td>
<td>JumboGC_Test_case_prod.Side_Heading@7f560810</td></tr>
<tr>
<td title='JumboGC_Test_case_prod.Header_footer.Header_Login()'><b>Header_Login</b><br>Test class: JumboGC_Test_case_prod.Header_footer</td>
<td></td>
<td>26</td>
<td>JumboGC_Test_case_prod.Header_footer@59e84876</td></tr>
<tr>
<td title='MTL_Test_Cases_Prod.What_we_offer_URL_TC.Heading()'><b>Heading</b><br>Test class: MTL_Test_Cases_Prod.What_we_offer_URL_TC</td>
<td></td>
<td>115</td>
<td>MTL_Test_Cases_Prod.What_we_offer_URL_TC@5d5eef3d</td></tr>
<tr>
<td title='AUW_Global_Test_Cases_Prod.Home_Page_TC.HomePage()'><b>HomePage</b><br>Test class: AUW_Global_Test_Cases_Prod.Home_Page_TC</td>
<td></td>
<td>22</td>
<td>AUW_Global_Test_Cases_Prod.Home_Page_TC@7921b0a2</td></tr>
<tr>
<td title='Casuality_Prod_TC.Home_page.HomePage()'><b>HomePage</b><br>Test class: Casuality_Prod_TC.Home_page</td>
<td></td>
<td>79</td>
<td>Casuality_Prod_TC.Home_page@23ceabc1</td></tr>
<tr>
<td title='Casuality_Prod_TC.Menu_About_US.HomePage()'><b>HomePage</b><br>Test class: Casuality_Prod_TC.Menu_About_US</td>
<td></td>
<td>59</td>
<td>Casuality_Prod_TC.Menu_About_US@7f9a81e8</td></tr>
<tr>
<td title='Casuality_Prod_TC.Menu_Contact_Us.HomePage()'><b>HomePage</b><br>Test class: Casuality_Prod_TC.Menu_Contact_Us</td>
<td></td>
<td>27</td>
<td>Casuality_Prod_TC.Menu_Contact_Us@2669b199</td></tr>
<tr>
<td title='Casuality_Prod_TC.Menu_Press_Room.HomePage()'><b>HomePage</b><br>Test class: Casuality_Prod_TC.Menu_Press_Room</td>
<td></td>
<td>66</td>
<td>Casuality_Prod_TC.Menu_Press_Room@3c756e4d</td></tr>
<tr>
<td title='Credit_Global_Test_Cases_Prod.Home_TC.HomePage_Header_ContactUS_btn()'><b>HomePage_Header_ContactUS_btn</b><br>Test class: Credit_Global_Test_Cases_Prod.Home_TC</td>
<td></td>
<td>16</td>
<td>Credit_Global_Test_Cases_Prod.Home_TC@6a024a67</td></tr>
<tr>
<td title='Credit_Global_Test_Cases_Prod.Home_TC.HomePage_Header_Our_approach()'><b>HomePage_Header_Our_approach</b><br>Test class: Credit_Global_Test_Cases_Prod.Home_TC</td>
<td></td>
<td>15</td>
<td>Credit_Global_Test_Cases_Prod.Home_TC@6a024a67</td></tr>
<tr>
<td title='Credit_Global_Test_Cases_Prod.Home_TC.HomePage_Header_What_weDo()'><b>HomePage_Header_What_weDo</b><br>Test class: Credit_Global_Test_Cases_Prod.Home_TC</td>
<td></td>
<td>10</td>
<td>Credit_Global_Test_Cases_Prod.Home_TC@6a024a67</td></tr>
<tr>
<td title='Credit_Global_Test_Cases_Prod.What_we_Do_TC.HomePage_Header_login()'><b>HomePage_Header_login</b><br>Test class: Credit_Global_Test_Cases_Prod.What_we_Do_TC</td>
<td></td>
<td>44</td>
<td>Credit_Global_Test_Cases_Prod.What_we_Do_TC@6d78f375</td></tr>
<tr>
<td title='Credit_Global_Test_Cases_Prod.Forgot_Password.HomePage_Header_login()'><b>HomePage_Header_login</b><br>Test class: Credit_Global_Test_Cases_Prod.Forgot_Password</td>
<td></td>
<td>11</td>
<td>Credit_Global_Test_Cases_Prod.Forgot_Password@39fb3ab6</td></tr>
<tr>
<td title='Credit_Global_Test_Cases_Prod.Home_TC.HomePage_Header_login()'><b>HomePage_Header_login</b><br>Test class: Credit_Global_Test_Cases_Prod.Home_TC</td>
<td></td>
<td>14</td>
<td>Credit_Global_Test_Cases_Prod.Home_TC@6a024a67</td></tr>
<tr>
<td title='Aerospace_TestCases_Prod.Menu_About_Us.Home_Menu_AboutUS()'><b>Home_Menu_AboutUS</b><br>Test class: Aerospace_TestCases_Prod.Menu_About_Us</td>
<td></td>
<td>21</td>
<td>Aerospace_TestCases_Prod.Menu_About_Us@4590c9c3</td></tr>
<tr>
<td title='Aerospace_TestCases_Prod.Menu_Aviation.Home_Menu_Aeviation()'><b>Home_Menu_Aeviation</b><br>Test class: Aerospace_TestCases_Prod.Menu_Aviation</td>
<td></td>
<td>81</td>
<td>Aerospace_TestCases_Prod.Menu_Aviation@215be6bb</td></tr>
<tr>
<td title='Aerospace_TestCases_Prod.Menu_News.Home_Menu_News()'><b>Home_Menu_News</b><br>Test class: Aerospace_TestCases_Prod.Menu_News</td>
<td></td>
<td>157</td>
<td>Aerospace_TestCases_Prod.Menu_News@32d992b2</td></tr>
<tr>
<td title='Aerospace_TestCases_Prod.Menu_Contact_US.Home_Menu_News()'><b>Home_Menu_News</b><br>Test class: Aerospace_TestCases_Prod.Menu_Contact_US</td>
<td></td>
<td>20</td>
<td>Aerospace_TestCases_Prod.Menu_Contact_US@100fc185</td></tr>
<tr>
<td title='AFL_Test_Case_Prod.HomePage_TC.Home_Page()'><b>Home_Page</b><br>Test class: AFL_Test_Case_Prod.HomePage_TC</td>
<td></td>
<td>293</td>
<td>AFL_Test_Case_Prod.HomePage_TC@396a51ab</td></tr>
<tr>
<td title='Warranty_Test_Case_Prod.About_US.Home_page()'><b>Home_page</b><br>Test class: Warranty_Test_Case_Prod.About_US</td>
<td></td>
<td>42</td>
<td>Warranty_Test_Case_Prod.About_US@6d00a15d</td></tr>
<tr>
<td title='Warranty_Test_Case_Prod.HomePage_Testcase.Home_page()'><b>Home_page</b><br>Test class: Warranty_Test_Case_Prod.HomePage_Testcase</td>
<td></td>
<td>376</td>
<td>Warranty_Test_Case_Prod.HomePage_Testcase@1efbd816</td></tr>
<tr>
<td title='AUW_Global_Test_Cases_Prod.LearnMore_TC.LearnMore()'><b>LearnMore</b><br>Test class: AUW_Global_Test_Cases_Prod.LearnMore_TC</td>
<td></td>
<td>16</td>
<td>AUW_Global_Test_Cases_Prod.LearnMore_TC@458ad742</td></tr>
<tr>
<td title='AUW_Global_Test_Cases_Prod.Home_More.More_button()'><b>More_button</b><br>Test class: AUW_Global_Test_Cases_Prod.Home_More</td>
<td></td>
<td>66</td>
<td>AUW_Global_Test_Cases_Prod.Home_More@6a2bcfcb</td></tr>
<tr>
<td title='MTL_Test_Cases_Prod.More_offers_TC.More_offers()'><b>More_offers</b><br>Test class: MTL_Test_Cases_Prod.More_offers_TC</td>
<td></td>
<td>42</td>
<td>MTL_Test_Cases_Prod.More_offers_TC@9629756</td></tr>
<tr>
<td title='Warranty_Test_Case_Prod.Our_Partner.Partner1()'><b>Partner1</b><br>Test class: Warranty_Test_Case_Prod.Our_Partner</td>
<td></td>
<td>85</td>
<td>Warranty_Test_Case_Prod.Our_Partner@6574b225</td></tr>
<tr>
<td title='Warranty_Test_Case_Prod.Our_Partner.Partner2()'><b>Partner2</b><br>Test class: Warranty_Test_Case_Prod.Our_Partner</td>
<td></td>
<td>83</td>
<td>Warranty_Test_Case_Prod.Our_Partner@6574b225</td></tr>
<tr>
<td title='Warranty_Test_Case_Prod.Our_Partner.Partner3()'><b>Partner3</b><br>Test class: Warranty_Test_Case_Prod.Our_Partner</td>
<td></td>
<td>88</td>
<td>Warranty_Test_Case_Prod.Our_Partner@6574b225</td></tr>
<tr>
<td title='Warranty_Test_Case_Prod.Our_Partner.Partner4()'><b>Partner4</b><br>Test class: Warranty_Test_Case_Prod.Our_Partner</td>
<td></td>
<td>87</td>
<td>Warranty_Test_Case_Prod.Our_Partner@6574b225</td></tr>
<tr>
<td title='Warranty_Test_Case_Prod.Our_Partner.Partner5()'><b>Partner5</b><br>Test class: Warranty_Test_Case_Prod.Our_Partner</td>
<td></td>
<td>84</td>
<td>Warranty_Test_Case_Prod.Our_Partner@6574b225</td></tr>
<tr>
<td title='Warranty_Test_Case_Prod.Our_Partner.Partner6()'><b>Partner6</b><br>Test class: Warranty_Test_Case_Prod.Our_Partner</td>
<td></td>
<td>86</td>
<td>Warranty_Test_Case_Prod.Our_Partner@6574b225</td></tr>
<tr>
<td title='AUW_Test_case_prod.Practices_AgentsBrokers.Practices_AgentsBrokers()'><b>Practices_AgentsBrokers</b><br>Test class: AUW_Test_case_prod.Practices_AgentsBrokers</td>
<td></td>
<td>109</td>
<td>AUW_Test_case_prod.Practices_AgentsBrokers@1810399e</td></tr>
<tr>
<td title='AUW_Test_case_prod.Practices_CustomerSeekingCoverage.Practices_CustomerSeekingCoverage()'><b>Practices_CustomerSeekingCoverage</b><br>Test class: AUW_Test_case_prod.Practices_CustomerSeekingCoverage</td>
<td></td>
<td>299</td>
<td>AUW_Test_case_prod.Practices_CustomerSeekingCoverage@4439f31e</td></tr>
<tr>
<td title='Careers_Test_case_Prod.Side_Heading1.Side_Heading()'><b>Side_Heading</b><br>Test class: Careers_Test_case_Prod.Side_Heading1</td>
<td></td>
<td>147</td>
<td>Careers_Test_case_Prod.Side_Heading1@3c09711b</td></tr>
<tr>
<td title='Solution_one_Prod.Side_Heading_Production.Side_Heading_Five()'><b>Side_Heading_Five</b><br>Test class: Solution_one_Prod.Side_Heading_Production</td>
<td></td>
<td>55</td>
<td>Solution_one_Prod.Side_Heading_Production@36d4b5c</td></tr>
<tr>
<td title='Solution_one_Prod.Side_Heading_Production.Side_Heading_Four()'><b>Side_Heading_Four</b><br>Test class: Solution_one_Prod.Side_Heading_Production</td>
<td></td>
<td>59</td>
<td>Solution_one_Prod.Side_Heading_Production@36d4b5c</td></tr>
<tr>
<td title='Promesa_Test_Case_Prod.Pharmacy_search.Side_Heading_One()'><b>Side_Heading_One</b><br>Test class: Promesa_Test_Case_Prod.Pharmacy_search</td>
<td></td>
<td>140</td>
<td>Promesa_Test_Case_Prod.Pharmacy_search@2ef5e5e3</td></tr>
<tr>
<td title='Promesa_Test_Case_Prod.Side_Heading_One.Side_Heading_One()'><b>Side_Heading_One</b><br>Test class: Promesa_Test_Case_Prod.Side_Heading_One</td>
<td></td>
<td>38</td>
<td>Promesa_Test_Case_Prod.Side_Heading_One@5cc7c2a6</td></tr>
<tr>
<td title='Solution_one_Prod.Side_Heading_Production.Side_Heading_One()'><b>Side_Heading_One</b><br>Test class: Solution_one_Prod.Side_Heading_Production</td>
<td></td>
<td>57</td>
<td>Solution_one_Prod.Side_Heading_Production@36d4b5c</td></tr>
<tr>
<td title='Solution_one_Prod.Side_Heading_Production.Side_Heading_Three()'><b>Side_Heading_Three</b><br>Test class: Solution_one_Prod.Side_Heading_Production</td>
<td></td>
<td>61</td>
<td>Solution_one_Prod.Side_Heading_Production@36d4b5c</td></tr>
<tr>
<td title='Solution_one_Prod.Side_Heading_Production.Side_Heading_Two()'><b>Side_Heading_Two</b><br>Test class: Solution_one_Prod.Side_Heading_Production</td>
<td></td>
<td>59</td>
<td>Solution_one_Prod.Side_Heading_Production@36d4b5c</td></tr>
<tr>
<td title='Promesa_Test_Case_Prod.FAQ.Siheading_2()'><b>Siheading_2</b><br>Test class: Promesa_Test_Case_Prod.FAQ</td>
<td></td>
<td>30</td>
<td>Promesa_Test_Case_Prod.FAQ@69d9c55</td></tr>
<tr>
<td title='Promesa_Test_Case_Prod.Side_Heading_Two.Siheading_2()'><b>Siheading_2</b><br>Test class: Promesa_Test_Case_Prod.Side_Heading_Two</td>
<td></td>
<td>20</td>
<td>Promesa_Test_Case_Prod.Side_Heading_Two@6d8a00e3</td></tr>
<tr>
<td title='Pinnacle_Test_Cases_Production.WatsNew.WhatsNew()'><b>WhatsNew</b><br>Test class: Pinnacle_Test_Cases_Production.WatsNew</td>
<td></td>
<td>107</td>
<td>Pinnacle_Test_Cases_Production.WatsNew@2344fc66</td></tr>
<tr>
<td title='AFL_Test_Case_Prod.What_We_offer_OutSideUs.WhatweOffer_outsideUS()'><b>WhatweOffer_outsideUS</b><br>Test class: AFL_Test_Case_Prod.What_We_offer_OutSideUs</td>
<td></td>
<td>21</td>
<td>AFL_Test_Case_Prod.What_We_offer_OutSideUs@48eff760</td></tr>
<tr>
<td title='AFL_Test_Case_Prod.What_We_offer_OutSideUs.WhatweOffer_tab1()'><b>WhatweOffer_tab1</b><br>Test class: AFL_Test_Case_Prod.What_We_offer_OutSideUs</td>
<td></td>
<td>183</td>
<td>AFL_Test_Case_Prod.What_We_offer_OutSideUs@48eff760</td></tr>
<tr>
<td title='AFL_Test_Case_Prod.What_We_offer_OutSideUs.WhatweOffer_tab2()'><b>WhatweOffer_tab2</b><br>Test class: AFL_Test_Case_Prod.What_We_offer_OutSideUs</td>
<td></td>
<td>407</td>
<td>AFL_Test_Case_Prod.What_We_offer_OutSideUs@48eff760</td></tr>
<tr>
<td title='AFL_Test_Case_Prod.What_We_offer_OutSideUs.WhatweOffer_tab3()'><b>WhatweOffer_tab3</b><br>Test class: AFL_Test_Case_Prod.What_We_offer_OutSideUs</td>
<td></td>
<td>208</td>
<td>AFL_Test_Case_Prod.What_We_offer_OutSideUs@48eff760</td></tr>
<tr>
<td title='AUW_Test_case_prod.AUW_CallUpdate.main()'><b>main</b><br>Test class: AUW_Test_case_prod.AUW_CallUpdate</td>
<td></td>
<td>49</td>
<td>AUW_Test_case_prod.AUW_CallUpdate@66d2e7d9</td></tr>
<tr>
<td title='AUW_Test_case_prod.AUW_Intelligence_TC.main()'><b>main</b><br>Test class: AUW_Test_case_prod.AUW_Intelligence_TC</td>
<td></td>
<td>131</td>
<td>AUW_Test_case_prod.AUW_Intelligence_TC@402f32ff</td></tr>
<tr>
<td title='AUW_Test_case_prod.AUW_NJ_Update.main()'><b>main</b><br>Test class: AUW_Test_case_prod.AUW_NJ_Update</td>
<td></td>
<td>48</td>
<td>AUW_Test_case_prod.AUW_NJ_Update@5034c75a</td></tr>
<tr>
<td title='AUW_Test_case_prod.AUW_Experience.main()'><b>main</b><br>Test class: AUW_Test_case_prod.AUW_Experience</td>
<td></td>
<td>395</td>
<td>AUW_Test_case_prod.AUW_Experience@5056dfcb</td></tr>
<tr>
<td title='AUW_Test_case_prod.AUW_header_web_Prod.main()'><b>main</b><br>Test class: AUW_Test_case_prod.AUW_header_web_Prod</td>
<td></td>
<td>42</td>
<td>AUW_Test_case_prod.AUW_header_web_Prod@b97c004</td></tr>
<tr>
<td title='AUW_Test_case_prod.AUW_PPP.main()'><b>main</b><br>Test class: AUW_Test_case_prod.AUW_PPP</td>
<td></td>
<td>22</td>
<td>AUW_Test_case_prod.AUW_PPP@7ca48474</td></tr>
<tr>
<td title='AFL_Test_Case_Prod.AboutUS_OutsideUS.main_Home_Page()'><b>main_Home_Page</b><br>Test class: AFL_Test_Case_Prod.AboutUS_OutsideUS</td>
<td></td>
<td>46</td>
<td>AFL_Test_Case_Prod.AboutUS_OutsideUS@573f2bb1</td></tr>
<tr>
<td title='Adler_TestCases_Prod.Home.main_Home_Page()'><b>main_Home_Page</b><br>Test class: Adler_TestCases_Prod.Home</td>
<td></td>
<td>23</td>
<td>Adler_TestCases_Prod.Home@6cc4c815</td></tr>
<tr>
<td title='Pinnacle_Test_Cases_Production.HomePage_TC.main_Home_Page()'><b>main_Home_Page</b><br>Test class: Pinnacle_Test_Cases_Production.HomePage_TC</td>
<td></td>
<td>57</td>
<td>Pinnacle_Test_Cases_Production.HomePage_TC@6ea12c19</td></tr>
<tr>
<td title='Tradewel_Test_Cases_Production.About_US.main_Home_Page()'><b>main_Home_Page</b><br>Test class: Tradewel_Test_Cases_Production.About_US</td>
<td></td>
<td>47</td>
<td>Tradewel_Test_Cases_Production.About_US@337d0578</td></tr>
<tr>
<td title='Warranty_Test_Case_Prod.Partner_With_US.partner()'><b>partner</b><br>Test class: Warranty_Test_Case_Prod.Partner_With_US</td>
<td></td>
<td>13</td>
<td>Warranty_Test_Case_Prod.Partner_With_US@548b7f67</td></tr>
</table><p>
</body>
</html>