<?xml version="1.0" encoding="UTF-8"?>
<!-- Generated by org.testng.reporters.JUnitXMLReporter -->
<testsuite hostname="DESKTOP-N7K85DJ" name="AUW_Test_Firefox" tests="79" failures="3" timestamp="28 Jun 2022 13:51:38 GMT" time="52220.945" errors="0">
  <testcase name="main" time="51.885" classname="AUW_Test_case_prod.AUW_CallUpdate"/>
  <testcase name="AboutUS" time="119.673" classname="AUW_Test_case_prod.AUW_AboutUS"/>
  <testcase name="main" time="135.546" classname="AUW_Test_case_prod.AUW_Intelligence_TC"/>
  <testcase name="AUW_Footer" time="92.004" classname="AUW_Test_case_prod.AUW_Footer_Prod"/>
  <testcase name="main" time="56.032" classname="AUW_Test_case_prod.AUW_Heartwood">
    <failure type="org.openqa.selenium.ElementClickInterceptedException" message="Element &amp;lt;span class=&amp;quot;MuiButton-label&amp;quot;&amp;gt; is not clickable at point (353,12) because another element &amp;lt;div id=&amp;quot;desktop-menu&amp;quot; class=&amp;quot;MuiGrid-root jss13 MuiGrid-container&amp;quot;&amp;gt; obscures it
Build info: version: &amp;apos;3.141.59&amp;apos;, revision: &amp;apos;e82be7d358&amp;apos;, time: &amp;apos;2018-11-14T08:17:03&amp;apos;
System info: host: &amp;apos;DESKTOP-N7K85DJ&amp;apos;, ip: &amp;apos;192.168.1.31&amp;apos;, os.name: &amp;apos;Windows 10&amp;apos;, os.arch: &amp;apos;amd64&amp;apos;, os.version: &amp;apos;10.0&amp;apos;, java.version: &amp;apos;1.8.0_291&amp;apos;
Driver info: org.openqa.selenium.remote.RemoteWebDriver
Capabilities {acceptInsecureCerts: true, browserName: firefox, browserVersion: 99.0.1, javascriptEnabled: true, moz:accessibilityChecks: false, moz:buildID: 20220411174855, moz:geckodriverVersion: 0.30.0, moz:headless: false, moz:processID: 2144, moz:profile: C:\Users\ltuser\AppData\Loc..., moz:shutdownTimeout: 60000, moz:useNonSpecCompliantPointerOrigin: false, moz:webdriverClick: true, pageLoadStrategy: normal, platform: WINDOWS, platformName: WINDOWS, platformVersion: 10.0, proxy: Proxy(), setWindowRect: true, strictFileInteractability: false, timeouts: {implicit: 0, pageLoad: 300000, script: 30000}, unhandledPromptBehavior: dismiss and notify, webdriver.remote.sessionid: 57db8a23-32dc-438b-965c-59f...}
Session ID: 57db8a23-32dc-438b-965c-59fe93b19d4a">
      <![CDATA[org.openqa.selenium.ElementClickInterceptedException: Element <span class="MuiButton-label"> is not clickable at point (353,12) because another element <div id="desktop-menu" class="MuiGrid-root jss13 MuiGrid-container"> obscures it
Build info: version: '3.141.59', revision: 'e82be7d358', time: '2018-11-14T08:17:03'
System info: host: 'DESKTOP-N7K85DJ', ip: '192.168.1.31', os.name: 'Windows 10', os.arch: 'amd64', os.version: '10.0', java.version: '1.8.0_291'
Driver info: org.openqa.selenium.remote.RemoteWebDriver
Capabilities {acceptInsecureCerts: true, browserName: firefox, browserVersion: 99.0.1, javascriptEnabled: true, moz:accessibilityChecks: false, moz:buildID: 20220411174855, moz:geckodriverVersion: 0.30.0, moz:headless: false, moz:processID: 2144, moz:profile: C:\Users\ltuser\AppData\Loc..., moz:shutdownTimeout: 60000, moz:useNonSpecCompliantPointerOrigin: false, moz:webdriverClick: true, pageLoadStrategy: normal, platform: WINDOWS, platformName: WINDOWS, platformVersion: 10.0, proxy: Proxy(), setWindowRect: true, strictFileInteractability: false, timeouts: {implicit: 0, pageLoad: 300000, script: 30000}, unhandledPromptBehavior: dismiss and notify, webdriver.remote.sessionid: 57db8a23-32dc-438b-965c-59f...}
Session ID: 57db8a23-32dc-438b-965c-59fe93b19d4a
	at org.openqa.selenium.remote.http.W3CHttpResponseCodec.createException(W3CHttpResponseCodec.java:187)
	at org.openqa.selenium.remote.http.W3CHttpResponseCodec.decode(W3CHttpResponseCodec.java:122)
	at org.openqa.selenium.remote.http.W3CHttpResponseCodec.decode(W3CHttpResponseCodec.java:49)
	at org.openqa.selenium.remote.HttpCommandExecutor.execute(HttpCommandExecutor.java:158)
	at org.openqa.selenium.remote.RemoteWebDriver.execute(RemoteWebDriver.java:552)
	at org.openqa.selenium.remote.RemoteWebElement.execute(RemoteWebElement.java:285)
	at org.openqa.selenium.remote.RemoteWebElement.click(RemoteWebElement.java:84)
	at AUW_Test_case_prod.AUW_Heartwood.main(AUW_Heartwood.java:113)
... Removed 28 stack frames]]>
    </failure>
  </testcase> <!-- main -->
  <testcase name="main" time="50.352" classname="AUW_Test_case_prod.AUW_NJ_Update"/>
  <testcase name="main" time="403.709" classname="AUW_Test_case_prod.AUW_Experience"/>
  <testcase name="main" time="44.823" classname="AUW_Test_case_prod.AUW_header_web_Prod"/>
  <testcase name="main" time="23.446" classname="AUW_Test_case_prod.AUW_PPP"/>
  <testcase name="Practices_AgentsBrokers" time="110.569" classname="AUW_Test_case_prod.Practices_AgentsBrokers"/>
  <testcase name="Practices_CustomerSeekingCoverage" time="324.809" classname="AUW_Test_case_prod.Practices_CustomerSeekingCoverage"/>
  <testcase name="LearnMore" time="16.017" classname="AUW_Global_Test_Cases_Prod.LearnMore_TC"/>
  <testcase name="HomePage" time="24.538" classname="AUW_Global_Test_Cases_Prod.Home_Page_TC"/>
  <testcase name="Side_Heading_One" time="45132.667" classname="Promesa_Test_Case_Prod.Pharmacy_search"/>
  <testcase name="Change_Language" time="6.192" classname="Promesa_Test_Case_Prod.Change_language"/>
  <testcase name="Footer_PrivacyPolicy" time="24.788" classname="Promesa_Test_Case_Prod.Footer"/>
  <testcase name="Footer_facebook" time="22.37" classname="Promesa_Test_Case_Prod.Footer"/>
  <testcase name="Footer_instagram" time="9.27" classname="Promesa_Test_Case_Prod.Footer"/>
  <testcase name="Footer_linkedin" time="9.603" classname="Promesa_Test_Case_Prod.Footer"/>
  <testcase name="Footer_twitter" time="9.269" classname="Promesa_Test_Case_Prod.Footer"/>
  <testcase name="Heading3" time="47.949" classname="MTL_Test_Cases_Prod.What_we_offer1_TC"/>
  <testcase name="More_offers" time="42.497" classname="MTL_Test_Cases_Prod.More_offers_TC"/>
  <testcase name="Footer" time="40.047" classname="MTL_Test_Cases_Prod.Home_URL"/>
  <testcase name="Heading" time="113.668" classname="MTL_Test_Cases_Prod.What_we_offer_URL_TC"/>
  <testcase name="Footer" time="20.618" classname="Speciality_underwriters_Test_Case_Prod.Contact_US_TC"/>
  <testcase name="Footer" time="11.157" classname="Speciality_underwriters_Test_Case_Prod.About_Us"/>
  <testcase name="Footer" time="45.894" classname="Speciality_underwriters_Test_Case_Prod.What_We_offer"/>
  <testcase name="Footer" time="20.41" classname="Speciality_underwriters_Test_Case_Prod.Home_TC"/>
  <testcase name="WhatweOffer_outsideUS" time="19.092" classname="AFL_Test_Case_Prod.What_We_offer_OutSideUs"/>
  <testcase name="WhatweOffer_tab1" time="181.575" classname="AFL_Test_Case_Prod.What_We_offer_OutSideUs"/>
  <testcase name="WhatweOffer_tab2" time="400.615" classname="AFL_Test_Case_Prod.What_We_offer_OutSideUs"/>
  <testcase name="WhatweOffer_tab3" time="205.571" classname="AFL_Test_Case_Prod.What_We_offer_OutSideUs"/>
  <testcase name="Home_Page" time="276.81" classname="AFL_Test_Case_Prod.HomePage_TC"/>
  <testcase name="Footer" time="84.636" classname="AFL_Test_Case_Prod.Footer_TC"/>
  <testcase name="ContactUs_Page" time="26.378" classname="AFL_Test_Case_Prod.ContactUS_OutsideUS"/>
  <testcase name="main_Home_Page" time="46.861" classname="AFL_Test_Case_Prod.AboutUS_OutsideUS"/>
  <testcase name="HomePage_Header_login" time="44.225" classname="Credit_Global_Test_Cases_Prod.What_we_Do_TC"/>
  <testcase name="HomePage_Header_login" time="11.162" classname="Credit_Global_Test_Cases_Prod.Forgot_Password"/>
  <testcase name="HomePage_Header_ContactUS_btn" time="15.414" classname="Credit_Global_Test_Cases_Prod.Home_TC"/>
  <testcase name="HomePage_Header_Our_approach" time="14.298" classname="Credit_Global_Test_Cases_Prod.Home_TC"/>
  <testcase name="HomePage_Header_What_weDo" time="10.775" classname="Credit_Global_Test_Cases_Prod.Home_TC"/>
  <testcase name="HomePage_Header_login" time="14.41" classname="Credit_Global_Test_Cases_Prod.Home_TC"/>
  <testcase name="main_Home_Page" time="24.52" classname="Adler_TestCases_Prod.Home"/>
  <testcase name="main_Home_Page" time="143.678" classname="Adler_TestCases_Prod.News"/>
  <testcase name="AUW_Facebook" time="18.394" classname="Careers_Test_case_Prod.Footer"/>
  <testcase name="AUW_Instagram" time="10.383" classname="Careers_Test_case_Prod.Footer"/>
  <testcase name="AUW_Linkedin" time="10.644" classname="Careers_Test_case_Prod.Footer"/>
  <testcase name="AUW_Policy" time="29.299" classname="Careers_Test_case_Prod.Footer"/>
  <testcase name="AUW_twitter" time="12.409" classname="Careers_Test_case_Prod.Footer"/>
  <testcase name="Footer" time="68.185" classname="Solution_one_Prod.Footer_Production"/>
  <testcase name="Footer_Facebook" time="29.292" classname="JumboGC_Test_case_prod.Header_footer"/>
  <testcase name="Footer_Instagram" time="29.283" classname="JumboGC_Test_case_prod.Header_footer"/>
  <testcase name="Footer_Privacy" time="43.359" classname="JumboGC_Test_case_prod.Header_footer"/>
  <testcase name="Footer_linkedIN" time="29.798" classname="JumboGC_Test_case_prod.Header_footer"/>
  <testcase name="Header_Login" time="23.44" classname="JumboGC_Test_case_prod.Header_footer"/>
  <testcase name="Home_page" time="40.854" classname="Warranty_Test_Case_Prod.About_US"/>
  <testcase name="ContactUS" time="55.907" classname="Warranty_Test_Case_Prod.Contact_US"/>
  <testcase name="partner" time="12.971" classname="Warranty_Test_Case_Prod.Partner_With_US"/>
  <testcase name="Home_page" time="132.303" classname="Warranty_Test_Case_Prod.HomePage_Testcase">
    <failure type="org.openqa.selenium.TimeoutException" message="Expected condition failed: waiting for visibility of element located by By.xpath: //*[@alt=&amp;apos;Applied Warranty Logo&amp;apos;] (tried for 30 second(s) with 500 milliseconds interval)">
      <![CDATA[org.openqa.selenium.TimeoutException: Expected condition failed: waiting for visibility of element located by By.xpath: //*[@alt='Applied Warranty Logo'] (tried for 30 second(s) with 500 milliseconds interval)
	at org.openqa.selenium.support.ui.WebDriverWait.timeoutException(WebDriverWait.java:95)
	at org.openqa.selenium.support.ui.FluentWait.until(FluentWait.java:272)
	at Warranty_Page.Home_Page.Our_products_section2(Home_Page.java:250)
	at Warranty_Test_Case_Prod.HomePage_Testcase.Home_page(HomePage_Testcase.java:20)
Caused by: org.openqa.selenium.NoSuchElementException: Unable to locate element: //*[@alt='Applied Warranty Logo']
For documentation on this error, please visit: https://www.seleniumhq.org/exceptions/no_such_element.html
Build info: version: '3.141.59', revision: 'e82be7d358', time: '2018-11-14T08:17:03'
System info: host: 'DESKTOP-N7K85DJ', ip: '192.168.1.31', os.name: 'Windows 10', os.arch: 'amd64', os.version: '10.0', java.version: '1.8.0_291'
Driver info: org.openqa.selenium.remote.RemoteWebDriver
Capabilities {acceptInsecureCerts: true, browserName: firefox, browserVersion: 99.0.1, javascriptEnabled: true, moz:accessibilityChecks: false, moz:buildID: 20220411174855, moz:geckodriverVersion: 0.30.0, moz:headless: false, moz:processID: 9468, moz:profile: C:\Users\ltuser\AppData\Loc..., moz:shutdownTimeout: 60000, moz:useNonSpecCompliantPointerOrigin: false, moz:webdriverClick: true, pageLoadStrategy: normal, platform: WINDOWS, platformName: WINDOWS, platformVersion: 10.0, proxy: Proxy(), setWindowRect: true, strictFileInteractability: false, timeouts: {implicit: 0, pageLoad: 300000, script: 30000}, unhandledPromptBehavior: dismiss and notify, webdriver.remote.sessionid: a1ebbf92-4e55-4659-b30a-605...}
Session ID: a1ebbf92-4e55-4659-b30a-605da84ac82d
*** Element info: {Using=xpath, value=//*[@alt='Applied Warranty Logo']}
	at org.openqa.selenium.remote.http.W3CHttpResponseCodec.createException(W3CHttpResponseCodec.java:187)
	at org.openqa.selenium.remote.http.W3CHttpResponseCodec.decode(W3CHttpResponseCodec.java:122)
	at org.openqa.selenium.remote.http.W3CHttpResponseCodec.decode(W3CHttpResponseCodec.java:49)
	at org.openqa.selenium.remote.HttpCommandExecutor.execute(HttpCommandExecutor.java:158)
	at org.openqa.selenium.remote.RemoteWebDriver.execute(RemoteWebDriver.java:552)
	at org.openqa.selenium.remote.RemoteWebDriver.findElement(RemoteWebDriver.java:323)
	at org.openqa.selenium.remote.RemoteWebDriver.findElementByXPath(RemoteWebDriver.java:428)
	at org.openqa.selenium.By$ByXPath.findElement(By.java:353)
	at org.openqa.selenium.remote.RemoteWebDriver.findElement(RemoteWebDriver.java:315)
	at org.openqa.selenium.support.ui.ExpectedConditions$7.apply(ExpectedConditions.java:205)
	at org.openqa.selenium.support.ui.ExpectedConditions$7.apply(ExpectedConditions.java:201)
	at org.openqa.selenium.support.ui.FluentWait.until(FluentWait.java:249)
	... 26 more
... Removed 28 stack frames]]>
    </failure>
  </testcase> <!-- Home_page -->
  <testcase name="Partner1" time="90.961" classname="Warranty_Test_Case_Prod.Our_Partner"/>
  <testcase name="Partner2" time="89.159" classname="Warranty_Test_Case_Prod.Our_Partner"/>
  <testcase name="Partner3" time="88.229" classname="Warranty_Test_Case_Prod.Our_Partner"/>
  <testcase name="Partner4" time="91.763" classname="Warranty_Test_Case_Prod.Our_Partner"/>
  <testcase name="Partner5" time="88.459" classname="Warranty_Test_Case_Prod.Our_Partner"/>
  <testcase name="Partner6" time="94.591" classname="Warranty_Test_Case_Prod.Our_Partner"/>
  <testcase name="HomePage" time="80.382" classname="Casuality_Prod_TC.Home_page"/>
  <testcase name="HomePage" time="59.248" classname="Casuality_Prod_TC.Menu_About_US"/>
  <testcase name="HomePage" time="27.333" classname="Casuality_Prod_TC.Menu_Contact_Us"/>
  <testcase name="Carriers" time="39.975" classname="Casuality_Prod_TC.Menu_Our_Carriers"/>
  <testcase name="HomePage" time="67.762" classname="Casuality_Prod_TC.Menu_Press_Room"/>
  <testcase name="main_Home_Page" time="57.884" classname="Pinnacle_Test_Cases_Production.HomePage_TC"/>
  <testcase name="WhatsNew" time="99.663" classname="Pinnacle_Test_Cases_Production.WatsNew"/>
  <testcase name="main_Home_Page" time="43.85" classname="Tradewel_Test_Cases_Production.About_US"/>
  <testcase name="Comprehensive" time="48.013" classname="Tradewel_Test_Cases_Production.Comprehensive_Protection_FF"/>
  <testcase name="Home_Page_main" time="46.519" classname="Aerospace_TestCases_Prod.Home_TC"/>
  <testcase name="Home_Menu_News" time="116.441" classname="Aerospace_TestCases_Prod.Menu_News"/>
  <testcase name="Home_Menu_Aeviation" time="82.083" classname="Aerospace_TestCases_Prod.Menu_Aviation"/>
  <testcase name="Home_Menu_News" time="19.915" classname="Aerospace_TestCases_Prod.Menu_Contact_US"/>
  <testcase name="Home_Menu_AboutUS" time="46.523" classname="Aerospace_TestCases_Prod.Menu_About_Us">
    <failure type="org.openqa.selenium.NoSuchElementException" message="Unable to locate element: //*[@id=&amp;apos;37521efc-c5be-4271-b656-0f142639698c&amp;apos;]
For documentation on this error, please visit: https://www.seleniumhq.org/exceptions/no_such_element.html
Build info: version: &amp;apos;3.141.59&amp;apos;, revision: &amp;apos;e82be7d358&amp;apos;, time: &amp;apos;2018-11-14T08:17:03&amp;apos;
System info: host: &amp;apos;DESKTOP-N7K85DJ&amp;apos;, ip: &amp;apos;192.168.1.31&amp;apos;, os.name: &amp;apos;Windows 10&amp;apos;, os.arch: &amp;apos;amd64&amp;apos;, os.version: &amp;apos;10.0&amp;apos;, java.version: &amp;apos;1.8.0_291&amp;apos;
Driver info: org.openqa.selenium.remote.RemoteWebDriver
Capabilities {acceptInsecureCerts: true, browserName: firefox, browserVersion: 99.0.1, javascriptEnabled: true, moz:accessibilityChecks: false, moz:buildID: 20220411174855, moz:geckodriverVersion: 0.30.0, moz:headless: false, moz:processID: 1768, moz:profile: C:\Users\ltuser\AppData\Loc..., moz:shutdownTimeout: 60000, moz:useNonSpecCompliantPointerOrigin: false, moz:webdriverClick: true, pageLoadStrategy: normal, platform: WINDOWS, platformName: WINDOWS, platformVersion: 10.0, proxy: Proxy(), setWindowRect: true, strictFileInteractability: false, timeouts: {implicit: 0, pageLoad: 300000, script: 30000}, unhandledPromptBehavior: dismiss and notify, webdriver.remote.sessionid: 5cf369a8-88c0-4754-a6b0-626...}
Session ID: 5cf369a8-88c0-4754-a6b0-626796e31923
*** Element info: {Using=xpath, value=//*[@id=&amp;apos;37521efc-c5be-4271-b656-0f142639698c&amp;apos;]}">
      <![CDATA[org.openqa.selenium.NoSuchElementException: Unable to locate element: //*[@id='37521efc-c5be-4271-b656-0f142639698c']
For documentation on this error, please visit: https://www.seleniumhq.org/exceptions/no_such_element.html
Build info: version: '3.141.59', revision: 'e82be7d358', time: '2018-11-14T08:17:03'
System info: host: 'DESKTOP-N7K85DJ', ip: '192.168.1.31', os.name: 'Windows 10', os.arch: 'amd64', os.version: '10.0', java.version: '1.8.0_291'
Driver info: org.openqa.selenium.remote.RemoteWebDriver
Capabilities {acceptInsecureCerts: true, browserName: firefox, browserVersion: 99.0.1, javascriptEnabled: true, moz:accessibilityChecks: false, moz:buildID: 20220411174855, moz:geckodriverVersion: 0.30.0, moz:headless: false, moz:processID: 1768, moz:profile: C:\Users\ltuser\AppData\Loc..., moz:shutdownTimeout: 60000, moz:useNonSpecCompliantPointerOrigin: false, moz:webdriverClick: true, pageLoadStrategy: normal, platform: WINDOWS, platformName: WINDOWS, platformVersion: 10.0, proxy: Proxy(), setWindowRect: true, strictFileInteractability: false, timeouts: {implicit: 0, pageLoad: 300000, script: 30000}, unhandledPromptBehavior: dismiss and notify, webdriver.remote.sessionid: 5cf369a8-88c0-4754-a6b0-626...}
Session ID: 5cf369a8-88c0-4754-a6b0-626796e31923
*** Element info: {Using=xpath, value=//*[@id='37521efc-c5be-4271-b656-0f142639698c']}
	at org.openqa.selenium.remote.http.W3CHttpResponseCodec.createException(W3CHttpResponseCodec.java:187)
	at org.openqa.selenium.remote.http.W3CHttpResponseCodec.decode(W3CHttpResponseCodec.java:122)
	at org.openqa.selenium.remote.http.W3CHttpResponseCodec.decode(W3CHttpResponseCodec.java:49)
	at org.openqa.selenium.remote.HttpCommandExecutor.execute(HttpCommandExecutor.java:158)
	at org.openqa.selenium.remote.RemoteWebDriver.execute(RemoteWebDriver.java:552)
	at org.openqa.selenium.remote.RemoteWebDriver.findElement(RemoteWebDriver.java:323)
	at org.openqa.selenium.remote.RemoteWebDriver.findElementByXPath(RemoteWebDriver.java:428)
	at org.openqa.selenium.By$ByXPath.findElement(By.java:353)
	at org.openqa.selenium.remote.RemoteWebDriver.findElement(RemoteWebDriver.java:315)
	at Aerospace_Pages.About_US.Image_Section(About_US.java:35)
	at Aerospace_TestCases_Prod.Menu_About_Us.Home_Menu_AboutUS(Menu_About_Us.java:21)
... Removed 28 stack frames]]>
    </failure>
  </testcase> <!-- Home_Menu_AboutUS -->
</testsuite> <!-- AUW_Test_Firefox -->
