<?xml version="1.0" encoding="UTF-8"?>
<!-- Generated by org.testng.reporters.JUnitXMLReporter -->
<testsuite hostname="DESKTOP-N7K85DJ" name="Default test" tests="6" failures="0" timestamp="15 Feb 2022 17:07:14 GMT" time="0.169" errors="0">
  <testcase name="@BeforeMethod setupApplication" time="0.0" classname="JumboGC_Test_case_prod.Side_Heading">
    <failure type="org.testng.TestNGException" message="
Parameter &amp;apos;browser&amp;apos; is required by @Configuration on method setupApplication but has not been marked @Optional or defined
in C:\Users\Sweta\AppData\Local\Temp\testng-eclipse--689814507\testng-customsuite.xml">
      <![CDATA[org.testng.TestNGException: 
Parameter 'browser' is required by @Configuration on method setupApplication but has not been marked @Optional or defined
in C:\Users\Sweta\AppData\Local\Temp\testng-eclipse--689814507\testng-customsuite.xml
	at org.testng.internal.Parameters.createParameters(Parameters.java:155)
	at org.testng.internal.Parameters.createParameters(Parameters.java:355)
	at org.testng.internal.Parameters.createConfigurationParameters(Parameters.java:86)
	at org.testng.internal.Invoker.invokeConfigurations(Invoker.java:199)
	at org.testng.internal.Invoker.invokeMethod(Invoker.java:653)
	at org.testng.internal.Invoker.invokeTestMethod(Invoker.java:901)
	at org.testng.internal.Invoker.invokeTestMethods(Invoker.java:1231)
	at org.testng.internal.TestMethodWorker.invokeTestMethods(TestMethodWorker.java:127)
	at org.testng.internal.TestMethodWorker.run(TestMethodWorker.java:111)
	at org.testng.TestRunner.privateRun(TestRunner.java:767)
	at org.testng.TestRunner.run(TestRunner.java:617)
	at org.testng.SuiteRunner.runTest(SuiteRunner.java:334)
	at org.testng.SuiteRunner.runSequentially(SuiteRunner.java:329)
	at org.testng.SuiteRunner.privateRun(SuiteRunner.java:291)
	at org.testng.SuiteRunner.run(SuiteRunner.java:240)
	at org.testng.SuiteRunnerWorker.runSuite(SuiteRunnerWorker.java:52)
	at org.testng.SuiteRunnerWorker.run(SuiteRunnerWorker.java:86)
	at org.testng.TestNG.runSuitesSequentially(TestNG.java:1198)
	at org.testng.TestNG.runSuitesLocally(TestNG.java:1123)
	at org.testng.TestNG.run(TestNG.java:1031)
	at org.testng.remote.RemoteTestNG.run(RemoteTestNG.java:115)
	at org.testng.remote.RemoteTestNG.initAndRun(RemoteTestNG.java:207)
	at org.testng.remote.RemoteTestNG.main(RemoteTestNG.java:178)
]]>
    </failure>
  </testcase> <!-- @BeforeMethod setupApplication -->
  <testcase name="@AfterMethod tearDown" time="0.0" classname="JumboGC_Test_case_prod.Side_Heading">
    <skipped/>
  </testcase> <!-- @AfterMethod tearDown -->
  <testcase name="@BeforeMethod setupApplication" time="0.0" classname="JumboGC_Test_case_prod.Header_footer">
    <skipped/>
  </testcase> <!-- @BeforeMethod setupApplication -->
  <testcase name="@AfterMethod tearDown" time="0.0" classname="JumboGC_Test_case_prod.Header_footer">
    <skipped/>
  </testcase> <!-- @AfterMethod tearDown -->
  <testcase name="@BeforeMethod setupApplication" time="0.0" classname="JumboGC_Test_case_prod.Header_footer">
    <skipped/>
  </testcase> <!-- @BeforeMethod setupApplication -->
  <testcase name="@AfterMethod tearDown" time="0.0" classname="JumboGC_Test_case_prod.Header_footer">
    <skipped/>
  </testcase> <!-- @AfterMethod tearDown -->
  <testcase name="@BeforeMethod setupApplication" time="0.0" classname="JumboGC_Test_case_prod.Header_footer">
    <skipped/>
  </testcase> <!-- @BeforeMethod setupApplication -->
  <testcase name="@AfterMethod tearDown" time="0.0" classname="JumboGC_Test_case_prod.Header_footer">
    <skipped/>
  </testcase> <!-- @AfterMethod tearDown -->
  <testcase name="@BeforeMethod setupApplication" time="0.0" classname="JumboGC_Test_case_prod.Header_footer">
    <skipped/>
  </testcase> <!-- @BeforeMethod setupApplication -->
  <testcase name="@AfterMethod tearDown" time="0.0" classname="JumboGC_Test_case_prod.Header_footer">
    <skipped/>
  </testcase> <!-- @AfterMethod tearDown -->
  <testcase name="@BeforeMethod setupApplication" time="0.0" classname="JumboGC_Test_case_prod.Header_footer">
    <skipped/>
  </testcase> <!-- @BeforeMethod setupApplication -->
  <testcase name="@AfterMethod tearDown" time="0.0" classname="JumboGC_Test_case_prod.Header_footer">
    <skipped/>
  </testcase> <!-- @AfterMethod tearDown -->
  <testcase name="Header_Footer" time="0.02" classname="JumboGC_Test_case_prod.Side_Heading">
    <skipped/>
  </testcase> <!-- Header_Footer -->
  <testcase name="Footer_Facebook" time="0.002" classname="JumboGC_Test_case_prod.Header_footer">
    <skipped/>
  </testcase> <!-- Footer_Facebook -->
  <testcase name="Footer_Instagram" time="0.001" classname="JumboGC_Test_case_prod.Header_footer">
    <skipped/>
  </testcase> <!-- Footer_Instagram -->
  <testcase name="Footer_Privacy" time="0.004" classname="JumboGC_Test_case_prod.Header_footer">
    <skipped/>
  </testcase> <!-- Footer_Privacy -->
  <testcase name="Footer_linkedIN" time="0.006" classname="JumboGC_Test_case_prod.Header_footer">
    <skipped/>
  </testcase> <!-- Footer_linkedIN -->
  <testcase name="Header_Login" time="0.001" classname="JumboGC_Test_case_prod.Header_footer">
    <skipped/>
  </testcase> <!-- Header_Login -->
</testsuite> <!-- Default test -->
