<?xml version="1.0" encoding="UTF-8"?>
<!-- Generated by org.testng.reporters.JUnitXMLReporter -->
<testsuite hostname="DESKTOP-N7K85DJ" name="AUW_Chrome_Prod" tests="10" failures="1" timestamp="15 Feb 2022 16:01:55 GMT" time="467.55" errors="0">
  <testcase name="main" time="38.673" classname="AUW_Test_case_prod.AUW_PPP"/>
  <testcase name="main" time="74.594" classname="AUW_Test_case_prod.AUW_CallUpdate"/>
  <testcase name="main" time="110.065" classname="AUW_Test_case_prod.AUW_NJ_Update"/>
  <testcase name="AboutUS" time="106.963" classname="AUW_Test_case_prod.AUW_AboutUS"/>
  <testcase name="Practices_AgentsBrokers" time="20.358" classname="AUW_Test_case_prod.Practices_AgentsBrokers">
    <failure type="java.lang.AssertionError" message="expected [https://moretolove.auw.com/what-we-offer/workers-compensation] but found [https://www.moretolove.auw.com/what-we-offer/workers-compensation]">
      <![CDATA[java.lang.AssertionError: expected [https://moretolove.auw.com/what-we-offer/workers-compensation] but found [https://www.moretolove.auw.com/what-we-offer/workers-compensation]
	at AUW_Pages.Practices_ForagentsAndBrokers.Column1_Heading(Practices_ForagentsAndBrokers.java:102)
	at AUW_Test_case_prod.Practices_AgentsBrokers.Practices_AgentsBrokers(Practices_AgentsBrokers.java:21)
	at java.util.concurrent.ThreadPoolExecutor.runWorker(ThreadPoolExecutor.java:1149)
	at java.util.concurrent.ThreadPoolExecutor$Worker.run(ThreadPoolExecutor.java:624)
	at java.lang.Thread.run(Thread.java:748)
... Removed 15 stack frames]]>
    </failure>
  </testcase> <!-- Practices_AgentsBrokers -->
  <testcase name="main" time="54.472" classname="AUW_Test_case_prod.AUW_header_web_Prod"/>
  <testcase name="AUW_Footer" time="181.367" classname="AUW_Test_case_prod.AUW_Footer_Prod"/>
  <testcase name="main" time="110.763" classname="AUW_Test_case_prod.AUW_Intelligence_TC"/>
  <testcase name="Practices_CustomerSeekingCoverage" time="231.513" classname="AUW_Test_case_prod.Practices_CustomerSeekingCoverage"/>
  <testcase name="main" time="345.71" classname="AUW_Test_case_prod.AUW_Experience"/>
</testsuite> <!-- AUW_Chrome_Prod -->
