<?xml version="1.0" encoding="UTF-8"?>
<!-- Generated by org.testng.reporters.JUnitXMLReporter -->
<testsuite hostname="DESKTOP-N7K85DJ" name="AUW_Chrome_Dev" tests="10" failures="2" timestamp="25 Feb 2022 13:40:31 GMT" time="942.029" errors="0">
  <testcase name="AboutUS" time="35.956" classname="AUW_Test_Case_dev.AUW_AboutUS">
    <failure type="org.openqa.selenium.WebDriverException" message="chrome not reachable
  (Session info: chrome=98.0.4758.102)
Build info: version: &amp;apos;3.141.59&amp;apos;, revision: &amp;apos;e82be7d358&amp;apos;, time: &amp;apos;2018-11-14T08:17:03&amp;apos;
System info: host: &amp;apos;DESKTOP-N7K85DJ&amp;apos;, ip: &amp;apos;192.168.1.4&amp;apos;, os.name: &amp;apos;Windows 10&amp;apos;, os.arch: &amp;apos;amd64&amp;apos;, os.version: &amp;apos;10.0&amp;apos;, java.version: &amp;apos;1.8.0_291&amp;apos;
Driver info: org.openqa.selenium.chrome.ChromeDriver
Capabilities {acceptInsecureCerts: false, browserName: chrome, browserVersion: 98.0.4758.102, chrome: {chromedriverVersion: 98.0.4758.102 (273bf7ac8c90..., userDataDir: C:\Users\Sweta\AppData\Loca...}, goog:chromeOptions: {debuggerAddress: localhost:51291}, javascriptEnabled: true, networkConnectionEnabled: false, pageLoadStrategy: normal, platform: WINDOWS, platformName: WINDOWS, proxy: Proxy(), setWindowRect: true, strictFileInteractability: false, timeouts: {implicit: 0, pageLoad: 300000, script: 30000}, unhandledPromptBehavior: dismiss and notify, webauthn:extension:credBlob: true, webauthn:extension:largeBlob: true, webauthn:virtualAuthenticators: true}
Session ID: 7e773feeb17a17479b5e30eb82cd08a1
*** Element info: {Using=xpath, value=//a[text()=&amp;apos;News and Press&amp;apos;]}">
      <![CDATA[org.openqa.selenium.WebDriverException: chrome not reachable
  (Session info: chrome=98.0.4758.102)
Build info: version: '3.141.59', revision: 'e82be7d358', time: '2018-11-14T08:17:03'
System info: host: 'DESKTOP-N7K85DJ', ip: '192.168.1.4', os.name: 'Windows 10', os.arch: 'amd64', os.version: '10.0', java.version: '1.8.0_291'
Driver info: org.openqa.selenium.chrome.ChromeDriver
Capabilities {acceptInsecureCerts: false, browserName: chrome, browserVersion: 98.0.4758.102, chrome: {chromedriverVersion: 98.0.4758.102 (273bf7ac8c90..., userDataDir: C:\Users\Sweta\AppData\Loca...}, goog:chromeOptions: {debuggerAddress: localhost:51291}, javascriptEnabled: true, networkConnectionEnabled: false, pageLoadStrategy: normal, platform: WINDOWS, platformName: WINDOWS, proxy: Proxy(), setWindowRect: true, strictFileInteractability: false, timeouts: {implicit: 0, pageLoad: 300000, script: 30000}, unhandledPromptBehavior: dismiss and notify, webauthn:extension:credBlob: true, webauthn:extension:largeBlob: true, webauthn:virtualAuthenticators: true}
Session ID: 7e773feeb17a17479b5e30eb82cd08a1
*** Element info: {Using=xpath, value=//a[text()='News and Press']}
	at org.openqa.selenium.remote.http.W3CHttpResponseCodec.createException(W3CHttpResponseCodec.java:187)
	at org.openqa.selenium.remote.http.W3CHttpResponseCodec.decode(W3CHttpResponseCodec.java:122)
	at org.openqa.selenium.remote.http.W3CHttpResponseCodec.decode(W3CHttpResponseCodec.java:49)
	at org.openqa.selenium.remote.HttpCommandExecutor.execute(HttpCommandExecutor.java:158)
	at org.openqa.selenium.remote.service.DriverCommandExecutor.execute(DriverCommandExecutor.java:83)
	at org.openqa.selenium.remote.RemoteWebDriver.execute(RemoteWebDriver.java:552)
	at org.openqa.selenium.remote.RemoteWebDriver.findElement(RemoteWebDriver.java:323)
	at org.openqa.selenium.remote.RemoteWebDriver.findElementByXPath(RemoteWebDriver.java:428)
	at org.openqa.selenium.By$ByXPath.findElement(By.java:353)
	at org.openqa.selenium.remote.RemoteWebDriver.findElement(RemoteWebDriver.java:315)
	at AUW_Pages.About_Us.LeftTab_two(About_Us.java:100)
	at AUW_Test_Case_dev.AUW_AboutUS.AboutUS(AUW_AboutUS.java:29)
... Removed 28 stack frames]]>
    </failure>
  </testcase> <!-- AboutUS -->
  <testcase name="main" time="272.44" classname="AUW_Test_Case_dev.AUW_Experience">
    <failure type="java.lang.AssertionError" message="Failure message expected [true] but found [false]">
      <![CDATA[java.lang.AssertionError: Failure message expected [true] but found [false]
	at AUW_Pages.Experience_page.Exp_card1(Experience_page.java:175)
	at AUW_Test_Case_dev.AUW_Experience.main(AUW_Experience.java:141)
... Removed 27 stack frames]]>
    </failure>
  </testcase> <!-- main -->
  <testcase name="main" time="42.064" classname="AUW_Test_Case_dev.AUW_CallUpdate"/>
  <testcase name="main" time="39.731" classname="AUW_Test_Case_dev.AUW_NJ_Update"/>
  <testcase name="main" time="38.014" classname="AUW_Test_Case_dev.AUW_header_web_Development"/>
  <testcase name="AUW_Footer" time="68.016" classname="AUW_Test_Case_dev.AUW_Footer_Development"/>
  <testcase name="main" time="82.149" classname="AUW_Test_Case_dev.AUW_Intelligence_TC"/>
  <testcase name="main" time="18.413" classname="AUW_Test_Case_dev.AUW_PPP"/>
  <testcase name="Practices_AgentsBrokers" time="57.94" classname="AUW_Test_Case_dev.Practices_AgentsBrokers"/>
  <testcase name="Practices_CustomerSeekingCoverage" time="223.73" classname="AUW_Test_Case_dev.Practices_CustomerSeekingCoverage"/>
</testsuite> <!-- AUW_Chrome_Dev -->
