<?xml version="1.0" encoding="UTF-8"?>
<!-- Generated by org.testng.reporters.JUnitXMLReporter -->
<testsuite hostname="DESKTOP-N7K85DJ" name="Casuality_FirefoxTest_Production" tests="5" failures="1" timestamp="25 May 2022 14:25:23 GMT" time="276.518" errors="0">
  <testcase name="HomePage" time="65.483" classname="Casuality_Prod_TC.Home_page"/>
  <testcase name="HomePage" time="43.41" classname="Casuality_Prod_TC.Menu_About_US"/>
  <testcase name="HomePage" time="23.753" classname="Casuality_Prod_TC.Menu_Contact_Us"/>
  <testcase name="Carriers" time="34.145" classname="Casuality_Prod_TC.Menu_Our_Carriers"/>
  <testcase name="HomePage" time="57.408" classname="Casuality_Prod_TC.Menu_Press_Room">
    <failure type="java.lang.AssertionError" message="expected [Applied Underwriters Looks to Complete Major Acquisitions, Continue Organic Growth following Successful 2021 Year] but found []">
      <![CDATA[java.lang.AssertionError: expected [Applied Underwriters Looks to Complete Major Acquisitions, Continue Organic Growth following Successful 2021 Year] but found []
	at Casuality_pages.Menu_PressRoom.text_2(Menu_PressRoom.java:122)
	at Casuality_Prod_TC.Menu_Press_Room.HomePage(Menu_Press_Room.java:23)
	at java.util.concurrent.ThreadPoolExecutor.runWorker(ThreadPoolExecutor.java:1149)
	at java.util.concurrent.ThreadPoolExecutor$Worker.run(ThreadPoolExecutor.java:624)
	at java.lang.Thread.run(Thread.java:748)
... Removed 15 stack frames]]>
    </failure>
  </testcase> <!-- HomePage -->
</testsuite> <!-- Casuality_FirefoxTest_Production -->
