<?xml version="1.0" encoding="UTF-8"?>
<!-- Generated by org.testng.reporters.JUnitXMLReporter -->
<testsuite hostname="DESKTOP-N7K85DJ" name="Chrome_Prod" tests="81" failures="7" timestamp="22 Apr 2022 10:04:09 GMT" time="1660.435" errors="0">
  <testcase name="main" time="51.823" classname="AUW_Test_case_prod.AUW_CallUpdate"/>
  <testcase name="main" time="71.196" classname="AUW_Test_case_prod.AUW_NJ_Update"/>
  <testcase name="AboutUS" time="101.254" classname="AUW_Test_case_prod.AUW_AboutUS"/>
  <testcase name="main" time="103.894" classname="AUW_Test_case_prod.AUW_Intelligence_TC"/>
  <testcase name="AUW_Footer" time="103.229" classname="AUW_Test_case_prod.AUW_Footer_Prod"/>
  <testcase name="main" time="42.229" classname="AUW_Test_case_prod.AUW_header_web_Prod"/>
  <testcase name="main" time="19.384" classname="AUW_Test_case_prod.AUW_PPP"/>
  <testcase name="LearnMore" time="16.725" classname="AUW_Global_Test_Cases_Prod.LearnMore_TC"/>
  <testcase name="HomePage" time="20.035" classname="AUW_Global_Test_Cases_Prod.Home_Page_TC"/>
  <testcase name="Practices_AgentsBrokers" time="115.658" classname="AUW_Test_case_prod.Practices_AgentsBrokers"/>
  <testcase name="More_button" time="89.234" classname="AUW_Global_Test_Cases_Prod.Home_More">
    <failure type="org.openqa.selenium.ElementNotInteractableException" message="element not interactable
  (Session info: chrome=100.0.4896.88)
Build info: version: &amp;apos;3.141.59&amp;apos;, revision: &amp;apos;e82be7d358&amp;apos;, time: &amp;apos;2018-11-14T08:17:03&amp;apos;
System info: host: &amp;apos;DESKTOP-N7K85DJ&amp;apos;, ip: &amp;apos;192.168.1.6&amp;apos;, os.name: &amp;apos;Windows 10&amp;apos;, os.arch: &amp;apos;amd64&amp;apos;, os.version: &amp;apos;10.0&amp;apos;, java.version: &amp;apos;1.8.0_291&amp;apos;
Driver info: org.openqa.selenium.chrome.ChromeDriver
Capabilities {acceptInsecureCerts: false, browserName: chrome, browserVersion: 100.0.4896.88, chrome: {chromedriverVersion: 100.0.4896.60 (6a5d10861ce8..., userDataDir: C:\Users\Sweta\AppData\Loca...}, goog:chromeOptions: {debuggerAddress: localhost:62310}, javascriptEnabled: true, networkConnectionEnabled: false, pageLoadStrategy: normal, platform: WINDOWS, platformName: WINDOWS, proxy: Proxy(), setWindowRect: true, strictFileInteractability: false, timeouts: {implicit: 0, pageLoad: 300000, script: 30000}, unhandledPromptBehavior: dismiss and notify, webauthn:extension:credBlob: true, webauthn:extension:largeBlob: true, webauthn:virtualAuthenticators: true}
Session ID: 6356c926433bba6048f89d20b91e8432">
      <![CDATA[org.openqa.selenium.ElementNotInteractableException: element not interactable
  (Session info: chrome=100.0.4896.88)
Build info: version: '3.141.59', revision: 'e82be7d358', time: '2018-11-14T08:17:03'
System info: host: 'DESKTOP-N7K85DJ', ip: '192.168.1.6', os.name: 'Windows 10', os.arch: 'amd64', os.version: '10.0', java.version: '1.8.0_291'
Driver info: org.openqa.selenium.chrome.ChromeDriver
Capabilities {acceptInsecureCerts: false, browserName: chrome, browserVersion: 100.0.4896.88, chrome: {chromedriverVersion: 100.0.4896.60 (6a5d10861ce8..., userDataDir: C:\Users\Sweta\AppData\Loca...}, goog:chromeOptions: {debuggerAddress: localhost:62310}, javascriptEnabled: true, networkConnectionEnabled: false, pageLoadStrategy: normal, platform: WINDOWS, platformName: WINDOWS, proxy: Proxy(), setWindowRect: true, strictFileInteractability: false, timeouts: {implicit: 0, pageLoad: 300000, script: 30000}, unhandledPromptBehavior: dismiss and notify, webauthn:extension:credBlob: true, webauthn:extension:largeBlob: true, webauthn:virtualAuthenticators: true}
Session ID: 6356c926433bba6048f89d20b91e8432
	at org.openqa.selenium.remote.http.W3CHttpResponseCodec.createException(W3CHttpResponseCodec.java:187)
	at org.openqa.selenium.remote.http.W3CHttpResponseCodec.decode(W3CHttpResponseCodec.java:122)
	at org.openqa.selenium.remote.http.W3CHttpResponseCodec.decode(W3CHttpResponseCodec.java:49)
	at org.openqa.selenium.remote.HttpCommandExecutor.execute(HttpCommandExecutor.java:158)
	at org.openqa.selenium.remote.service.DriverCommandExecutor.execute(DriverCommandExecutor.java:83)
	at org.openqa.selenium.remote.RemoteWebDriver.execute(RemoteWebDriver.java:552)
	at org.openqa.selenium.remote.RemoteWebElement.execute(RemoteWebElement.java:285)
	at org.openqa.selenium.remote.RemoteWebElement.click(RemoteWebElement.java:84)
	at AUW_Global_Pages.Amplience.Global_slotEdit_one(Amplience.java:122)
	at AUW_Global_Test_Cases_Prod.Home_More.More_button(Home_More.java:39)
	at java.util.concurrent.ThreadPoolExecutor.runWorker(ThreadPoolExecutor.java:1149)
	at java.util.concurrent.ThreadPoolExecutor$Worker.run(ThreadPoolExecutor.java:624)
	at java.lang.Thread.run(Thread.java:748)
... Removed 14 stack frames]]>
    </failure>
  </testcase> <!-- More_button -->
  <testcase name="Change_Language" time="1.421" classname="Promesa_Test_Case_Prod.Change_language"/>
  <testcase name="Siheading_2" time="27.496" classname="Promesa_Test_Case_Prod.FAQ"/>
  <testcase name="Footer_PrivacyPolicy" time="23.156" classname="Promesa_Test_Case_Prod.Footer"/>
  <testcase name="Footer_facebook" time="19.088" classname="Promesa_Test_Case_Prod.Footer"/>
  <testcase name="Side_Heading_One" time="35.133" classname="Promesa_Test_Case_Prod.Side_Heading_One"/>
  <testcase name="Footer_instagram" time="10.418" classname="Promesa_Test_Case_Prod.Footer"/>
  <testcase name="Siheading_2" time="16.758" classname="Promesa_Test_Case_Prod.Side_Heading_Two"/>
  <testcase name="Side_Heading_One" time="135.821" classname="Promesa_Test_Case_Prod.Pharmacy_search"/>
  <testcase name="Footer_linkedin" time="8.815" classname="Promesa_Test_Case_Prod.Footer"/>
  <testcase name="Practices_CustomerSeekingCoverage" time="254.527" classname="AUW_Test_case_prod.Practices_CustomerSeekingCoverage"/>
  <testcase name="Footer_twitter" time="10.055" classname="Promesa_Test_Case_Prod.Footer"/>
  <testcase name="Heading3" time="50.971" classname="MTL_Test_Cases_Prod.What_we_offer1_TC"/>
  <testcase name="Footer" time="19.494" classname="Speciality_underwriters_Test_Case_Prod.Contact_US_TC"/>
  <testcase name="Footer" time="48.955" classname="MTL_Test_Cases_Prod.Home_URL"/>
  <testcase name="main" time="390.018" classname="AUW_Test_case_prod.AUW_Experience"/>
  <testcase name="Footer" time="11.046" classname="Speciality_underwriters_Test_Case_Prod.About_Us"/>
  <testcase name="Footer" time="16.944" classname="Speciality_underwriters_Test_Case_Prod.Home_TC"/>
  <testcase name="Footer" time="41.948" classname="Speciality_underwriters_Test_Case_Prod.What_We_offer"/>
  <testcase name="Heading" time="104.736" classname="MTL_Test_Cases_Prod.What_we_offer_URL_TC"/>
  <testcase name="ContactUs_Page" time="30.003" classname="AFL_Test_Case_Prod.ContactUS_OutsideUS"/>
  <testcase name="main_Home_Page" time="18.684" classname="AFL_Test_Case_Prod.AboutUS_OutsideUS"/>
  <testcase name="Footer" time="78.679" classname="AFL_Test_Case_Prod.Footer_TC"/>
  <testcase name="HomePage_Header_login" time="8.873" classname="Credit_Global_Test_Cases_Prod.Forgot_Password"/>
  <testcase name="HomePage_Header_login" time="30.571" classname="Credit_Global_Test_Cases_Prod.What_we_Do_TC"/>
  <testcase name="HomePage_Header_ContactUS_btn" time="14.481" classname="Credit_Global_Test_Cases_Prod.Home_TC"/>
  <testcase name="main_Home_Page" time="21.835" classname="Adler_TestCases_Prod.Home"/>
  <testcase name="Home_Page" time="146.777" classname="AFL_Test_Case_Prod.HomePage_TC"/>
  <testcase name="HomePage_Header_Our_approach" time="13.124" classname="Credit_Global_Test_Cases_Prod.Home_TC"/>
  <testcase name="More_offers" time="312.695" classname="MTL_Test_Cases_Prod.More_offers_TC">
    <failure type="org.openqa.selenium.NoSuchElementException" message="no such element: Unable to locate element: {&amp;quot;method&amp;quot;:&amp;quot;xpath&amp;quot;,&amp;quot;selector&amp;quot;:&amp;quot;//*[@id=&amp;apos;app&amp;apos;]/div[5]/section/div/div[1]/a/div/div/div/p[1]&amp;quot;}
  (Session info: chrome=100.0.4896.88)
For documentation on this error, please visit: https://www.seleniumhq.org/exceptions/no_such_element.html
Build info: version: &amp;apos;3.141.59&amp;apos;, revision: &amp;apos;e82be7d358&amp;apos;, time: &amp;apos;2018-11-14T08:17:03&amp;apos;
System info: host: &amp;apos;DESKTOP-N7K85DJ&amp;apos;, ip: &amp;apos;192.168.1.6&amp;apos;, os.name: &amp;apos;Windows 10&amp;apos;, os.arch: &amp;apos;amd64&amp;apos;, os.version: &amp;apos;10.0&amp;apos;, java.version: &amp;apos;1.8.0_291&amp;apos;
Driver info: org.openqa.selenium.chrome.ChromeDriver
Capabilities {acceptInsecureCerts: false, browserName: chrome, browserVersion: 100.0.4896.88, chrome: {chromedriverVersion: 100.0.4896.60 (6a5d10861ce8..., userDataDir: C:\Users\Sweta\AppData\Loca...}, goog:chromeOptions: {debuggerAddress: localhost:63354}, javascriptEnabled: true, networkConnectionEnabled: false, pageLoadStrategy: normal, platform: WINDOWS, platformName: WINDOWS, proxy: Proxy(), setWindowRect: true, strictFileInteractability: false, timeouts: {implicit: 0, pageLoad: 300000, script: 30000}, unhandledPromptBehavior: dismiss and notify, webauthn:extension:credBlob: true, webauthn:extension:largeBlob: true, webauthn:virtualAuthenticators: true}
Session ID: 6bcc987a069ae0eb33435e8aee86f7d4
*** Element info: {Using=xpath, value=//*[@id=&amp;apos;app&amp;apos;]/div[5]/section/div/div[1]/a/div/div/div/p[1]}">
      <![CDATA[org.openqa.selenium.NoSuchElementException: no such element: Unable to locate element: {"method":"xpath","selector":"//*[@id='app']/div[5]/section/div/div[1]/a/div/div/div/p[1]"}
  (Session info: chrome=100.0.4896.88)
For documentation on this error, please visit: https://www.seleniumhq.org/exceptions/no_such_element.html
Build info: version: '3.141.59', revision: 'e82be7d358', time: '2018-11-14T08:17:03'
System info: host: 'DESKTOP-N7K85DJ', ip: '192.168.1.6', os.name: 'Windows 10', os.arch: 'amd64', os.version: '10.0', java.version: '1.8.0_291'
Driver info: org.openqa.selenium.chrome.ChromeDriver
Capabilities {acceptInsecureCerts: false, browserName: chrome, browserVersion: 100.0.4896.88, chrome: {chromedriverVersion: 100.0.4896.60 (6a5d10861ce8..., userDataDir: C:\Users\Sweta\AppData\Loca...}, goog:chromeOptions: {debuggerAddress: localhost:63354}, javascriptEnabled: true, networkConnectionEnabled: false, pageLoadStrategy: normal, platform: WINDOWS, platformName: WINDOWS, proxy: Proxy(), setWindowRect: true, strictFileInteractability: false, timeouts: {implicit: 0, pageLoad: 300000, script: 30000}, unhandledPromptBehavior: dismiss and notify, webauthn:extension:credBlob: true, webauthn:extension:largeBlob: true, webauthn:virtualAuthenticators: true}
Session ID: 6bcc987a069ae0eb33435e8aee86f7d4
*** Element info: {Using=xpath, value=//*[@id='app']/div[5]/section/div/div[1]/a/div/div/div/p[1]}
	at org.openqa.selenium.remote.http.W3CHttpResponseCodec.createException(W3CHttpResponseCodec.java:187)
	at org.openqa.selenium.remote.http.W3CHttpResponseCodec.decode(W3CHttpResponseCodec.java:122)
	at org.openqa.selenium.remote.http.W3CHttpResponseCodec.decode(W3CHttpResponseCodec.java:49)
	at org.openqa.selenium.remote.HttpCommandExecutor.execute(HttpCommandExecutor.java:158)
	at org.openqa.selenium.remote.service.DriverCommandExecutor.execute(DriverCommandExecutor.java:83)
	at org.openqa.selenium.remote.RemoteWebDriver.execute(RemoteWebDriver.java:552)
	at org.openqa.selenium.remote.RemoteWebDriver.findElement(RemoteWebDriver.java:323)
	at org.openqa.selenium.remote.RemoteWebDriver.findElementByXPath(RemoteWebDriver.java:428)
	at org.openqa.selenium.By$ByXPath.findElement(By.java:353)
	at org.openqa.selenium.remote.RemoteWebDriver.findElement(RemoteWebDriver.java:315)
	at MTL_Pages.More_Offers.More_offer(More_Offers.java:53)
	at MTL_Test_Cases_Prod.More_offers_TC.More_offers(More_offers_TC.java:15)
	at java.util.concurrent.ThreadPoolExecutor.runWorker(ThreadPoolExecutor.java:1149)
	at java.util.concurrent.ThreadPoolExecutor$Worker.run(ThreadPoolExecutor.java:624)
	at java.lang.Thread.run(Thread.java:748)
... Removed 14 stack frames]]>
    </failure>
  </testcase> <!-- More_offers -->
  <testcase name="HomePage_Header_What_weDo" time="8.267" classname="Credit_Global_Test_Cases_Prod.Home_TC"/>
  <testcase name="HomePage_Header_login" time="12.522" classname="Credit_Global_Test_Cases_Prod.Home_TC"/>
  <testcase name="AUW_Facebook" time="30.417" classname="Careers_Test_case_Prod.Footer">
    <failure type="org.openqa.selenium.NoSuchElementException" message="no such element: Unable to locate element: {&amp;quot;method&amp;quot;:&amp;quot;xpath&amp;quot;,&amp;quot;selector&amp;quot;:&amp;quot;//*[@alt=&amp;apos;facebook&amp;apos;]&amp;quot;}
  (Session info: chrome=100.0.4896.88)
For documentation on this error, please visit: https://www.seleniumhq.org/exceptions/no_such_element.html
Build info: version: &amp;apos;3.141.59&amp;apos;, revision: &amp;apos;e82be7d358&amp;apos;, time: &amp;apos;2018-11-14T08:17:03&amp;apos;
System info: host: &amp;apos;DESKTOP-N7K85DJ&amp;apos;, ip: &amp;apos;192.168.1.6&amp;apos;, os.name: &amp;apos;Windows 10&amp;apos;, os.arch: &amp;apos;amd64&amp;apos;, os.version: &amp;apos;10.0&amp;apos;, java.version: &amp;apos;1.8.0_291&amp;apos;
Driver info: org.openqa.selenium.chrome.ChromeDriver
Capabilities {acceptInsecureCerts: false, browserName: chrome, browserVersion: 100.0.4896.88, chrome: {chromedriverVersion: 100.0.4896.60 (6a5d10861ce8..., userDataDir: C:\Users\Sweta\AppData\Loca...}, goog:chromeOptions: {debuggerAddress: localhost:64885}, javascriptEnabled: true, networkConnectionEnabled: false, pageLoadStrategy: normal, platform: WINDOWS, platformName: WINDOWS, proxy: Proxy(), setWindowRect: true, strictFileInteractability: false, timeouts: {implicit: 0, pageLoad: 300000, script: 30000}, unhandledPromptBehavior: dismiss and notify, webauthn:extension:credBlob: true, webauthn:extension:largeBlob: true, webauthn:virtualAuthenticators: true}
Session ID: a6ac20e38d191be37229067d6e00ba14
*** Element info: {Using=xpath, value=//*[@alt=&amp;apos;facebook&amp;apos;]}">
      <![CDATA[org.openqa.selenium.NoSuchElementException: no such element: Unable to locate element: {"method":"xpath","selector":"//*[@alt='facebook']"}
  (Session info: chrome=100.0.4896.88)
For documentation on this error, please visit: https://www.seleniumhq.org/exceptions/no_such_element.html
Build info: version: '3.141.59', revision: 'e82be7d358', time: '2018-11-14T08:17:03'
System info: host: 'DESKTOP-N7K85DJ', ip: '192.168.1.6', os.name: 'Windows 10', os.arch: 'amd64', os.version: '10.0', java.version: '1.8.0_291'
Driver info: org.openqa.selenium.chrome.ChromeDriver
Capabilities {acceptInsecureCerts: false, browserName: chrome, browserVersion: 100.0.4896.88, chrome: {chromedriverVersion: 100.0.4896.60 (6a5d10861ce8..., userDataDir: C:\Users\Sweta\AppData\Loca...}, goog:chromeOptions: {debuggerAddress: localhost:64885}, javascriptEnabled: true, networkConnectionEnabled: false, pageLoadStrategy: normal, platform: WINDOWS, platformName: WINDOWS, proxy: Proxy(), setWindowRect: true, strictFileInteractability: false, timeouts: {implicit: 0, pageLoad: 300000, script: 30000}, unhandledPromptBehavior: dismiss and notify, webauthn:extension:credBlob: true, webauthn:extension:largeBlob: true, webauthn:virtualAuthenticators: true}
Session ID: a6ac20e38d191be37229067d6e00ba14
*** Element info: {Using=xpath, value=//*[@alt='facebook']}
	at org.openqa.selenium.remote.http.W3CHttpResponseCodec.createException(W3CHttpResponseCodec.java:187)
	at org.openqa.selenium.remote.http.W3CHttpResponseCodec.decode(W3CHttpResponseCodec.java:122)
	at org.openqa.selenium.remote.http.W3CHttpResponseCodec.decode(W3CHttpResponseCodec.java:49)
	at org.openqa.selenium.remote.HttpCommandExecutor.execute(HttpCommandExecutor.java:158)
	at org.openqa.selenium.remote.service.DriverCommandExecutor.execute(DriverCommandExecutor.java:83)
	at org.openqa.selenium.remote.RemoteWebDriver.execute(RemoteWebDriver.java:552)
	at org.openqa.selenium.remote.RemoteWebDriver.findElement(RemoteWebDriver.java:323)
	at org.openqa.selenium.remote.RemoteWebDriver.findElementByXPath(RemoteWebDriver.java:428)
	at org.openqa.selenium.By$ByXPath.findElement(By.java:353)
	at org.openqa.selenium.remote.RemoteWebDriver.findElement(RemoteWebDriver.java:315)
	at Careers_Pages.Home_page.Facebook(Home_page.java:83)
	at Careers_Test_case_Prod.Footer.AUW_Facebook(Footer.java:35)
	at java.util.concurrent.ThreadPoolExecutor.runWorker(ThreadPoolExecutor.java:1149)
	at java.util.concurrent.ThreadPoolExecutor$Worker.run(ThreadPoolExecutor.java:624)
	at java.lang.Thread.run(Thread.java:748)
... Removed 14 stack frames]]>
    </failure>
  </testcase> <!-- AUW_Facebook -->
  <testcase name="AUW_Instagram" time="8.954" classname="Careers_Test_case_Prod.Footer"/>
  <testcase name="Footer" time="67.75" classname="Solution_one_Prod.Footer_Production"/>
  <testcase name="main_Home_Page" time="146.835" classname="Adler_TestCases_Prod.News"/>
  <testcase name="AUW_Linkedin" time="9.881" classname="Careers_Test_case_Prod.Footer"/>
  <testcase name="Side_Heading" time="177.831" classname="Careers_Test_case_Prod.Side_Heading1"/>
  <testcase name="Footer" time="376.085" classname="AFL_Test_Case_Prod.What_We_offer_OutSideUs"/>
  <testcase name="AUW_Policy" time="28.548" classname="Careers_Test_case_Prod.Footer"/>
  <testcase name="Side_Heading_Five" time="64.802" classname="Solution_one_Prod.Side_Heading_Production"/>
  <testcase name="Header_Footer" time="61.198" classname="JumboGC_Test_case_prod.Side_Heading">
    <failure type="org.openqa.selenium.ElementNotInteractableException" message="Element &amp;lt;md-tab-item id=&amp;quot;tab-item-241&amp;quot; class=&amp;quot;md-tab &amp;quot;&amp;gt; could not be scrolled into view
Build info: version: &amp;apos;3.141.59&amp;apos;, revision: &amp;apos;e82be7d358&amp;apos;, time: &amp;apos;2018-11-14T08:17:03&amp;apos;
System info: host: &amp;apos;DESKTOP-N7K85DJ&amp;apos;, ip: &amp;apos;192.168.1.6&amp;apos;, os.name: &amp;apos;Windows 10&amp;apos;, os.arch: &amp;apos;amd64&amp;apos;, os.version: &amp;apos;10.0&amp;apos;, java.version: &amp;apos;1.8.0_291&amp;apos;
Driver info: org.openqa.selenium.firefox.FirefoxDriver
Capabilities {acceptInsecureCerts: true, browserName: firefox, browserVersion: 99.0, javascriptEnabled: true, moz:accessibilityChecks: false, moz:buildID: 20220330194208, moz:geckodriverVersion: 0.30.0, moz:headless: false, moz:processID: 37032, moz:profile: C:\Users\Sweta\AppData\Loca..., moz:shutdownTimeout: 60000, moz:useNonSpecCompliantPointerOrigin: false, moz:webdriverClick: true, pageLoadStrategy: normal, platform: WINDOWS, platformName: WINDOWS, platformVersion: 10.0, proxy: Proxy(), setWindowRect: true, strictFileInteractability: false, timeouts: {implicit: 0, pageLoad: 300000, script: 30000}, unhandledPromptBehavior: dismiss and notify}
Session ID: bb9a87aa-0085-4ad3-b26c-6693b90e1bd0">
      <![CDATA[org.openqa.selenium.ElementNotInteractableException: Element <md-tab-item id="tab-item-241" class="md-tab "> could not be scrolled into view
Build info: version: '3.141.59', revision: 'e82be7d358', time: '2018-11-14T08:17:03'
System info: host: 'DESKTOP-N7K85DJ', ip: '192.168.1.6', os.name: 'Windows 10', os.arch: 'amd64', os.version: '10.0', java.version: '1.8.0_291'
Driver info: org.openqa.selenium.firefox.FirefoxDriver
Capabilities {acceptInsecureCerts: true, browserName: firefox, browserVersion: 99.0, javascriptEnabled: true, moz:accessibilityChecks: false, moz:buildID: 20220330194208, moz:geckodriverVersion: 0.30.0, moz:headless: false, moz:processID: 37032, moz:profile: C:\Users\Sweta\AppData\Loca..., moz:shutdownTimeout: 60000, moz:useNonSpecCompliantPointerOrigin: false, moz:webdriverClick: true, pageLoadStrategy: normal, platform: WINDOWS, platformName: WINDOWS, platformVersion: 10.0, proxy: Proxy(), setWindowRect: true, strictFileInteractability: false, timeouts: {implicit: 0, pageLoad: 300000, script: 30000}, unhandledPromptBehavior: dismiss and notify}
Session ID: bb9a87aa-0085-4ad3-b26c-6693b90e1bd0
	at org.openqa.selenium.remote.http.W3CHttpResponseCodec.createException(W3CHttpResponseCodec.java:187)
	at org.openqa.selenium.remote.http.W3CHttpResponseCodec.decode(W3CHttpResponseCodec.java:122)
	at org.openqa.selenium.remote.http.W3CHttpResponseCodec.decode(W3CHttpResponseCodec.java:49)
	at org.openqa.selenium.remote.HttpCommandExecutor.execute(HttpCommandExecutor.java:158)
	at org.openqa.selenium.remote.service.DriverCommandExecutor.execute(DriverCommandExecutor.java:83)
	at org.openqa.selenium.remote.RemoteWebDriver.execute(RemoteWebDriver.java:552)
	at org.openqa.selenium.remote.RemoteWebElement.execute(RemoteWebElement.java:285)
	at org.openqa.selenium.remote.RemoteWebElement.click(RemoteWebElement.java:84)
	at JumboGC_Pages.Amplience.content1(Amplience.java:117)
	at JumboGC_Test_case_prod.Side_Heading.Header_Footer(Side_Heading.java:42)
	at java.util.concurrent.ThreadPoolExecutor.runWorker(ThreadPoolExecutor.java:1149)
	at java.util.concurrent.ThreadPoolExecutor$Worker.run(ThreadPoolExecutor.java:624)
	at java.lang.Thread.run(Thread.java:748)
... Removed 14 stack frames]]>
    </failure>
  </testcase> <!-- Header_Footer -->
  <testcase name="AUW_twitter" time="14.885" classname="Careers_Test_case_Prod.Footer"/>
  <testcase name="Footer_Facebook" time="49.395" classname="JumboGC_Test_case_prod.Header_footer">
    <failure type="java.lang.AssertionError" message="expected [https://www.facebook.com/AppliedUW/] but found [about:blank]">
      <![CDATA[java.lang.AssertionError: expected [https://www.facebook.com/AppliedUW/] but found [about:blank]
	at JumboGC_Pages.Home.Facebook(Home.java:192)
	at JumboGC_Test_case_prod.Header_footer.Footer_Facebook(Header_footer.java:28)
	at java.util.concurrent.ThreadPoolExecutor.runWorker(ThreadPoolExecutor.java:1149)
	at java.util.concurrent.ThreadPoolExecutor$Worker.run(ThreadPoolExecutor.java:624)
	at java.lang.Thread.run(Thread.java:748)
... Removed 15 stack frames]]>
    </failure>
  </testcase> <!-- Footer_Facebook -->
  <testcase name="Home_page" time="36.484" classname="Warranty_Test_Case_Prod.About_US"/>
  <testcase name="partner" time="12.986" classname="Warranty_Test_Case_Prod.Partner_With_US"/>
  <testcase name="Side_Heading_Four" time="86.743" classname="Solution_one_Prod.Side_Heading_Production"/>
  <testcase name="Footer_Instagram" time="36.665" classname="JumboGC_Test_case_prod.Header_footer">
    <failure type="java.lang.AssertionError" message="expected [true] but found [false]">
      <![CDATA[java.lang.AssertionError: expected [true] but found [false]
	at JumboGC_Pages.Home.Instagram(Home.java:216)
	at JumboGC_Test_case_prod.Header_footer.Footer_Instagram(Header_footer.java:38)
	at java.util.concurrent.ThreadPoolExecutor.runWorker(ThreadPoolExecutor.java:1149)
	at java.util.concurrent.ThreadPoolExecutor$Worker.run(ThreadPoolExecutor.java:624)
	at java.lang.Thread.run(Thread.java:748)
... Removed 14 stack frames]]>
    </failure>
  </testcase> <!-- Footer_Instagram -->
  <testcase name="ContactUS" time="140.457" classname="Warranty_Test_Case_Prod.Contact_US"/>
  <testcase name="Partner1" time="97.256" classname="Warranty_Test_Case_Prod.Our_Partner"/>
  <testcase name="Footer_Privacy" time="86.985" classname="JumboGC_Test_case_prod.Header_footer"/>
  <testcase name="Side_Heading_One" time="73.812" classname="Solution_one_Prod.Side_Heading_Production"/>
  <testcase name="HomePage" time="73.767" classname="Casuality_Prod_TC.Home_page"/>
  <testcase name="Footer_linkedIN" time="27.769" classname="JumboGC_Test_case_prod.Header_footer"/>
  <testcase name="Partner2" time="128.652" classname="Warranty_Test_Case_Prod.Our_Partner"/>
  <testcase name="HomePage" time="48.894" classname="Casuality_Prod_TC.Menu_About_US"/>
  <testcase name="Side_Heading_Three" time="80.009" classname="Solution_one_Prod.Side_Heading_Production"/>
  <testcase name="Header_Login" time="35.417" classname="JumboGC_Test_case_prod.Header_footer"/>
  <testcase name="HomePage" time="23.71" classname="Casuality_Prod_TC.Menu_Contact_Us"/>
  <testcase name="Home_page" time="363.67" classname="Warranty_Test_Case_Prod.HomePage_Testcase"/>
  <testcase name="Partner3" time="102.055" classname="Warranty_Test_Case_Prod.Our_Partner"/>
  <testcase name="Carriers" time="39.832" classname="Casuality_Prod_TC.Menu_Our_Carriers">
    <failure type="java.lang.IndexOutOfBoundsException" message="Index: 1, Size: 1">
      <![CDATA[java.lang.IndexOutOfBoundsException: Index: 1, Size: 1
	at java.util.ArrayList.rangeCheck(ArrayList.java:659)
	at java.util.ArrayList.get(ArrayList.java:435)
	at Casuality_pages.Menu_Carriers.Ambest(Menu_Carriers.java:61)
	at Casuality_Prod_TC.Menu_Our_Carriers.Carriers(Menu_Our_Carriers.java:19)
	at java.util.concurrent.ThreadPoolExecutor.runWorker(ThreadPoolExecutor.java:1149)
	at java.util.concurrent.ThreadPoolExecutor$Worker.run(ThreadPoolExecutor.java:624)
	at java.lang.Thread.run(Thread.java:748)
... Removed 10 stack frames]]>
    </failure>
  </testcase> <!-- Carriers -->
  <testcase name="Side_Heading_Two" time="123.463" classname="Solution_one_Prod.Side_Heading_Production"/>
  <testcase name="HomePage" time="76.763" classname="Casuality_Prod_TC.Menu_Press_Room"/>
  <testcase name="main_Home_Page" time="58.735" classname="Pinnacle_Test_Cases_Production.HomePage_TC"/>
  <testcase name="Partner4" time="126.605" classname="Warranty_Test_Case_Prod.Our_Partner"/>
  <testcase name="main_Home_Page" time="38.611" classname="Tradewel_Test_Cases_Production.About_US"/>
  <testcase name="WhatsNew" time="149.014" classname="Pinnacle_Test_Cases_Production.WatsNew"/>
  <testcase name="Partner5" time="76.03" classname="Warranty_Test_Case_Prod.Our_Partner"/>
  <testcase name="Comprehensive" time="179.637" classname="Tradewel_Test_Cases_Production.comprehensive_Protection"/>
  <testcase name="Partner6" time="72.87" classname="Warranty_Test_Case_Prod.Our_Partner"/>
</testsuite> <!-- Chrome_Prod -->
