<html>
<head>
<title>TestNG:  Chrome_Prod</title>
<link href="../testng.css" rel="stylesheet" type="text/css" />
<link href="../my-testng.css" rel="stylesheet" type="text/css" />

<style type="text/css">
.log { display: none;} 
.stack-trace { display: none;} 
</style>
<script type="text/javascript">
<!--
function flip(e) {
  current = e.style.display;
  if (current == 'block') {
    e.style.display = 'none';
    return 0;
  }
  else {
    e.style.display = 'block';
    return 1;
  }
}

function toggleBox(szDivId, elem, msg1, msg2)
{
  var res = -1;  if (document.getElementById) {
    res = flip(document.getElementById(szDivId));
  }
  else if (document.all) {
    // this is the way old msie versions work
    res = flip(document.all[szDivId]);
  }
  if(elem) {
    if(res == 0) elem.innerHTML = msg1; else elem.innerHTML = msg2;
  }

}

function toggleAllBoxes() {
  if (document.getElementsByTagName) {
    d = document.getElementsByTagName('div');
    for (i = 0; i < d.length; i++) {
      if (d[i].className == 'log') {
        flip(d[i]);
      }
    }
  }
}

// -->
</script>

</head>
<body>
<h2 align='center'>Chrome_Prod</h2><table border='1' align="center">
<tr>
<td>Tests passed/Failed/Skipped:</td><td>77/12/0</td>
</tr><tr>
<td>Started on:</td><td>Fri Feb 18 18:32:11 IST 2022</td>
</tr>
<tr><td>Total time:</td><td>1516 seconds (1516782 ms)</td>
</tr><tr>
<td>Included groups:</td><td></td>
</tr><tr>
<td>Excluded groups:</td><td></td>
</tr>
</table><p/>
<small><i>(Hover the method name to see the test class name)</i></small><p/>
<table width='100%' border='1' class='invocation-failed'>
<tr><td colspan='4' align='center'><b>FAILED TESTS</b></td></tr>
<tr><td><b>Test method</b></td>
<td width="30%"><b>Exception</b></td>
<td width="10%"><b>Time (seconds)</b></td>
<td><b>Instance</b></td>
</tr>
<tr>
<td title='Careers_Test_case_Prod.Footer.AUW_Facebook()'><b>AUW_Facebook</b><br>Test class: Careers_Test_case_Prod.Footer</td>
<td><div><pre>org.openqa.selenium.NoSuchElementException: no such element: Unable to locate element: {&quot;method&quot;:&quot;xpath&quot;,&quot;selector&quot;:&quot;//*[@alt=&apos;facebook&apos;]&quot;}
  (Session info: chrome=98.0.4758.102)
For documentation on this error, please visit: https://www.seleniumhq.org/exceptions/no_such_element.html
Build info: version: &apos;3.141.59&apos;, revision: &apos;e82be7d358&apos;, time: &apos;2018-11-14T08:17:03&apos;
System info: host: &apos;DESKTOP-N7K85DJ&apos;, ip: &apos;192.168.1.3&apos;, os.name: &apos;Windows 10&apos;, os.arch: &apos;amd64&apos;, os.version: &apos;10.0&apos;, java.version: &apos;1.8.0_291&apos;
Driver info: org.openqa.selenium.chrome.ChromeDriver
Capabilities {acceptInsecureCerts: false, browserName: chrome, browserVersion: 98.0.4758.102, chrome: {chromedriverVersion: 98.0.4758.102 (273bf7ac8c90..., userDataDir: C:\Users\Sweta\AppData\Loca...}, goog:chromeOptions: {debuggerAddress: localhost:58092}, javascriptEnabled: true, networkConnectionEnabled: false, pageLoadStrategy: normal, platform: WINDOWS, platformName: WINDOWS, proxy: Proxy(), setWindowRect: true, strictFileInteractability: false, timeouts: {implicit: 0, pageLoad: 300000, script: 30000}, unhandledPromptBehavior: dismiss and notify, webauthn:extension:credBlob: true, webauthn:extension:largeBlob: true, webauthn:virtualAuthenticators: true}
Session ID: e77b6dba58a1f75beac822e34990cc4c
*** Element info: {Using=xpath, value=//*[@alt=&apos;facebook&apos;]}
	at org.openqa.selenium.remote.http.W3CHttpResponseCodec.createException(W3CHttpResponseCodec.java:187)
	at org.openqa.selenium.remote.http.W3CHttpResponseCodec.decode(W3CHttpResponseCodec.java:122)
	at org.openqa.selenium.remote.http.W3CHttpResponseCodec.decode(W3CHttpResponseCodec.java:49)
	at org.openqa.selenium.remote.HttpCommandExecutor.execute(HttpCommandExecutor.java:158)
	at org.openqa.selenium.remote.service.DriverCommandExecutor.execute(DriverCommandExecutor.java:83)
	at org.openqa.selenium.remote.RemoteWebDriver.execute(RemoteWebDriver.java:552)
	at org.openqa.selenium.remote.RemoteWebDriver.findElement(RemoteWebDriver.java:323)
	at org.openqa.selenium.remote.RemoteWebDriver.findElementByXPath(RemoteWebDriver.java:428)
	at org.openqa.selenium.By$ByXPath.findElement(By.java:353)
	at org.openqa.selenium.remote.RemoteWebDriver.findElement(RemoteWebDriver.java:315)
	at Careers_Pages.Home_page.Facebook(Home_page.java:83)
	at Careers_Test_case_Prod.Footer.AUW_Facebook(Footer.java:35)
	at java.util.concurrent.ThreadPoolExecutor.runWorker(ThreadPoolExecutor.java:1149)
	at java.util.concurrent.ThreadPoolExecutor$Worker.run(ThreadPoolExecutor.java:624)
	at java.lang.Thread.run(Thread.java:748)
... Removed 14 stack frames</pre></div><a href='#' onClick='toggleBox("stack-trace65603486", this, "Click to show all stack frames", "Click to hide stack frames")'>Click to show all stack frames</a>
<div class='stack-trace' id='stack-trace65603486'><pre>org.openqa.selenium.NoSuchElementException: no such element: Unable to locate element: {&quot;method&quot;:&quot;xpath&quot;,&quot;selector&quot;:&quot;//*[@alt=&apos;facebook&apos;]&quot;}
  (Session info: chrome=98.0.4758.102)
For documentation on this error, please visit: https://www.seleniumhq.org/exceptions/no_such_element.html
Build info: version: &apos;3.141.59&apos;, revision: &apos;e82be7d358&apos;, time: &apos;2018-11-14T08:17:03&apos;
System info: host: &apos;DESKTOP-N7K85DJ&apos;, ip: &apos;192.168.1.3&apos;, os.name: &apos;Windows 10&apos;, os.arch: &apos;amd64&apos;, os.version: &apos;10.0&apos;, java.version: &apos;1.8.0_291&apos;
Driver info: org.openqa.selenium.chrome.ChromeDriver
Capabilities {acceptInsecureCerts: false, browserName: chrome, browserVersion: 98.0.4758.102, chrome: {chromedriverVersion: 98.0.4758.102 (273bf7ac8c90..., userDataDir: C:\Users\Sweta\AppData\Loca...}, goog:chromeOptions: {debuggerAddress: localhost:58092}, javascriptEnabled: true, networkConnectionEnabled: false, pageLoadStrategy: normal, platform: WINDOWS, platformName: WINDOWS, proxy: Proxy(), setWindowRect: true, strictFileInteractability: false, timeouts: {implicit: 0, pageLoad: 300000, script: 30000}, unhandledPromptBehavior: dismiss and notify, webauthn:extension:credBlob: true, webauthn:extension:largeBlob: true, webauthn:virtualAuthenticators: true}
Session ID: e77b6dba58a1f75beac822e34990cc4c
*** Element info: {Using=xpath, value=//*[@alt=&apos;facebook&apos;]}
	at sun.reflect.NativeConstructorAccessorImpl.newInstance0(Native Method)
	at sun.reflect.NativeConstructorAccessorImpl.newInstance(NativeConstructorAccessorImpl.java:62)
	at sun.reflect.DelegatingConstructorAccessorImpl.newInstance(DelegatingConstructorAccessorImpl.java:45)
	at java.lang.reflect.Constructor.newInstance(Constructor.java:423)
	at org.openqa.selenium.remote.http.W3CHttpResponseCodec.createException(W3CHttpResponseCodec.java:187)
	at org.openqa.selenium.remote.http.W3CHttpResponseCodec.decode(W3CHttpResponseCodec.java:122)
	at org.openqa.selenium.remote.http.W3CHttpResponseCodec.decode(W3CHttpResponseCodec.java:49)
	at org.openqa.selenium.remote.HttpCommandExecutor.execute(HttpCommandExecutor.java:158)
	at org.openqa.selenium.remote.service.DriverCommandExecutor.execute(DriverCommandExecutor.java:83)
	at org.openqa.selenium.remote.RemoteWebDriver.execute(RemoteWebDriver.java:552)
	at org.openqa.selenium.remote.RemoteWebDriver.findElement(RemoteWebDriver.java:323)
	at org.openqa.selenium.remote.RemoteWebDriver.findElementByXPath(RemoteWebDriver.java:428)
	at org.openqa.selenium.By$ByXPath.findElement(By.java:353)
	at org.openqa.selenium.remote.RemoteWebDriver.findElement(RemoteWebDriver.java:315)
	at Careers_Pages.Home_page.Facebook(Home_page.java:83)
	at Careers_Test_case_Prod.Footer.AUW_Facebook(Footer.java:35)
	at sun.reflect.NativeMethodAccessorImpl.invoke0(Native Method)
	at sun.reflect.NativeMethodAccessorImpl.invoke(NativeMethodAccessorImpl.java:62)
	at sun.reflect.DelegatingMethodAccessorImpl.invoke(DelegatingMethodAccessorImpl.java:43)
	at java.lang.reflect.Method.invoke(Method.java:498)
	at org.testng.internal.MethodInvocationHelper.invokeMethod(MethodInvocationHelper.java:80)
	at org.testng.internal.Invoker.invokeMethod(Invoker.java:714)
	at org.testng.internal.Invoker.invokeTestMethod(Invoker.java:901)
	at org.testng.internal.Invoker.invokeTestMethods(Invoker.java:1231)
	at org.testng.internal.TestMethodWorker.invokeTestMethods(TestMethodWorker.java:127)
	at org.testng.internal.TestMethodWorker.run(TestMethodWorker.java:111)
	at java.util.concurrent.ThreadPoolExecutor.runWorker(ThreadPoolExecutor.java:1149)
	at java.util.concurrent.ThreadPoolExecutor$Worker.run(ThreadPoolExecutor.java:624)
	at java.lang.Thread.run(Thread.java:748)
</pre></div></td>
<td>30</td>
<td>Careers_Test_case_Prod.Footer@6bf256fa</td></tr>
<tr>
<td title='Casuality_Prod_TC.Menu_Our_Carriers.Carriers()'><b>Carriers</b><br>Test class: Casuality_Prod_TC.Menu_Our_Carriers</td>
<td><div><pre>org.openqa.selenium.ElementClickInterceptedException: element click intercepted: Element &lt;a href=&quot;https://www..../home/default.aspx&quot; target=&quot;_blank&quot; rel=&quot;noreferrer noopener&quot;&gt;ambest.com&lt;/a&gt; is not clickable at point (499, 8). Other element would receive the click: &lt;div class=&quot;jss40 jss23&quot;&gt;...&lt;/div&gt;
  (Session info: chrome=98.0.4758.102)
Build info: version: &apos;3.141.59&apos;, revision: &apos;e82be7d358&apos;, time: &apos;2018-11-14T08:17:03&apos;
System info: host: &apos;DESKTOP-N7K85DJ&apos;, ip: &apos;192.168.1.3&apos;, os.name: &apos;Windows 10&apos;, os.arch: &apos;amd64&apos;, os.version: &apos;10.0&apos;, java.version: &apos;1.8.0_291&apos;
Driver info: org.openqa.selenium.chrome.ChromeDriver
Capabilities {acceptInsecureCerts: false, browserName: chrome, browserVersion: 98.0.4758.102, chrome: {chromedriverVersion: 98.0.4758.102 (273bf7ac8c90..., userDataDir: C:\Users\Sweta\AppData\Loca...}, goog:chromeOptions: {debuggerAddress: localhost:59607}, javascriptEnabled: true, networkConnectionEnabled: false, pageLoadStrategy: normal, platform: WINDOWS, platformName: WINDOWS, proxy: Proxy(), setWindowRect: true, strictFileInteractability: false, timeouts: {implicit: 0, pageLoad: 300000, script: 30000}, unhandledPromptBehavior: dismiss and notify, webauthn:extension:credBlob: true, webauthn:extension:largeBlob: true, webauthn:virtualAuthenticators: true}
Session ID: 4fb2ddcbd43565ed09176a662c93104d
	at org.openqa.selenium.remote.http.W3CHttpResponseCodec.createException(W3CHttpResponseCodec.java:187)
	at org.openqa.selenium.remote.http.W3CHttpResponseCodec.decode(W3CHttpResponseCodec.java:122)
	at org.openqa.selenium.remote.http.W3CHttpResponseCodec.decode(W3CHttpResponseCodec.java:49)
	at org.openqa.selenium.remote.HttpCommandExecutor.execute(HttpCommandExecutor.java:158)
	at org.openqa.selenium.remote.service.DriverCommandExecutor.execute(DriverCommandExecutor.java:83)
	at org.openqa.selenium.remote.RemoteWebDriver.execute(RemoteWebDriver.java:552)
	at org.openqa.selenium.remote.RemoteWebElement.execute(RemoteWebElement.java:285)
	at org.openqa.selenium.remote.RemoteWebElement.click(RemoteWebElement.java:84)
	at Casuality_pages.Menu_Carriers.Ambest(Menu_Carriers.java:55)
	at Casuality_Prod_TC.Menu_Our_Carriers.Carriers(Menu_Our_Carriers.java:19)
	at java.util.concurrent.ThreadPoolExecutor.runWorker(ThreadPoolExecutor.java:1149)
	at java.util.concurrent.ThreadPoolExecutor$Worker.run(ThreadPoolExecutor.java:624)
	at java.lang.Thread.run(Thread.java:748)
... Removed 14 stack frames</pre></div><a href='#' onClick='toggleBox("stack-trace396300443", this, "Click to show all stack frames", "Click to hide stack frames")'>Click to show all stack frames</a>
<div class='stack-trace' id='stack-trace396300443'><pre>org.openqa.selenium.ElementClickInterceptedException: element click intercepted: Element &lt;a href=&quot;https://www..../home/default.aspx&quot; target=&quot;_blank&quot; rel=&quot;noreferrer noopener&quot;&gt;ambest.com&lt;/a&gt; is not clickable at point (499, 8). Other element would receive the click: &lt;div class=&quot;jss40 jss23&quot;&gt;...&lt;/div&gt;
  (Session info: chrome=98.0.4758.102)
Build info: version: &apos;3.141.59&apos;, revision: &apos;e82be7d358&apos;, time: &apos;2018-11-14T08:17:03&apos;
System info: host: &apos;DESKTOP-N7K85DJ&apos;, ip: &apos;192.168.1.3&apos;, os.name: &apos;Windows 10&apos;, os.arch: &apos;amd64&apos;, os.version: &apos;10.0&apos;, java.version: &apos;1.8.0_291&apos;
Driver info: org.openqa.selenium.chrome.ChromeDriver
Capabilities {acceptInsecureCerts: false, browserName: chrome, browserVersion: 98.0.4758.102, chrome: {chromedriverVersion: 98.0.4758.102 (273bf7ac8c90..., userDataDir: C:\Users\Sweta\AppData\Loca...}, goog:chromeOptions: {debuggerAddress: localhost:59607}, javascriptEnabled: true, networkConnectionEnabled: false, pageLoadStrategy: normal, platform: WINDOWS, platformName: WINDOWS, proxy: Proxy(), setWindowRect: true, strictFileInteractability: false, timeouts: {implicit: 0, pageLoad: 300000, script: 30000}, unhandledPromptBehavior: dismiss and notify, webauthn:extension:credBlob: true, webauthn:extension:largeBlob: true, webauthn:virtualAuthenticators: true}
Session ID: 4fb2ddcbd43565ed09176a662c93104d
	at sun.reflect.NativeConstructorAccessorImpl.newInstance0(Native Method)
	at sun.reflect.NativeConstructorAccessorImpl.newInstance(NativeConstructorAccessorImpl.java:62)
	at sun.reflect.DelegatingConstructorAccessorImpl.newInstance(DelegatingConstructorAccessorImpl.java:45)
	at java.lang.reflect.Constructor.newInstance(Constructor.java:423)
	at org.openqa.selenium.remote.http.W3CHttpResponseCodec.createException(W3CHttpResponseCodec.java:187)
	at org.openqa.selenium.remote.http.W3CHttpResponseCodec.decode(W3CHttpResponseCodec.java:122)
	at org.openqa.selenium.remote.http.W3CHttpResponseCodec.decode(W3CHttpResponseCodec.java:49)
	at org.openqa.selenium.remote.HttpCommandExecutor.execute(HttpCommandExecutor.java:158)
	at org.openqa.selenium.remote.service.DriverCommandExecutor.execute(DriverCommandExecutor.java:83)
	at org.openqa.selenium.remote.RemoteWebDriver.execute(RemoteWebDriver.java:552)
	at org.openqa.selenium.remote.RemoteWebElement.execute(RemoteWebElement.java:285)
	at org.openqa.selenium.remote.RemoteWebElement.click(RemoteWebElement.java:84)
	at Casuality_pages.Menu_Carriers.Ambest(Menu_Carriers.java:55)
	at Casuality_Prod_TC.Menu_Our_Carriers.Carriers(Menu_Our_Carriers.java:19)
	at sun.reflect.NativeMethodAccessorImpl.invoke0(Native Method)
	at sun.reflect.NativeMethodAccessorImpl.invoke(NativeMethodAccessorImpl.java:62)
	at sun.reflect.DelegatingMethodAccessorImpl.invoke(DelegatingMethodAccessorImpl.java:43)
	at java.lang.reflect.Method.invoke(Method.java:498)
	at org.testng.internal.MethodInvocationHelper.invokeMethod(MethodInvocationHelper.java:80)
	at org.testng.internal.Invoker.invokeMethod(Invoker.java:714)
	at org.testng.internal.Invoker.invokeTestMethod(Invoker.java:901)
	at org.testng.internal.Invoker.invokeTestMethods(Invoker.java:1231)
	at org.testng.internal.TestMethodWorker.invokeTestMethods(TestMethodWorker.java:127)
	at org.testng.internal.TestMethodWorker.run(TestMethodWorker.java:111)
	at java.util.concurrent.ThreadPoolExecutor.runWorker(ThreadPoolExecutor.java:1149)
	at java.util.concurrent.ThreadPoolExecutor$Worker.run(ThreadPoolExecutor.java:624)
	at java.lang.Thread.run(Thread.java:748)
</pre></div></td>
<td>32</td>
<td>Casuality_Prod_TC.Menu_Our_Carriers@22f71333</td></tr>
<tr>
<td title='MTL_Test_Cases_Prod.What_we_offer1_TC.Heading1()'><b>Heading1</b><br>Test class: MTL_Test_Cases_Prod.What_we_offer1_TC</td>
<td><div><pre>org.openqa.selenium.StaleElementReferenceException: stale element reference: element is not attached to the page document
  (Session info: chrome=98.0.4758.102)
For documentation on this error, please visit: https://www.seleniumhq.org/exceptions/stale_element_reference.html
Build info: version: &apos;3.141.59&apos;, revision: &apos;e82be7d358&apos;, time: &apos;2018-11-14T08:17:03&apos;
System info: host: &apos;DESKTOP-N7K85DJ&apos;, ip: &apos;192.168.1.3&apos;, os.name: &apos;Windows 10&apos;, os.arch: &apos;amd64&apos;, os.version: &apos;10.0&apos;, java.version: &apos;1.8.0_291&apos;
Driver info: org.openqa.selenium.chrome.ChromeDriver
Capabilities {acceptInsecureCerts: false, browserName: chrome, browserVersion: 98.0.4758.102, chrome: {chromedriverVersion: 98.0.4758.102 (273bf7ac8c90..., userDataDir: C:\Users\Sweta\AppData\Loca...}, goog:chromeOptions: {debuggerAddress: localhost:56964}, javascriptEnabled: true, networkConnectionEnabled: false, pageLoadStrategy: normal, platform: WINDOWS, platformName: WINDOWS, proxy: Proxy(), setWindowRect: true, strictFileInteractability: false, timeouts: {implicit: 0, pageLoad: 300000, script: 30000}, unhandledPromptBehavior: dismiss and notify, webauthn:extension:credBlob: true, webauthn:extension:largeBlob: true, webauthn:virtualAuthenticators: true}
Session ID: 32b1ed65bed745a139195ce5cf4af99d
	at org.openqa.selenium.remote.http.W3CHttpResponseCodec.createException(W3CHttpResponseCodec.java:187)
	at org.openqa.selenium.remote.http.W3CHttpResponseCodec.decode(W3CHttpResponseCodec.java:122)
	at org.openqa.selenium.remote.http.W3CHttpResponseCodec.decode(W3CHttpResponseCodec.java:49)
	at org.openqa.selenium.remote.HttpCommandExecutor.execute(HttpCommandExecutor.java:158)
	at org.openqa.selenium.remote.service.DriverCommandExecutor.execute(DriverCommandExecutor.java:83)
	at org.openqa.selenium.remote.RemoteWebDriver.execute(RemoteWebDriver.java:552)
	at org.openqa.selenium.remote.RemoteWebElement.execute(RemoteWebElement.java:285)
	at org.openqa.selenium.remote.RemoteWebElement.getText(RemoteWebElement.java:166)
	at MTL_Pages.WhatWeOffer_page.Heading_one(WhatWeOffer_page.java:335)
	at MTL_Test_Cases_Prod.What_we_offer1_TC.Heading1(What_we_offer1_TC.java:20)
	at java.util.concurrent.ThreadPoolExecutor.runWorker(ThreadPoolExecutor.java:1149)
	at java.util.concurrent.ThreadPoolExecutor$Worker.run(ThreadPoolExecutor.java:624)
	at java.lang.Thread.run(Thread.java:748)
... Removed 14 stack frames</pre></div><a href='#' onClick='toggleBox("stack-trace1507538668", this, "Click to show all stack frames", "Click to hide stack frames")'>Click to show all stack frames</a>
<div class='stack-trace' id='stack-trace1507538668'><pre>org.openqa.selenium.StaleElementReferenceException: stale element reference: element is not attached to the page document
  (Session info: chrome=98.0.4758.102)
For documentation on this error, please visit: https://www.seleniumhq.org/exceptions/stale_element_reference.html
Build info: version: &apos;3.141.59&apos;, revision: &apos;e82be7d358&apos;, time: &apos;2018-11-14T08:17:03&apos;
System info: host: &apos;DESKTOP-N7K85DJ&apos;, ip: &apos;192.168.1.3&apos;, os.name: &apos;Windows 10&apos;, os.arch: &apos;amd64&apos;, os.version: &apos;10.0&apos;, java.version: &apos;1.8.0_291&apos;
Driver info: org.openqa.selenium.chrome.ChromeDriver
Capabilities {acceptInsecureCerts: false, browserName: chrome, browserVersion: 98.0.4758.102, chrome: {chromedriverVersion: 98.0.4758.102 (273bf7ac8c90..., userDataDir: C:\Users\Sweta\AppData\Loca...}, goog:chromeOptions: {debuggerAddress: localhost:56964}, javascriptEnabled: true, networkConnectionEnabled: false, pageLoadStrategy: normal, platform: WINDOWS, platformName: WINDOWS, proxy: Proxy(), setWindowRect: true, strictFileInteractability: false, timeouts: {implicit: 0, pageLoad: 300000, script: 30000}, unhandledPromptBehavior: dismiss and notify, webauthn:extension:credBlob: true, webauthn:extension:largeBlob: true, webauthn:virtualAuthenticators: true}
Session ID: 32b1ed65bed745a139195ce5cf4af99d
	at sun.reflect.NativeConstructorAccessorImpl.newInstance0(Native Method)
	at sun.reflect.NativeConstructorAccessorImpl.newInstance(NativeConstructorAccessorImpl.java:62)
	at sun.reflect.DelegatingConstructorAccessorImpl.newInstance(DelegatingConstructorAccessorImpl.java:45)
	at java.lang.reflect.Constructor.newInstance(Constructor.java:423)
	at org.openqa.selenium.remote.http.W3CHttpResponseCodec.createException(W3CHttpResponseCodec.java:187)
	at org.openqa.selenium.remote.http.W3CHttpResponseCodec.decode(W3CHttpResponseCodec.java:122)
	at org.openqa.selenium.remote.http.W3CHttpResponseCodec.decode(W3CHttpResponseCodec.java:49)
	at org.openqa.selenium.remote.HttpCommandExecutor.execute(HttpCommandExecutor.java:158)
	at org.openqa.selenium.remote.service.DriverCommandExecutor.execute(DriverCommandExecutor.java:83)
	at org.openqa.selenium.remote.RemoteWebDriver.execute(RemoteWebDriver.java:552)
	at org.openqa.selenium.remote.RemoteWebElement.execute(RemoteWebElement.java:285)
	at org.openqa.selenium.remote.RemoteWebElement.getText(RemoteWebElement.java:166)
	at MTL_Pages.WhatWeOffer_page.Heading_one(WhatWeOffer_page.java:335)
	at MTL_Test_Cases_Prod.What_we_offer1_TC.Heading1(What_we_offer1_TC.java:20)
	at sun.reflect.NativeMethodAccessorImpl.invoke0(Native Method)
	at sun.reflect.NativeMethodAccessorImpl.invoke(NativeMethodAccessorImpl.java:62)
	at sun.reflect.DelegatingMethodAccessorImpl.invoke(DelegatingMethodAccessorImpl.java:43)
	at java.lang.reflect.Method.invoke(Method.java:498)
	at org.testng.internal.MethodInvocationHelper.invokeMethod(MethodInvocationHelper.java:80)
	at org.testng.internal.Invoker.invokeMethod(Invoker.java:714)
	at org.testng.internal.Invoker.invokeTestMethod(Invoker.java:901)
	at org.testng.internal.Invoker.invokeTestMethods(Invoker.java:1231)
	at org.testng.internal.TestMethodWorker.invokeTestMethods(TestMethodWorker.java:127)
	at org.testng.internal.TestMethodWorker.run(TestMethodWorker.java:111)
	at java.util.concurrent.ThreadPoolExecutor.runWorker(ThreadPoolExecutor.java:1149)
	at java.util.concurrent.ThreadPoolExecutor$Worker.run(ThreadPoolExecutor.java:624)
	at java.lang.Thread.run(Thread.java:748)
</pre></div></td>
<td>5</td>
<td>MTL_Test_Cases_Prod.What_we_offer1_TC@1324409e</td></tr>
<tr>
<td title='AUW_Global_Test_Cases_Prod.Home_Page_TC.HomePage()'><b>HomePage</b><br>Test class: AUW_Global_Test_Cases_Prod.Home_Page_TC</td>
<td><div><pre>java.lang.AssertionError: expected [https://auw.global/about] but found [https://www.auw.global/about]
	at AUW_Global_Test_Cases_Prod.Home_Page_TC.HomePage(Home_Page_TC.java:32)
	at java.util.concurrent.ThreadPoolExecutor.runWorker(ThreadPoolExecutor.java:1149)
	at java.util.concurrent.ThreadPoolExecutor$Worker.run(ThreadPoolExecutor.java:624)
	at java.lang.Thread.run(Thread.java:748)
... Removed 15 stack frames</pre></div><a href='#' onClick='toggleBox("stack-trace103833557", this, "Click to show all stack frames", "Click to hide stack frames")'>Click to show all stack frames</a>
<div class='stack-trace' id='stack-trace103833557'><pre>java.lang.AssertionError: expected [https://auw.global/about] but found [https://www.auw.global/about]
	at org.testng.Assert.fail(Assert.java:94)
	at org.testng.Assert.failNotEquals(Assert.java:494)
	at org.testng.Assert.assertEquals(Assert.java:123)
	at org.testng.Assert.assertEquals(Assert.java:176)
	at org.testng.Assert.assertEquals(Assert.java:186)
	at AUW_Global_Test_Cases_Prod.Home_Page_TC.HomePage(Home_Page_TC.java:32)
	at sun.reflect.NativeMethodAccessorImpl.invoke0(Native Method)
	at sun.reflect.NativeMethodAccessorImpl.invoke(NativeMethodAccessorImpl.java:62)
	at sun.reflect.DelegatingMethodAccessorImpl.invoke(DelegatingMethodAccessorImpl.java:43)
	at java.lang.reflect.Method.invoke(Method.java:498)
	at org.testng.internal.MethodInvocationHelper.invokeMethod(MethodInvocationHelper.java:80)
	at org.testng.internal.Invoker.invokeMethod(Invoker.java:714)
	at org.testng.internal.Invoker.invokeTestMethod(Invoker.java:901)
	at org.testng.internal.Invoker.invokeTestMethods(Invoker.java:1231)
	at org.testng.internal.TestMethodWorker.invokeTestMethods(TestMethodWorker.java:127)
	at org.testng.internal.TestMethodWorker.run(TestMethodWorker.java:111)
	at java.util.concurrent.ThreadPoolExecutor.runWorker(ThreadPoolExecutor.java:1149)
	at java.util.concurrent.ThreadPoolExecutor$Worker.run(ThreadPoolExecutor.java:624)
	at java.lang.Thread.run(Thread.java:748)
</pre></div></td>
<td>1</td>
<td>AUW_Global_Test_Cases_Prod.Home_Page_TC@380fb434</td></tr>
<tr>
<td title='Credit_Global_Test_Cases_Prod.Home_TC.HomePage_Header_ContactUS_btn()'><b>HomePage_Header_ContactUS_btn</b><br>Test class: Credit_Global_Test_Cases_Prod.Home_TC</td>
<td><div><pre>java.lang.AssertionError: expected [https://cg.com/contact-us] but found [https://www.cg.com/contact-us]
	at Credit_Global_Pages.Home_page.ContactUS_btn_prod(Home_page.java:159)
	at Credit_Global_Test_Cases_Prod.Home_TC.HomePage_Header_ContactUS_btn(Home_TC.java:28)
	at java.util.concurrent.ThreadPoolExecutor.runWorker(ThreadPoolExecutor.java:1149)
	at java.util.concurrent.ThreadPoolExecutor$Worker.run(ThreadPoolExecutor.java:624)
	at java.lang.Thread.run(Thread.java:748)
... Removed 15 stack frames</pre></div><a href='#' onClick='toggleBox("stack-trace1201809973", this, "Click to show all stack frames", "Click to hide stack frames")'>Click to show all stack frames</a>
<div class='stack-trace' id='stack-trace1201809973'><pre>java.lang.AssertionError: expected [https://cg.com/contact-us] but found [https://www.cg.com/contact-us]
	at org.testng.Assert.fail(Assert.java:94)
	at org.testng.Assert.failNotEquals(Assert.java:494)
	at org.testng.Assert.assertEquals(Assert.java:123)
	at org.testng.Assert.assertEquals(Assert.java:176)
	at org.testng.Assert.assertEquals(Assert.java:186)
	at Credit_Global_Pages.Home_page.ContactUS_btn_prod(Home_page.java:159)
	at Credit_Global_Test_Cases_Prod.Home_TC.HomePage_Header_ContactUS_btn(Home_TC.java:28)
	at sun.reflect.NativeMethodAccessorImpl.invoke0(Native Method)
	at sun.reflect.NativeMethodAccessorImpl.invoke(NativeMethodAccessorImpl.java:62)
	at sun.reflect.DelegatingMethodAccessorImpl.invoke(DelegatingMethodAccessorImpl.java:43)
	at java.lang.reflect.Method.invoke(Method.java:498)
	at org.testng.internal.MethodInvocationHelper.invokeMethod(MethodInvocationHelper.java:80)
	at org.testng.internal.Invoker.invokeMethod(Invoker.java:714)
	at org.testng.internal.Invoker.invokeTestMethod(Invoker.java:901)
	at org.testng.internal.Invoker.invokeTestMethods(Invoker.java:1231)
	at org.testng.internal.TestMethodWorker.invokeTestMethods(TestMethodWorker.java:127)
	at org.testng.internal.TestMethodWorker.run(TestMethodWorker.java:111)
	at java.util.concurrent.ThreadPoolExecutor.runWorker(ThreadPoolExecutor.java:1149)
	at java.util.concurrent.ThreadPoolExecutor$Worker.run(ThreadPoolExecutor.java:624)
	at java.lang.Thread.run(Thread.java:748)
</pre></div></td>
<td>13</td>
<td>Credit_Global_Test_Cases_Prod.Home_TC@735f7ae5</td></tr>
<tr>
<td title='Credit_Global_Test_Cases_Prod.Home_TC.HomePage_Header_Our_approach()'><b>HomePage_Header_Our_approach</b><br>Test class: Credit_Global_Test_Cases_Prod.Home_TC</td>
<td><div><pre>java.lang.AssertionError: expected [https://cg.com/our-approach] but found [https://www.cg.com/our-approach]
	at Credit_Global_Pages.Home_page.Our_approach_prod(Home_page.java:180)
	at Credit_Global_Test_Cases_Prod.Home_TC.HomePage_Header_Our_approach(Home_TC.java:37)
	at java.util.concurrent.ThreadPoolExecutor.runWorker(ThreadPoolExecutor.java:1149)
	at java.util.concurrent.ThreadPoolExecutor$Worker.run(ThreadPoolExecutor.java:624)
	at java.lang.Thread.run(Thread.java:748)
... Removed 15 stack frames</pre></div><a href='#' onClick='toggleBox("stack-trace139633134", this, "Click to show all stack frames", "Click to hide stack frames")'>Click to show all stack frames</a>
<div class='stack-trace' id='stack-trace139633134'><pre>java.lang.AssertionError: expected [https://cg.com/our-approach] but found [https://www.cg.com/our-approach]
	at org.testng.Assert.fail(Assert.java:94)
	at org.testng.Assert.failNotEquals(Assert.java:494)
	at org.testng.Assert.assertEquals(Assert.java:123)
	at org.testng.Assert.assertEquals(Assert.java:176)
	at org.testng.Assert.assertEquals(Assert.java:186)
	at Credit_Global_Pages.Home_page.Our_approach_prod(Home_page.java:180)
	at Credit_Global_Test_Cases_Prod.Home_TC.HomePage_Header_Our_approach(Home_TC.java:37)
	at sun.reflect.NativeMethodAccessorImpl.invoke0(Native Method)
	at sun.reflect.NativeMethodAccessorImpl.invoke(NativeMethodAccessorImpl.java:62)
	at sun.reflect.DelegatingMethodAccessorImpl.invoke(DelegatingMethodAccessorImpl.java:43)
	at java.lang.reflect.Method.invoke(Method.java:498)
	at org.testng.internal.MethodInvocationHelper.invokeMethod(MethodInvocationHelper.java:80)
	at org.testng.internal.Invoker.invokeMethod(Invoker.java:714)
	at org.testng.internal.Invoker.invokeTestMethod(Invoker.java:901)
	at org.testng.internal.Invoker.invokeTestMethods(Invoker.java:1231)
	at org.testng.internal.TestMethodWorker.invokeTestMethods(TestMethodWorker.java:127)
	at org.testng.internal.TestMethodWorker.run(TestMethodWorker.java:111)
	at java.util.concurrent.ThreadPoolExecutor.runWorker(ThreadPoolExecutor.java:1149)
	at java.util.concurrent.ThreadPoolExecutor$Worker.run(ThreadPoolExecutor.java:624)
	at java.lang.Thread.run(Thread.java:748)
</pre></div></td>
<td>8</td>
<td>Credit_Global_Test_Cases_Prod.Home_TC@735f7ae5</td></tr>
<tr>
<td title='Credit_Global_Test_Cases_Prod.Home_TC.HomePage_Header_What_weDo()'><b>HomePage_Header_What_weDo</b><br>Test class: Credit_Global_Test_Cases_Prod.Home_TC</td>
<td><div><pre>java.lang.AssertionError: expected [https://cg.com/what-we-do] but found [https://www.cg.com/what-we-do]
	at Credit_Global_Pages.Home_page.What_weDo_prod(Home_page.java:200)
	at Credit_Global_Test_Cases_Prod.Home_TC.HomePage_Header_What_weDo(Home_TC.java:47)
	at java.util.concurrent.ThreadPoolExecutor.runWorker(ThreadPoolExecutor.java:1149)
	at java.util.concurrent.ThreadPoolExecutor$Worker.run(ThreadPoolExecutor.java:624)
	at java.lang.Thread.run(Thread.java:748)
... Removed 15 stack frames</pre></div><a href='#' onClick='toggleBox("stack-trace2076529712", this, "Click to show all stack frames", "Click to hide stack frames")'>Click to show all stack frames</a>
<div class='stack-trace' id='stack-trace2076529712'><pre>java.lang.AssertionError: expected [https://cg.com/what-we-do] but found [https://www.cg.com/what-we-do]
	at org.testng.Assert.fail(Assert.java:94)
	at org.testng.Assert.failNotEquals(Assert.java:494)
	at org.testng.Assert.assertEquals(Assert.java:123)
	at org.testng.Assert.assertEquals(Assert.java:176)
	at org.testng.Assert.assertEquals(Assert.java:186)
	at Credit_Global_Pages.Home_page.What_weDo_prod(Home_page.java:200)
	at Credit_Global_Test_Cases_Prod.Home_TC.HomePage_Header_What_weDo(Home_TC.java:47)
	at sun.reflect.NativeMethodAccessorImpl.invoke0(Native Method)
	at sun.reflect.NativeMethodAccessorImpl.invoke(NativeMethodAccessorImpl.java:62)
	at sun.reflect.DelegatingMethodAccessorImpl.invoke(DelegatingMethodAccessorImpl.java:43)
	at java.lang.reflect.Method.invoke(Method.java:498)
	at org.testng.internal.MethodInvocationHelper.invokeMethod(MethodInvocationHelper.java:80)
	at org.testng.internal.Invoker.invokeMethod(Invoker.java:714)
	at org.testng.internal.Invoker.invokeTestMethod(Invoker.java:901)
	at org.testng.internal.Invoker.invokeTestMethods(Invoker.java:1231)
	at org.testng.internal.TestMethodWorker.invokeTestMethods(TestMethodWorker.java:127)
	at org.testng.internal.TestMethodWorker.run(TestMethodWorker.java:111)
	at java.util.concurrent.ThreadPoolExecutor.runWorker(ThreadPoolExecutor.java:1149)
	at java.util.concurrent.ThreadPoolExecutor$Worker.run(ThreadPoolExecutor.java:624)
	at java.lang.Thread.run(Thread.java:748)
</pre></div></td>
<td>8</td>
<td>Credit_Global_Test_Cases_Prod.Home_TC@735f7ae5</td></tr>
<tr>
<td title='Credit_Global_Test_Cases_Prod.Forgot_Password.HomePage_Header_login()'><b>HomePage_Header_login</b><br>Test class: Credit_Global_Test_Cases_Prod.Forgot_Password</td>
<td><div><pre>java.lang.AssertionError: expected [https://cg.com/resetpassword] but found [https://www.cg.com/resetpassword]
	at Credit_Global_Pages.Login_page.forgot_password_prod(Login_page.java:61)
	at Credit_Global_Test_Cases_Prod.Forgot_Password.HomePage_Header_login(Forgot_Password.java:15)
	at java.util.concurrent.ThreadPoolExecutor.runWorker(ThreadPoolExecutor.java:1149)
	at java.util.concurrent.ThreadPoolExecutor$Worker.run(ThreadPoolExecutor.java:624)
	at java.lang.Thread.run(Thread.java:748)
... Removed 15 stack frames</pre></div><a href='#' onClick='toggleBox("stack-trace1788486188", this, "Click to show all stack frames", "Click to hide stack frames")'>Click to show all stack frames</a>
<div class='stack-trace' id='stack-trace1788486188'><pre>java.lang.AssertionError: expected [https://cg.com/resetpassword] but found [https://www.cg.com/resetpassword]
	at org.testng.Assert.fail(Assert.java:94)
	at org.testng.Assert.failNotEquals(Assert.java:494)
	at org.testng.Assert.assertEquals(Assert.java:123)
	at org.testng.Assert.assertEquals(Assert.java:176)
	at org.testng.Assert.assertEquals(Assert.java:186)
	at Credit_Global_Pages.Login_page.forgot_password_prod(Login_page.java:61)
	at Credit_Global_Test_Cases_Prod.Forgot_Password.HomePage_Header_login(Forgot_Password.java:15)
	at sun.reflect.NativeMethodAccessorImpl.invoke0(Native Method)
	at sun.reflect.NativeMethodAccessorImpl.invoke(NativeMethodAccessorImpl.java:62)
	at sun.reflect.DelegatingMethodAccessorImpl.invoke(DelegatingMethodAccessorImpl.java:43)
	at java.lang.reflect.Method.invoke(Method.java:498)
	at org.testng.internal.MethodInvocationHelper.invokeMethod(MethodInvocationHelper.java:80)
	at org.testng.internal.Invoker.invokeMethod(Invoker.java:714)
	at org.testng.internal.Invoker.invokeTestMethod(Invoker.java:901)
	at org.testng.internal.Invoker.invokeTestMethods(Invoker.java:1231)
	at org.testng.internal.TestMethodWorker.invokeTestMethods(TestMethodWorker.java:127)
	at org.testng.internal.TestMethodWorker.run(TestMethodWorker.java:111)
	at java.util.concurrent.ThreadPoolExecutor.runWorker(ThreadPoolExecutor.java:1149)
	at java.util.concurrent.ThreadPoolExecutor$Worker.run(ThreadPoolExecutor.java:624)
	at java.lang.Thread.run(Thread.java:748)
</pre></div></td>
<td>9</td>
<td>Credit_Global_Test_Cases_Prod.Forgot_Password@3fb6a447</td></tr>
<tr>
<td title='Credit_Global_Test_Cases_Prod.What_we_Do_TC.HomePage_Header_login()'><b>HomePage_Header_login</b><br>Test class: Credit_Global_Test_Cases_Prod.What_we_Do_TC</td>
<td><div><pre>java.lang.AssertionError: expected [https://cg.com/what-we-do] but found [https://www.cg.com/what-we-do]
	at Credit_Global_Pages.Home_page.What_weDo_prod(Home_page.java:200)
	at Credit_Global_Test_Cases_Prod.What_we_Do_TC.HomePage_Header_login(What_we_Do_TC.java:17)
	at java.util.concurrent.ThreadPoolExecutor.runWorker(ThreadPoolExecutor.java:1149)
	at java.util.concurrent.ThreadPoolExecutor$Worker.run(ThreadPoolExecutor.java:624)
	at java.lang.Thread.run(Thread.java:748)
... Removed 15 stack frames</pre></div><a href='#' onClick='toggleBox("stack-trace7181891", this, "Click to show all stack frames", "Click to hide stack frames")'>Click to show all stack frames</a>
<div class='stack-trace' id='stack-trace7181891'><pre>java.lang.AssertionError: expected [https://cg.com/what-we-do] but found [https://www.cg.com/what-we-do]
	at org.testng.Assert.fail(Assert.java:94)
	at org.testng.Assert.failNotEquals(Assert.java:494)
	at org.testng.Assert.assertEquals(Assert.java:123)
	at org.testng.Assert.assertEquals(Assert.java:176)
	at org.testng.Assert.assertEquals(Assert.java:186)
	at Credit_Global_Pages.Home_page.What_weDo_prod(Home_page.java:200)
	at Credit_Global_Test_Cases_Prod.What_we_Do_TC.HomePage_Header_login(What_we_Do_TC.java:17)
	at sun.reflect.NativeMethodAccessorImpl.invoke0(Native Method)
	at sun.reflect.NativeMethodAccessorImpl.invoke(NativeMethodAccessorImpl.java:62)
	at sun.reflect.DelegatingMethodAccessorImpl.invoke(DelegatingMethodAccessorImpl.java:43)
	at java.lang.reflect.Method.invoke(Method.java:498)
	at org.testng.internal.MethodInvocationHelper.invokeMethod(MethodInvocationHelper.java:80)
	at org.testng.internal.Invoker.invokeMethod(Invoker.java:714)
	at org.testng.internal.Invoker.invokeTestMethod(Invoker.java:901)
	at org.testng.internal.Invoker.invokeTestMethods(Invoker.java:1231)
	at org.testng.internal.TestMethodWorker.invokeTestMethods(TestMethodWorker.java:127)
	at org.testng.internal.TestMethodWorker.run(TestMethodWorker.java:111)
	at java.util.concurrent.ThreadPoolExecutor.runWorker(ThreadPoolExecutor.java:1149)
	at java.util.concurrent.ThreadPoolExecutor$Worker.run(ThreadPoolExecutor.java:624)
	at java.lang.Thread.run(Thread.java:748)
</pre></div></td>
<td>8</td>
<td>Credit_Global_Test_Cases_Prod.What_we_Do_TC@246ae04d</td></tr>
<tr>
<td title='Credit_Global_Test_Cases_Prod.Home_TC.HomePage_Header_login()'><b>HomePage_Header_login</b><br>Test class: Credit_Global_Test_Cases_Prod.Home_TC</td>
<td><div><pre>java.lang.AssertionError: expected [https://cg.com/login] but found [https://www.cg.com/login]
	at Credit_Global_Pages.Home_page.login_prod(Home_page.java:139)
	at Credit_Global_Test_Cases_Prod.Home_TC.HomePage_Header_login(Home_TC.java:19)
	at java.util.concurrent.ThreadPoolExecutor.runWorker(ThreadPoolExecutor.java:1149)
	at java.util.concurrent.ThreadPoolExecutor$Worker.run(ThreadPoolExecutor.java:624)
	at java.lang.Thread.run(Thread.java:748)
... Removed 15 stack frames</pre></div><a href='#' onClick='toggleBox("stack-trace2076300719", this, "Click to show all stack frames", "Click to hide stack frames")'>Click to show all stack frames</a>
<div class='stack-trace' id='stack-trace2076300719'><pre>java.lang.AssertionError: expected [https://cg.com/login] but found [https://www.cg.com/login]
	at org.testng.Assert.fail(Assert.java:94)
	at org.testng.Assert.failNotEquals(Assert.java:494)
	at org.testng.Assert.assertEquals(Assert.java:123)
	at org.testng.Assert.assertEquals(Assert.java:176)
	at org.testng.Assert.assertEquals(Assert.java:186)
	at Credit_Global_Pages.Home_page.login_prod(Home_page.java:139)
	at Credit_Global_Test_Cases_Prod.Home_TC.HomePage_Header_login(Home_TC.java:19)
	at sun.reflect.NativeMethodAccessorImpl.invoke0(Native Method)
	at sun.reflect.NativeMethodAccessorImpl.invoke(NativeMethodAccessorImpl.java:62)
	at sun.reflect.DelegatingMethodAccessorImpl.invoke(DelegatingMethodAccessorImpl.java:43)
	at java.lang.reflect.Method.invoke(Method.java:498)
	at org.testng.internal.MethodInvocationHelper.invokeMethod(MethodInvocationHelper.java:80)
	at org.testng.internal.Invoker.invokeMethod(Invoker.java:714)
	at org.testng.internal.Invoker.invokeTestMethod(Invoker.java:901)
	at org.testng.internal.Invoker.invokeTestMethods(Invoker.java:1231)
	at org.testng.internal.TestMethodWorker.invokeTestMethods(TestMethodWorker.java:127)
	at org.testng.internal.TestMethodWorker.run(TestMethodWorker.java:111)
	at java.util.concurrent.ThreadPoolExecutor.runWorker(ThreadPoolExecutor.java:1149)
	at java.util.concurrent.ThreadPoolExecutor$Worker.run(ThreadPoolExecutor.java:624)
	at java.lang.Thread.run(Thread.java:748)
</pre></div></td>
<td>6</td>
<td>Credit_Global_Test_Cases_Prod.Home_TC@735f7ae5</td></tr>
<tr>
<td title='AUW_Global_Test_Cases_Prod.Home_More.More_button()'><b>More_button</b><br>Test class: AUW_Global_Test_Cases_Prod.Home_More</td>
<td><div><pre>org.openqa.selenium.ElementNotInteractableException: element not interactable
  (Session info: chrome=98.0.4758.102)
Build info: version: &apos;3.141.59&apos;, revision: &apos;e82be7d358&apos;, time: &apos;2018-11-14T08:17:03&apos;
System info: host: &apos;DESKTOP-N7K85DJ&apos;, ip: &apos;192.168.1.3&apos;, os.name: &apos;Windows 10&apos;, os.arch: &apos;amd64&apos;, os.version: &apos;10.0&apos;, java.version: &apos;1.8.0_291&apos;
Driver info: org.openqa.selenium.chrome.ChromeDriver
Capabilities {acceptInsecureCerts: false, browserName: chrome, browserVersion: 98.0.4758.102, chrome: {chromedriverVersion: 98.0.4758.102 (273bf7ac8c90..., userDataDir: C:\Users\Sweta\AppData\Loca...}, goog:chromeOptions: {debuggerAddress: localhost:56596}, javascriptEnabled: true, networkConnectionEnabled: false, pageLoadStrategy: normal, platform: WINDOWS, platformName: WINDOWS, proxy: Proxy(), setWindowRect: true, strictFileInteractability: false, timeouts: {implicit: 0, pageLoad: 300000, script: 30000}, unhandledPromptBehavior: dismiss and notify, webauthn:extension:credBlob: true, webauthn:extension:largeBlob: true, webauthn:virtualAuthenticators: true}
Session ID: 89c8e8bdc94bf8b5b2bb612dd3e3131d
	at org.openqa.selenium.remote.http.W3CHttpResponseCodec.createException(W3CHttpResponseCodec.java:187)
	at org.openqa.selenium.remote.http.W3CHttpResponseCodec.decode(W3CHttpResponseCodec.java:122)
	at org.openqa.selenium.remote.http.W3CHttpResponseCodec.decode(W3CHttpResponseCodec.java:49)
	at org.openqa.selenium.remote.HttpCommandExecutor.execute(HttpCommandExecutor.java:158)
	at org.openqa.selenium.remote.service.DriverCommandExecutor.execute(DriverCommandExecutor.java:83)
	at org.openqa.selenium.remote.RemoteWebDriver.execute(RemoteWebDriver.java:552)
	at org.openqa.selenium.remote.RemoteWebElement.execute(RemoteWebElement.java:285)
	at org.openqa.selenium.remote.RemoteWebElement.click(RemoteWebElement.java:84)
	at AUW_Global_Pages.Amplience.Global_slotEdit_one(Amplience.java:122)
	at AUW_Global_Test_Cases_Prod.Home_More.More_button(Home_More.java:39)
	at java.util.concurrent.ThreadPoolExecutor.runWorker(ThreadPoolExecutor.java:1149)
	at java.util.concurrent.ThreadPoolExecutor$Worker.run(ThreadPoolExecutor.java:624)
	at java.lang.Thread.run(Thread.java:748)
... Removed 14 stack frames</pre></div><a href='#' onClick='toggleBox("stack-trace1414345798", this, "Click to show all stack frames", "Click to hide stack frames")'>Click to show all stack frames</a>
<div class='stack-trace' id='stack-trace1414345798'><pre>org.openqa.selenium.ElementNotInteractableException: element not interactable
  (Session info: chrome=98.0.4758.102)
Build info: version: &apos;3.141.59&apos;, revision: &apos;e82be7d358&apos;, time: &apos;2018-11-14T08:17:03&apos;
System info: host: &apos;DESKTOP-N7K85DJ&apos;, ip: &apos;192.168.1.3&apos;, os.name: &apos;Windows 10&apos;, os.arch: &apos;amd64&apos;, os.version: &apos;10.0&apos;, java.version: &apos;1.8.0_291&apos;
Driver info: org.openqa.selenium.chrome.ChromeDriver
Capabilities {acceptInsecureCerts: false, browserName: chrome, browserVersion: 98.0.4758.102, chrome: {chromedriverVersion: 98.0.4758.102 (273bf7ac8c90..., userDataDir: C:\Users\Sweta\AppData\Loca...}, goog:chromeOptions: {debuggerAddress: localhost:56596}, javascriptEnabled: true, networkConnectionEnabled: false, pageLoadStrategy: normal, platform: WINDOWS, platformName: WINDOWS, proxy: Proxy(), setWindowRect: true, strictFileInteractability: false, timeouts: {implicit: 0, pageLoad: 300000, script: 30000}, unhandledPromptBehavior: dismiss and notify, webauthn:extension:credBlob: true, webauthn:extension:largeBlob: true, webauthn:virtualAuthenticators: true}
Session ID: 89c8e8bdc94bf8b5b2bb612dd3e3131d
	at sun.reflect.NativeConstructorAccessorImpl.newInstance0(Native Method)
	at sun.reflect.NativeConstructorAccessorImpl.newInstance(NativeConstructorAccessorImpl.java:62)
	at sun.reflect.DelegatingConstructorAccessorImpl.newInstance(DelegatingConstructorAccessorImpl.java:45)
	at java.lang.reflect.Constructor.newInstance(Constructor.java:423)
	at org.openqa.selenium.remote.http.W3CHttpResponseCodec.createException(W3CHttpResponseCodec.java:187)
	at org.openqa.selenium.remote.http.W3CHttpResponseCodec.decode(W3CHttpResponseCodec.java:122)
	at org.openqa.selenium.remote.http.W3CHttpResponseCodec.decode(W3CHttpResponseCodec.java:49)
	at org.openqa.selenium.remote.HttpCommandExecutor.execute(HttpCommandExecutor.java:158)
	at org.openqa.selenium.remote.service.DriverCommandExecutor.execute(DriverCommandExecutor.java:83)
	at org.openqa.selenium.remote.RemoteWebDriver.execute(RemoteWebDriver.java:552)
	at org.openqa.selenium.remote.RemoteWebElement.execute(RemoteWebElement.java:285)
	at org.openqa.selenium.remote.RemoteWebElement.click(RemoteWebElement.java:84)
	at AUW_Global_Pages.Amplience.Global_slotEdit_one(Amplience.java:122)
	at AUW_Global_Test_Cases_Prod.Home_More.More_button(Home_More.java:39)
	at sun.reflect.NativeMethodAccessorImpl.invoke0(Native Method)
	at sun.reflect.NativeMethodAccessorImpl.invoke(NativeMethodAccessorImpl.java:62)
	at sun.reflect.DelegatingMethodAccessorImpl.invoke(DelegatingMethodAccessorImpl.java:43)
	at java.lang.reflect.Method.invoke(Method.java:498)
	at org.testng.internal.MethodInvocationHelper.invokeMethod(MethodInvocationHelper.java:80)
	at org.testng.internal.Invoker.invokeMethod(Invoker.java:714)
	at org.testng.internal.Invoker.invokeTestMethod(Invoker.java:901)
	at org.testng.internal.Invoker.invokeTestMethods(Invoker.java:1231)
	at org.testng.internal.TestMethodWorker.invokeTestMethods(TestMethodWorker.java:127)
	at org.testng.internal.TestMethodWorker.run(TestMethodWorker.java:111)
	at java.util.concurrent.ThreadPoolExecutor.runWorker(ThreadPoolExecutor.java:1149)
	at java.util.concurrent.ThreadPoolExecutor$Worker.run(ThreadPoolExecutor.java:624)
	at java.lang.Thread.run(Thread.java:748)
</pre></div></td>
<td>86</td>
<td>AUW_Global_Test_Cases_Prod.Home_More@17550481</td></tr>
<tr>
<td title='AUW_Test_case_prod.Practices_CustomerSeekingCoverage.Practices_CustomerSeekingCoverage()'><b>Practices_CustomerSeekingCoverage</b><br>Test class: AUW_Test_case_prod.Practices_CustomerSeekingCoverage</td>
<td><div><pre>org.openqa.selenium.NoSuchElementException: no such element: Unable to locate element: {&quot;method&quot;:&quot;xpath&quot;,&quot;selector&quot;:&quot;//*[text()=&apos;For Customers Seeking Coverage&apos;]&quot;}
  (Session info: chrome=98.0.4758.102)
For documentation on this error, please visit: https://www.seleniumhq.org/exceptions/no_such_element.html
Build info: version: &apos;3.141.59&apos;, revision: &apos;e82be7d358&apos;, time: &apos;2018-11-14T08:17:03&apos;
System info: host: &apos;DESKTOP-N7K85DJ&apos;, ip: &apos;192.168.1.3&apos;, os.name: &apos;Windows 10&apos;, os.arch: &apos;amd64&apos;, os.version: &apos;10.0&apos;, java.version: &apos;1.8.0_291&apos;
Driver info: org.openqa.selenium.chrome.ChromeDriver
Capabilities {acceptInsecureCerts: false, browserName: chrome, browserVersion: 98.0.4758.102, chrome: {chromedriverVersion: 98.0.4758.102 (273bf7ac8c90..., userDataDir: C:\Users\Sweta\AppData\Loca...}, goog:chromeOptions: {debuggerAddress: localhost:56562}, javascriptEnabled: true, networkConnectionEnabled: false, pageLoadStrategy: normal, platform: WINDOWS, platformName: WINDOWS, proxy: Proxy(), setWindowRect: true, strictFileInteractability: false, timeouts: {implicit: 0, pageLoad: 300000, script: 30000}, unhandledPromptBehavior: dismiss and notify, webauthn:extension:credBlob: true, webauthn:extension:largeBlob: true, webauthn:virtualAuthenticators: true}
Session ID: e35a4f663653ffc1947c2aa19e3b7235
*** Element info: {Using=xpath, value=//*[text()=&apos;For Customers Seeking Coverage&apos;]}
	at org.openqa.selenium.remote.http.W3CHttpResponseCodec.createException(W3CHttpResponseCodec.java:187)
	at org.openqa.selenium.remote.http.W3CHttpResponseCodec.decode(W3CHttpResponseCodec.java:122)
	at org.openqa.selenium.remote.http.W3CHttpResponseCodec.decode(W3CHttpResponseCodec.java:49)
	at org.openqa.selenium.remote.HttpCommandExecutor.execute(HttpCommandExecutor.java:158)
	at org.openqa.selenium.remote.service.DriverCommandExecutor.execute(DriverCommandExecutor.java:83)
	at org.openqa.selenium.remote.RemoteWebDriver.execute(RemoteWebDriver.java:552)
	at org.openqa.selenium.remote.RemoteWebDriver.findElement(RemoteWebDriver.java:323)
	at org.openqa.selenium.remote.RemoteWebDriver.findElementByXPath(RemoteWebDriver.java:428)
	at org.openqa.selenium.By$ByXPath.findElement(By.java:353)
	at org.openqa.selenium.remote.RemoteWebDriver.findElement(RemoteWebDriver.java:315)
	at AUW_Pages.Practices_customerSeekingCoverage_prod.Practices_link_CustomerSeekingCoverage(Practices_customerSeekingCoverage_prod.java:68)
	at AUW_Test_case_prod.Practices_CustomerSeekingCoverage.Practices_CustomerSeekingCoverage(Practices_CustomerSeekingCoverage.java:23)
	at java.util.concurrent.ThreadPoolExecutor.runWorker(ThreadPoolExecutor.java:1149)
	at java.util.concurrent.ThreadPoolExecutor$Worker.run(ThreadPoolExecutor.java:624)
	at java.lang.Thread.run(Thread.java:748)
... Removed 14 stack frames</pre></div><a href='#' onClick='toggleBox("stack-trace1478611063", this, "Click to show all stack frames", "Click to hide stack frames")'>Click to show all stack frames</a>
<div class='stack-trace' id='stack-trace1478611063'><pre>org.openqa.selenium.NoSuchElementException: no such element: Unable to locate element: {&quot;method&quot;:&quot;xpath&quot;,&quot;selector&quot;:&quot;//*[text()=&apos;For Customers Seeking Coverage&apos;]&quot;}
  (Session info: chrome=98.0.4758.102)
For documentation on this error, please visit: https://www.seleniumhq.org/exceptions/no_such_element.html
Build info: version: &apos;3.141.59&apos;, revision: &apos;e82be7d358&apos;, time: &apos;2018-11-14T08:17:03&apos;
System info: host: &apos;DESKTOP-N7K85DJ&apos;, ip: &apos;192.168.1.3&apos;, os.name: &apos;Windows 10&apos;, os.arch: &apos;amd64&apos;, os.version: &apos;10.0&apos;, java.version: &apos;1.8.0_291&apos;
Driver info: org.openqa.selenium.chrome.ChromeDriver
Capabilities {acceptInsecureCerts: false, browserName: chrome, browserVersion: 98.0.4758.102, chrome: {chromedriverVersion: 98.0.4758.102 (273bf7ac8c90..., userDataDir: C:\Users\Sweta\AppData\Loca...}, goog:chromeOptions: {debuggerAddress: localhost:56562}, javascriptEnabled: true, networkConnectionEnabled: false, pageLoadStrategy: normal, platform: WINDOWS, platformName: WINDOWS, proxy: Proxy(), setWindowRect: true, strictFileInteractability: false, timeouts: {implicit: 0, pageLoad: 300000, script: 30000}, unhandledPromptBehavior: dismiss and notify, webauthn:extension:credBlob: true, webauthn:extension:largeBlob: true, webauthn:virtualAuthenticators: true}
Session ID: e35a4f663653ffc1947c2aa19e3b7235
*** Element info: {Using=xpath, value=//*[text()=&apos;For Customers Seeking Coverage&apos;]}
	at sun.reflect.NativeConstructorAccessorImpl.newInstance0(Native Method)
	at sun.reflect.NativeConstructorAccessorImpl.newInstance(NativeConstructorAccessorImpl.java:62)
	at sun.reflect.DelegatingConstructorAccessorImpl.newInstance(DelegatingConstructorAccessorImpl.java:45)
	at java.lang.reflect.Constructor.newInstance(Constructor.java:423)
	at org.openqa.selenium.remote.http.W3CHttpResponseCodec.createException(W3CHttpResponseCodec.java:187)
	at org.openqa.selenium.remote.http.W3CHttpResponseCodec.decode(W3CHttpResponseCodec.java:122)
	at org.openqa.selenium.remote.http.W3CHttpResponseCodec.decode(W3CHttpResponseCodec.java:49)
	at org.openqa.selenium.remote.HttpCommandExecutor.execute(HttpCommandExecutor.java:158)
	at org.openqa.selenium.remote.service.DriverCommandExecutor.execute(DriverCommandExecutor.java:83)
	at org.openqa.selenium.remote.RemoteWebDriver.execute(RemoteWebDriver.java:552)
	at org.openqa.selenium.remote.RemoteWebDriver.findElement(RemoteWebDriver.java:323)
	at org.openqa.selenium.remote.RemoteWebDriver.findElementByXPath(RemoteWebDriver.java:428)
	at org.openqa.selenium.By$ByXPath.findElement(By.java:353)
	at org.openqa.selenium.remote.RemoteWebDriver.findElement(RemoteWebDriver.java:315)
	at AUW_Pages.Practices_customerSeekingCoverage_prod.Practices_link_CustomerSeekingCoverage(Practices_customerSeekingCoverage_prod.java:68)
	at AUW_Test_case_prod.Practices_CustomerSeekingCoverage.Practices_CustomerSeekingCoverage(Practices_CustomerSeekingCoverage.java:23)
	at sun.reflect.NativeMethodAccessorImpl.invoke0(Native Method)
	at sun.reflect.NativeMethodAccessorImpl.invoke(NativeMethodAccessorImpl.java:62)
	at sun.reflect.DelegatingMethodAccessorImpl.invoke(DelegatingMethodAccessorImpl.java:43)
	at java.lang.reflect.Method.invoke(Method.java:498)
	at org.testng.internal.MethodInvocationHelper.invokeMethod(MethodInvocationHelper.java:80)
	at org.testng.internal.Invoker.invokeMethod(Invoker.java:714)
	at org.testng.internal.Invoker.invokeTestMethod(Invoker.java:901)
	at org.testng.internal.Invoker.invokeTestMethods(Invoker.java:1231)
	at org.testng.internal.TestMethodWorker.invokeTestMethods(TestMethodWorker.java:127)
	at org.testng.internal.TestMethodWorker.run(TestMethodWorker.java:111)
	at java.util.concurrent.ThreadPoolExecutor.runWorker(ThreadPoolExecutor.java:1149)
	at java.util.concurrent.ThreadPoolExecutor$Worker.run(ThreadPoolExecutor.java:624)
	at java.lang.Thread.run(Thread.java:748)
</pre></div></td>
<td>35</td>
<td>AUW_Test_case_prod.Practices_CustomerSeekingCoverage@13fee20c</td></tr>
</table><p>
<table width='100%' border='1' class='invocation-passed'>
<tr><td colspan='4' align='center'><b>PASSED TESTS</b></td></tr>
<tr><td><b>Test method</b></td>
<td width="30%"><b>Exception</b></td>
<td width="10%"><b>Time (seconds)</b></td>
<td><b>Instance</b></td>
</tr>
<tr>
<td title='AUW_Test_case_prod.AUW_Footer_Prod.AUW_Footer()'><b>AUW_Footer</b><br>Test class: AUW_Test_case_prod.AUW_Footer_Prod</td>
<td></td>
<td>88</td>
<td>AUW_Test_case_prod.AUW_Footer_Prod@38082d64</td></tr>
<tr>
<td title='Careers_Test_case_Prod.Footer.AUW_Instagram()'><b>AUW_Instagram</b><br>Test class: Careers_Test_case_Prod.Footer</td>
<td></td>
<td>8</td>
<td>Careers_Test_case_Prod.Footer@6bf256fa</td></tr>
<tr>
<td title='Careers_Test_case_Prod.Footer.AUW_Linkedin()'><b>AUW_Linkedin</b><br>Test class: Careers_Test_case_Prod.Footer</td>
<td></td>
<td>10</td>
<td>Careers_Test_case_Prod.Footer@6bf256fa</td></tr>
<tr>
<td title='Careers_Test_case_Prod.Footer.AUW_Policy()'><b>AUW_Policy</b><br>Test class: Careers_Test_case_Prod.Footer</td>
<td></td>
<td>29</td>
<td>Careers_Test_case_Prod.Footer@6bf256fa</td></tr>
<tr>
<td title='Careers_Test_case_Prod.Footer.AUW_twitter()'><b>AUW_twitter</b><br>Test class: Careers_Test_case_Prod.Footer</td>
<td></td>
<td>18</td>
<td>Careers_Test_case_Prod.Footer@6bf256fa</td></tr>
<tr>
<td title='AUW_Test_case_prod.AUW_AboutUS.AboutUS()'><b>AboutUS</b><br>Test class: AUW_Test_case_prod.AUW_AboutUS</td>
<td></td>
<td>78</td>
<td>AUW_Test_case_prod.AUW_AboutUS@60addb54</td></tr>
<tr>
<td title='Promesa_Test_Case_Prod.Change_language.Change_Language()'><b>Change_Language</b><br>Test class: Promesa_Test_Case_Prod.Change_language</td>
<td></td>
<td>5</td>
<td>Promesa_Test_Case_Prod.Change_language@64616ca2</td></tr>
<tr>
<td title='Warranty_Test_Case_Prod.Contact_US.ContactUS()'><b>ContactUS</b><br>Test class: Warranty_Test_Case_Prod.Contact_US</td>
<td></td>
<td>45</td>
<td>Warranty_Test_Case_Prod.Contact_US@614c5515</td></tr>
<tr>
<td title='AFL_Test_Case_Prod.ContactUS_OutsideUS.ContactUs_Page()'><b>ContactUs_Page</b><br>Test class: AFL_Test_Case_Prod.ContactUS_OutsideUS</td>
<td></td>
<td>23</td>
<td>AFL_Test_Case_Prod.ContactUS_OutsideUS@6108b2d7</td></tr>
<tr>
<td title='MTL_Test_Cases_Prod.Home_URL.Footer()'><b>Footer</b><br>Test class: MTL_Test_Cases_Prod.Home_URL</td>
<td></td>
<td>48</td>
<td>MTL_Test_Cases_Prod.Home_URL@62043840</td></tr>
<tr>
<td title='Speciality_underwriters_Test_Case_Prod.Contact_US_TC.Footer()'><b>Footer</b><br>Test class: Speciality_underwriters_Test_Case_Prod.Contact_US_TC</td>
<td></td>
<td>19</td>
<td>Speciality_underwriters_Test_Case_Prod.Contact_US_TC@2d554825</td></tr>
<tr>
<td title='Speciality_underwriters_Test_Case_Prod.About_Us.Footer()'><b>Footer</b><br>Test class: Speciality_underwriters_Test_Case_Prod.About_Us</td>
<td></td>
<td>9</td>
<td>Speciality_underwriters_Test_Case_Prod.About_Us@79698539</td></tr>
<tr>
<td title='Speciality_underwriters_Test_Case_Prod.Home_TC.Footer()'><b>Footer</b><br>Test class: Speciality_underwriters_Test_Case_Prod.Home_TC</td>
<td></td>
<td>18</td>
<td>Speciality_underwriters_Test_Case_Prod.Home_TC@1554909b</td></tr>
<tr>
<td title='Speciality_underwriters_Test_Case_Prod.What_We_offer.Footer()'><b>Footer</b><br>Test class: Speciality_underwriters_Test_Case_Prod.What_We_offer</td>
<td></td>
<td>39</td>
<td>Speciality_underwriters_Test_Case_Prod.What_We_offer@4cb2c100</td></tr>
<tr>
<td title='AFL_Test_Case_Prod.Footer_TC.Footer()'><b>Footer</b><br>Test class: AFL_Test_Case_Prod.Footer_TC</td>
<td></td>
<td>72</td>
<td>AFL_Test_Case_Prod.Footer_TC@5f2050f6</td></tr>
<tr>
<td title='AFL_Test_Case_Prod.What_We_offer_OutSideUs.Footer()'><b>Footer</b><br>Test class: AFL_Test_Case_Prod.What_We_offer_OutSideUs</td>
<td></td>
<td>336</td>
<td>AFL_Test_Case_Prod.What_We_offer_OutSideUs@26ba2a48</td></tr>
<tr>
<td title='Solution_one_Prod.Footer_Production.Footer()'><b>Footer</b><br>Test class: Solution_one_Prod.Footer_Production</td>
<td></td>
<td>95</td>
<td>Solution_one_Prod.Footer_Production@42d3bd8b</td></tr>
<tr>
<td title='JumboGC_Test_case_prod.Header_footer.Footer_Facebook()'><b>Footer_Facebook</b><br>Test class: JumboGC_Test_case_prod.Header_footer</td>
<td></td>
<td>32</td>
<td>JumboGC_Test_case_prod.Header_footer@6aaa5eb0</td></tr>
<tr>
<td title='JumboGC_Test_case_prod.Header_footer.Footer_Instagram()'><b>Footer_Instagram</b><br>Test class: JumboGC_Test_case_prod.Header_footer</td>
<td></td>
<td>28</td>
<td>JumboGC_Test_case_prod.Header_footer@6aaa5eb0</td></tr>
<tr>
<td title='JumboGC_Test_case_prod.Header_footer.Footer_Privacy()'><b>Footer_Privacy</b><br>Test class: JumboGC_Test_case_prod.Header_footer</td>
<td></td>
<td>40</td>
<td>JumboGC_Test_case_prod.Header_footer@6aaa5eb0</td></tr>
<tr>
<td title='Promesa_Test_Case_Prod.Footer.Footer_PrivacyPolicy()'><b>Footer_PrivacyPolicy</b><br>Test class: Promesa_Test_Case_Prod.Footer</td>
<td></td>
<td>22</td>
<td>Promesa_Test_Case_Prod.Footer@566776ad</td></tr>
<tr>
<td title='Promesa_Test_Case_Prod.Footer.Footer_facebook()'><b>Footer_facebook</b><br>Test class: Promesa_Test_Case_Prod.Footer</td>
<td></td>
<td>23</td>
<td>Promesa_Test_Case_Prod.Footer@566776ad</td></tr>
<tr>
<td title='Promesa_Test_Case_Prod.Footer.Footer_instagram()'><b>Footer_instagram</b><br>Test class: Promesa_Test_Case_Prod.Footer</td>
<td></td>
<td>6</td>
<td>Promesa_Test_Case_Prod.Footer@566776ad</td></tr>
<tr>
<td title='JumboGC_Test_case_prod.Header_footer.Footer_linkedIN()'><b>Footer_linkedIN</b><br>Test class: JumboGC_Test_case_prod.Header_footer</td>
<td></td>
<td>47</td>
<td>JumboGC_Test_case_prod.Header_footer@6aaa5eb0</td></tr>
<tr>
<td title='Promesa_Test_Case_Prod.Footer.Footer_linkedin()'><b>Footer_linkedin</b><br>Test class: Promesa_Test_Case_Prod.Footer</td>
<td></td>
<td>8</td>
<td>Promesa_Test_Case_Prod.Footer@566776ad</td></tr>
<tr>
<td title='Promesa_Test_Case_Prod.Footer.Footer_twitter()'><b>Footer_twitter</b><br>Test class: Promesa_Test_Case_Prod.Footer</td>
<td></td>
<td>10</td>
<td>Promesa_Test_Case_Prod.Footer@566776ad</td></tr>
<tr>
<td title='JumboGC_Test_case_prod.Side_Heading.Header_Footer()'><b>Header_Footer</b><br>Test class: JumboGC_Test_case_prod.Side_Heading</td>
<td></td>
<td>212</td>
<td>JumboGC_Test_case_prod.Side_Heading@668bc3d5</td></tr>
<tr>
<td title='JumboGC_Test_case_prod.Header_footer.Header_Login()'><b>Header_Login</b><br>Test class: JumboGC_Test_case_prod.Header_footer</td>
<td></td>
<td>26</td>
<td>JumboGC_Test_case_prod.Header_footer@6aaa5eb0</td></tr>
<tr>
<td title='MTL_Test_Cases_Prod.What_we_offer_URL_TC.Heading()'><b>Heading</b><br>Test class: MTL_Test_Cases_Prod.What_we_offer_URL_TC</td>
<td></td>
<td>93</td>
<td>MTL_Test_Cases_Prod.What_we_offer_URL_TC@6b2fad11</td></tr>
<tr>
<td title='MTL_Test_Cases_Prod.What_we_offer1_TC.Heading10()'><b>Heading10</b><br>Test class: MTL_Test_Cases_Prod.What_we_offer1_TC</td>
<td></td>
<td>40</td>
<td>MTL_Test_Cases_Prod.What_we_offer1_TC@1324409e</td></tr>
<tr>
<td title='MTL_Test_Cases_Prod.What_we_offer1_TC.Heading11()'><b>Heading11</b><br>Test class: MTL_Test_Cases_Prod.What_we_offer1_TC</td>
<td></td>
<td>55</td>
<td>MTL_Test_Cases_Prod.What_we_offer1_TC@1324409e</td></tr>
<tr>
<td title='MTL_Test_Cases_Prod.What_we_offer1_TC.Heading2()'><b>Heading2</b><br>Test class: MTL_Test_Cases_Prod.What_we_offer1_TC</td>
<td></td>
<td>37</td>
<td>MTL_Test_Cases_Prod.What_we_offer1_TC@1324409e</td></tr>
<tr>
<td title='MTL_Test_Cases_Prod.What_we_offer1_TC.Heading3()'><b>Heading3</b><br>Test class: MTL_Test_Cases_Prod.What_we_offer1_TC</td>
<td></td>
<td>37</td>
<td>MTL_Test_Cases_Prod.What_we_offer1_TC@1324409e</td></tr>
<tr>
<td title='MTL_Test_Cases_Prod.What_we_offer1_TC.Heading4()'><b>Heading4</b><br>Test class: MTL_Test_Cases_Prod.What_we_offer1_TC</td>
<td></td>
<td>39</td>
<td>MTL_Test_Cases_Prod.What_we_offer1_TC@1324409e</td></tr>
<tr>
<td title='MTL_Test_Cases_Prod.What_we_offer1_TC.Heading5()'><b>Heading5</b><br>Test class: MTL_Test_Cases_Prod.What_we_offer1_TC</td>
<td></td>
<td>36</td>
<td>MTL_Test_Cases_Prod.What_we_offer1_TC@1324409e</td></tr>
<tr>
<td title='MTL_Test_Cases_Prod.What_we_offer1_TC.Heading6()'><b>Heading6</b><br>Test class: MTL_Test_Cases_Prod.What_we_offer1_TC</td>
<td></td>
<td>38</td>
<td>MTL_Test_Cases_Prod.What_we_offer1_TC@1324409e</td></tr>
<tr>
<td title='MTL_Test_Cases_Prod.What_we_offer1_TC.Heading7()'><b>Heading7</b><br>Test class: MTL_Test_Cases_Prod.What_we_offer1_TC</td>
<td></td>
<td>36</td>
<td>MTL_Test_Cases_Prod.What_we_offer1_TC@1324409e</td></tr>
<tr>
<td title='MTL_Test_Cases_Prod.What_we_offer1_TC.Heading8()'><b>Heading8</b><br>Test class: MTL_Test_Cases_Prod.What_we_offer1_TC</td>
<td></td>
<td>38</td>
<td>MTL_Test_Cases_Prod.What_we_offer1_TC@1324409e</td></tr>
<tr>
<td title='MTL_Test_Cases_Prod.What_we_offer1_TC.Heading9()'><b>Heading9</b><br>Test class: MTL_Test_Cases_Prod.What_we_offer1_TC</td>
<td></td>
<td>44</td>
<td>MTL_Test_Cases_Prod.What_we_offer1_TC@1324409e</td></tr>
<tr>
<td title='Casuality_Prod_TC.Home_page.HomePage()'><b>HomePage</b><br>Test class: Casuality_Prod_TC.Home_page</td>
<td></td>
<td>78</td>
<td>Casuality_Prod_TC.Home_page@1a407d53</td></tr>
<tr>
<td title='Casuality_Prod_TC.Menu_About_US.HomePage()'><b>HomePage</b><br>Test class: Casuality_Prod_TC.Menu_About_US</td>
<td></td>
<td>56</td>
<td>Casuality_Prod_TC.Menu_About_US@edf4efb</td></tr>
<tr>
<td title='Casuality_Prod_TC.Menu_Contact_Us.HomePage()'><b>HomePage</b><br>Test class: Casuality_Prod_TC.Menu_Contact_Us</td>
<td></td>
<td>27</td>
<td>Casuality_Prod_TC.Menu_Contact_Us@17c68925</td></tr>
<tr>
<td title='Casuality_Prod_TC.Menu_Press_Room.HomePage()'><b>HomePage</b><br>Test class: Casuality_Prod_TC.Menu_Press_Room</td>
<td></td>
<td>63</td>
<td>Casuality_Prod_TC.Menu_Press_Room@4e04a765</td></tr>
<tr>
<td title='AFL_Test_Case_Prod.HomePage_TC.Home_Page()'><b>Home_Page</b><br>Test class: AFL_Test_Case_Prod.HomePage_TC</td>
<td></td>
<td>140</td>
<td>AFL_Test_Case_Prod.HomePage_TC@2ed94a8b</td></tr>
<tr>
<td title='Warranty_Test_Case_Prod.About_US.Home_page()'><b>Home_page</b><br>Test class: Warranty_Test_Case_Prod.About_US</td>
<td></td>
<td>37</td>
<td>Warranty_Test_Case_Prod.About_US@180bc464</td></tr>
<tr>
<td title='Warranty_Test_Case_Prod.HomePage_Testcase.Home_page()'><b>Home_page</b><br>Test class: Warranty_Test_Case_Prod.HomePage_Testcase</td>
<td></td>
<td>321</td>
<td>Warranty_Test_Case_Prod.HomePage_Testcase@2ef9b8bc</td></tr>
<tr>
<td title='AUW_Global_Test_Cases_Prod.LearnMore_TC.LearnMore()'><b>LearnMore</b><br>Test class: AUW_Global_Test_Cases_Prod.LearnMore_TC</td>
<td></td>
<td>14</td>
<td>AUW_Global_Test_Cases_Prod.LearnMore_TC@3d8c7aca</td></tr>
<tr>
<td title='MTL_Test_Cases_Prod.More_offers_TC.More_offers()'><b>More_offers</b><br>Test class: MTL_Test_Cases_Prod.More_offers_TC</td>
<td></td>
<td>34</td>
<td>MTL_Test_Cases_Prod.More_offers_TC@3b81a1bc</td></tr>
<tr>
<td title='Warranty_Test_Case_Prod.Our_Partner.Partner1()'><b>Partner1</b><br>Test class: Warranty_Test_Case_Prod.Our_Partner</td>
<td></td>
<td>94</td>
<td>Warranty_Test_Case_Prod.Our_Partner@5ebec15</td></tr>
<tr>
<td title='Warranty_Test_Case_Prod.Our_Partner.Partner2()'><b>Partner2</b><br>Test class: Warranty_Test_Case_Prod.Our_Partner</td>
<td></td>
<td>95</td>
<td>Warranty_Test_Case_Prod.Our_Partner@5ebec15</td></tr>
<tr>
<td title='Warranty_Test_Case_Prod.Our_Partner.Partner3()'><b>Partner3</b><br>Test class: Warranty_Test_Case_Prod.Our_Partner</td>
<td></td>
<td>82</td>
<td>Warranty_Test_Case_Prod.Our_Partner@5ebec15</td></tr>
<tr>
<td title='Warranty_Test_Case_Prod.Our_Partner.Partner4()'><b>Partner4</b><br>Test class: Warranty_Test_Case_Prod.Our_Partner</td>
<td></td>
<td>66</td>
<td>Warranty_Test_Case_Prod.Our_Partner@5ebec15</td></tr>
<tr>
<td title='Warranty_Test_Case_Prod.Our_Partner.Partner5()'><b>Partner5</b><br>Test class: Warranty_Test_Case_Prod.Our_Partner</td>
<td></td>
<td>61</td>
<td>Warranty_Test_Case_Prod.Our_Partner@5ebec15</td></tr>
<tr>
<td title='Warranty_Test_Case_Prod.Our_Partner.Partner6()'><b>Partner6</b><br>Test class: Warranty_Test_Case_Prod.Our_Partner</td>
<td></td>
<td>67</td>
<td>Warranty_Test_Case_Prod.Our_Partner@5ebec15</td></tr>
<tr>
<td title='AUW_Test_case_prod.Practices_AgentsBrokers.Practices_AgentsBrokers()'><b>Practices_AgentsBrokers</b><br>Test class: AUW_Test_case_prod.Practices_AgentsBrokers</td>
<td></td>
<td>101</td>
<td>AUW_Test_case_prod.Practices_AgentsBrokers@7f690630</td></tr>
<tr>
<td title='Careers_Test_case_Prod.Side_Heading1.Side_Heading()'><b>Side_Heading</b><br>Test class: Careers_Test_case_Prod.Side_Heading1</td>
<td></td>
<td>150</td>
<td>Careers_Test_case_Prod.Side_Heading1@1e67b872</td></tr>
<tr>
<td title='Solution_one_Prod.Side_Heading_Production.Side_Heading_Five()'><b>Side_Heading_Five</b><br>Test class: Solution_one_Prod.Side_Heading_Production</td>
<td></td>
<td>82</td>
<td>Solution_one_Prod.Side_Heading_Production@7a5d012c</td></tr>
<tr>
<td title='Solution_one_Prod.Side_Heading_Production.Side_Heading_Four()'><b>Side_Heading_Four</b><br>Test class: Solution_one_Prod.Side_Heading_Production</td>
<td></td>
<td>68</td>
<td>Solution_one_Prod.Side_Heading_Production@7a5d012c</td></tr>
<tr>
<td title='Promesa_Test_Case_Prod.Side_Heading_One.Side_Heading_One()'><b>Side_Heading_One</b><br>Test class: Promesa_Test_Case_Prod.Side_Heading_One</td>
<td></td>
<td>31</td>
<td>Promesa_Test_Case_Prod.Side_Heading_One@77b52d12</td></tr>
<tr>
<td title='Promesa_Test_Case_Prod.Pharmacy_search.Side_Heading_One()'><b>Side_Heading_One</b><br>Test class: Promesa_Test_Case_Prod.Pharmacy_search</td>
<td></td>
<td>133</td>
<td>Promesa_Test_Case_Prod.Pharmacy_search@5d624da6</td></tr>
<tr>
<td title='Solution_one_Prod.Side_Heading_Production.Side_Heading_One()'><b>Side_Heading_One</b><br>Test class: Solution_one_Prod.Side_Heading_Production</td>
<td></td>
<td>51</td>
<td>Solution_one_Prod.Side_Heading_Production@7a5d012c</td></tr>
<tr>
<td title='Solution_one_Prod.Side_Heading_Production.Side_Heading_Three()'><b>Side_Heading_Three</b><br>Test class: Solution_one_Prod.Side_Heading_Production</td>
<td></td>
<td>68</td>
<td>Solution_one_Prod.Side_Heading_Production@7a5d012c</td></tr>
<tr>
<td title='Solution_one_Prod.Side_Heading_Production.Side_Heading_Two()'><b>Side_Heading_Two</b><br>Test class: Solution_one_Prod.Side_Heading_Production</td>
<td></td>
<td>67</td>
<td>Solution_one_Prod.Side_Heading_Production@7a5d012c</td></tr>
<tr>
<td title='Promesa_Test_Case_Prod.FAQ.Siheading_2()'><b>Siheading_2</b><br>Test class: Promesa_Test_Case_Prod.FAQ</td>
<td></td>
<td>26</td>
<td>Promesa_Test_Case_Prod.FAQ@2c6a3f77</td></tr>
<tr>
<td title='Promesa_Test_Case_Prod.Side_Heading_Two.Siheading_2()'><b>Siheading_2</b><br>Test class: Promesa_Test_Case_Prod.Side_Heading_Two</td>
<td></td>
<td>17</td>
<td>Promesa_Test_Case_Prod.Side_Heading_Two@35f983a6</td></tr>
<tr>
<td title='Pinnacle_Test_Cases_Production.WatsNew.WhatsNew()'><b>WhatsNew</b><br>Test class: Pinnacle_Test_Cases_Production.WatsNew</td>
<td></td>
<td>113</td>
<td>Pinnacle_Test_Cases_Production.WatsNew@5315b42e</td></tr>
<tr>
<td title='AUW_Test_case_prod.AUW_CallUpdate.main()'><b>main</b><br>Test class: AUW_Test_case_prod.AUW_CallUpdate</td>
<td></td>
<td>47</td>
<td>AUW_Test_case_prod.AUW_CallUpdate@3cda1055</td></tr>
<tr>
<td title='AUW_Test_case_prod.AUW_NJ_Update.main()'><b>main</b><br>Test class: AUW_Test_case_prod.AUW_NJ_Update</td>
<td></td>
<td>71</td>
<td>AUW_Test_case_prod.AUW_NJ_Update@dfd3711</td></tr>
<tr>
<td title='AUW_Test_case_prod.AUW_Intelligence_TC.main()'><b>main</b><br>Test class: AUW_Test_case_prod.AUW_Intelligence_TC</td>
<td></td>
<td>104</td>
<td>AUW_Test_case_prod.AUW_Intelligence_TC@73f792cf</td></tr>
<tr>
<td title='AUW_Test_case_prod.AUW_PPP.main()'><b>main</b><br>Test class: AUW_Test_case_prod.AUW_PPP</td>
<td></td>
<td>17</td>
<td>AUW_Test_case_prod.AUW_PPP@6cd8737</td></tr>
<tr>
<td title='AUW_Test_case_prod.AUW_header_web_Prod.main()'><b>main</b><br>Test class: AUW_Test_case_prod.AUW_header_web_Prod</td>
<td></td>
<td>47</td>
<td>AUW_Test_case_prod.AUW_header_web_Prod@13969fbe</td></tr>
<tr>
<td title='AUW_Test_case_prod.AUW_Experience.main()'><b>main</b><br>Test class: AUW_Test_case_prod.AUW_Experience</td>
<td></td>
<td>341</td>
<td>AUW_Test_case_prod.AUW_Experience@3f2a3a5</td></tr>
<tr>
<td title='AFL_Test_Case_Prod.AboutUS_OutsideUS.main_Home_Page()'><b>main_Home_Page</b><br>Test class: AFL_Test_Case_Prod.AboutUS_OutsideUS</td>
<td></td>
<td>18</td>
<td>AFL_Test_Case_Prod.AboutUS_OutsideUS@21bcffb5</td></tr>
<tr>
<td title='Adler_TestCases_Prod.Home.main_Home_Page()'><b>main_Home_Page</b><br>Test class: Adler_TestCases_Prod.Home</td>
<td></td>
<td>23</td>
<td>Adler_TestCases_Prod.Home@6fb554cc</td></tr>
<tr>
<td title='Adler_TestCases_Prod.News.main_Home_Page()'><b>main_Home_Page</b><br>Test class: Adler_TestCases_Prod.News</td>
<td></td>
<td>146</td>
<td>Adler_TestCases_Prod.News@2f7a2457</td></tr>
<tr>
<td title='Pinnacle_Test_Cases_Production.HomePage_TC.main_Home_Page()'><b>main_Home_Page</b><br>Test class: Pinnacle_Test_Cases_Production.HomePage_TC</td>
<td></td>
<td>51</td>
<td>Pinnacle_Test_Cases_Production.HomePage_TC@783e6358</td></tr>
<tr>
<td title='Warranty_Test_Case_Prod.Partner_With_US.partner()'><b>partner</b><br>Test class: Warranty_Test_Case_Prod.Partner_With_US</td>
<td></td>
<td>13</td>
<td>Warranty_Test_Case_Prod.Partner_With_US@3498ed</td></tr>
</table><p>
</body>
</html>