<?xml version="1.0" encoding="UTF-8"?>
<!-- Generated by org.testng.reporters.JUnitXMLReporter -->
<testsuite hostname="DESKTOP-N7K85DJ" name="Firefox_Prod" tests="79" failures="10" timestamp="18 Feb 2022 14:06:46 GMT" time="2358.069" errors="0">
  <testcase name="main" time="40.181" classname="AUW_Test_case_prod.AUW_CallUpdate"/>
  <testcase name="AboutUS" time="65.737" classname="AUW_Test_case_prod.AUW_AboutUS"/>
  <testcase name="main" time="85.115" classname="AUW_Test_case_prod.AUW_Intelligence_TC"/>
  <testcase name="AUW_Footer" time="73.577" classname="AUW_Test_case_prod.AUW_Footer_Prod"/>
  <testcase name="main" time="40.179" classname="AUW_Test_case_prod.AUW_NJ_Update"/>
  <testcase name="main" time="59.547" classname="AUW_Test_case_prod.AUW_Heartwood"/>
  <testcase name="main" time="48.496" classname="AUW_Test_case_prod.AUW_header_web_Prod"/>
  <testcase name="main" time="16.618" classname="AUW_Test_case_prod.AUW_PPP"/>
  <testcase name="Practices_AgentsBrokers" time="54.248" classname="AUW_Test_case_prod.Practices_AgentsBrokers"/>
  <testcase name="main" time="303.54" classname="AUW_Test_case_prod.AUW_Experience"/>
  <testcase name="LearnMore" time="15.927" classname="AUW_Global_Test_Cases_Prod.LearnMore_TC"/>
  <testcase name="Practices_CustomerSeekingCoverage" time="185.118" classname="AUW_Test_case_prod.Practices_CustomerSeekingCoverage">
    <failure type="org.openqa.selenium.NoSuchElementException" message="Unable to locate element: (//*[text()=&amp;apos;Learn More&amp;apos;])[5]
For documentation on this error, please visit: https://www.seleniumhq.org/exceptions/no_such_element.html
Build info: version: &amp;apos;3.141.59&amp;apos;, revision: &amp;apos;e82be7d358&amp;apos;, time: &amp;apos;2018-11-14T08:17:03&amp;apos;
System info: host: &amp;apos;DESKTOP-N7K85DJ&amp;apos;, ip: &amp;apos;192.168.1.3&amp;apos;, os.name: &amp;apos;Windows 10&amp;apos;, os.arch: &amp;apos;amd64&amp;apos;, os.version: &amp;apos;10.0&amp;apos;, java.version: &amp;apos;1.8.0_291&amp;apos;
Driver info: org.openqa.selenium.firefox.FirefoxDriver
Capabilities {acceptInsecureCerts: true, browserName: firefox, browserVersion: 96.0.3, javascriptEnabled: true, moz:accessibilityChecks: false, moz:buildID: 20220126154723, moz:geckodriverVersion: 0.30.0, moz:headless: false, moz:processID: 19344, moz:profile: C:\Users\Sweta\AppData\Loca..., moz:shutdownTimeout: 60000, moz:useNonSpecCompliantPointerOrigin: false, moz:webdriverClick: true, pageLoadStrategy: normal, platform: WINDOWS, platformName: WINDOWS, platformVersion: 10.0, proxy: Proxy(), setWindowRect: true, strictFileInteractability: false, timeouts: {implicit: 0, pageLoad: 300000, script: 30000}, unhandledPromptBehavior: dismiss and notify}
Session ID: bb2a678a-dae3-4d0c-a4fe-361e9f093283
*** Element info: {Using=xpath, value=(//*[text()=&amp;apos;Learn More&amp;apos;])[5]}">
      <![CDATA[org.openqa.selenium.NoSuchElementException: Unable to locate element: (//*[text()='Learn More'])[5]
For documentation on this error, please visit: https://www.seleniumhq.org/exceptions/no_such_element.html
Build info: version: '3.141.59', revision: 'e82be7d358', time: '2018-11-14T08:17:03'
System info: host: 'DESKTOP-N7K85DJ', ip: '192.168.1.3', os.name: 'Windows 10', os.arch: 'amd64', os.version: '10.0', java.version: '1.8.0_291'
Driver info: org.openqa.selenium.firefox.FirefoxDriver
Capabilities {acceptInsecureCerts: true, browserName: firefox, browserVersion: 96.0.3, javascriptEnabled: true, moz:accessibilityChecks: false, moz:buildID: 20220126154723, moz:geckodriverVersion: 0.30.0, moz:headless: false, moz:processID: 19344, moz:profile: C:\Users\Sweta\AppData\Loca..., moz:shutdownTimeout: 60000, moz:useNonSpecCompliantPointerOrigin: false, moz:webdriverClick: true, pageLoadStrategy: normal, platform: WINDOWS, platformName: WINDOWS, platformVersion: 10.0, proxy: Proxy(), setWindowRect: true, strictFileInteractability: false, timeouts: {implicit: 0, pageLoad: 300000, script: 30000}, unhandledPromptBehavior: dismiss and notify}
Session ID: bb2a678a-dae3-4d0c-a4fe-361e9f093283
*** Element info: {Using=xpath, value=(//*[text()='Learn More'])[5]}
	at org.openqa.selenium.remote.http.W3CHttpResponseCodec.createException(W3CHttpResponseCodec.java:187)
	at org.openqa.selenium.remote.http.W3CHttpResponseCodec.decode(W3CHttpResponseCodec.java:122)
	at org.openqa.selenium.remote.http.W3CHttpResponseCodec.decode(W3CHttpResponseCodec.java:49)
	at org.openqa.selenium.remote.HttpCommandExecutor.execute(HttpCommandExecutor.java:158)
	at org.openqa.selenium.remote.service.DriverCommandExecutor.execute(DriverCommandExecutor.java:83)
	at org.openqa.selenium.remote.RemoteWebDriver.execute(RemoteWebDriver.java:552)
	at org.openqa.selenium.remote.RemoteWebDriver.findElement(RemoteWebDriver.java:323)
	at org.openqa.selenium.remote.RemoteWebDriver.findElementByXPath(RemoteWebDriver.java:428)
	at org.openqa.selenium.By$ByXPath.findElement(By.java:353)
	at org.openqa.selenium.remote.RemoteWebDriver.findElement(RemoteWebDriver.java:315)
	at AUW_Pages.Practices_customerSeekingCoverage_prod.CustomerSeekingCoverage_Heading5(Practices_customerSeekingCoverage_prod.java:360)
	at AUW_Test_case_prod.Practices_CustomerSeekingCoverage.Practices_CustomerSeekingCoverage(Practices_CustomerSeekingCoverage.java:35)
	at java.util.concurrent.ThreadPoolExecutor.runWorker(ThreadPoolExecutor.java:1149)
	at java.util.concurrent.ThreadPoolExecutor$Worker.run(ThreadPoolExecutor.java:624)
	at java.lang.Thread.run(Thread.java:748)
... Removed 14 stack frames]]>
    </failure>
  </testcase> <!-- Practices_CustomerSeekingCoverage -->
  <testcase name="HomePage" time="2.266" classname="AUW_Global_Test_Cases_Prod.Home_Page_TC">
    <failure type="java.lang.AssertionError" message="expected [https://auw.global/about] but found [https://www.auw.global/about]">
      <![CDATA[java.lang.AssertionError: expected [https://auw.global/about] but found [https://www.auw.global/about]
	at AUW_Global_Test_Cases_Prod.Home_Page_TC.HomePage(Home_Page_TC.java:32)
	at java.util.concurrent.ThreadPoolExecutor.runWorker(ThreadPoolExecutor.java:1149)
	at java.util.concurrent.ThreadPoolExecutor$Worker.run(ThreadPoolExecutor.java:624)
	at java.lang.Thread.run(Thread.java:748)
... Removed 15 stack frames]]>
    </failure>
  </testcase> <!-- HomePage -->
  <testcase name="Change_Language" time="2.942" classname="Promesa_Test_Case_Prod.Change_language"/>
  <testcase name="Footer_PrivacyPolicy" time="20.522" classname="Promesa_Test_Case_Prod.Footer"/>
  <testcase name="Footer_facebook" time="19.61" classname="Promesa_Test_Case_Prod.Footer"/>
  <testcase name="Footer_instagram" time="6.262" classname="Promesa_Test_Case_Prod.Footer"/>
  <testcase name="Footer_linkedin" time="6.553" classname="Promesa_Test_Case_Prod.Footer"/>
  <testcase name="Footer_twitter" time="7.092" classname="Promesa_Test_Case_Prod.Footer"/>
  <testcase name="Side_Heading_One" time="123.658" classname="Promesa_Test_Case_Prod.Pharmacy_search"/>
  <testcase name="Heading1" time="33.374" classname="MTL_Test_Cases_Prod.What_we_offer1_TC"/>
  <testcase name="More_offers" time="32.641" classname="MTL_Test_Cases_Prod.More_offers_TC"/>
  <testcase name="Heading10" time="37.233" classname="MTL_Test_Cases_Prod.What_we_offer1_TC"/>
  <testcase name="Footer" time="39.241" classname="MTL_Test_Cases_Prod.Home_URL"/>
  <testcase name="Heading11" time="51.288" classname="MTL_Test_Cases_Prod.What_we_offer1_TC"/>
  <testcase name="Heading" time="81.623" classname="MTL_Test_Cases_Prod.What_we_offer_URL_TC"/>
  <testcase name="Heading2" time="36.982" classname="MTL_Test_Cases_Prod.What_we_offer1_TC"/>
  <testcase name="Footer" time="17.297" classname="Speciality_underwriters_Test_Case_Prod.Contact_US_TC"/>
  <testcase name="Footer" time="9.202" classname="Speciality_underwriters_Test_Case_Prod.About_Us"/>
  <testcase name="Heading3" time="36.569" classname="MTL_Test_Cases_Prod.What_we_offer1_TC"/>
  <testcase name="Footer" time="35.117" classname="Speciality_underwriters_Test_Case_Prod.What_We_offer"/>
  <testcase name="Heading4" time="36.345" classname="MTL_Test_Cases_Prod.What_we_offer1_TC"/>
  <testcase name="Footer" time="17.83" classname="Speciality_underwriters_Test_Case_Prod.Home_TC"/>
  <testcase name="Heading5" time="36.7" classname="MTL_Test_Cases_Prod.What_we_offer1_TC"/>
  <testcase name="Heading6" time="35.919" classname="MTL_Test_Cases_Prod.What_we_offer1_TC"/>
  <testcase name="Heading7" time="35.325" classname="MTL_Test_Cases_Prod.What_we_offer1_TC"/>
  <testcase name="Heading8" time="35.81" classname="MTL_Test_Cases_Prod.What_we_offer1_TC"/>
  <testcase name="Heading9" time="36.206" classname="MTL_Test_Cases_Prod.What_we_offer1_TC"/>
  <testcase name="Footer" time="269.544" classname="AFL_Test_Case_Prod.What_We_offer_OutSideUs"/>
  <testcase name="Home_Page" time="112.091" classname="AFL_Test_Case_Prod.HomePage_TC"/>
  <testcase name="Footer" time="68.564" classname="AFL_Test_Case_Prod.Footer_TC"/>
  <testcase name="ContactUs_Page" time="22.773" classname="AFL_Test_Case_Prod.ContactUS_OutsideUS"/>
  <testcase name="main_Home_Page" time="24.947" classname="AFL_Test_Case_Prod.AboutUS_OutsideUS"/>
  <testcase name="HomePage_Header_login" time="7.334" classname="Credit_Global_Test_Cases_Prod.What_we_Do_TC">
    <failure type="java.lang.AssertionError" message="expected [https://cg.com/what-we-do] but found [https://www.cg.com/what-we-do]">
      <![CDATA[java.lang.AssertionError: expected [https://cg.com/what-we-do] but found [https://www.cg.com/what-we-do]
	at Credit_Global_Pages.Home_page.What_weDo_prod(Home_page.java:200)
	at Credit_Global_Test_Cases_Prod.What_we_Do_TC.HomePage_Header_login(What_we_Do_TC.java:17)
	at java.util.concurrent.ThreadPoolExecutor.runWorker(ThreadPoolExecutor.java:1149)
	at java.util.concurrent.ThreadPoolExecutor$Worker.run(ThreadPoolExecutor.java:624)
	at java.lang.Thread.run(Thread.java:748)
... Removed 15 stack frames]]>
    </failure>
  </testcase> <!-- HomePage_Header_login -->
  <testcase name="HomePage_Header_login" time="9.367" classname="Credit_Global_Test_Cases_Prod.Forgot_Password">
    <failure type="java.lang.AssertionError" message="expected [https://cg.com/resetpassword] but found [https://www.cg.com/resetpassword]">
      <![CDATA[java.lang.AssertionError: expected [https://cg.com/resetpassword] but found [https://www.cg.com/resetpassword]
	at Credit_Global_Pages.Login_page.forgot_password_prod(Login_page.java:61)
	at Credit_Global_Test_Cases_Prod.Forgot_Password.HomePage_Header_login(Forgot_Password.java:15)
	at java.util.concurrent.ThreadPoolExecutor.runWorker(ThreadPoolExecutor.java:1149)
	at java.util.concurrent.ThreadPoolExecutor$Worker.run(ThreadPoolExecutor.java:624)
	at java.lang.Thread.run(Thread.java:748)
... Removed 15 stack frames]]>
    </failure>
  </testcase> <!-- HomePage_Header_login -->
  <testcase name="HomePage_Header_ContactUS_btn" time="10.36" classname="Credit_Global_Test_Cases_Prod.Home_TC">
    <failure type="java.lang.AssertionError" message="expected [https://cg.com/contact-us] but found [https://www.cg.com/contact-us]">
      <![CDATA[java.lang.AssertionError: expected [https://cg.com/contact-us] but found [https://www.cg.com/contact-us]
	at Credit_Global_Pages.Home_page.ContactUS_btn_prod(Home_page.java:159)
	at Credit_Global_Test_Cases_Prod.Home_TC.HomePage_Header_ContactUS_btn(Home_TC.java:28)
	at java.util.concurrent.ThreadPoolExecutor.runWorker(ThreadPoolExecutor.java:1149)
	at java.util.concurrent.ThreadPoolExecutor$Worker.run(ThreadPoolExecutor.java:624)
	at java.lang.Thread.run(Thread.java:748)
... Removed 15 stack frames]]>
    </failure>
  </testcase> <!-- HomePage_Header_ContactUS_btn -->
  <testcase name="HomePage_Header_Our_approach" time="7.14" classname="Credit_Global_Test_Cases_Prod.Home_TC">
    <failure type="java.lang.AssertionError" message="expected [https://cg.com/our-approach] but found [https://www.cg.com/our-approach]">
      <![CDATA[java.lang.AssertionError: expected [https://cg.com/our-approach] but found [https://www.cg.com/our-approach]
	at Credit_Global_Pages.Home_page.Our_approach_prod(Home_page.java:180)
	at Credit_Global_Test_Cases_Prod.Home_TC.HomePage_Header_Our_approach(Home_TC.java:37)
	at java.util.concurrent.ThreadPoolExecutor.runWorker(ThreadPoolExecutor.java:1149)
	at java.util.concurrent.ThreadPoolExecutor$Worker.run(ThreadPoolExecutor.java:624)
	at java.lang.Thread.run(Thread.java:748)
... Removed 15 stack frames]]>
    </failure>
  </testcase> <!-- HomePage_Header_Our_approach -->
  <testcase name="main_Home_Page" time="21.453" classname="Adler_TestCases_Prod.Home"/>
  <testcase name="HomePage_Header_What_weDo" time="6.749" classname="Credit_Global_Test_Cases_Prod.Home_TC">
    <failure type="java.lang.AssertionError" message="expected [https://cg.com/what-we-do] but found [https://www.cg.com/what-we-do]">
      <![CDATA[java.lang.AssertionError: expected [https://cg.com/what-we-do] but found [https://www.cg.com/what-we-do]
	at Credit_Global_Pages.Home_page.What_weDo_prod(Home_page.java:200)
	at Credit_Global_Test_Cases_Prod.Home_TC.HomePage_Header_What_weDo(Home_TC.java:47)
	at java.util.concurrent.ThreadPoolExecutor.runWorker(ThreadPoolExecutor.java:1149)
	at java.util.concurrent.ThreadPoolExecutor$Worker.run(ThreadPoolExecutor.java:624)
	at java.lang.Thread.run(Thread.java:748)
... Removed 15 stack frames]]>
    </failure>
  </testcase> <!-- HomePage_Header_What_weDo -->
  <testcase name="HomePage_Header_login" time="7.627" classname="Credit_Global_Test_Cases_Prod.Home_TC">
    <failure type="java.lang.AssertionError" message="expected [https://cg.com/login] but found [https://www.cg.com/login]">
      <![CDATA[java.lang.AssertionError: expected [https://cg.com/login] but found [https://www.cg.com/login]
	at Credit_Global_Pages.Home_page.login_prod(Home_page.java:139)
	at Credit_Global_Test_Cases_Prod.Home_TC.HomePage_Header_login(Home_TC.java:19)
	at java.util.concurrent.ThreadPoolExecutor.runWorker(ThreadPoolExecutor.java:1149)
	at java.util.concurrent.ThreadPoolExecutor$Worker.run(ThreadPoolExecutor.java:624)
	at java.lang.Thread.run(Thread.java:748)
... Removed 15 stack frames]]>
    </failure>
  </testcase> <!-- HomePage_Header_login -->
  <testcase name="AUW_Facebook" time="16.838" classname="Careers_Test_case_Prod.Footer"/>
  <testcase name="AUW_Instagram" time="8.065" classname="Careers_Test_case_Prod.Footer"/>
  <testcase name="AUW_Linkedin" time="8.628" classname="Careers_Test_case_Prod.Footer"/>
  <testcase name="main_Home_Page" time="123.352" classname="Adler_TestCases_Prod.News"/>
  <testcase name="AUW_Policy" time="25.591" classname="Careers_Test_case_Prod.Footer"/>
  <testcase name="AUW_twitter" time="10.725" classname="Careers_Test_case_Prod.Footer"/>
  <testcase name="Footer" time="48.315" classname="Solution_one_Prod.Footer_Production"/>
  <testcase name="Footer_Facebook" time="25.699" classname="JumboGC_Test_case_prod.Header_footer"/>
  <testcase name="Home_page" time="32.129" classname="Warranty_Test_Case_Prod.About_US"/>
  <testcase name="Footer_Instagram" time="25.738" classname="JumboGC_Test_case_prod.Header_footer"/>
  <testcase name="ContactUS" time="38.673" classname="Warranty_Test_Case_Prod.Contact_US"/>
  <testcase name="Footer_Privacy" time="36.112" classname="JumboGC_Test_case_prod.Header_footer"/>
  <testcase name="partner" time="11.405" classname="Warranty_Test_Case_Prod.Partner_With_US"/>
  <testcase name="Footer_linkedIN" time="26.132" classname="JumboGC_Test_case_prod.Header_footer"/>
  <testcase name="Header_Login" time="20.297" classname="JumboGC_Test_case_prod.Header_footer"/>
  <testcase name="Partner1" time="12.537" classname="Warranty_Test_Case_Prod.Our_Partner">
    <failure type="org.openqa.selenium.ElementNotInteractableException" message="Element &amp;lt;li class=&amp;quot;MuiButtonBase-root MuiListItem-root MuiMenuItem-root jss249 jss250 jss12 MuiMenuItem-gutters MuiListItem-gutters MuiListItem-button&amp;quot;&amp;gt; could not be scrolled into view
Build info: version: &amp;apos;3.141.59&amp;apos;, revision: &amp;apos;e82be7d358&amp;apos;, time: &amp;apos;2018-11-14T08:17:03&amp;apos;
System info: host: &amp;apos;DESKTOP-N7K85DJ&amp;apos;, ip: &amp;apos;192.168.1.3&amp;apos;, os.name: &amp;apos;Windows 10&amp;apos;, os.arch: &amp;apos;amd64&amp;apos;, os.version: &amp;apos;10.0&amp;apos;, java.version: &amp;apos;1.8.0_291&amp;apos;
Driver info: org.openqa.selenium.firefox.FirefoxDriver
Capabilities {acceptInsecureCerts: true, browserName: firefox, browserVersion: 96.0.3, javascriptEnabled: true, moz:accessibilityChecks: false, moz:buildID: 20220126154723, moz:geckodriverVersion: 0.30.0, moz:headless: false, moz:processID: 21448, moz:profile: C:\Users\Sweta\AppData\Loca..., moz:shutdownTimeout: 60000, moz:useNonSpecCompliantPointerOrigin: false, moz:webdriverClick: true, pageLoadStrategy: normal, platform: WINDOWS, platformName: WINDOWS, platformVersion: 10.0, proxy: Proxy(), setWindowRect: true, strictFileInteractability: false, timeouts: {implicit: 0, pageLoad: 300000, script: 30000}, unhandledPromptBehavior: dismiss and notify}
Session ID: 0d5e05a7-2c4d-4853-b2bf-e02199a3991a">
      <![CDATA[org.openqa.selenium.ElementNotInteractableException: Element <li class="MuiButtonBase-root MuiListItem-root MuiMenuItem-root jss249 jss250 jss12 MuiMenuItem-gutters MuiListItem-gutters MuiListItem-button"> could not be scrolled into view
Build info: version: '3.141.59', revision: 'e82be7d358', time: '2018-11-14T08:17:03'
System info: host: 'DESKTOP-N7K85DJ', ip: '192.168.1.3', os.name: 'Windows 10', os.arch: 'amd64', os.version: '10.0', java.version: '1.8.0_291'
Driver info: org.openqa.selenium.firefox.FirefoxDriver
Capabilities {acceptInsecureCerts: true, browserName: firefox, browserVersion: 96.0.3, javascriptEnabled: true, moz:accessibilityChecks: false, moz:buildID: 20220126154723, moz:geckodriverVersion: 0.30.0, moz:headless: false, moz:processID: 21448, moz:profile: C:\Users\Sweta\AppData\Loca..., moz:shutdownTimeout: 60000, moz:useNonSpecCompliantPointerOrigin: false, moz:webdriverClick: true, pageLoadStrategy: normal, platform: WINDOWS, platformName: WINDOWS, platformVersion: 10.0, proxy: Proxy(), setWindowRect: true, strictFileInteractability: false, timeouts: {implicit: 0, pageLoad: 300000, script: 30000}, unhandledPromptBehavior: dismiss and notify}
Session ID: 0d5e05a7-2c4d-4853-b2bf-e02199a3991a
	at org.openqa.selenium.remote.http.W3CHttpResponseCodec.createException(W3CHttpResponseCodec.java:187)
	at org.openqa.selenium.remote.http.W3CHttpResponseCodec.decode(W3CHttpResponseCodec.java:122)
	at org.openqa.selenium.remote.http.W3CHttpResponseCodec.decode(W3CHttpResponseCodec.java:49)
	at org.openqa.selenium.remote.HttpCommandExecutor.execute(HttpCommandExecutor.java:158)
	at org.openqa.selenium.remote.service.DriverCommandExecutor.execute(DriverCommandExecutor.java:83)
	at org.openqa.selenium.remote.RemoteWebDriver.execute(RemoteWebDriver.java:552)
	at org.openqa.selenium.remote.RemoteWebElement.execute(RemoteWebElement.java:285)
	at org.openqa.selenium.remote.RemoteWebElement.click(RemoteWebElement.java:84)
	at Warranty_Page.Our_Partners_page.Partner1(Our_Partners_page.java:60)
	at Warranty_Test_Case_Prod.Our_Partner.Partner1(Our_Partner.java:17)
	at java.util.concurrent.ThreadPoolExecutor.runWorker(ThreadPoolExecutor.java:1149)
	at java.util.concurrent.ThreadPoolExecutor$Worker.run(ThreadPoolExecutor.java:624)
	at java.lang.Thread.run(Thread.java:748)
... Removed 14 stack frames]]>
    </failure>
  </testcase> <!-- Partner1 -->
  <testcase name="Partner2" time="12.546" classname="Warranty_Test_Case_Prod.Our_Partner">
    <failure type="org.openqa.selenium.ElementNotInteractableException" message="Element &amp;lt;li class=&amp;quot;MuiButtonBase-root MuiListItem-root MuiMenuItem-root jss79 jss80 jss12 MuiMenuItem-gutters MuiListItem-gutters MuiListItem-button&amp;quot;&amp;gt; could not be scrolled into view
Build info: version: &amp;apos;3.141.59&amp;apos;, revision: &amp;apos;e82be7d358&amp;apos;, time: &amp;apos;2018-11-14T08:17:03&amp;apos;
System info: host: &amp;apos;DESKTOP-N7K85DJ&amp;apos;, ip: &amp;apos;192.168.1.3&amp;apos;, os.name: &amp;apos;Windows 10&amp;apos;, os.arch: &amp;apos;amd64&amp;apos;, os.version: &amp;apos;10.0&amp;apos;, java.version: &amp;apos;1.8.0_291&amp;apos;
Driver info: org.openqa.selenium.firefox.FirefoxDriver
Capabilities {acceptInsecureCerts: true, browserName: firefox, browserVersion: 96.0.3, javascriptEnabled: true, moz:accessibilityChecks: false, moz:buildID: 20220126154723, moz:geckodriverVersion: 0.30.0, moz:headless: false, moz:processID: 12488, moz:profile: C:\Users\Sweta\AppData\Loca..., moz:shutdownTimeout: 60000, moz:useNonSpecCompliantPointerOrigin: false, moz:webdriverClick: true, pageLoadStrategy: normal, platform: WINDOWS, platformName: WINDOWS, platformVersion: 10.0, proxy: Proxy(), setWindowRect: true, strictFileInteractability: false, timeouts: {implicit: 0, pageLoad: 300000, script: 30000}, unhandledPromptBehavior: dismiss and notify}
Session ID: 5e89734a-1576-49c9-b254-f1ecf4b5f17f">
      <![CDATA[org.openqa.selenium.ElementNotInteractableException: Element <li class="MuiButtonBase-root MuiListItem-root MuiMenuItem-root jss79 jss80 jss12 MuiMenuItem-gutters MuiListItem-gutters MuiListItem-button"> could not be scrolled into view
Build info: version: '3.141.59', revision: 'e82be7d358', time: '2018-11-14T08:17:03'
System info: host: 'DESKTOP-N7K85DJ', ip: '192.168.1.3', os.name: 'Windows 10', os.arch: 'amd64', os.version: '10.0', java.version: '1.8.0_291'
Driver info: org.openqa.selenium.firefox.FirefoxDriver
Capabilities {acceptInsecureCerts: true, browserName: firefox, browserVersion: 96.0.3, javascriptEnabled: true, moz:accessibilityChecks: false, moz:buildID: 20220126154723, moz:geckodriverVersion: 0.30.0, moz:headless: false, moz:processID: 12488, moz:profile: C:\Users\Sweta\AppData\Loca..., moz:shutdownTimeout: 60000, moz:useNonSpecCompliantPointerOrigin: false, moz:webdriverClick: true, pageLoadStrategy: normal, platform: WINDOWS, platformName: WINDOWS, platformVersion: 10.0, proxy: Proxy(), setWindowRect: true, strictFileInteractability: false, timeouts: {implicit: 0, pageLoad: 300000, script: 30000}, unhandledPromptBehavior: dismiss and notify}
Session ID: 5e89734a-1576-49c9-b254-f1ecf4b5f17f
	at org.openqa.selenium.remote.http.W3CHttpResponseCodec.createException(W3CHttpResponseCodec.java:187)
	at org.openqa.selenium.remote.http.W3CHttpResponseCodec.decode(W3CHttpResponseCodec.java:122)
	at org.openqa.selenium.remote.http.W3CHttpResponseCodec.decode(W3CHttpResponseCodec.java:49)
	at org.openqa.selenium.remote.HttpCommandExecutor.execute(HttpCommandExecutor.java:158)
	at org.openqa.selenium.remote.service.DriverCommandExecutor.execute(DriverCommandExecutor.java:83)
	at org.openqa.selenium.remote.RemoteWebDriver.execute(RemoteWebDriver.java:552)
	at org.openqa.selenium.remote.RemoteWebElement.execute(RemoteWebElement.java:285)
	at org.openqa.selenium.remote.RemoteWebElement.click(RemoteWebElement.java:84)
	at Warranty_Page.Our_Partners_page.Partner2(Our_Partners_page.java:81)
	at Warranty_Test_Case_Prod.Our_Partner.Partner2(Our_Partner.java:32)
	at java.util.concurrent.ThreadPoolExecutor.runWorker(ThreadPoolExecutor.java:1149)
	at java.util.concurrent.ThreadPoolExecutor$Worker.run(ThreadPoolExecutor.java:624)
	at java.lang.Thread.run(Thread.java:748)
... Removed 14 stack frames]]>
    </failure>
  </testcase> <!-- Partner2 -->
  <testcase name="Partner3" time="69.748" classname="Warranty_Test_Case_Prod.Our_Partner"/>
  <testcase name="Partner4" time="69.975" classname="Warranty_Test_Case_Prod.Our_Partner"/>
  <testcase name="Home_page" time="264.249" classname="Warranty_Test_Case_Prod.HomePage_Testcase"/>
  <testcase name="Partner5" time="66.516" classname="Warranty_Test_Case_Prod.Our_Partner"/>
  <testcase name="HomePage" time="66.015" classname="Casuality_Prod_TC.Home_page"/>
  <testcase name="HomePage" time="43.908" classname="Casuality_Prod_TC.Menu_About_US"/>
  <testcase name="Partner6" time="67.049" classname="Warranty_Test_Case_Prod.Our_Partner"/>
  <testcase name="HomePage" time="21.598" classname="Casuality_Prod_TC.Menu_Contact_Us"/>
  <testcase name="Carriers" time="33.874" classname="Casuality_Prod_TC.Menu_Our_Carriers"/>
  <testcase name="HomePage" time="53.626" classname="Casuality_Prod_TC.Menu_Press_Room"/>
  <testcase name="main_Home_Page" time="46.506" classname="Pinnacle_Test_Cases_Production.HomePage_TC"/>
  <testcase name="WhatsNew" time="83.228" classname="Pinnacle_Test_Cases_Production.WatsNew"/>
</testsuite> <!-- Firefox_Prod -->
