<html>
<head>
<title>TestNG:  Firefox_Prod</title>
<link href="../testng.css" rel="stylesheet" type="text/css" />
<link href="../my-testng.css" rel="stylesheet" type="text/css" />

<style type="text/css">
.log { display: none;} 
.stack-trace { display: none;} 
</style>
<script type="text/javascript">
<!--
function flip(e) {
  current = e.style.display;
  if (current == 'block') {
    e.style.display = 'none';
    return 0;
  }
  else {
    e.style.display = 'block';
    return 1;
  }
}

function toggleBox(szDivId, elem, msg1, msg2)
{
  var res = -1;  if (document.getElementById) {
    res = flip(document.getElementById(szDivId));
  }
  else if (document.all) {
    // this is the way old msie versions work
    res = flip(document.all[szDivId]);
  }
  if(elem) {
    if(res == 0) elem.innerHTML = msg1; else elem.innerHTML = msg2;
  }

}

function toggleAllBoxes() {
  if (document.getElementsByTagName) {
    d = document.getElementsByTagName('div');
    for (i = 0; i < d.length; i++) {
      if (d[i].className == 'log') {
        flip(d[i]);
      }
    }
  }
}

// -->
</script>

</head>
<body>
<h2 align='center'>Firefox_Prod</h2><table border='1' align="center">
<tr>
<td>Tests passed/Failed/Skipped:</td><td>69/10/0</td>
</tr><tr>
<td>Started on:</td><td>Fri Feb 18 18:57:28 IST 2022</td>
</tr>
<tr><td>Total time:</td><td>2358 seconds (2358069 ms)</td>
</tr><tr>
<td>Included groups:</td><td></td>
</tr><tr>
<td>Excluded groups:</td><td></td>
</tr>
</table><p/>
<small><i>(Hover the method name to see the test class name)</i></small><p/>
<table width='100%' border='1' class='invocation-failed'>
<tr><td colspan='4' align='center'><b>FAILED TESTS</b></td></tr>
<tr><td><b>Test method</b></td>
<td width="30%"><b>Exception</b></td>
<td width="10%"><b>Time (seconds)</b></td>
<td><b>Instance</b></td>
</tr>
<tr>
<td title='AUW_Global_Test_Cases_Prod.Home_Page_TC.HomePage()'><b>HomePage</b><br>Test class: AUW_Global_Test_Cases_Prod.Home_Page_TC</td>
<td><div><pre>java.lang.AssertionError: expected [https://auw.global/about] but found [https://www.auw.global/about]
	at AUW_Global_Test_Cases_Prod.Home_Page_TC.HomePage(Home_Page_TC.java:32)
	at java.util.concurrent.ThreadPoolExecutor.runWorker(ThreadPoolExecutor.java:1149)
	at java.util.concurrent.ThreadPoolExecutor$Worker.run(ThreadPoolExecutor.java:624)
	at java.lang.Thread.run(Thread.java:748)
... Removed 15 stack frames</pre></div><a href='#' onClick='toggleBox("stack-trace1980272572", this, "Click to show all stack frames", "Click to hide stack frames")'>Click to show all stack frames</a>
<div class='stack-trace' id='stack-trace1980272572'><pre>java.lang.AssertionError: expected [https://auw.global/about] but found [https://www.auw.global/about]
	at org.testng.Assert.fail(Assert.java:94)
	at org.testng.Assert.failNotEquals(Assert.java:494)
	at org.testng.Assert.assertEquals(Assert.java:123)
	at org.testng.Assert.assertEquals(Assert.java:176)
	at org.testng.Assert.assertEquals(Assert.java:186)
	at AUW_Global_Test_Cases_Prod.Home_Page_TC.HomePage(Home_Page_TC.java:32)
	at sun.reflect.NativeMethodAccessorImpl.invoke0(Native Method)
	at sun.reflect.NativeMethodAccessorImpl.invoke(NativeMethodAccessorImpl.java:62)
	at sun.reflect.DelegatingMethodAccessorImpl.invoke(DelegatingMethodAccessorImpl.java:43)
	at java.lang.reflect.Method.invoke(Method.java:498)
	at org.testng.internal.MethodInvocationHelper.invokeMethod(MethodInvocationHelper.java:80)
	at org.testng.internal.Invoker.invokeMethod(Invoker.java:714)
	at org.testng.internal.Invoker.invokeTestMethod(Invoker.java:901)
	at org.testng.internal.Invoker.invokeTestMethods(Invoker.java:1231)
	at org.testng.internal.TestMethodWorker.invokeTestMethods(TestMethodWorker.java:127)
	at org.testng.internal.TestMethodWorker.run(TestMethodWorker.java:111)
	at java.util.concurrent.ThreadPoolExecutor.runWorker(ThreadPoolExecutor.java:1149)
	at java.util.concurrent.ThreadPoolExecutor$Worker.run(ThreadPoolExecutor.java:624)
	at java.lang.Thread.run(Thread.java:748)
</pre></div></td>
<td>2</td>
<td>AUW_Global_Test_Cases_Prod.Home_Page_TC@7f560810</td></tr>
<tr>
<td title='Credit_Global_Test_Cases_Prod.Home_TC.HomePage_Header_ContactUS_btn()'><b>HomePage_Header_ContactUS_btn</b><br>Test class: Credit_Global_Test_Cases_Prod.Home_TC</td>
<td><div><pre>java.lang.AssertionError: expected [https://cg.com/contact-us] but found [https://www.cg.com/contact-us]
	at Credit_Global_Pages.Home_page.ContactUS_btn_prod(Home_page.java:159)
	at Credit_Global_Test_Cases_Prod.Home_TC.HomePage_Header_ContactUS_btn(Home_TC.java:28)
	at java.util.concurrent.ThreadPoolExecutor.runWorker(ThreadPoolExecutor.java:1149)
	at java.util.concurrent.ThreadPoolExecutor$Worker.run(ThreadPoolExecutor.java:624)
	at java.lang.Thread.run(Thread.java:748)
... Removed 15 stack frames</pre></div><a href='#' onClick='toggleBox("stack-trace436057717", this, "Click to show all stack frames", "Click to hide stack frames")'>Click to show all stack frames</a>
<div class='stack-trace' id='stack-trace436057717'><pre>java.lang.AssertionError: expected [https://cg.com/contact-us] but found [https://www.cg.com/contact-us]
	at org.testng.Assert.fail(Assert.java:94)
	at org.testng.Assert.failNotEquals(Assert.java:494)
	at org.testng.Assert.assertEquals(Assert.java:123)
	at org.testng.Assert.assertEquals(Assert.java:176)
	at org.testng.Assert.assertEquals(Assert.java:186)
	at Credit_Global_Pages.Home_page.ContactUS_btn_prod(Home_page.java:159)
	at Credit_Global_Test_Cases_Prod.Home_TC.HomePage_Header_ContactUS_btn(Home_TC.java:28)
	at sun.reflect.NativeMethodAccessorImpl.invoke0(Native Method)
	at sun.reflect.NativeMethodAccessorImpl.invoke(NativeMethodAccessorImpl.java:62)
	at sun.reflect.DelegatingMethodAccessorImpl.invoke(DelegatingMethodAccessorImpl.java:43)
	at java.lang.reflect.Method.invoke(Method.java:498)
	at org.testng.internal.MethodInvocationHelper.invokeMethod(MethodInvocationHelper.java:80)
	at org.testng.internal.Invoker.invokeMethod(Invoker.java:714)
	at org.testng.internal.Invoker.invokeTestMethod(Invoker.java:901)
	at org.testng.internal.Invoker.invokeTestMethods(Invoker.java:1231)
	at org.testng.internal.TestMethodWorker.invokeTestMethods(TestMethodWorker.java:127)
	at org.testng.internal.TestMethodWorker.run(TestMethodWorker.java:111)
	at java.util.concurrent.ThreadPoolExecutor.runWorker(ThreadPoolExecutor.java:1149)
	at java.util.concurrent.ThreadPoolExecutor$Worker.run(ThreadPoolExecutor.java:624)
	at java.lang.Thread.run(Thread.java:748)
</pre></div></td>
<td>10</td>
<td>Credit_Global_Test_Cases_Prod.Home_TC@458ad742</td></tr>
<tr>
<td title='Credit_Global_Test_Cases_Prod.Home_TC.HomePage_Header_Our_approach()'><b>HomePage_Header_Our_approach</b><br>Test class: Credit_Global_Test_Cases_Prod.Home_TC</td>
<td><div><pre>java.lang.AssertionError: expected [https://cg.com/our-approach] but found [https://www.cg.com/our-approach]
	at Credit_Global_Pages.Home_page.Our_approach_prod(Home_page.java:180)
	at Credit_Global_Test_Cases_Prod.Home_TC.HomePage_Header_Our_approach(Home_TC.java:37)
	at java.util.concurrent.ThreadPoolExecutor.runWorker(ThreadPoolExecutor.java:1149)
	at java.util.concurrent.ThreadPoolExecutor$Worker.run(ThreadPoolExecutor.java:624)
	at java.lang.Thread.run(Thread.java:748)
... Removed 15 stack frames</pre></div><a href='#' onClick='toggleBox("stack-trace897795724", this, "Click to show all stack frames", "Click to hide stack frames")'>Click to show all stack frames</a>
<div class='stack-trace' id='stack-trace897795724'><pre>java.lang.AssertionError: expected [https://cg.com/our-approach] but found [https://www.cg.com/our-approach]
	at org.testng.Assert.fail(Assert.java:94)
	at org.testng.Assert.failNotEquals(Assert.java:494)
	at org.testng.Assert.assertEquals(Assert.java:123)
	at org.testng.Assert.assertEquals(Assert.java:176)
	at org.testng.Assert.assertEquals(Assert.java:186)
	at Credit_Global_Pages.Home_page.Our_approach_prod(Home_page.java:180)
	at Credit_Global_Test_Cases_Prod.Home_TC.HomePage_Header_Our_approach(Home_TC.java:37)
	at sun.reflect.NativeMethodAccessorImpl.invoke0(Native Method)
	at sun.reflect.NativeMethodAccessorImpl.invoke(NativeMethodAccessorImpl.java:62)
	at sun.reflect.DelegatingMethodAccessorImpl.invoke(DelegatingMethodAccessorImpl.java:43)
	at java.lang.reflect.Method.invoke(Method.java:498)
	at org.testng.internal.MethodInvocationHelper.invokeMethod(MethodInvocationHelper.java:80)
	at org.testng.internal.Invoker.invokeMethod(Invoker.java:714)
	at org.testng.internal.Invoker.invokeTestMethod(Invoker.java:901)
	at org.testng.internal.Invoker.invokeTestMethods(Invoker.java:1231)
	at org.testng.internal.TestMethodWorker.invokeTestMethods(TestMethodWorker.java:127)
	at org.testng.internal.TestMethodWorker.run(TestMethodWorker.java:111)
	at java.util.concurrent.ThreadPoolExecutor.runWorker(ThreadPoolExecutor.java:1149)
	at java.util.concurrent.ThreadPoolExecutor$Worker.run(ThreadPoolExecutor.java:624)
	at java.lang.Thread.run(Thread.java:748)
</pre></div></td>
<td>7</td>
<td>Credit_Global_Test_Cases_Prod.Home_TC@458ad742</td></tr>
<tr>
<td title='Credit_Global_Test_Cases_Prod.Home_TC.HomePage_Header_What_weDo()'><b>HomePage_Header_What_weDo</b><br>Test class: Credit_Global_Test_Cases_Prod.Home_TC</td>
<td><div><pre>java.lang.AssertionError: expected [https://cg.com/what-we-do] but found [https://www.cg.com/what-we-do]
	at Credit_Global_Pages.Home_page.What_weDo_prod(Home_page.java:200)
	at Credit_Global_Test_Cases_Prod.Home_TC.HomePage_Header_What_weDo(Home_TC.java:47)
	at java.util.concurrent.ThreadPoolExecutor.runWorker(ThreadPoolExecutor.java:1149)
	at java.util.concurrent.ThreadPoolExecutor$Worker.run(ThreadPoolExecutor.java:624)
	at java.lang.Thread.run(Thread.java:748)
... Removed 15 stack frames</pre></div><a href='#' onClick='toggleBox("stack-trace1024365627", this, "Click to show all stack frames", "Click to hide stack frames")'>Click to show all stack frames</a>
<div class='stack-trace' id='stack-trace1024365627'><pre>java.lang.AssertionError: expected [https://cg.com/what-we-do] but found [https://www.cg.com/what-we-do]
	at org.testng.Assert.fail(Assert.java:94)
	at org.testng.Assert.failNotEquals(Assert.java:494)
	at org.testng.Assert.assertEquals(Assert.java:123)
	at org.testng.Assert.assertEquals(Assert.java:176)
	at org.testng.Assert.assertEquals(Assert.java:186)
	at Credit_Global_Pages.Home_page.What_weDo_prod(Home_page.java:200)
	at Credit_Global_Test_Cases_Prod.Home_TC.HomePage_Header_What_weDo(Home_TC.java:47)
	at sun.reflect.NativeMethodAccessorImpl.invoke0(Native Method)
	at sun.reflect.NativeMethodAccessorImpl.invoke(NativeMethodAccessorImpl.java:62)
	at sun.reflect.DelegatingMethodAccessorImpl.invoke(DelegatingMethodAccessorImpl.java:43)
	at java.lang.reflect.Method.invoke(Method.java:498)
	at org.testng.internal.MethodInvocationHelper.invokeMethod(MethodInvocationHelper.java:80)
	at org.testng.internal.Invoker.invokeMethod(Invoker.java:714)
	at org.testng.internal.Invoker.invokeTestMethod(Invoker.java:901)
	at org.testng.internal.Invoker.invokeTestMethods(Invoker.java:1231)
	at org.testng.internal.TestMethodWorker.invokeTestMethods(TestMethodWorker.java:127)
	at org.testng.internal.TestMethodWorker.run(TestMethodWorker.java:111)
	at java.util.concurrent.ThreadPoolExecutor.runWorker(ThreadPoolExecutor.java:1149)
	at java.util.concurrent.ThreadPoolExecutor$Worker.run(ThreadPoolExecutor.java:624)
	at java.lang.Thread.run(Thread.java:748)
</pre></div></td>
<td>6</td>
<td>Credit_Global_Test_Cases_Prod.Home_TC@458ad742</td></tr>
<tr>
<td title='Credit_Global_Test_Cases_Prod.What_we_Do_TC.HomePage_Header_login()'><b>HomePage_Header_login</b><br>Test class: Credit_Global_Test_Cases_Prod.What_we_Do_TC</td>
<td><div><pre>java.lang.AssertionError: expected [https://cg.com/what-we-do] but found [https://www.cg.com/what-we-do]
	at Credit_Global_Pages.Home_page.What_weDo_prod(Home_page.java:200)
	at Credit_Global_Test_Cases_Prod.What_we_Do_TC.HomePage_Header_login(What_we_Do_TC.java:17)
	at java.util.concurrent.ThreadPoolExecutor.runWorker(ThreadPoolExecutor.java:1149)
	at java.util.concurrent.ThreadPoolExecutor$Worker.run(ThreadPoolExecutor.java:624)
	at java.lang.Thread.run(Thread.java:748)
... Removed 15 stack frames</pre></div><a href='#' onClick='toggleBox("stack-trace1979069659", this, "Click to show all stack frames", "Click to hide stack frames")'>Click to show all stack frames</a>
<div class='stack-trace' id='stack-trace1979069659'><pre>java.lang.AssertionError: expected [https://cg.com/what-we-do] but found [https://www.cg.com/what-we-do]
	at org.testng.Assert.fail(Assert.java:94)
	at org.testng.Assert.failNotEquals(Assert.java:494)
	at org.testng.Assert.assertEquals(Assert.java:123)
	at org.testng.Assert.assertEquals(Assert.java:176)
	at org.testng.Assert.assertEquals(Assert.java:186)
	at Credit_Global_Pages.Home_page.What_weDo_prod(Home_page.java:200)
	at Credit_Global_Test_Cases_Prod.What_we_Do_TC.HomePage_Header_login(What_we_Do_TC.java:17)
	at sun.reflect.NativeMethodAccessorImpl.invoke0(Native Method)
	at sun.reflect.NativeMethodAccessorImpl.invoke(NativeMethodAccessorImpl.java:62)
	at sun.reflect.DelegatingMethodAccessorImpl.invoke(DelegatingMethodAccessorImpl.java:43)
	at java.lang.reflect.Method.invoke(Method.java:498)
	at org.testng.internal.MethodInvocationHelper.invokeMethod(MethodInvocationHelper.java:80)
	at org.testng.internal.Invoker.invokeMethod(Invoker.java:714)
	at org.testng.internal.Invoker.invokeTestMethod(Invoker.java:901)
	at org.testng.internal.Invoker.invokeTestMethods(Invoker.java:1231)
	at org.testng.internal.TestMethodWorker.invokeTestMethods(TestMethodWorker.java:127)
	at org.testng.internal.TestMethodWorker.run(TestMethodWorker.java:111)
	at java.util.concurrent.ThreadPoolExecutor.runWorker(ThreadPoolExecutor.java:1149)
	at java.util.concurrent.ThreadPoolExecutor$Worker.run(ThreadPoolExecutor.java:624)
	at java.lang.Thread.run(Thread.java:748)
</pre></div></td>
<td>7</td>
<td>Credit_Global_Test_Cases_Prod.What_we_Do_TC@6a024a67</td></tr>
<tr>
<td title='Credit_Global_Test_Cases_Prod.Forgot_Password.HomePage_Header_login()'><b>HomePage_Header_login</b><br>Test class: Credit_Global_Test_Cases_Prod.Forgot_Password</td>
<td><div><pre>java.lang.AssertionError: expected [https://cg.com/resetpassword] but found [https://www.cg.com/resetpassword]
	at Credit_Global_Pages.Login_page.forgot_password_prod(Login_page.java:61)
	at Credit_Global_Test_Cases_Prod.Forgot_Password.HomePage_Header_login(Forgot_Password.java:15)
	at java.util.concurrent.ThreadPoolExecutor.runWorker(ThreadPoolExecutor.java:1149)
	at java.util.concurrent.ThreadPoolExecutor$Worker.run(ThreadPoolExecutor.java:624)
	at java.lang.Thread.run(Thread.java:748)
... Removed 15 stack frames</pre></div><a href='#' onClick='toggleBox("stack-trace1917383644", this, "Click to show all stack frames", "Click to hide stack frames")'>Click to show all stack frames</a>
<div class='stack-trace' id='stack-trace1917383644'><pre>java.lang.AssertionError: expected [https://cg.com/resetpassword] but found [https://www.cg.com/resetpassword]
	at org.testng.Assert.fail(Assert.java:94)
	at org.testng.Assert.failNotEquals(Assert.java:494)
	at org.testng.Assert.assertEquals(Assert.java:123)
	at org.testng.Assert.assertEquals(Assert.java:176)
	at org.testng.Assert.assertEquals(Assert.java:186)
	at Credit_Global_Pages.Login_page.forgot_password_prod(Login_page.java:61)
	at Credit_Global_Test_Cases_Prod.Forgot_Password.HomePage_Header_login(Forgot_Password.java:15)
	at sun.reflect.NativeMethodAccessorImpl.invoke0(Native Method)
	at sun.reflect.NativeMethodAccessorImpl.invoke(NativeMethodAccessorImpl.java:62)
	at sun.reflect.DelegatingMethodAccessorImpl.invoke(DelegatingMethodAccessorImpl.java:43)
	at java.lang.reflect.Method.invoke(Method.java:498)
	at org.testng.internal.MethodInvocationHelper.invokeMethod(MethodInvocationHelper.java:80)
	at org.testng.internal.Invoker.invokeMethod(Invoker.java:714)
	at org.testng.internal.Invoker.invokeTestMethod(Invoker.java:901)
	at org.testng.internal.Invoker.invokeTestMethods(Invoker.java:1231)
	at org.testng.internal.TestMethodWorker.invokeTestMethods(TestMethodWorker.java:127)
	at org.testng.internal.TestMethodWorker.run(TestMethodWorker.java:111)
	at java.util.concurrent.ThreadPoolExecutor.runWorker(ThreadPoolExecutor.java:1149)
	at java.util.concurrent.ThreadPoolExecutor$Worker.run(ThreadPoolExecutor.java:624)
	at java.lang.Thread.run(Thread.java:748)
</pre></div></td>
<td>9</td>
<td>Credit_Global_Test_Cases_Prod.Forgot_Password@7ca48474</td></tr>
<tr>
<td title='Credit_Global_Test_Cases_Prod.Home_TC.HomePage_Header_login()'><b>HomePage_Header_login</b><br>Test class: Credit_Global_Test_Cases_Prod.Home_TC</td>
<td><div><pre>java.lang.AssertionError: expected [https://cg.com/login] but found [https://www.cg.com/login]
	at Credit_Global_Pages.Home_page.login_prod(Home_page.java:139)
	at Credit_Global_Test_Cases_Prod.Home_TC.HomePage_Header_login(Home_TC.java:19)
	at java.util.concurrent.ThreadPoolExecutor.runWorker(ThreadPoolExecutor.java:1149)
	at java.util.concurrent.ThreadPoolExecutor$Worker.run(ThreadPoolExecutor.java:624)
	at java.lang.Thread.run(Thread.java:748)
... Removed 15 stack frames</pre></div><a href='#' onClick='toggleBox("stack-trace144853356", this, "Click to show all stack frames", "Click to hide stack frames")'>Click to show all stack frames</a>
<div class='stack-trace' id='stack-trace144853356'><pre>java.lang.AssertionError: expected [https://cg.com/login] but found [https://www.cg.com/login]
	at org.testng.Assert.fail(Assert.java:94)
	at org.testng.Assert.failNotEquals(Assert.java:494)
	at org.testng.Assert.assertEquals(Assert.java:123)
	at org.testng.Assert.assertEquals(Assert.java:176)
	at org.testng.Assert.assertEquals(Assert.java:186)
	at Credit_Global_Pages.Home_page.login_prod(Home_page.java:139)
	at Credit_Global_Test_Cases_Prod.Home_TC.HomePage_Header_login(Home_TC.java:19)
	at sun.reflect.NativeMethodAccessorImpl.invoke0(Native Method)
	at sun.reflect.NativeMethodAccessorImpl.invoke(NativeMethodAccessorImpl.java:62)
	at sun.reflect.DelegatingMethodAccessorImpl.invoke(DelegatingMethodAccessorImpl.java:43)
	at java.lang.reflect.Method.invoke(Method.java:498)
	at org.testng.internal.MethodInvocationHelper.invokeMethod(MethodInvocationHelper.java:80)
	at org.testng.internal.Invoker.invokeMethod(Invoker.java:714)
	at org.testng.internal.Invoker.invokeTestMethod(Invoker.java:901)
	at org.testng.internal.Invoker.invokeTestMethods(Invoker.java:1231)
	at org.testng.internal.TestMethodWorker.invokeTestMethods(TestMethodWorker.java:127)
	at org.testng.internal.TestMethodWorker.run(TestMethodWorker.java:111)
	at java.util.concurrent.ThreadPoolExecutor.runWorker(ThreadPoolExecutor.java:1149)
	at java.util.concurrent.ThreadPoolExecutor$Worker.run(ThreadPoolExecutor.java:624)
	at java.lang.Thread.run(Thread.java:748)
</pre></div></td>
<td>7</td>
<td>Credit_Global_Test_Cases_Prod.Home_TC@458ad742</td></tr>
<tr>
<td title='Warranty_Test_Case_Prod.Our_Partner.Partner1()'><b>Partner1</b><br>Test class: Warranty_Test_Case_Prod.Our_Partner</td>
<td><div><pre>org.openqa.selenium.ElementNotInteractableException: Element &lt;li class=&quot;MuiButtonBase-root MuiListItem-root MuiMenuItem-root jss249 jss250 jss12 MuiMenuItem-gutters MuiListItem-gutters MuiListItem-button&quot;&gt; could not be scrolled into view
Build info: version: &apos;3.141.59&apos;, revision: &apos;e82be7d358&apos;, time: &apos;2018-11-14T08:17:03&apos;
System info: host: &apos;DESKTOP-N7K85DJ&apos;, ip: &apos;192.168.1.3&apos;, os.name: &apos;Windows 10&apos;, os.arch: &apos;amd64&apos;, os.version: &apos;10.0&apos;, java.version: &apos;1.8.0_291&apos;
Driver info: org.openqa.selenium.firefox.FirefoxDriver
Capabilities {acceptInsecureCerts: true, browserName: firefox, browserVersion: 96.0.3, javascriptEnabled: true, moz:accessibilityChecks: false, moz:buildID: 20220126154723, moz:geckodriverVersion: 0.30.0, moz:headless: false, moz:processID: 21448, moz:profile: C:\Users\Sweta\AppData\Loca..., moz:shutdownTimeout: 60000, moz:useNonSpecCompliantPointerOrigin: false, moz:webdriverClick: true, pageLoadStrategy: normal, platform: WINDOWS, platformName: WINDOWS, platformVersion: 10.0, proxy: Proxy(), setWindowRect: true, strictFileInteractability: false, timeouts: {implicit: 0, pageLoad: 300000, script: 30000}, unhandledPromptBehavior: dismiss and notify}
Session ID: 0d5e05a7-2c4d-4853-b2bf-e02199a3991a
	at org.openqa.selenium.remote.http.W3CHttpResponseCodec.createException(W3CHttpResponseCodec.java:187)
	at org.openqa.selenium.remote.http.W3CHttpResponseCodec.decode(W3CHttpResponseCodec.java:122)
	at org.openqa.selenium.remote.http.W3CHttpResponseCodec.decode(W3CHttpResponseCodec.java:49)
	at org.openqa.selenium.remote.HttpCommandExecutor.execute(HttpCommandExecutor.java:158)
	at org.openqa.selenium.remote.service.DriverCommandExecutor.execute(DriverCommandExecutor.java:83)
	at org.openqa.selenium.remote.RemoteWebDriver.execute(RemoteWebDriver.java:552)
	at org.openqa.selenium.remote.RemoteWebElement.execute(RemoteWebElement.java:285)
	at org.openqa.selenium.remote.RemoteWebElement.click(RemoteWebElement.java:84)
	at Warranty_Page.Our_Partners_page.Partner1(Our_Partners_page.java:60)
	at Warranty_Test_Case_Prod.Our_Partner.Partner1(Our_Partner.java:17)
	at java.util.concurrent.ThreadPoolExecutor.runWorker(ThreadPoolExecutor.java:1149)
	at java.util.concurrent.ThreadPoolExecutor$Worker.run(ThreadPoolExecutor.java:624)
	at java.lang.Thread.run(Thread.java:748)
... Removed 14 stack frames</pre></div><a href='#' onClick='toggleBox("stack-trace509722210", this, "Click to show all stack frames", "Click to hide stack frames")'>Click to show all stack frames</a>
<div class='stack-trace' id='stack-trace509722210'><pre>org.openqa.selenium.ElementNotInteractableException: Element &lt;li class=&quot;MuiButtonBase-root MuiListItem-root MuiMenuItem-root jss249 jss250 jss12 MuiMenuItem-gutters MuiListItem-gutters MuiListItem-button&quot;&gt; could not be scrolled into view
Build info: version: &apos;3.141.59&apos;, revision: &apos;e82be7d358&apos;, time: &apos;2018-11-14T08:17:03&apos;
System info: host: &apos;DESKTOP-N7K85DJ&apos;, ip: &apos;192.168.1.3&apos;, os.name: &apos;Windows 10&apos;, os.arch: &apos;amd64&apos;, os.version: &apos;10.0&apos;, java.version: &apos;1.8.0_291&apos;
Driver info: org.openqa.selenium.firefox.FirefoxDriver
Capabilities {acceptInsecureCerts: true, browserName: firefox, browserVersion: 96.0.3, javascriptEnabled: true, moz:accessibilityChecks: false, moz:buildID: 20220126154723, moz:geckodriverVersion: 0.30.0, moz:headless: false, moz:processID: 21448, moz:profile: C:\Users\Sweta\AppData\Loca..., moz:shutdownTimeout: 60000, moz:useNonSpecCompliantPointerOrigin: false, moz:webdriverClick: true, pageLoadStrategy: normal, platform: WINDOWS, platformName: WINDOWS, platformVersion: 10.0, proxy: Proxy(), setWindowRect: true, strictFileInteractability: false, timeouts: {implicit: 0, pageLoad: 300000, script: 30000}, unhandledPromptBehavior: dismiss and notify}
Session ID: 0d5e05a7-2c4d-4853-b2bf-e02199a3991a
	at sun.reflect.NativeConstructorAccessorImpl.newInstance0(Native Method)
	at sun.reflect.NativeConstructorAccessorImpl.newInstance(NativeConstructorAccessorImpl.java:62)
	at sun.reflect.DelegatingConstructorAccessorImpl.newInstance(DelegatingConstructorAccessorImpl.java:45)
	at java.lang.reflect.Constructor.newInstance(Constructor.java:423)
	at org.openqa.selenium.remote.http.W3CHttpResponseCodec.createException(W3CHttpResponseCodec.java:187)
	at org.openqa.selenium.remote.http.W3CHttpResponseCodec.decode(W3CHttpResponseCodec.java:122)
	at org.openqa.selenium.remote.http.W3CHttpResponseCodec.decode(W3CHttpResponseCodec.java:49)
	at org.openqa.selenium.remote.HttpCommandExecutor.execute(HttpCommandExecutor.java:158)
	at org.openqa.selenium.remote.service.DriverCommandExecutor.execute(DriverCommandExecutor.java:83)
	at org.openqa.selenium.remote.RemoteWebDriver.execute(RemoteWebDriver.java:552)
	at org.openqa.selenium.remote.RemoteWebElement.execute(RemoteWebElement.java:285)
	at org.openqa.selenium.remote.RemoteWebElement.click(RemoteWebElement.java:84)
	at Warranty_Page.Our_Partners_page.Partner1(Our_Partners_page.java:60)
	at Warranty_Test_Case_Prod.Our_Partner.Partner1(Our_Partner.java:17)
	at sun.reflect.NativeMethodAccessorImpl.invoke0(Native Method)
	at sun.reflect.NativeMethodAccessorImpl.invoke(NativeMethodAccessorImpl.java:62)
	at sun.reflect.DelegatingMethodAccessorImpl.invoke(DelegatingMethodAccessorImpl.java:43)
	at java.lang.reflect.Method.invoke(Method.java:498)
	at org.testng.internal.MethodInvocationHelper.invokeMethod(MethodInvocationHelper.java:80)
	at org.testng.internal.Invoker.invokeMethod(Invoker.java:714)
	at org.testng.internal.Invoker.invokeTestMethod(Invoker.java:901)
	at org.testng.internal.Invoker.invokeTestMethods(Invoker.java:1231)
	at org.testng.internal.TestMethodWorker.invokeTestMethods(TestMethodWorker.java:127)
	at org.testng.internal.TestMethodWorker.run(TestMethodWorker.java:111)
	at java.util.concurrent.ThreadPoolExecutor.runWorker(ThreadPoolExecutor.java:1149)
	at java.util.concurrent.ThreadPoolExecutor$Worker.run(ThreadPoolExecutor.java:624)
	at java.lang.Thread.run(Thread.java:748)
</pre></div></td>
<td>12</td>
<td>Warranty_Test_Case_Prod.Our_Partner@26f67b76</td></tr>
<tr>
<td title='Warranty_Test_Case_Prod.Our_Partner.Partner2()'><b>Partner2</b><br>Test class: Warranty_Test_Case_Prod.Our_Partner</td>
<td><div><pre>org.openqa.selenium.ElementNotInteractableException: Element &lt;li class=&quot;MuiButtonBase-root MuiListItem-root MuiMenuItem-root jss79 jss80 jss12 MuiMenuItem-gutters MuiListItem-gutters MuiListItem-button&quot;&gt; could not be scrolled into view
Build info: version: &apos;3.141.59&apos;, revision: &apos;e82be7d358&apos;, time: &apos;2018-11-14T08:17:03&apos;
System info: host: &apos;DESKTOP-N7K85DJ&apos;, ip: &apos;192.168.1.3&apos;, os.name: &apos;Windows 10&apos;, os.arch: &apos;amd64&apos;, os.version: &apos;10.0&apos;, java.version: &apos;1.8.0_291&apos;
Driver info: org.openqa.selenium.firefox.FirefoxDriver
Capabilities {acceptInsecureCerts: true, browserName: firefox, browserVersion: 96.0.3, javascriptEnabled: true, moz:accessibilityChecks: false, moz:buildID: 20220126154723, moz:geckodriverVersion: 0.30.0, moz:headless: false, moz:processID: 12488, moz:profile: C:\Users\Sweta\AppData\Loca..., moz:shutdownTimeout: 60000, moz:useNonSpecCompliantPointerOrigin: false, moz:webdriverClick: true, pageLoadStrategy: normal, platform: WINDOWS, platformName: WINDOWS, platformVersion: 10.0, proxy: Proxy(), setWindowRect: true, strictFileInteractability: false, timeouts: {implicit: 0, pageLoad: 300000, script: 30000}, unhandledPromptBehavior: dismiss and notify}
Session ID: 5e89734a-1576-49c9-b254-f1ecf4b5f17f
	at org.openqa.selenium.remote.http.W3CHttpResponseCodec.createException(W3CHttpResponseCodec.java:187)
	at org.openqa.selenium.remote.http.W3CHttpResponseCodec.decode(W3CHttpResponseCodec.java:122)
	at org.openqa.selenium.remote.http.W3CHttpResponseCodec.decode(W3CHttpResponseCodec.java:49)
	at org.openqa.selenium.remote.HttpCommandExecutor.execute(HttpCommandExecutor.java:158)
	at org.openqa.selenium.remote.service.DriverCommandExecutor.execute(DriverCommandExecutor.java:83)
	at org.openqa.selenium.remote.RemoteWebDriver.execute(RemoteWebDriver.java:552)
	at org.openqa.selenium.remote.RemoteWebElement.execute(RemoteWebElement.java:285)
	at org.openqa.selenium.remote.RemoteWebElement.click(RemoteWebElement.java:84)
	at Warranty_Page.Our_Partners_page.Partner2(Our_Partners_page.java:81)
	at Warranty_Test_Case_Prod.Our_Partner.Partner2(Our_Partner.java:32)
	at java.util.concurrent.ThreadPoolExecutor.runWorker(ThreadPoolExecutor.java:1149)
	at java.util.concurrent.ThreadPoolExecutor$Worker.run(ThreadPoolExecutor.java:624)
	at java.lang.Thread.run(Thread.java:748)
... Removed 14 stack frames</pre></div><a href='#' onClick='toggleBox("stack-trace188543178", this, "Click to show all stack frames", "Click to hide stack frames")'>Click to show all stack frames</a>
<div class='stack-trace' id='stack-trace188543178'><pre>org.openqa.selenium.ElementNotInteractableException: Element &lt;li class=&quot;MuiButtonBase-root MuiListItem-root MuiMenuItem-root jss79 jss80 jss12 MuiMenuItem-gutters MuiListItem-gutters MuiListItem-button&quot;&gt; could not be scrolled into view
Build info: version: &apos;3.141.59&apos;, revision: &apos;e82be7d358&apos;, time: &apos;2018-11-14T08:17:03&apos;
System info: host: &apos;DESKTOP-N7K85DJ&apos;, ip: &apos;192.168.1.3&apos;, os.name: &apos;Windows 10&apos;, os.arch: &apos;amd64&apos;, os.version: &apos;10.0&apos;, java.version: &apos;1.8.0_291&apos;
Driver info: org.openqa.selenium.firefox.FirefoxDriver
Capabilities {acceptInsecureCerts: true, browserName: firefox, browserVersion: 96.0.3, javascriptEnabled: true, moz:accessibilityChecks: false, moz:buildID: 20220126154723, moz:geckodriverVersion: 0.30.0, moz:headless: false, moz:processID: 12488, moz:profile: C:\Users\Sweta\AppData\Loca..., moz:shutdownTimeout: 60000, moz:useNonSpecCompliantPointerOrigin: false, moz:webdriverClick: true, pageLoadStrategy: normal, platform: WINDOWS, platformName: WINDOWS, platformVersion: 10.0, proxy: Proxy(), setWindowRect: true, strictFileInteractability: false, timeouts: {implicit: 0, pageLoad: 300000, script: 30000}, unhandledPromptBehavior: dismiss and notify}
Session ID: 5e89734a-1576-49c9-b254-f1ecf4b5f17f
	at sun.reflect.NativeConstructorAccessorImpl.newInstance0(Native Method)
	at sun.reflect.NativeConstructorAccessorImpl.newInstance(NativeConstructorAccessorImpl.java:62)
	at sun.reflect.DelegatingConstructorAccessorImpl.newInstance(DelegatingConstructorAccessorImpl.java:45)
	at java.lang.reflect.Constructor.newInstance(Constructor.java:423)
	at org.openqa.selenium.remote.http.W3CHttpResponseCodec.createException(W3CHttpResponseCodec.java:187)
	at org.openqa.selenium.remote.http.W3CHttpResponseCodec.decode(W3CHttpResponseCodec.java:122)
	at org.openqa.selenium.remote.http.W3CHttpResponseCodec.decode(W3CHttpResponseCodec.java:49)
	at org.openqa.selenium.remote.HttpCommandExecutor.execute(HttpCommandExecutor.java:158)
	at org.openqa.selenium.remote.service.DriverCommandExecutor.execute(DriverCommandExecutor.java:83)
	at org.openqa.selenium.remote.RemoteWebDriver.execute(RemoteWebDriver.java:552)
	at org.openqa.selenium.remote.RemoteWebElement.execute(RemoteWebElement.java:285)
	at org.openqa.selenium.remote.RemoteWebElement.click(RemoteWebElement.java:84)
	at Warranty_Page.Our_Partners_page.Partner2(Our_Partners_page.java:81)
	at Warranty_Test_Case_Prod.Our_Partner.Partner2(Our_Partner.java:32)
	at sun.reflect.NativeMethodAccessorImpl.invoke0(Native Method)
	at sun.reflect.NativeMethodAccessorImpl.invoke(NativeMethodAccessorImpl.java:62)
	at sun.reflect.DelegatingMethodAccessorImpl.invoke(DelegatingMethodAccessorImpl.java:43)
	at java.lang.reflect.Method.invoke(Method.java:498)
	at org.testng.internal.MethodInvocationHelper.invokeMethod(MethodInvocationHelper.java:80)
	at org.testng.internal.Invoker.invokeMethod(Invoker.java:714)
	at org.testng.internal.Invoker.invokeTestMethod(Invoker.java:901)
	at org.testng.internal.Invoker.invokeTestMethods(Invoker.java:1231)
	at org.testng.internal.TestMethodWorker.invokeTestMethods(TestMethodWorker.java:127)
	at org.testng.internal.TestMethodWorker.run(TestMethodWorker.java:111)
	at java.util.concurrent.ThreadPoolExecutor.runWorker(ThreadPoolExecutor.java:1149)
	at java.util.concurrent.ThreadPoolExecutor$Worker.run(ThreadPoolExecutor.java:624)
	at java.lang.Thread.run(Thread.java:748)
</pre></div></td>
<td>12</td>
<td>Warranty_Test_Case_Prod.Our_Partner@26f67b76</td></tr>
<tr>
<td title='AUW_Test_case_prod.Practices_CustomerSeekingCoverage.Practices_CustomerSeekingCoverage()'><b>Practices_CustomerSeekingCoverage</b><br>Test class: AUW_Test_case_prod.Practices_CustomerSeekingCoverage</td>
<td><div><pre>org.openqa.selenium.NoSuchElementException: Unable to locate element: (//*[text()=&apos;Learn More&apos;])[5]
For documentation on this error, please visit: https://www.seleniumhq.org/exceptions/no_such_element.html
Build info: version: &apos;3.141.59&apos;, revision: &apos;e82be7d358&apos;, time: &apos;2018-11-14T08:17:03&apos;
System info: host: &apos;DESKTOP-N7K85DJ&apos;, ip: &apos;192.168.1.3&apos;, os.name: &apos;Windows 10&apos;, os.arch: &apos;amd64&apos;, os.version: &apos;10.0&apos;, java.version: &apos;1.8.0_291&apos;
Driver info: org.openqa.selenium.firefox.FirefoxDriver
Capabilities {acceptInsecureCerts: true, browserName: firefox, browserVersion: 96.0.3, javascriptEnabled: true, moz:accessibilityChecks: false, moz:buildID: 20220126154723, moz:geckodriverVersion: 0.30.0, moz:headless: false, moz:processID: 19344, moz:profile: C:\Users\Sweta\AppData\Loca..., moz:shutdownTimeout: 60000, moz:useNonSpecCompliantPointerOrigin: false, moz:webdriverClick: true, pageLoadStrategy: normal, platform: WINDOWS, platformName: WINDOWS, platformVersion: 10.0, proxy: Proxy(), setWindowRect: true, strictFileInteractability: false, timeouts: {implicit: 0, pageLoad: 300000, script: 30000}, unhandledPromptBehavior: dismiss and notify}
Session ID: bb2a678a-dae3-4d0c-a4fe-361e9f093283
*** Element info: {Using=xpath, value=(//*[text()=&apos;Learn More&apos;])[5]}
	at org.openqa.selenium.remote.http.W3CHttpResponseCodec.createException(W3CHttpResponseCodec.java:187)
	at org.openqa.selenium.remote.http.W3CHttpResponseCodec.decode(W3CHttpResponseCodec.java:122)
	at org.openqa.selenium.remote.http.W3CHttpResponseCodec.decode(W3CHttpResponseCodec.java:49)
	at org.openqa.selenium.remote.HttpCommandExecutor.execute(HttpCommandExecutor.java:158)
	at org.openqa.selenium.remote.service.DriverCommandExecutor.execute(DriverCommandExecutor.java:83)
	at org.openqa.selenium.remote.RemoteWebDriver.execute(RemoteWebDriver.java:552)
	at org.openqa.selenium.remote.RemoteWebDriver.findElement(RemoteWebDriver.java:323)
	at org.openqa.selenium.remote.RemoteWebDriver.findElementByXPath(RemoteWebDriver.java:428)
	at org.openqa.selenium.By$ByXPath.findElement(By.java:353)
	at org.openqa.selenium.remote.RemoteWebDriver.findElement(RemoteWebDriver.java:315)
	at AUW_Pages.Practices_customerSeekingCoverage_prod.CustomerSeekingCoverage_Heading5(Practices_customerSeekingCoverage_prod.java:360)
	at AUW_Test_case_prod.Practices_CustomerSeekingCoverage.Practices_CustomerSeekingCoverage(Practices_CustomerSeekingCoverage.java:35)
	at java.util.concurrent.ThreadPoolExecutor.runWorker(ThreadPoolExecutor.java:1149)
	at java.util.concurrent.ThreadPoolExecutor$Worker.run(ThreadPoolExecutor.java:624)
	at java.lang.Thread.run(Thread.java:748)
... Removed 14 stack frames</pre></div><a href='#' onClick='toggleBox("stack-trace148956733", this, "Click to show all stack frames", "Click to hide stack frames")'>Click to show all stack frames</a>
<div class='stack-trace' id='stack-trace148956733'><pre>org.openqa.selenium.NoSuchElementException: Unable to locate element: (//*[text()=&apos;Learn More&apos;])[5]
For documentation on this error, please visit: https://www.seleniumhq.org/exceptions/no_such_element.html
Build info: version: &apos;3.141.59&apos;, revision: &apos;e82be7d358&apos;, time: &apos;2018-11-14T08:17:03&apos;
System info: host: &apos;DESKTOP-N7K85DJ&apos;, ip: &apos;192.168.1.3&apos;, os.name: &apos;Windows 10&apos;, os.arch: &apos;amd64&apos;, os.version: &apos;10.0&apos;, java.version: &apos;1.8.0_291&apos;
Driver info: org.openqa.selenium.firefox.FirefoxDriver
Capabilities {acceptInsecureCerts: true, browserName: firefox, browserVersion: 96.0.3, javascriptEnabled: true, moz:accessibilityChecks: false, moz:buildID: 20220126154723, moz:geckodriverVersion: 0.30.0, moz:headless: false, moz:processID: 19344, moz:profile: C:\Users\Sweta\AppData\Loca..., moz:shutdownTimeout: 60000, moz:useNonSpecCompliantPointerOrigin: false, moz:webdriverClick: true, pageLoadStrategy: normal, platform: WINDOWS, platformName: WINDOWS, platformVersion: 10.0, proxy: Proxy(), setWindowRect: true, strictFileInteractability: false, timeouts: {implicit: 0, pageLoad: 300000, script: 30000}, unhandledPromptBehavior: dismiss and notify}
Session ID: bb2a678a-dae3-4d0c-a4fe-361e9f093283
*** Element info: {Using=xpath, value=(//*[text()=&apos;Learn More&apos;])[5]}
	at sun.reflect.NativeConstructorAccessorImpl.newInstance0(Native Method)
	at sun.reflect.NativeConstructorAccessorImpl.newInstance(NativeConstructorAccessorImpl.java:62)
	at sun.reflect.DelegatingConstructorAccessorImpl.newInstance(DelegatingConstructorAccessorImpl.java:45)
	at java.lang.reflect.Constructor.newInstance(Constructor.java:423)
	at org.openqa.selenium.remote.http.W3CHttpResponseCodec.createException(W3CHttpResponseCodec.java:187)
	at org.openqa.selenium.remote.http.W3CHttpResponseCodec.decode(W3CHttpResponseCodec.java:122)
	at org.openqa.selenium.remote.http.W3CHttpResponseCodec.decode(W3CHttpResponseCodec.java:49)
	at org.openqa.selenium.remote.HttpCommandExecutor.execute(HttpCommandExecutor.java:158)
	at org.openqa.selenium.remote.service.DriverCommandExecutor.execute(DriverCommandExecutor.java:83)
	at org.openqa.selenium.remote.RemoteWebDriver.execute(RemoteWebDriver.java:552)
	at org.openqa.selenium.remote.RemoteWebDriver.findElement(RemoteWebDriver.java:323)
	at org.openqa.selenium.remote.RemoteWebDriver.findElementByXPath(RemoteWebDriver.java:428)
	at org.openqa.selenium.By$ByXPath.findElement(By.java:353)
	at org.openqa.selenium.remote.RemoteWebDriver.findElement(RemoteWebDriver.java:315)
	at AUW_Pages.Practices_customerSeekingCoverage_prod.CustomerSeekingCoverage_Heading5(Practices_customerSeekingCoverage_prod.java:360)
	at AUW_Test_case_prod.Practices_CustomerSeekingCoverage.Practices_CustomerSeekingCoverage(Practices_CustomerSeekingCoverage.java:35)
	at sun.reflect.NativeMethodAccessorImpl.invoke0(Native Method)
	at sun.reflect.NativeMethodAccessorImpl.invoke(NativeMethodAccessorImpl.java:62)
	at sun.reflect.DelegatingMethodAccessorImpl.invoke(DelegatingMethodAccessorImpl.java:43)
	at java.lang.reflect.Method.invoke(Method.java:498)
	at org.testng.internal.MethodInvocationHelper.invokeMethod(MethodInvocationHelper.java:80)
	at org.testng.internal.Invoker.invokeMethod(Invoker.java:714)
	at org.testng.internal.Invoker.invokeTestMethod(Invoker.java:901)
	at org.testng.internal.Invoker.invokeTestMethods(Invoker.java:1231)
	at org.testng.internal.TestMethodWorker.invokeTestMethods(TestMethodWorker.java:127)
	at org.testng.internal.TestMethodWorker.run(TestMethodWorker.java:111)
	at java.util.concurrent.ThreadPoolExecutor.runWorker(ThreadPoolExecutor.java:1149)
	at java.util.concurrent.ThreadPoolExecutor$Worker.run(ThreadPoolExecutor.java:624)
	at java.lang.Thread.run(Thread.java:748)
</pre></div></td>
<td>185</td>
<td>AUW_Test_case_prod.Practices_CustomerSeekingCoverage@6574b225</td></tr>
</table><p>
<table width='100%' border='1' class='invocation-passed'>
<tr><td colspan='4' align='center'><b>PASSED TESTS</b></td></tr>
<tr><td><b>Test method</b></td>
<td width="30%"><b>Exception</b></td>
<td width="10%"><b>Time (seconds)</b></td>
<td><b>Instance</b></td>
</tr>
<tr>
<td title='Careers_Test_case_Prod.Footer.AUW_Facebook()'><b>AUW_Facebook</b><br>Test class: Careers_Test_case_Prod.Footer</td>
<td></td>
<td>16</td>
<td>Careers_Test_case_Prod.Footer@737996a0</td></tr>
<tr>
<td title='AUW_Test_case_prod.AUW_Footer_Prod.AUW_Footer()'><b>AUW_Footer</b><br>Test class: AUW_Test_case_prod.AUW_Footer_Prod</td>
<td></td>
<td>73</td>
<td>AUW_Test_case_prod.AUW_Footer_Prod@7946e1f4</td></tr>
<tr>
<td title='Careers_Test_case_Prod.Footer.AUW_Instagram()'><b>AUW_Instagram</b><br>Test class: Careers_Test_case_Prod.Footer</td>
<td></td>
<td>8</td>
<td>Careers_Test_case_Prod.Footer@737996a0</td></tr>
<tr>
<td title='Careers_Test_case_Prod.Footer.AUW_Linkedin()'><b>AUW_Linkedin</b><br>Test class: Careers_Test_case_Prod.Footer</td>
<td></td>
<td>8</td>
<td>Careers_Test_case_Prod.Footer@737996a0</td></tr>
<tr>
<td title='Careers_Test_case_Prod.Footer.AUW_Policy()'><b>AUW_Policy</b><br>Test class: Careers_Test_case_Prod.Footer</td>
<td></td>
<td>25</td>
<td>Careers_Test_case_Prod.Footer@737996a0</td></tr>
<tr>
<td title='Careers_Test_case_Prod.Footer.AUW_twitter()'><b>AUW_twitter</b><br>Test class: Careers_Test_case_Prod.Footer</td>
<td></td>
<td>10</td>
<td>Careers_Test_case_Prod.Footer@737996a0</td></tr>
<tr>
<td title='AUW_Test_case_prod.AUW_AboutUS.AboutUS()'><b>AboutUS</b><br>Test class: AUW_Test_case_prod.AUW_AboutUS</td>
<td></td>
<td>65</td>
<td>AUW_Test_case_prod.AUW_AboutUS@6a2bcfcb</td></tr>
<tr>
<td title='Casuality_Prod_TC.Menu_Our_Carriers.Carriers()'><b>Carriers</b><br>Test class: Casuality_Prod_TC.Menu_Our_Carriers</td>
<td></td>
<td>33</td>
<td>Casuality_Prod_TC.Menu_Our_Carriers@50f8360d</td></tr>
<tr>
<td title='Promesa_Test_Case_Prod.Change_language.Change_Language()'><b>Change_Language</b><br>Test class: Promesa_Test_Case_Prod.Change_language</td>
<td></td>
<td>2</td>
<td>Promesa_Test_Case_Prod.Change_language@5056dfcb</td></tr>
<tr>
<td title='Warranty_Test_Case_Prod.Contact_US.ContactUS()'><b>ContactUS</b><br>Test class: Warranty_Test_Case_Prod.Contact_US</td>
<td></td>
<td>38</td>
<td>Warranty_Test_Case_Prod.Contact_US@48eff760</td></tr>
<tr>
<td title='AFL_Test_Case_Prod.ContactUS_OutsideUS.ContactUs_Page()'><b>ContactUs_Page</b><br>Test class: AFL_Test_Case_Prod.ContactUS_OutsideUS</td>
<td></td>
<td>22</td>
<td>AFL_Test_Case_Prod.ContactUS_OutsideUS@9f70c54</td></tr>
<tr>
<td title='MTL_Test_Cases_Prod.Home_URL.Footer()'><b>Footer</b><br>Test class: MTL_Test_Cases_Prod.Home_URL</td>
<td></td>
<td>39</td>
<td>MTL_Test_Cases_Prod.Home_URL@7921b0a2</td></tr>
<tr>
<td title='Speciality_underwriters_Test_Case_Prod.Contact_US_TC.Footer()'><b>Footer</b><br>Test class: Speciality_underwriters_Test_Case_Prod.Contact_US_TC</td>
<td></td>
<td>17</td>
<td>Speciality_underwriters_Test_Case_Prod.Contact_US_TC@402f32ff</td></tr>
<tr>
<td title='Speciality_underwriters_Test_Case_Prod.About_Us.Footer()'><b>Footer</b><br>Test class: Speciality_underwriters_Test_Case_Prod.About_Us</td>
<td></td>
<td>9</td>
<td>Speciality_underwriters_Test_Case_Prod.About_Us@61a485d2</td></tr>
<tr>
<td title='Speciality_underwriters_Test_Case_Prod.What_We_offer.Footer()'><b>Footer</b><br>Test class: Speciality_underwriters_Test_Case_Prod.What_We_offer</td>
<td></td>
<td>35</td>
<td>Speciality_underwriters_Test_Case_Prod.What_We_offer@3c756e4d</td></tr>
<tr>
<td title='Speciality_underwriters_Test_Case_Prod.Home_TC.Footer()'><b>Footer</b><br>Test class: Speciality_underwriters_Test_Case_Prod.Home_TC</td>
<td></td>
<td>17</td>
<td>Speciality_underwriters_Test_Case_Prod.Home_TC@234bef66</td></tr>
<tr>
<td title='AFL_Test_Case_Prod.What_We_offer_OutSideUs.Footer()'><b>Footer</b><br>Test class: AFL_Test_Case_Prod.What_We_offer_OutSideUs</td>
<td></td>
<td>269</td>
<td>AFL_Test_Case_Prod.What_We_offer_OutSideUs@b97c004</td></tr>
<tr>
<td title='AFL_Test_Case_Prod.Footer_TC.Footer()'><b>Footer</b><br>Test class: AFL_Test_Case_Prod.Footer_TC</td>
<td></td>
<td>68</td>
<td>AFL_Test_Case_Prod.Footer_TC@4590c9c3</td></tr>
<tr>
<td title='Solution_one_Prod.Footer_Production.Footer()'><b>Footer</b><br>Test class: Solution_one_Prod.Footer_Production</td>
<td></td>
<td>48</td>
<td>Solution_one_Prod.Footer_Production@5cc7c2a6</td></tr>
<tr>
<td title='JumboGC_Test_case_prod.Header_footer.Footer_Facebook()'><b>Footer_Facebook</b><br>Test class: JumboGC_Test_case_prod.Header_footer</td>
<td></td>
<td>25</td>
<td>JumboGC_Test_case_prod.Header_footer@13c78c0b</td></tr>
<tr>
<td title='JumboGC_Test_case_prod.Header_footer.Footer_Instagram()'><b>Footer_Instagram</b><br>Test class: JumboGC_Test_case_prod.Header_footer</td>
<td></td>
<td>25</td>
<td>JumboGC_Test_case_prod.Header_footer@13c78c0b</td></tr>
<tr>
<td title='JumboGC_Test_case_prod.Header_footer.Footer_Privacy()'><b>Footer_Privacy</b><br>Test class: JumboGC_Test_case_prod.Header_footer</td>
<td></td>
<td>36</td>
<td>JumboGC_Test_case_prod.Header_footer@13c78c0b</td></tr>
<tr>
<td title='Promesa_Test_Case_Prod.Footer.Footer_PrivacyPolicy()'><b>Footer_PrivacyPolicy</b><br>Test class: Promesa_Test_Case_Prod.Footer</td>
<td></td>
<td>20</td>
<td>Promesa_Test_Case_Prod.Footer@2096442d</td></tr>
<tr>
<td title='Promesa_Test_Case_Prod.Footer.Footer_facebook()'><b>Footer_facebook</b><br>Test class: Promesa_Test_Case_Prod.Footer</td>
<td></td>
<td>19</td>
<td>Promesa_Test_Case_Prod.Footer@2096442d</td></tr>
<tr>
<td title='Promesa_Test_Case_Prod.Footer.Footer_instagram()'><b>Footer_instagram</b><br>Test class: Promesa_Test_Case_Prod.Footer</td>
<td></td>
<td>6</td>
<td>Promesa_Test_Case_Prod.Footer@2096442d</td></tr>
<tr>
<td title='JumboGC_Test_case_prod.Header_footer.Footer_linkedIN()'><b>Footer_linkedIN</b><br>Test class: JumboGC_Test_case_prod.Header_footer</td>
<td></td>
<td>26</td>
<td>JumboGC_Test_case_prod.Header_footer@13c78c0b</td></tr>
<tr>
<td title='Promesa_Test_Case_Prod.Footer.Footer_linkedin()'><b>Footer_linkedin</b><br>Test class: Promesa_Test_Case_Prod.Footer</td>
<td></td>
<td>6</td>
<td>Promesa_Test_Case_Prod.Footer@2096442d</td></tr>
<tr>
<td title='Promesa_Test_Case_Prod.Footer.Footer_twitter()'><b>Footer_twitter</b><br>Test class: Promesa_Test_Case_Prod.Footer</td>
<td></td>
<td>7</td>
<td>Promesa_Test_Case_Prod.Footer@2096442d</td></tr>
<tr>
<td title='JumboGC_Test_case_prod.Header_footer.Header_Login()'><b>Header_Login</b><br>Test class: JumboGC_Test_case_prod.Header_footer</td>
<td></td>
<td>20</td>
<td>JumboGC_Test_case_prod.Header_footer@13c78c0b</td></tr>
<tr>
<td title='MTL_Test_Cases_Prod.What_we_offer_URL_TC.Heading()'><b>Heading</b><br>Test class: MTL_Test_Cases_Prod.What_we_offer_URL_TC</td>
<td></td>
<td>81</td>
<td>MTL_Test_Cases_Prod.What_we_offer_URL_TC@59e84876</td></tr>
<tr>
<td title='MTL_Test_Cases_Prod.What_we_offer1_TC.Heading1()'><b>Heading1</b><br>Test class: MTL_Test_Cases_Prod.What_we_offer1_TC</td>
<td></td>
<td>33</td>
<td>MTL_Test_Cases_Prod.What_we_offer1_TC@6ea12c19</td></tr>
<tr>
<td title='MTL_Test_Cases_Prod.What_we_offer1_TC.Heading10()'><b>Heading10</b><br>Test class: MTL_Test_Cases_Prod.What_we_offer1_TC</td>
<td></td>
<td>37</td>
<td>MTL_Test_Cases_Prod.What_we_offer1_TC@6ea12c19</td></tr>
<tr>
<td title='MTL_Test_Cases_Prod.What_we_offer1_TC.Heading11()'><b>Heading11</b><br>Test class: MTL_Test_Cases_Prod.What_we_offer1_TC</td>
<td></td>
<td>51</td>
<td>MTL_Test_Cases_Prod.What_we_offer1_TC@6ea12c19</td></tr>
<tr>
<td title='MTL_Test_Cases_Prod.What_we_offer1_TC.Heading2()'><b>Heading2</b><br>Test class: MTL_Test_Cases_Prod.What_we_offer1_TC</td>
<td></td>
<td>36</td>
<td>MTL_Test_Cases_Prod.What_we_offer1_TC@6ea12c19</td></tr>
<tr>
<td title='MTL_Test_Cases_Prod.What_we_offer1_TC.Heading3()'><b>Heading3</b><br>Test class: MTL_Test_Cases_Prod.What_we_offer1_TC</td>
<td></td>
<td>36</td>
<td>MTL_Test_Cases_Prod.What_we_offer1_TC@6ea12c19</td></tr>
<tr>
<td title='MTL_Test_Cases_Prod.What_we_offer1_TC.Heading4()'><b>Heading4</b><br>Test class: MTL_Test_Cases_Prod.What_we_offer1_TC</td>
<td></td>
<td>36</td>
<td>MTL_Test_Cases_Prod.What_we_offer1_TC@6ea12c19</td></tr>
<tr>
<td title='MTL_Test_Cases_Prod.What_we_offer1_TC.Heading5()'><b>Heading5</b><br>Test class: MTL_Test_Cases_Prod.What_we_offer1_TC</td>
<td></td>
<td>36</td>
<td>MTL_Test_Cases_Prod.What_we_offer1_TC@6ea12c19</td></tr>
<tr>
<td title='MTL_Test_Cases_Prod.What_we_offer1_TC.Heading6()'><b>Heading6</b><br>Test class: MTL_Test_Cases_Prod.What_we_offer1_TC</td>
<td></td>
<td>35</td>
<td>MTL_Test_Cases_Prod.What_we_offer1_TC@6ea12c19</td></tr>
<tr>
<td title='MTL_Test_Cases_Prod.What_we_offer1_TC.Heading7()'><b>Heading7</b><br>Test class: MTL_Test_Cases_Prod.What_we_offer1_TC</td>
<td></td>
<td>35</td>
<td>MTL_Test_Cases_Prod.What_we_offer1_TC@6ea12c19</td></tr>
<tr>
<td title='MTL_Test_Cases_Prod.What_we_offer1_TC.Heading8()'><b>Heading8</b><br>Test class: MTL_Test_Cases_Prod.What_we_offer1_TC</td>
<td></td>
<td>35</td>
<td>MTL_Test_Cases_Prod.What_we_offer1_TC@6ea12c19</td></tr>
<tr>
<td title='MTL_Test_Cases_Prod.What_we_offer1_TC.Heading9()'><b>Heading9</b><br>Test class: MTL_Test_Cases_Prod.What_we_offer1_TC</td>
<td></td>
<td>36</td>
<td>MTL_Test_Cases_Prod.What_we_offer1_TC@6ea12c19</td></tr>
<tr>
<td title='Casuality_Prod_TC.Home_page.HomePage()'><b>HomePage</b><br>Test class: Casuality_Prod_TC.Home_page</td>
<td></td>
<td>66</td>
<td>Casuality_Prod_TC.Home_page@3dd3bcd</td></tr>
<tr>
<td title='Casuality_Prod_TC.Menu_About_US.HomePage()'><b>HomePage</b><br>Test class: Casuality_Prod_TC.Menu_About_US</td>
<td></td>
<td>43</td>
<td>Casuality_Prod_TC.Menu_About_US@735b478</td></tr>
<tr>
<td title='Casuality_Prod_TC.Menu_Contact_Us.HomePage()'><b>HomePage</b><br>Test class: Casuality_Prod_TC.Menu_Contact_Us</td>
<td></td>
<td>21</td>
<td>Casuality_Prod_TC.Menu_Contact_Us@531be3c5</td></tr>
<tr>
<td title='Casuality_Prod_TC.Menu_Press_Room.HomePage()'><b>HomePage</b><br>Test class: Casuality_Prod_TC.Menu_Press_Room</td>
<td></td>
<td>53</td>
<td>Casuality_Prod_TC.Menu_Press_Room@2669b199</td></tr>
<tr>
<td title='AFL_Test_Case_Prod.HomePage_TC.Home_Page()'><b>Home_Page</b><br>Test class: AFL_Test_Case_Prod.HomePage_TC</td>
<td></td>
<td>112</td>
<td>AFL_Test_Case_Prod.HomePage_TC@6276ae34</td></tr>
<tr>
<td title='Warranty_Test_Case_Prod.About_US.Home_page()'><b>Home_page</b><br>Test class: Warranty_Test_Case_Prod.About_US</td>
<td></td>
<td>32</td>
<td>Warranty_Test_Case_Prod.About_US@5afa04c</td></tr>
<tr>
<td title='Warranty_Test_Case_Prod.HomePage_Testcase.Home_page()'><b>Home_page</b><br>Test class: Warranty_Test_Case_Prod.HomePage_Testcase</td>
<td></td>
<td>264</td>
<td>Warranty_Test_Case_Prod.HomePage_Testcase@66d2e7d9</td></tr>
<tr>
<td title='AUW_Global_Test_Cases_Prod.LearnMore_TC.LearnMore()'><b>LearnMore</b><br>Test class: AUW_Global_Test_Cases_Prod.LearnMore_TC</td>
<td></td>
<td>15</td>
<td>AUW_Global_Test_Cases_Prod.LearnMore_TC@97e1986</td></tr>
<tr>
<td title='MTL_Test_Cases_Prod.More_offers_TC.More_offers()'><b>More_offers</b><br>Test class: MTL_Test_Cases_Prod.More_offers_TC</td>
<td></td>
<td>32</td>
<td>MTL_Test_Cases_Prod.More_offers_TC@32e6e9c3</td></tr>
<tr>
<td title='Warranty_Test_Case_Prod.Our_Partner.Partner3()'><b>Partner3</b><br>Test class: Warranty_Test_Case_Prod.Our_Partner</td>
<td></td>
<td>69</td>
<td>Warranty_Test_Case_Prod.Our_Partner@26f67b76</td></tr>
<tr>
<td title='Warranty_Test_Case_Prod.Our_Partner.Partner4()'><b>Partner4</b><br>Test class: Warranty_Test_Case_Prod.Our_Partner</td>
<td></td>
<td>69</td>
<td>Warranty_Test_Case_Prod.Our_Partner@26f67b76</td></tr>
<tr>
<td title='Warranty_Test_Case_Prod.Our_Partner.Partner5()'><b>Partner5</b><br>Test class: Warranty_Test_Case_Prod.Our_Partner</td>
<td></td>
<td>66</td>
<td>Warranty_Test_Case_Prod.Our_Partner@26f67b76</td></tr>
<tr>
<td title='Warranty_Test_Case_Prod.Our_Partner.Partner6()'><b>Partner6</b><br>Test class: Warranty_Test_Case_Prod.Our_Partner</td>
<td></td>
<td>67</td>
<td>Warranty_Test_Case_Prod.Our_Partner@26f67b76</td></tr>
<tr>
<td title='AUW_Test_case_prod.Practices_AgentsBrokers.Practices_AgentsBrokers()'><b>Practices_AgentsBrokers</b><br>Test class: AUW_Test_case_prod.Practices_AgentsBrokers</td>
<td></td>
<td>54</td>
<td>AUW_Test_case_prod.Practices_AgentsBrokers@52af6cff</td></tr>
<tr>
<td title='Promesa_Test_Case_Prod.Pharmacy_search.Side_Heading_One()'><b>Side_Heading_One</b><br>Test class: Promesa_Test_Case_Prod.Pharmacy_search</td>
<td></td>
<td>123</td>
<td>Promesa_Test_Case_Prod.Pharmacy_search@1efbd816</td></tr>
<tr>
<td title='Pinnacle_Test_Cases_Production.WatsNew.WhatsNew()'><b>WhatsNew</b><br>Test class: Pinnacle_Test_Cases_Production.WatsNew</td>
<td></td>
<td>83</td>
<td>Pinnacle_Test_Cases_Production.WatsNew@174d20a</td></tr>
<tr>
<td title='AUW_Test_case_prod.AUW_CallUpdate.main()'><b>main</b><br>Test class: AUW_Test_case_prod.AUW_CallUpdate</td>
<td></td>
<td>40</td>
<td>AUW_Test_case_prod.AUW_CallUpdate@69d9c55</td></tr>
<tr>
<td title='AUW_Test_case_prod.AUW_Intelligence_TC.main()'><b>main</b><br>Test class: AUW_Test_case_prod.AUW_Intelligence_TC</td>
<td></td>
<td>85</td>
<td>AUW_Test_case_prod.AUW_Intelligence_TC@39fb3ab6</td></tr>
<tr>
<td title='AUW_Test_case_prod.AUW_NJ_Update.main()'><b>main</b><br>Test class: AUW_Test_case_prod.AUW_NJ_Update</td>
<td></td>
<td>40</td>
<td>AUW_Test_case_prod.AUW_NJ_Update@3c09711b</td></tr>
<tr>
<td title='AUW_Test_case_prod.AUW_Heartwood.main()'><b>main</b><br>Test class: AUW_Test_case_prod.AUW_Heartwood</td>
<td></td>
<td>59</td>
<td>AUW_Test_case_prod.AUW_Heartwood@13a57a3b</td></tr>
<tr>
<td title='AUW_Test_case_prod.AUW_header_web_Prod.main()'><b>main</b><br>Test class: AUW_Test_case_prod.AUW_header_web_Prod</td>
<td></td>
<td>48</td>
<td>AUW_Test_case_prod.AUW_header_web_Prod@2cb4c3ab</td></tr>
<tr>
<td title='AUW_Test_case_prod.AUW_PPP.main()'><b>main</b><br>Test class: AUW_Test_case_prod.AUW_PPP</td>
<td></td>
<td>16</td>
<td>AUW_Test_case_prod.AUW_PPP@61dc03ce</td></tr>
<tr>
<td title='AUW_Test_case_prod.AUW_Experience.main()'><b>main</b><br>Test class: AUW_Test_case_prod.AUW_Experience</td>
<td></td>
<td>303</td>
<td>AUW_Test_case_prod.AUW_Experience@4de8b406</td></tr>
<tr>
<td title='AFL_Test_Case_Prod.AboutUS_OutsideUS.main_Home_Page()'><b>main_Home_Page</b><br>Test class: AFL_Test_Case_Prod.AboutUS_OutsideUS</td>
<td></td>
<td>24</td>
<td>AFL_Test_Case_Prod.AboutUS_OutsideUS@153f5a29</td></tr>
<tr>
<td title='Adler_TestCases_Prod.Home.main_Home_Page()'><b>main_Home_Page</b><br>Test class: Adler_TestCases_Prod.Home</td>
<td></td>
<td>21</td>
<td>Adler_TestCases_Prod.Home@7c0e2abd</td></tr>
<tr>
<td title='Adler_TestCases_Prod.News.main_Home_Page()'><b>main_Home_Page</b><br>Test class: Adler_TestCases_Prod.News</td>
<td></td>
<td>123</td>
<td>Adler_TestCases_Prod.News@2c9f9fb0</td></tr>
<tr>
<td title='Pinnacle_Test_Cases_Production.HomePage_TC.main_Home_Page()'><b>main_Home_Page</b><br>Test class: Pinnacle_Test_Cases_Production.HomePage_TC</td>
<td></td>
<td>46</td>
<td>Pinnacle_Test_Cases_Production.HomePage_TC@2344fc66</td></tr>
<tr>
<td title='Warranty_Test_Case_Prod.Partner_With_US.partner()'><b>partner</b><br>Test class: Warranty_Test_Case_Prod.Partner_With_US</td>
<td></td>
<td>11</td>
<td>Warranty_Test_Case_Prod.Partner_With_US@12843fce</td></tr>
</table><p>
</body>
</html>