<?xml version="1.0" encoding="UTF-8"?>
<!-- Generated by org.testng.reporters.JUnitXMLReporter -->
<testsuite hostname="DESKTOP-N7K85DJ" name="Chrome_Prod(failed)" tests="4" failures="1" timestamp="2 May 2022 11:30:08 GMT" time="176.137" errors="0">
  <testcase name="More_button" time="90.615" classname="AUW_Global_Test_Cases_Prod.Home_More"/>
  <testcase name="WhatweOffer_tab1" time="120.84" classname="AFL_Test_Case_Prod.What_We_offer_OutSideUs">
    <failure type="java.lang.AssertionError" message="Failure message expected [true] but found [false]">
      <![CDATA[java.lang.AssertionError: Failure message expected [true] but found [false]
	at AFL_Pages.What_we_offer.Heading_one_Tab1_OutsideUS(What_we_offer.java:233)
	at AFL_Test_Case_Prod.What_We_offer_OutSideUs.WhatweOffer_tab1(What_We_offer_OutSideUs.java:19)
	at java.util.concurrent.ThreadPoolExecutor.runWorker(ThreadPoolExecutor.java:1149)
	at java.util.concurrent.ThreadPoolExecutor$Worker.run(ThreadPoolExecutor.java:624)
	at java.lang.Thread.run(Thread.java:748)
... Removed 13 stack frames]]>
    </failure>
  </testcase> <!-- WhatweOffer_tab1 -->
  <testcase name="Practices_AgentsBrokers" time="132.762" classname="AUW_Test_case_prod.Practices_AgentsBrokers"/>
  <testcase name="Home_Page" time="160.22" classname="AFL_Test_Case_Prod.HomePage_TC"/>
</testsuite> <!-- Chrome_Prod(failed) -->
