<?xml version="1.0" encoding="UTF-8"?>
<!-- Generated by org.testng.reporters.JUnitXMLReporter -->
<testsuite hostname="DESKTOP-N7K85DJ" name="Carrer_ChromeTest_Development" tests="2" failures="0" timestamp="29 Sep 2021 11:33:00 GMT" time="3.361" errors="0">
  <testcase name="@BeforeMethod setupApplication" time="0.0" classname="Test_case_Development.Side_Heading1">
    <failure type="org.openqa.selenium.SessionNotCreatedException" message="session not created: This version of ChromeDriver only supports Chrome version 92
Current browser version is 94.0.4606.61 with binary path C:\Program Files\Google\Chrome\Application\chrome.exe
Build info: version: &amp;apos;3.141.59&amp;apos;, revision: &amp;apos;e82be7d358&amp;apos;, time: &amp;apos;2018-11-14T08:17:03&amp;apos;
System info: host: &amp;apos;DESKTOP-N7K85DJ&amp;apos;, ip: &amp;apos;192.168.1.4&amp;apos;, os.name: &amp;apos;Windows 10&amp;apos;, os.arch: &amp;apos;amd64&amp;apos;, os.version: &amp;apos;10.0&amp;apos;, java.version: &amp;apos;1.8.0_301&amp;apos;
Driver info: driver.version: ChromeDriver
remote stacktrace: Backtrace:
	Ordinal0 [0x00A32A33+2501171]
	Ordinal0 [0x009CD1C1+2085313]
	Ordinal0 [0x008D1FA8+1056680]
	Ordinal0 [0x008F020A+1180170]
	Ordinal0 [0x008EC125+1163557]
	Ordinal0 [0x008E997F+1153407]
	Ordinal0 [0x0091999F+1350047]
	Ordinal0 [0x0091960A+1349130]
	Ordinal0 [0x0091551B+1332507]
	Ordinal0 [0x008F1D74+1187188]
	Ordinal0 [0x008F2BD9+1190873]
	GetHandleVerifier [0x00BAEFE6+1504438]
	GetHandleVerifier [0x00C5DDA5+2220661]
	GetHandleVerifier [0x00AB5589+481881]
	GetHandleVerifier [0x00AB4639+477961]
	Ordinal0 [0x009D28BD+2107581]
	Ordinal0 [0x009D6728+2123560]
	Ordinal0 [0x009D6862+2123874]
	Ordinal0 [0x009DFA81+2161281]
	BaseThreadInitThunk [0x7706FA29+25]
	RtlGetAppContainerNamedObjectPath [0x772D7A9E+286]
	RtlGetAppContainerNamedObjectPath [0x772D7A6E+238]
">
      <![CDATA[org.openqa.selenium.SessionNotCreatedException: session not created: This version of ChromeDriver only supports Chrome version 92
Current browser version is 94.0.4606.61 with binary path C:\Program Files\Google\Chrome\Application\chrome.exe
Build info: version: '3.141.59', revision: 'e82be7d358', time: '2018-11-14T08:17:03'
System info: host: 'DESKTOP-N7K85DJ', ip: '192.168.1.4', os.name: 'Windows 10', os.arch: 'amd64', os.version: '10.0', java.version: '1.8.0_301'
Driver info: driver.version: ChromeDriver
remote stacktrace: Backtrace:
	Ordinal0 [0x00A32A33+2501171]
	Ordinal0 [0x009CD1C1+2085313]
	Ordinal0 [0x008D1FA8+1056680]
	Ordinal0 [0x008F020A+1180170]
	Ordinal0 [0x008EC125+1163557]
	Ordinal0 [0x008E997F+1153407]
	Ordinal0 [0x0091999F+1350047]
	Ordinal0 [0x0091960A+1349130]
	Ordinal0 [0x0091551B+1332507]
	Ordinal0 [0x008F1D74+1187188]
	Ordinal0 [0x008F2BD9+1190873]
	GetHandleVerifier [0x00BAEFE6+1504438]
	GetHandleVerifier [0x00C5DDA5+2220661]
	GetHandleVerifier [0x00AB5589+481881]
	GetHandleVerifier [0x00AB4639+477961]
	Ordinal0 [0x009D28BD+2107581]
	Ordinal0 [0x009D6728+2123560]
	Ordinal0 [0x009D6862+2123874]
	Ordinal0 [0x009DFA81+2161281]
	BaseThreadInitThunk [0x7706FA29+25]
	RtlGetAppContainerNamedObjectPath [0x772D7A9E+286]
	RtlGetAppContainerNamedObjectPath [0x772D7A6E+238]

	at org.openqa.selenium.remote.W3CHandshakeResponse.lambda$errorHandler$0(W3CHandshakeResponse.java:62)
	at org.openqa.selenium.remote.HandshakeResponse.lambda$getResponseFunction$0(HandshakeResponse.java:30)
	at org.openqa.selenium.remote.ProtocolHandshake.lambda$createSession$0(ProtocolHandshake.java:126)
	at java.util.stream.ReferencePipeline$3$1.accept(Unknown Source)
	at java.util.Spliterators$ArraySpliterator.tryAdvance(Unknown Source)
	at java.util.stream.ReferencePipeline.forEachWithCancel(Unknown Source)
	at java.util.stream.AbstractPipeline.copyIntoWithCancel(Unknown Source)
	at java.util.stream.AbstractPipeline.copyInto(Unknown Source)
	at java.util.stream.AbstractPipeline.wrapAndCopyInto(Unknown Source)
	at java.util.stream.FindOps$FindOp.evaluateSequential(Unknown Source)
	at java.util.stream.AbstractPipeline.evaluate(Unknown Source)
	at java.util.stream.ReferencePipeline.findFirst(Unknown Source)
	at org.openqa.selenium.remote.ProtocolHandshake.createSession(ProtocolHandshake.java:128)
	at org.openqa.selenium.remote.ProtocolHandshake.createSession(ProtocolHandshake.java:74)
	at org.openqa.selenium.remote.HttpCommandExecutor.execute(HttpCommandExecutor.java:136)
	at org.openqa.selenium.remote.service.DriverCommandExecutor.execute(DriverCommandExecutor.java:83)
	at org.openqa.selenium.remote.RemoteWebDriver.execute(RemoteWebDriver.java:552)
	at org.openqa.selenium.remote.RemoteWebDriver.startSession(RemoteWebDriver.java:213)
	at org.openqa.selenium.remote.RemoteWebDriver.<init>(RemoteWebDriver.java:131)
	at org.openqa.selenium.chrome.ChromeDriver.<init>(ChromeDriver.java:181)
	at org.openqa.selenium.chrome.ChromeDriver.<init>(ChromeDriver.java:168)
	at org.openqa.selenium.chrome.ChromeDriver.<init>(ChromeDriver.java:123)
	at Test_case_Development.Base_class.setupApplication(Base_class.java:78)
... Removed 30 stack frames]]>
    </failure>
  </testcase> <!-- @BeforeMethod setupApplication -->
  <testcase name="@AfterMethod tearDown" time="0.0" classname="Test_case_Development.Side_Heading1">
    <skipped/>
  </testcase> <!-- @AfterMethod tearDown -->
  <testcase name="@BeforeMethod setupApplication" time="0.0" classname="Test_case_Development.Footer">
    <skipped/>
  </testcase> <!-- @BeforeMethod setupApplication -->
  <testcase name="@AfterMethod tearDown" time="0.0" classname="Test_case_Development.Footer">
    <skipped/>
  </testcase> <!-- @AfterMethod tearDown -->
  <testcase name="Side_Heading" time="0.001" classname="Test_case_Development.Side_Heading1">
    <skipped/>
  </testcase> <!-- Side_Heading -->
  <testcase name="AUW_Footer" time="0.002" classname="Test_case_Development.Footer">
    <skipped/>
  </testcase> <!-- AUW_Footer -->
</testsuite> <!-- Carrer_ChromeTest_Development -->
