<?xml version="1.0" encoding="UTF-8"?>
<!-- Generated by org.testng.reporters.JUnitXMLReporter -->
<testsuite hostname="DESKTOP-N7K85DJ" name="Default test" tests="1" failures="0" timestamp="2 Aug 2021 09:05:38 GMT" time="4.913" errors="0">
  <testcase name="@BeforeMethod setupApplication" time="0.0" classname="Test_case_prod.AUW_AboutUS">
    <failure type="org.openqa.selenium.SessionNotCreatedException" message="session not created: This version of ChromeDriver only supports Chrome version 90
Current browser version is 92.0.4515.107 with binary path C:\Program Files\Google\Chrome\Application\chrome.exe
Build info: version: &amp;apos;3.141.59&amp;apos;, revision: &amp;apos;e82be7d358&amp;apos;, time: &amp;apos;2018-11-14T08:17:03&amp;apos;
System info: host: &amp;apos;DESKTOP-N7K85DJ&amp;apos;, ip: &amp;apos;192.168.1.8&amp;apos;, os.name: &amp;apos;Windows 10&amp;apos;, os.arch: &amp;apos;amd64&amp;apos;, os.version: &amp;apos;10.0&amp;apos;, java.version: &amp;apos;1.8.0_301&amp;apos;
Driver info: driver.version: ChromeDriver
remote stacktrace: Backtrace:
	Ordinal0 [0x00C1C013+2474003]
	Ordinal0 [0x00BB29C1+2042305]
	Ordinal0 [0x00AC2F68+1060712]
	Ordinal0 [0x00AE188E+1185934]
	Ordinal0 [0x00ADD600+1168896]
	Ordinal0 [0x00ADAA83+1157763]
	Ordinal0 [0x00B0A2A2+1352354]
	Ordinal0 [0x00B08FAA+1347498]
	Ordinal0 [0x00B066DB+1337051]
	Ordinal0 [0x00AE3427+1192999]
	Ordinal0 [0x00AE42EE+1196782]
	Ordinal0 [0x00AE4279+1196665]
	GetHandleVerifier [0x00DA96FC+1590332]
	GetHandleVerifier [0x00E58614+2306900]
	GetHandleVerifier [0x00CA9E93+543699]
	GetHandleVerifier [0x00CA92CE+540686]
	Ordinal0 [0x00BB86BA+2066106]
	Ordinal0 [0x00BBD1C8+2085320]
	Ordinal0 [0x00BBD308+2085640]
	Ordinal0 [0x00BC67F3+2123763]
	BaseThreadInitThunk [0x7702FA29+25]
	RtlGetAppContainerNamedObjectPath [0x77D67A7E+286]
	RtlGetAppContainerNamedObjectPath [0x77D67A4E+238]
">
      <![CDATA[org.openqa.selenium.SessionNotCreatedException: session not created: This version of ChromeDriver only supports Chrome version 90
Current browser version is 92.0.4515.107 with binary path C:\Program Files\Google\Chrome\Application\chrome.exe
Build info: version: '3.141.59', revision: 'e82be7d358', time: '2018-11-14T08:17:03'
System info: host: 'DESKTOP-N7K85DJ', ip: '192.168.1.8', os.name: 'Windows 10', os.arch: 'amd64', os.version: '10.0', java.version: '1.8.0_301'
Driver info: driver.version: ChromeDriver
remote stacktrace: Backtrace:
	Ordinal0 [0x00C1C013+2474003]
	Ordinal0 [0x00BB29C1+2042305]
	Ordinal0 [0x00AC2F68+1060712]
	Ordinal0 [0x00AE188E+1185934]
	Ordinal0 [0x00ADD600+1168896]
	Ordinal0 [0x00ADAA83+1157763]
	Ordinal0 [0x00B0A2A2+1352354]
	Ordinal0 [0x00B08FAA+1347498]
	Ordinal0 [0x00B066DB+1337051]
	Ordinal0 [0x00AE3427+1192999]
	Ordinal0 [0x00AE42EE+1196782]
	Ordinal0 [0x00AE4279+1196665]
	GetHandleVerifier [0x00DA96FC+1590332]
	GetHandleVerifier [0x00E58614+2306900]
	GetHandleVerifier [0x00CA9E93+543699]
	GetHandleVerifier [0x00CA92CE+540686]
	Ordinal0 [0x00BB86BA+2066106]
	Ordinal0 [0x00BBD1C8+2085320]
	Ordinal0 [0x00BBD308+2085640]
	Ordinal0 [0x00BC67F3+2123763]
	BaseThreadInitThunk [0x7702FA29+25]
	RtlGetAppContainerNamedObjectPath [0x77D67A7E+286]
	RtlGetAppContainerNamedObjectPath [0x77D67A4E+238]

	at sun.reflect.NativeConstructorAccessorImpl.newInstance0(Native Method)
	at sun.reflect.NativeConstructorAccessorImpl.newInstance(Unknown Source)
	at sun.reflect.DelegatingConstructorAccessorImpl.newInstance(Unknown Source)
	at java.lang.reflect.Constructor.newInstance(Unknown Source)
	at org.openqa.selenium.remote.W3CHandshakeResponse.lambda$errorHandler$0(W3CHandshakeResponse.java:62)
	at org.openqa.selenium.remote.HandshakeResponse.lambda$getResponseFunction$0(HandshakeResponse.java:30)
	at org.openqa.selenium.remote.ProtocolHandshake.lambda$createSession$0(ProtocolHandshake.java:126)
	at java.util.stream.ReferencePipeline$3$1.accept(Unknown Source)
	at java.util.Spliterators$ArraySpliterator.tryAdvance(Unknown Source)
	at java.util.stream.ReferencePipeline.forEachWithCancel(Unknown Source)
	at java.util.stream.AbstractPipeline.copyIntoWithCancel(Unknown Source)
	at java.util.stream.AbstractPipeline.copyInto(Unknown Source)
	at java.util.stream.AbstractPipeline.wrapAndCopyInto(Unknown Source)
	at java.util.stream.FindOps$FindOp.evaluateSequential(Unknown Source)
	at java.util.stream.AbstractPipeline.evaluate(Unknown Source)
	at java.util.stream.ReferencePipeline.findFirst(Unknown Source)
	at org.openqa.selenium.remote.ProtocolHandshake.createSession(ProtocolHandshake.java:128)
	at org.openqa.selenium.remote.ProtocolHandshake.createSession(ProtocolHandshake.java:74)
	at org.openqa.selenium.remote.HttpCommandExecutor.execute(HttpCommandExecutor.java:136)
	at org.openqa.selenium.remote.service.DriverCommandExecutor.execute(DriverCommandExecutor.java:83)
	at org.openqa.selenium.remote.RemoteWebDriver.execute(RemoteWebDriver.java:552)
	at org.openqa.selenium.remote.RemoteWebDriver.startSession(RemoteWebDriver.java:213)
	at org.openqa.selenium.remote.RemoteWebDriver.<init>(RemoteWebDriver.java:131)
	at org.openqa.selenium.chrome.ChromeDriver.<init>(ChromeDriver.java:181)
	at org.openqa.selenium.chrome.ChromeDriver.<init>(ChromeDriver.java:168)
	at org.openqa.selenium.chrome.ChromeDriver.<init>(ChromeDriver.java:123)
	at Test_case_prod.Base_class.setupApplication(Base_class.java:32)
	at sun.reflect.NativeMethodAccessorImpl.invoke0(Native Method)
	at sun.reflect.NativeMethodAccessorImpl.invoke(Unknown Source)
	at sun.reflect.DelegatingMethodAccessorImpl.invoke(Unknown Source)
	at java.lang.reflect.Method.invoke(Unknown Source)
	at org.testng.internal.MethodInvocationHelper.invokeMethod(MethodInvocationHelper.java:80)
	at org.testng.internal.Invoker.invokeConfigurationMethod(Invoker.java:564)
	at org.testng.internal.Invoker.invokeConfigurations(Invoker.java:213)
	at org.testng.internal.Invoker.invokeMethod(Invoker.java:653)
	at org.testng.internal.Invoker.invokeTestMethod(Invoker.java:901)
	at org.testng.internal.Invoker.invokeTestMethods(Invoker.java:1231)
	at org.testng.internal.TestMethodWorker.invokeTestMethods(TestMethodWorker.java:127)
	at org.testng.internal.TestMethodWorker.run(TestMethodWorker.java:111)
	at org.testng.TestRunner.privateRun(TestRunner.java:767)
	at org.testng.TestRunner.run(TestRunner.java:617)
	at org.testng.SuiteRunner.runTest(SuiteRunner.java:334)
	at org.testng.SuiteRunner.runSequentially(SuiteRunner.java:329)
	at org.testng.SuiteRunner.privateRun(SuiteRunner.java:291)
	at org.testng.SuiteRunner.run(SuiteRunner.java:240)
	at org.testng.SuiteRunnerWorker.runSuite(SuiteRunnerWorker.java:52)
	at org.testng.SuiteRunnerWorker.run(SuiteRunnerWorker.java:86)
	at org.testng.TestNG.runSuitesSequentially(TestNG.java:1198)
	at org.testng.TestNG.runSuitesLocally(TestNG.java:1123)
	at org.testng.TestNG.run(TestNG.java:1031)
	at org.testng.remote.RemoteTestNG.run(RemoteTestNG.java:115)
	at org.testng.remote.RemoteTestNG.initAndRun(RemoteTestNG.java:207)
	at org.testng.remote.RemoteTestNG.main(RemoteTestNG.java:178)
]]>
    </failure>
  </testcase> <!-- @BeforeMethod setupApplication -->
  <testcase name="AboutUS" time="0.003" classname="Test_case_prod.AUW_AboutUS">
    <skipped/>
  </testcase> <!-- AboutUS -->
</testsuite> <!-- Default test -->
